#
# There is insufficient memory for the Java Runtime Environment to continue.
# Native memory allocation (malloc) failed to allocate 1174816 bytes for Chunk::new
# Possible reasons:
#   The system is out of physical RAM or swap space
#   The process is running with CompressedOops enabled, and the Java Heap may be blocking the growth of the native heap
# Possible solutions:
#   Reduce memory load on the system
#   Increase physical memory or swap space
#   Check if swap backing store is full
#   Decrease Java heap size (-Xmx/-Xms)
#   Decrease number of Java threads
#   Decrease Java thread stack sizes (-Xss)
#   Set larger code cache with -XX:ReservedCodeCacheSize=
#   JVM is running with Unscaled Compressed Oops mode in which the Java heap is
#     placed in the first 4GB address space. The Java Heap base address is the
#     maximum limit for the native heap growth. Please use -XX:HeapBaseMinAddress
#     to set the Java Heap base and to place the Java Heap above 4GB virtual address.
# This output file may be truncated or incomplete.
#
#  Out of Memory Error (./src/hotspot/share/memory/arena.cpp:197), pid=13560, tid=1808
#
# JRE version: OpenJDK Runtime Environment Corretto-11.0.18.10.1 (11.0.18+10) (build 11.0.18+10-LTS)
# Java VM: OpenJDK 64-Bit Server VM Corretto-11.0.18.10.1 (11.0.18+10-LTS, mixed mode, tiered, compressed oops, g1 gc, windows-amd64)
# No core dump will be written. Minidumps are not enabled by default on client versions of Windows
#

---------------  S U M M A R Y ------------

Command Line: -Dallure.results.directory=C:\Users\1\IdeaProjects\QA-diploma\build\allure-results -Ddb.pass=pass -Ddb.url=jdbc:mysql://localhost:3306/app -Ddb.user=app -Djunit.jupiter.extensions.autodetection.enabled=true -Dorg.gradle.internal.worker.tmpdir=C:\Users\1\IdeaProjects\QA-diploma\build\tmp\test\work -Dorg.gradle.native=false -Dselenide.headless -javaagent:C:\Users\1\.gradle\caches\modules-2\files-2.1\org.aspectj\aspectjweaver\1.9.9.1\dcd2703279a94ad909fa3f3d08671cb0f2dabf7\aspectjweaver-1.9.9.1.jar -Xmx512m -Dfile.encoding=windows-1251 -Duser.country=RU -Duser.language=ru -Duser.variant -ea worker.org.gradle.process.internal.worker.GradleWorkerMain 'Gradle Test Executor 1'

Host: Intel(R) Core(TM) i5-2430M CPU @ 2.40GHz, 4 cores, 2G,  Windows 10 , 64 bit Build 19041 (10.0.19041.3393)
Time: Mon Oct  9 18:17:19 2023 RTZ 4 (s 10 , 64 bit Build 19041 (10.0.19041.3393) elapsed time: 80.216589 seconds (0d 0h 1m 20s)

---------------  T H R E A D  ---------------

Current thread (0x000002df6bb28800):  JavaThread "C2 CompilerThread0" daemon [_thread_in_native, id=1808, stack(0x000000e5cbd00000,0x000000e5cbe00000)]


Current CompileTask:
C2:  80217 3735       4       org.aspectj.weaver.bcel.BcelWeaver::weave (1242 bytes)

Stack: [0x000000e5cbd00000,0x000000e5cbe00000]
Native frames: (J=compiled Java code, j=interpreted, Vv=VM code, C=native code)
V  [jvm.dll+0x622d9a]
V  [jvm.dll+0x7b0289]
V  [jvm.dll+0x7b1978]
V  [jvm.dll+0x7b2053]
V  [jvm.dll+0x24fe08]
V  [jvm.dll+0xc264c]
V  [jvm.dll+0xc2c0c]
V  [jvm.dll+0x2c3d84]
V  [jvm.dll+0x53197c]
V  [jvm.dll+0x208b36]
V  [jvm.dll+0x20ac56]
V  [jvm.dll+0x2082fb]
V  [jvm.dll+0x18a3c1]
V  [jvm.dll+0x217ac4]
V  [jvm.dll+0x215d0b]
V  [jvm.dll+0x772d90]
V  [jvm.dll+0x76bcc4]
V  [jvm.dll+0x621c05]
C  [ucrtbase.dll+0x21bb2]
C  [KERNEL32.DLL+0x17344]
C  [ntdll.dll+0x526b1]


---------------  P R O C E S S  ---------------

Threads class SMR info:
_java_thread_list=0x000002df6f045e20, length=22, elements={
0x000002df50374000, 0x000002df6b079000, 0x000002df6b07a000, 0x000002df6bb1b000,
0x000002df6bb1c000, 0x000002df6bb1d000, 0x000002df6bb28800, 0x000002df6bb2e800,
0x000002df6bb35000, 0x000002df6bca1000, 0x000002df6c5ec800, 0x000002df6c62e800,
0x000002df6bd45800, 0x000002df6ede9000, 0x000002df6edea800, 0x000002df6edea000,
0x000002df6edeb800, 0x000002df6eded000, 0x000002df6edec800, 0x000002df6edee000,
0x000002df6edef000, 0x000002df708ff000
}

Java Threads: ( => current thread )
  0x000002df50374000 JavaThread "Forwarding newSession on session null to remote" [_thread_blocked, id=12852, stack(0x000000e5cb100000,0x000000e5cb200000)]
  0x000002df6b079000 JavaThread "Reference Handler" daemon [_thread_blocked, id=6496, stack(0x000000e5cb800000,0x000000e5cb900000)]
  0x000002df6b07a000 JavaThread "Finalizer" daemon [_thread_blocked, id=7124, stack(0x000000e5cb900000,0x000000e5cba00000)]
  0x000002df6bb1b000 JavaThread "Signal Dispatcher" daemon [_thread_blocked, id=13704, stack(0x000000e5cba00000,0x000000e5cbb00000)]
  0x000002df6bb1c000 JavaThread "Attach Listener" daemon [_thread_blocked, id=1732, stack(0x000000e5cbb00000,0x000000e5cbc00000)]
  0x000002df6bb1d000 JavaThread "Service Thread" daemon [_thread_blocked, id=9300, stack(0x000000e5cbc00000,0x000000e5cbd00000)]
=>0x000002df6bb28800 JavaThread "C2 CompilerThread0" daemon [_thread_in_native, id=1808, stack(0x000000e5cbd00000,0x000000e5cbe00000)]
  0x000002df6bb2e800 JavaThread "C1 CompilerThread0" daemon [_thread_blocked, id=11740, stack(0x000000e5cbe00000,0x000000e5cbf00000)]
  0x000002df6bb35000 JavaThread "Sweeper thread" daemon [_thread_blocked, id=13352, stack(0x000000e5cbf00000,0x000000e5cc000000)]
  0x000002df6bca1000 JavaThread "Common-Cleaner" daemon [_thread_blocked, id=12772, stack(0x000000e5cc000000,0x000000e5cc100000)]
  0x000002df6c5ec800 JavaThread "/127.0.0.1:63413 to /127.0.0.1:63412 workers" [_thread_blocked, id=12680, stack(0x000000e5cc400000,0x000000e5cc500000)]
  0x000002df6c62e800 JavaThread "/127.0.0.1:63413 to /127.0.0.1:63412 workers Thread 2" [_thread_blocked, id=5036, stack(0x000000e5cc700000,0x000000e5cc800000)]
  0x000002df6bd45800 JavaThread "/127.0.0.1:63413 to /127.0.0.1:63412 workers Thread 3" [_thread_in_native, id=13404, stack(0x000000e5cc800000,0x000000e5cc900000)]
  0x000002df6ede9000 JavaThread "ForkJoinPool.commonPool-worker-3" daemon [_thread_blocked, id=11908, stack(0x000000e5cc900000,0x000000e5cca00000)]
  0x000002df6edea800 JavaThread "AsyncHttpClient-1-1" daemon [_thread_blocked, id=10960, stack(0x000000e5cca00000,0x000000e5ccb00000)]
  0x000002df6edea000 JavaThread "Exec Default Executor" daemon [_thread_in_native, id=7748, stack(0x000000e5cae00000,0x000000e5caf00000)]
  0x000002df6edeb800 JavaThread "Exec Stream Pumper" daemon [_thread_in_native, id=5376, stack(0x000000e5caf00000,0x000000e5cb000000)]
  0x000002df6eded000 JavaThread "Exec Stream Pumper" daemon [_thread_in_native, id=14076, stack(0x000000e5cb000000,0x000000e5cb100000)]
  0x000002df6edec800 JavaThread "Driver Service Executor" daemon [_thread_blocked, id=14228, stack(0x000000e5ccb00000,0x000000e5ccc00000)]
  0x000002df6edee000 JavaThread "Driver Service Executor" daemon [_thread_blocked, id=2988, stack(0x000000e5cce00000,0x000000e5ccf00000)]
  0x000002df6edef000 JavaThread "UrlChecker-2" daemon [_thread_blocked, id=5364, stack(0x000000e5ccf00000,0x000000e5cd000000)]
  0x000002df708ff000 JavaThread "AsyncHttpClient-1-2" daemon [_thread_in_native, id=13788, stack(0x000000e5cd100000,0x000000e5cd200000)]

Other Threads:
  0x000002df6b075000 VMThread "VM Thread" [stack: 0x000000e5cb700000,0x000000e5cb800000] [id=11592]
  0x000002df6c475800 WatcherThread [stack: 0x000000e5cc100000,0x000000e5cc200000] [id=2632]
  0x000002df5038a800 GCTaskThread "GC Thread#0" [stack: 0x000000e5cb200000,0x000000e5cb300000] [id=2088]
  0x000002df6c7cc800 GCTaskThread "GC Thread#1" [stack: 0x000000e5cc200000,0x000000e5cc300000] [id=9656]
  0x000002df6bc5d000 GCTaskThread "GC Thread#2" [stack: 0x000000e5cc500000,0x000000e5cc600000] [id=6668]
  0x000002df6bc5d800 GCTaskThread "GC Thread#3" [stack: 0x000000e5cc600000,0x000000e5cc700000] [id=8832]
  0x000002df5039d800 ConcurrentGCThread "G1 Main Marker" [stack: 0x000000e5cb300000,0x000000e5cb400000] [id=9464]
  0x000002df5039f000 ConcurrentGCThread "G1 Conc#0" [stack: 0x000000e5cb400000,0x000000e5cb500000] [id=14004]
  0x000002df503d8000 ConcurrentGCThread "G1 Refine#0" [stack: 0x000000e5cb500000,0x000000e5cb600000] [id=6068]
  0x000002df503db000 ConcurrentGCThread "G1 Young RemSet Sampling" [stack: 0x000000e5cb600000,0x000000e5cb700000] [id=11784]

Threads with active compile tasks:
C2 CompilerThread0    80387 3735       4       org.aspectj.weaver.bcel.BcelWeaver::weave (1242 bytes)

VM state:not at safepoint (normal execution)

VM Mutex/Monitor currently owned by a thread: None

Heap address: 0x00000000e0000000, size: 512 MB, Compressed Oops mode: 32-bit
Narrow klass base: 0x0000000000000000, Narrow klass shift: 3
Compressed class space size: 1073741824 Address: 0x0000000100000000

Heap:
 garbage-first heap   total 81920K, used 62768K [0x00000000e0000000, 0x0000000100000000)
  region size 1024K, 8 young (8192K), 2 survivors (2048K)
 Metaspace       used 39696K, capacity 40866K, committed 41008K, reserved 1085440K
  class space    used 4413K, capacity 4892K, committed 4992K, reserved 1048576K
Heap Regions: E=young(eden), S=young(survivor), O=old, HS=humongous(starts), HC=humongous(continues), CS=collection set, F=free, A=archive, TAMS=top-at-mark-start (previous, next)
|   0|0x00000000e0000000, 0x00000000e0100000, 0x00000000e0100000|100%| O|  |TAMS 0x00000000e0100000, 0x00000000e0000000| Untracked 
|   1|0x00000000e0100000, 0x00000000e0200000, 0x00000000e0200000|100%| O|  |TAMS 0x00000000e0200000, 0x00000000e0100000| Untracked 
|   2|0x00000000e0200000, 0x00000000e0300000, 0x00000000e0300000|100%| O|  |TAMS 0x00000000e0300000, 0x00000000e0200000| Untracked 
|   3|0x00000000e0300000, 0x00000000e0400000, 0x00000000e0400000|100%| O|  |TAMS 0x00000000e0400000, 0x00000000e0300000| Untracked 
|   4|0x00000000e0400000, 0x00000000e0500000, 0x00000000e0500000|100%| O|  |TAMS 0x00000000e0500000, 0x00000000e0400000| Untracked 
|   5|0x00000000e0500000, 0x00000000e0600000, 0x00000000e0600000|100%| O|  |TAMS 0x00000000e0600000, 0x00000000e0500000| Untracked 
|   6|0x00000000e0600000, 0x00000000e0700000, 0x00000000e0700000|100%| O|  |TAMS 0x00000000e0700000, 0x00000000e0600000| Untracked 
|   7|0x00000000e0700000, 0x00000000e0800000, 0x00000000e0800000|100%| O|  |TAMS 0x00000000e0800000, 0x00000000e0700000| Untracked 
|   8|0x00000000e0800000, 0x00000000e0900000, 0x00000000e0900000|100%| O|  |TAMS 0x00000000e0900000, 0x00000000e0800000| Untracked 
|   9|0x00000000e0900000, 0x00000000e0a00000, 0x00000000e0a00000|100%| O|  |TAMS 0x00000000e0a00000, 0x00000000e0900000| Untracked 
|  10|0x00000000e0a00000, 0x00000000e0b00000, 0x00000000e0b00000|100%| O|  |TAMS 0x00000000e0b00000, 0x00000000e0a00000| Untracked 
|  11|0x00000000e0b00000, 0x00000000e0c00000, 0x00000000e0c00000|100%| O|  |TAMS 0x00000000e0c00000, 0x00000000e0b00000| Untracked 
|  12|0x00000000e0c00000, 0x00000000e0d00000, 0x00000000e0d00000|100%| O|  |TAMS 0x00000000e0d00000, 0x00000000e0c00000| Untracked 
|  13|0x00000000e0d00000, 0x00000000e0e00000, 0x00000000e0e00000|100%| O|  |TAMS 0x00000000e0e00000, 0x00000000e0d00000| Untracked 
|  14|0x00000000e0e00000, 0x00000000e0f00000, 0x00000000e0f00000|100%| O|  |TAMS 0x00000000e0f00000, 0x00000000e0e00000| Untracked 
|  15|0x00000000e0f00000, 0x00000000e1000000, 0x00000000e1000000|100%| O|  |TAMS 0x00000000e1000000, 0x00000000e0f00000| Untracked 
|  16|0x00000000e1000000, 0x00000000e1100000, 0x00000000e1100000|100%| O|  |TAMS 0x00000000e1100000, 0x00000000e1000000| Untracked 
|  17|0x00000000e1100000, 0x00000000e1200000, 0x00000000e1200000|100%| O|  |TAMS 0x00000000e1200000, 0x00000000e1100000| Untracked 
|  18|0x00000000e1200000, 0x00000000e1300000, 0x00000000e1300000|100%| O|  |TAMS 0x00000000e1234e00, 0x00000000e1200000| Untracked 
|  19|0x00000000e1300000, 0x00000000e1400000, 0x00000000e1400000|100%| O|  |TAMS 0x00000000e1400000, 0x00000000e1300000| Untracked 
|  20|0x00000000e1400000, 0x00000000e1500000, 0x00000000e1500000|100%| O|  |TAMS 0x00000000e1500000, 0x00000000e1400000| Untracked 
|  21|0x00000000e1500000, 0x00000000e1600000, 0x00000000e1600000|100%| O|  |TAMS 0x00000000e1500000, 0x00000000e1500000| Untracked 
|  22|0x00000000e1600000, 0x00000000e1700000, 0x00000000e1700000|100%| O|  |TAMS 0x00000000e1700000, 0x00000000e1600000| Untracked 
|  23|0x00000000e1700000, 0x00000000e1800000, 0x00000000e1800000|100%| O|  |TAMS 0x00000000e1800000, 0x00000000e1700000| Untracked 
|  24|0x00000000e1800000, 0x00000000e1900000, 0x00000000e1900000|100%| O|  |TAMS 0x00000000e1900000, 0x00000000e1800000| Untracked 
|  25|0x00000000e1900000, 0x00000000e1a00000, 0x00000000e1a00000|100%| O|  |TAMS 0x00000000e1a00000, 0x00000000e1900000| Untracked 
|  26|0x00000000e1a00000, 0x00000000e1b00000, 0x00000000e1b00000|100%| O|  |TAMS 0x00000000e1b00000, 0x00000000e1a00000| Untracked 
|  27|0x00000000e1b00000, 0x00000000e1c00000, 0x00000000e1c00000|100%| O|  |TAMS 0x00000000e1b00000, 0x00000000e1b00000| Untracked 
|  28|0x00000000e1c00000, 0x00000000e1d00000, 0x00000000e1d00000|100%| O|  |TAMS 0x00000000e1c00000, 0x00000000e1c00000| Untracked 
|  29|0x00000000e1d00000, 0x00000000e1e00000, 0x00000000e1e00000|100%| O|  |TAMS 0x00000000e1d00000, 0x00000000e1d00000| Untracked 
|  30|0x00000000e1e00000, 0x00000000e1f00000, 0x00000000e1f00000|100%| O|  |TAMS 0x00000000e1e00000, 0x00000000e1e00000| Untracked 
|  31|0x00000000e1f00000, 0x00000000e2000000, 0x00000000e2000000|100%| O|  |TAMS 0x00000000e1f00000, 0x00000000e1f00000| Untracked 
|  32|0x00000000e2000000, 0x00000000e2100000, 0x00000000e2100000|100%| O|  |TAMS 0x00000000e2000000, 0x00000000e2000000| Untracked 
|  33|0x00000000e2100000, 0x00000000e2200000, 0x00000000e2200000|100%| O|  |TAMS 0x00000000e2100000, 0x00000000e2100000| Untracked 
|  34|0x00000000e2200000, 0x00000000e2300000, 0x00000000e2300000|100%| O|  |TAMS 0x00000000e2200000, 0x00000000e2200000| Untracked 
|  35|0x00000000e2300000, 0x00000000e2400000, 0x00000000e2400000|100%| O|  |TAMS 0x00000000e2300000, 0x00000000e2300000| Untracked 
|  36|0x00000000e2400000, 0x00000000e2500000, 0x00000000e2500000|100%| O|  |TAMS 0x00000000e2400000, 0x00000000e2400000| Untracked 
|  37|0x00000000e2500000, 0x00000000e2600000, 0x00000000e2600000|100%| O|  |TAMS 0x00000000e2500000, 0x00000000e2500000| Untracked 
|  38|0x00000000e2600000, 0x00000000e2700000, 0x00000000e2700000|100%| O|  |TAMS 0x00000000e2600000, 0x00000000e2600000| Untracked 
|  39|0x00000000e2700000, 0x00000000e2800000, 0x00000000e2800000|100%| O|  |TAMS 0x00000000e2700000, 0x00000000e2700000| Untracked 
|  40|0x00000000e2800000, 0x00000000e2900000, 0x00000000e2900000|100%| O|  |TAMS 0x00000000e2800000, 0x00000000e2800000| Untracked 
|  41|0x00000000e2900000, 0x00000000e2a00000, 0x00000000e2a00000|100%| O|  |TAMS 0x00000000e2900000, 0x00000000e2900000| Untracked 
|  42|0x00000000e2a00000, 0x00000000e2b00000, 0x00000000e2b00000|100%| O|  |TAMS 0x00000000e2a00000, 0x00000000e2a00000| Untracked 
|  43|0x00000000e2b00000, 0x00000000e2c00000, 0x00000000e2c00000|100%| O|  |TAMS 0x00000000e2b00000, 0x00000000e2b00000| Untracked 
|  44|0x00000000e2c00000, 0x00000000e2d00000, 0x00000000e2d00000|100%| O|  |TAMS 0x00000000e2c00000, 0x00000000e2c00000| Untracked 
|  45|0x00000000e2d00000, 0x00000000e2e00000, 0x00000000e2e00000|100%| O|  |TAMS 0x00000000e2d00000, 0x00000000e2d00000| Untracked 
|  46|0x00000000e2e00000, 0x00000000e2f00000, 0x00000000e2f00000|100%| O|  |TAMS 0x00000000e2e00000, 0x00000000e2e00000| Untracked 
|  47|0x00000000e2f00000, 0x00000000e3000000, 0x00000000e3000000|100%| O|  |TAMS 0x00000000e2f00000, 0x00000000e2f00000| Untracked 
|  48|0x00000000e3000000, 0x00000000e3100000, 0x00000000e3100000|100%| O|  |TAMS 0x00000000e3000000, 0x00000000e3000000| Untracked 
|  49|0x00000000e3100000, 0x00000000e31bd800, 0x00000000e3200000| 74%| O|  |TAMS 0x00000000e3100000, 0x00000000e3100000| Untracked 
|  50|0x00000000e3200000, 0x00000000e3300000, 0x00000000e3300000|100%|HS|  |TAMS 0x00000000e3200000, 0x00000000e3200000| Complete 
|  51|0x00000000e3300000, 0x00000000e3400000, 0x00000000e3400000|100%|HC|  |TAMS 0x00000000e3300000, 0x00000000e3300000| Complete 
|  52|0x00000000e3400000, 0x00000000e3500000, 0x00000000e3500000|100%|HC|  |TAMS 0x00000000e3400000, 0x00000000e3400000| Complete 
|  53|0x00000000e3500000, 0x00000000e3600000, 0x00000000e3600000|100%|HC|  |TAMS 0x00000000e3500000, 0x00000000e3500000| Complete 
|  54|0x00000000e3600000, 0x00000000e3700000, 0x00000000e3700000|100%|HC|  |TAMS 0x00000000e3600000, 0x00000000e3600000| Complete 
|  55|0x00000000e3700000, 0x00000000e3700000, 0x00000000e3800000|  0%| F|  |TAMS 0x00000000e3700000, 0x00000000e3700000| Untracked 
|  56|0x00000000e3800000, 0x00000000e3800000, 0x00000000e3900000|  0%| F|  |TAMS 0x00000000e3800000, 0x00000000e3800000| Untracked 
|  57|0x00000000e3900000, 0x00000000e3900000, 0x00000000e3a00000|  0%| F|  |TAMS 0x00000000e3900000, 0x00000000e3900000| Untracked 
|  58|0x00000000e3a00000, 0x00000000e3a00000, 0x00000000e3b00000|  0%| F|  |TAMS 0x00000000e3a00000, 0x00000000e3a00000| Untracked 
|  59|0x00000000e3b00000, 0x00000000e3b00000, 0x00000000e3c00000|  0%| F|  |TAMS 0x00000000e3b00000, 0x00000000e3b00000| Untracked 
|  60|0x00000000e3c00000, 0x00000000e3c00000, 0x00000000e3d00000|  0%| F|  |TAMS 0x00000000e3c00000, 0x00000000e3c00000| Untracked 
|  61|0x00000000e3d00000, 0x00000000e3d00000, 0x00000000e3e00000|  0%| F|  |TAMS 0x00000000e3d00000, 0x00000000e3d00000| Untracked 
|  62|0x00000000e3e00000, 0x00000000e3e00000, 0x00000000e3f00000|  0%| F|  |TAMS 0x00000000e3e00000, 0x00000000e3e00000| Untracked 
|  63|0x00000000e3f00000, 0x00000000e3f00000, 0x00000000e4000000|  0%| F|  |TAMS 0x00000000e3f00000, 0x00000000e3f00000| Untracked 
|  64|0x00000000e4000000, 0x00000000e408ebc0, 0x00000000e4100000| 55%| S|CS|TAMS 0x00000000e4000000, 0x00000000e4000000| Complete 
|  65|0x00000000e4100000, 0x00000000e4200000, 0x00000000e4200000|100%| S|CS|TAMS 0x00000000e4100000, 0x00000000e4100000| Complete 
|  66|0x00000000e4200000, 0x00000000e4200000, 0x00000000e4300000|  0%| F|  |TAMS 0x00000000e4200000, 0x00000000e4200000| Untracked 
|  67|0x00000000e4300000, 0x00000000e4300000, 0x00000000e4400000|  0%| F|  |TAMS 0x00000000e4300000, 0x00000000e4300000| Untracked 
|  68|0x00000000e4400000, 0x00000000e4400000, 0x00000000e4500000|  0%| F|  |TAMS 0x00000000e4400000, 0x00000000e4400000| Untracked 
|  69|0x00000000e4500000, 0x00000000e4500000, 0x00000000e4600000|  0%| F|  |TAMS 0x00000000e4500000, 0x00000000e4500000| Untracked 
|  70|0x00000000e4600000, 0x00000000e4600000, 0x00000000e4700000|  0%| F|  |TAMS 0x00000000e4600000, 0x00000000e4600000| Untracked 
|  71|0x00000000e4700000, 0x00000000e4700000, 0x00000000e4800000|  0%| F|  |TAMS 0x00000000e4700000, 0x00000000e4700000| Untracked 
|  72|0x00000000e4800000, 0x00000000e4800000, 0x00000000e4900000|  0%| F|  |TAMS 0x00000000e4800000, 0x00000000e4800000| Untracked 
|  73|0x00000000e4900000, 0x00000000e4900000, 0x00000000e4a00000|  0%| F|  |TAMS 0x00000000e4900000, 0x00000000e4900000| Untracked 
|  74|0x00000000e4a00000, 0x00000000e4a6a7e8, 0x00000000e4b00000| 41%| E|  |TAMS 0x00000000e4a00000, 0x00000000e4a00000| Complete 
|  75|0x00000000e4b00000, 0x00000000e4c00000, 0x00000000e4c00000|100%| E|CS|TAMS 0x00000000e4b00000, 0x00000000e4b00000| Complete 
|  76|0x00000000e4c00000, 0x00000000e4d00000, 0x00000000e4d00000|100%| E|CS|TAMS 0x00000000e4c00000, 0x00000000e4c00000| Complete 
|  77|0x00000000e4d00000, 0x00000000e4e00000, 0x00000000e4e00000|100%| E|CS|TAMS 0x00000000e4d00000, 0x00000000e4d00000| Complete 
|  78|0x00000000e4e00000, 0x00000000e4f00000, 0x00000000e4f00000|100%| E|CS|TAMS 0x00000000e4e00000, 0x00000000e4e00000| Complete 
|  79|0x00000000e4f00000, 0x00000000e5000000, 0x00000000e5000000|100%| E|CS|TAMS 0x00000000e4f00000, 0x00000000e4f00000| Complete 

Card table byte_map: [0x000002df67a80000,0x000002df67b80000] _byte_map_base: 0x000002df67380000

Marking Bits (Prev, Next): (CMBitMap*) 0x000002df5039ad38, (CMBitMap*) 0x000002df5039ad70
 Prev Bits: [0x000002df67c80000, 0x000002df68480000)
 Next Bits: [0x000002df68480000, 0x000002df68c80000)

Polling page: 0x000002df4e100000

Metaspace:

Usage:
  Non-class:     35.13 MB capacity,    34.46 MB ( 98%) used,   559.24 KB (  2%) free+waste,   131.31 KB ( <1%) overhead. 
      Class:      4.78 MB capacity,     4.31 MB ( 90%) used,   414.88 KB (  8%) free+waste,    63.81 KB (  1%) overhead. 
       Both:     39.91 MB capacity,    38.77 MB ( 97%) used,   974.12 KB (  2%) free+waste,   195.13 KB ( <1%) overhead. 

Virtual space:
  Non-class space:       36.00 MB reserved,      35.17 MB ( 98%) committed 
      Class space:        1.00 GB reserved,       4.88 MB ( <1%) committed 
             Both:        1.04 GB reserved,      40.05 MB (  4%) committed 

Chunk freelists:
   Non-Class:  42.00 KB
       Class:  4.00 KB
        Both:  46.00 KB

MaxMetaspaceSize: 17179869184.00 GB
CompressedClassSpaceSize: 1.00 GB
Initial GC threshold: 20.80 MB
Current GC threshold: 41.95 MB
CDS: off

CodeHeap 'non-profiled nmethods': size=120064Kb used=3314Kb max_used=3314Kb free=116749Kb
 bounds [0x000002df60540000, 0x000002df60880000, 0x000002df67a80000]
CodeHeap 'profiled nmethods': size=120000Kb used=9489Kb max_used=9489Kb free=110510Kb
 bounds [0x000002df59010000, 0x000002df59960000, 0x000002df60540000]
CodeHeap 'non-nmethods': size=5696Kb used=1273Kb max_used=1317Kb free=4422Kb
 bounds [0x000002df58a80000, 0x000002df58cf0000, 0x000002df59010000]
 total_blobs=4262 nmethods=3703 adapters=470
 compilation: enabled
              stopped_count=0, restarted_count=0
 full_count=0

Compilation events (20 events):
Event: 79.744 Thread 0x000002df6bb28800 nmethod 3726 0x000002df60877610 code [0x000002df608777e0, 0x000002df60878088]
Event: 79.744 Thread 0x000002df6bb28800 3730       4       org.aspectj.weaver.TypeFactory::locateFirstBracket (32 bytes)
Event: 79.750 Thread 0x000002df6bb28800 nmethod 3730 0x000002df60878610 code [0x000002df608787a0, 0x000002df60878958]
Event: 79.750 Thread 0x000002df6bb28800 3729       4       org.aspectj.weaver.TypeFactory::createTypeParams (331 bytes)
Event: 79.829 Thread 0x000002df6bb28800 nmethod 3729 0x000002df60878b10 code [0x000002df60878d80, 0x000002df6087a860]
Event: 79.829 Thread 0x000002df6bb28800 3728   !   4       sun.net.www.ParseUtil::decode (317 bytes)
Event: 79.836 Thread 0x000002df6bb28800 nmethod 3728 0x000002df6087bb90 code [0x000002df6087bd20, 0x000002df6087beb8]
Event: 79.836 Thread 0x000002df6bb28800 3727       4       org.aspectj.weaver.UnresolvedType::<init> (32 bytes)
Event: 79.840 Thread 0x000002df6bb28800 nmethod 3727 0x000002df6087c110 code [0x000002df6087c2a0, 0x000002df6087c558]
Event: 79.851 Thread 0x000002df6bb2e800 3731       3       java.util.Collections::addAll (43 bytes)
Event: 79.852 Thread 0x000002df6bb2e800 nmethod 3731 0x000002df59953510 code [0x000002df599536e0, 0x000002df59953988]
Event: 79.895 Thread 0x000002df6bb28800 3732       4       java.util.ArrayDeque::pollFirst (36 bytes)
Event: 79.897 Thread 0x000002df6bb28800 nmethod 3732 0x000002df6087c610 code [0x000002df6087c7a0, 0x000002df6087c898]
Event: 79.930 Thread 0x000002df6bb2e800 3733       3       io.netty.util.internal.shaded.org.jctools.util.UnsafeRefArrayAccess::lvRefElement (9 bytes)
Event: 79.931 Thread 0x000002df6bb2e800 nmethod 3733 0x000002df59953b10 code [0x000002df59953cc0, 0x000002df59953e78]
Event: 79.931 Thread 0x000002df6bb2e800 3734       3       sun.misc.Unsafe::getObjectVolatile (9 bytes)
Event: 79.931 Thread 0x000002df6bb2e800 nmethod 3734 0x000002df59953f90 code [0x000002df59954140, 0x000002df59954298]
Event: 79.942 Thread 0x000002df6bb28800 3735       4       org.aspectj.weaver.bcel.BcelWeaver::weave (1242 bytes)
Event: 79.944 Thread 0x000002df6bb2e800 3736       3       io.netty.util.internal.shaded.org.jctools.queues.BaseMpscLinkedArrayQueueConsumerFields::lpConsumerIndex (11 bytes)
Event: 79.945 Thread 0x000002df6bb2e800 nmethod 3736 0x000002df59954310 code [0x000002df599544c0, 0x000002df59954638]

GC Heap History (20 events):
Event: 61.889 GC heap before
{Heap before GC invocations=53 (full 0):
 garbage-first heap   total 52224K, used 42379K [0x00000000e0000000, 0x0000000100000000)
  region size 1024K, 3 young (3072K), 1 survivors (1024K)
 Metaspace       used 32532K, capacity 33517K, committed 33584K, reserved 1079296K
  class space    used 3551K, capacity 3957K, committed 3968K, reserved 1048576K
}
Event: 61.900 GC heap after
{Heap after GC invocations=54 (full 0):
 garbage-first heap   total 81920K, used 41723K [0x00000000e0000000, 0x0000000100000000)
  region size 1024K, 1 young (1024K), 1 survivors (1024K)
 Metaspace       used 32532K, capacity 33517K, committed 33584K, reserved 1079296K
  class space    used 3551K, capacity 3957K, committed 3968K, reserved 1048576K
}
Event: 63.047 GC heap before
{Heap before GC invocations=54 (full 0):
 garbage-first heap   total 81920K, used 54011K [0x00000000e0000000, 0x0000000100000000)
  region size 1024K, 14 young (14336K), 1 survivors (1024K)
 Metaspace       used 34377K, capacity 35378K, committed 35632K, reserved 1081344K
  class space    used 3721K, capacity 4124K, committed 4224K, reserved 1048576K
}
Event: 63.061 GC heap after
{Heap after GC invocations=55 (full 0):
 garbage-first heap   total 81920K, used 43522K [0x00000000e0000000, 0x0000000100000000)
  region size 1024K, 2 young (2048K), 2 survivors (2048K)
 Metaspace       used 34377K, capacity 35378K, committed 35632K, reserved 1081344K
  class space    used 3721K, capacity 4124K, committed 4224K, reserved 1048576K
}
Event: 63.577 GC heap before
{Heap before GC invocations=55 (full 0):
 garbage-first heap   total 81920K, used 56834K [0x00000000e0000000, 0x0000000100000000)
  region size 1024K, 15 young (15360K), 2 survivors (2048K)
 Metaspace       used 34819K, capacity 35859K, committed 35888K, reserved 1081344K
  class space    used 3792K, capacity 4220K, committed 4224K, reserved 1048576K
}
Event: 63.617 GC heap after
{Heap after GC invocations=56 (full 0):
 garbage-first heap   total 81920K, used 44803K [0x00000000e0000000, 0x0000000100000000)
  region size 1024K, 2 young (2048K), 2 survivors (2048K)
 Metaspace       used 34819K, capacity 35859K, committed 35888K, reserved 1081344K
  class space    used 3792K, capacity 4220K, committed 4224K, reserved 1048576K
}
Event: 63.887 GC heap before
{Heap before GC invocations=56 (full 0):
 garbage-first heap   total 81920K, used 58115K [0x00000000e0000000, 0x0000000100000000)
  region size 1024K, 15 young (15360K), 2 survivors (2048K)
 Metaspace       used 35558K, capacity 36627K, committed 36784K, reserved 1081344K
  class space    used 3859K, capacity 4284K, committed 4352K, reserved 1048576K
}
Event: 63.893 GC heap after
{Heap after GC invocations=57 (full 0):
 garbage-first heap   total 81920K, used 46405K [0x00000000e0000000, 0x0000000100000000)
  region size 1024K, 2 young (2048K), 2 survivors (2048K)
 Metaspace       used 35558K, capacity 36627K, committed 36784K, reserved 1081344K
  class space    used 3859K, capacity 4284K, committed 4352K, reserved 1048576K
}
Event: 64.403 GC heap before
{Heap before GC invocations=57 (full 0):
 garbage-first heap   total 81920K, used 60741K [0x00000000e0000000, 0x0000000100000000)
  region size 1024K, 16 young (16384K), 2 survivors (2048K)
 Metaspace       used 36072K, capacity 37156K, committed 37424K, reserved 1083392K
  class space    used 3935K, capacity 4354K, committed 4480K, reserved 1048576K
}
Event: 64.409 GC heap after
{Heap after GC invocations=58 (full 0):
 garbage-first heap   total 81920K, used 47325K [0x00000000e0000000, 0x0000000100000000)
  region size 1024K, 1 young (1024K), 1 survivors (1024K)
 Metaspace       used 36072K, capacity 37156K, committed 37424K, reserved 1083392K
  class space    used 3935K, capacity 4354K, committed 4480K, reserved 1048576K
}
Event: 75.048 GC heap before
{Heap before GC invocations=58 (full 0):
 garbage-first heap   total 81920K, used 61661K [0x00000000e0000000, 0x0000000100000000)
  region size 1024K, 15 young (15360K), 1 survivors (1024K)
 Metaspace       used 37171K, capacity 38328K, committed 38576K, reserved 1083392K
  class space    used 4083K, capacity 4533K, committed 4608K, reserved 1048576K
}
Event: 75.059 GC heap after
{Heap after GC invocations=59 (full 0):
 garbage-first heap   total 81920K, used 48268K [0x00000000e0000000, 0x0000000100000000)
  region size 1024K, 2 young (2048K), 2 survivors (2048K)
 Metaspace       used 37171K, capacity 38328K, committed 38576K, reserved 1083392K
  class space    used 4083K, capacity 4533K, committed 4608K, reserved 1048576K
}
Event: 76.285 GC heap before
{Heap before GC invocations=59 (full 0):
 garbage-first heap   total 81920K, used 62604K [0x00000000e0000000, 0x0000000100000000)
  region size 1024K, 16 young (16384K), 2 survivors (2048K)
 Metaspace       used 37748K, capacity 38862K, committed 39216K, reserved 1083392K
  class space    used 4155K, capacity 4630K, committed 4736K, reserved 1048576K
}
Event: 76.299 GC heap after
{Heap after GC invocations=60 (full 0):
 garbage-first heap   total 81920K, used 49602K [0x00000000e0000000, 0x0000000100000000)
  region size 1024K, 2 young (2048K), 2 survivors (2048K)
 Metaspace       used 37748K, capacity 38862K, committed 39216K, reserved 1083392K
  class space    used 4155K, capacity 4630K, committed 4736K, reserved 1048576K
}
Event: 77.071 GC heap before
{Heap before GC invocations=60 (full 0):
 garbage-first heap   total 81920K, used 63938K [0x00000000e0000000, 0x0000000100000000)
  region size 1024K, 16 young (16384K), 2 survivors (2048K)
 Metaspace       used 38234K, capacity 39423K, committed 39728K, reserved 1085440K
  class space    used 4211K, capacity 4667K, committed 4736K, reserved 1048576K
}
Event: 77.079 GC heap after
{Heap after GC invocations=61 (full 0):
 garbage-first heap   total 81920K, used 50919K [0x00000000e0000000, 0x0000000100000000)
  region size 1024K, 2 young (2048K), 2 survivors (2048K)
 Metaspace       used 38234K, capacity 39423K, committed 39728K, reserved 1085440K
  class space    used 4211K, capacity 4667K, committed 4736K, reserved 1048576K
}
Event: 79.257 GC heap before
{Heap before GC invocations=61 (full 0):
 garbage-first heap   total 81920K, used 65255K [0x00000000e0000000, 0x0000000100000000)
  region size 1024K, 16 young (16384K), 2 survivors (2048K)
 Metaspace       used 38801K, capacity 39935K, committed 39984K, reserved 1085440K
  class space    used 4279K, capacity 4731K, committed 4736K, reserved 1048576K
}
Event: 79.270 GC heap after
{Heap after GC invocations=62 (full 0):
 garbage-first heap   total 81920K, used 51894K [0x00000000e0000000, 0x0000000100000000)
  region size 1024K, 1 young (1024K), 1 survivors (1024K)
 Metaspace       used 38801K, capacity 39935K, committed 39984K, reserved 1085440K
  class space    used 4279K, capacity 4731K, committed 4736K, reserved 1048576K
}
Event: 79.765 GC heap before
{Heap before GC invocations=62 (full 0):
 garbage-first heap   total 81920K, used 66230K [0x00000000e0000000, 0x0000000100000000)
  region size 1024K, 15 young (15360K), 1 survivors (1024K)
 Metaspace       used 39471K, capacity 40610K, committed 40880K, reserved 1085440K
  class space    used 4383K, capacity 4828K, committed 4864K, reserved 1048576K
}
Event: 79.772 GC heap after
{Heap after GC invocations=63 (full 0):
 garbage-first heap   total 81920K, used 52528K [0x00000000e0000000, 0x0000000100000000)
  region size 1024K, 2 young (2048K), 2 survivors (2048K)
 Metaspace       used 39471K, capacity 40610K, committed 40880K, reserved 1085440K
  class space    used 4383K, capacity 4828K, committed 4864K, reserved 1048576K
}

Deoptimization events (20 events):
Event: 76.874 Thread 0x000002df50374000 Uncommon trap: trap_request=0xffffffc6 fr.pc=0x000002df607f3a2c relative=0x000000000000122c
Event: 76.874 Thread 0x000002df50374000 Uncommon trap: reason=bimorphic_or_optimized_type_check action=maybe_recompile pc=0x000002df607f3a2c method=org.aspectj.weaver.ReferenceType.isAssignableFrom(Lorg/aspectj/weaver/ResolvedType;Z)Z @ 210 c2
Event: 76.874 Thread 0x000002df50374000 DEOPT PACKING pc=0x000002df607f3a2c sp=0x000000e5cb1f5d50
Event: 76.874 Thread 0x000002df50374000 DEOPT UNPACKING pc=0x000002df58aca1af sp=0x000000e5cb1f5cd8 mode 2
Event: 76.893 Thread 0x000002df50374000 Uncommon trap: trap_request=0xffffffde fr.pc=0x000002df607f3bf8 relative=0x00000000000013f8
Event: 76.893 Thread 0x000002df50374000 Uncommon trap: reason=class_check action=maybe_recompile pc=0x000002df607f3bf8 method=org.aspectj.weaver.ReferenceType.isAssignableFrom(Lorg/aspectj/weaver/ResolvedType;Z)Z @ 342 c2
Event: 76.893 Thread 0x000002df50374000 DEOPT PACKING pc=0x000002df607f3bf8 sp=0x000000e5cb1f4570
Event: 76.893 Thread 0x000002df50374000 DEOPT UNPACKING pc=0x000002df58aca1af sp=0x000000e5cb1f44f8 mode 2
Event: 78.772 Thread 0x000002df50374000 Uncommon trap: trap_request=0xffffffc6 fr.pc=0x000002df607f3a2c relative=0x000000000000122c
Event: 78.772 Thread 0x000002df50374000 Uncommon trap: reason=bimorphic_or_optimized_type_check action=maybe_recompile pc=0x000002df607f3a2c method=org.aspectj.weaver.ReferenceType.isAssignableFrom(Lorg/aspectj/weaver/ResolvedType;Z)Z @ 210 c2
Event: 78.772 Thread 0x000002df50374000 DEOPT PACKING pc=0x000002df607f3a2c sp=0x000000e5cb1f4690
Event: 78.772 Thread 0x000002df50374000 DEOPT UNPACKING pc=0x000002df58aca1af sp=0x000000e5cb1f4618 mode 2
Event: 79.417 Thread 0x000002df708ff000 Uncommon trap: trap_request=0xffffff4d fr.pc=0x000002df6071d2f4 relative=0x0000000000000054
Event: 79.417 Thread 0x000002df708ff000 Uncommon trap: reason=unstable_if action=reinterpret pc=0x000002df6071d2f4 method=java.lang.CharacterData.of(I)Ljava/lang/CharacterData; @ 15 c2
Event: 79.417 Thread 0x000002df708ff000 DEOPT PACKING pc=0x000002df6071d2f4 sp=0x000000e5cd1fd830
Event: 79.418 Thread 0x000002df708ff000 DEOPT UNPACKING pc=0x000002df58aca1af sp=0x000000e5cd1fd7c0 mode 2
Event: 79.668 Thread 0x000002df708ff000 Uncommon trap: trap_request=0xffffffde fr.pc=0x000002df607f3d40 relative=0x0000000000001540
Event: 79.668 Thread 0x000002df708ff000 Uncommon trap: reason=class_check action=maybe_recompile pc=0x000002df607f3d40 method=org.aspectj.weaver.ReferenceType.isAssignableFrom(Lorg/aspectj/weaver/ResolvedType;Z)Z @ 479 c2
Event: 79.668 Thread 0x000002df708ff000 DEOPT PACKING pc=0x000002df607f3d40 sp=0x000000e5cd1faed0
Event: 79.668 Thread 0x000002df708ff000 DEOPT UNPACKING pc=0x000002df58aca1af sp=0x000000e5cd1fae58 mode 2

Classes redefined (0 events):
No events

Internal exceptions (20 events):
Event: 61.731 Thread 0x000002df50374000 Exception <a 'java/lang/NoSuchMethodError'{0x00000000e3118fe0}: 'int java.lang.invoke.DirectMethodHandle$Holder.invokeStaticInit(java.lang.Object, java.lang.Object, java.lang.Object, java.lang.Object)'> (0x00000000e3118fe0) thrown at [./src/hotspot/share/interpreter/linkResolver.cpp, line 773]
Event: 61.732 Thread 0x000002df50374000 Exception <a 'java/lang/IncompatibleClassChangeError'{0x00000000e31226f0}: Found class java.lang.Object, but interface was expected> (0x00000000e31226f0) thrown at [./src/hotspot/share/interpreter/linkResolver.cpp, line 839]
Event: 64.433 Thread 0x000002df50374000 Exception <a 'java/lang/IncompatibleClassChangeError'{0x00000000e4f60820}: Found class java.lang.Object, but interface was expected> (0x00000000e4f60820) thrown at [./src/hotspot/share/interpreter/linkResolver.cpp, line 839]
Event: 70.466 Thread 0x000002df6edef000 Exception <a 'java/net/ConnectException'{0x00000000e4d726b8}: Connection refused: connect> (0x00000000e4d726b8) thrown at [./src/hotspot/share/prims/jni.cpp, line 638]
Event: 70.684 Thread 0x000002df6edef000 Exception <a 'java/net/ConnectException'{0x00000000e4d73ed8}: Connection refused: connect> (0x00000000e4d73ed8) thrown at [./src/hotspot/share/prims/jni.cpp, line 638]
Event: 70.733 Thread 0x000002df6edef000 Exception <a 'java/net/ConnectException'{0x00000000e4d74e58}: Connection refused: connect> (0x00000000e4d74e58) thrown at [./src/hotspot/share/prims/jni.cpp, line 638]
Event: 70.795 Thread 0x000002df6edef000 Exception <a 'java/net/ConnectException'{0x00000000e4d75dd8}: Connection refused: connect> (0x00000000e4d75dd8) thrown at [./src/hotspot/share/prims/jni.cpp, line 638]
Event: 70.885 Thread 0x000002df6edef000 Exception <a 'java/net/ConnectException'{0x00000000e4d76d58}: Connection refused: connect> (0x00000000e4d76d58) thrown at [./src/hotspot/share/prims/jni.cpp, line 638]
Event: 71.053 Thread 0x000002df6edef000 Exception <a 'java/net/ConnectException'{0x00000000e4d77cd8}: Connection refused: connect> (0x00000000e4d77cd8) thrown at [./src/hotspot/share/prims/jni.cpp, line 638]
Event: 71.510 Thread 0x000002df6edef000 Exception <a 'java/net/ConnectException'{0x00000000e4d78c58}: Connection refused: connect> (0x00000000e4d78c58) thrown at [./src/hotspot/share/prims/jni.cpp, line 638]
Event: 71.840 Thread 0x000002df6edef000 Exception <a 'java/net/ConnectException'{0x00000000e4d79bd8}: Connection refused: connect> (0x00000000e4d79bd8) thrown at [./src/hotspot/share/prims/jni.cpp, line 638]
Event: 72.173 Thread 0x000002df6edef000 Exception <a 'java/net/ConnectException'{0x00000000e4d7ab58}: Connection refused: connect> (0x00000000e4d7ab58) thrown at [./src/hotspot/share/prims/jni.cpp, line 638]
Event: 72.511 Thread 0x000002df6edef000 Exception <a 'java/net/ConnectException'{0x00000000e4d7bad8}: Connection refused: connect> (0x00000000e4d7bad8) thrown at [./src/hotspot/share/prims/jni.cpp, line 638]
Event: 72.833 Thread 0x000002df6edef000 Exception <a 'java/net/ConnectException'{0x00000000e4d7ca58}: Connection refused: connect> (0x00000000e4d7ca58) thrown at [./src/hotspot/share/prims/jni.cpp, line 638]
Event: 73.163 Thread 0x000002df6edef000 Exception <a 'java/net/ConnectException'{0x00000000e4d7d9d8}: Connection refused: connect> (0x00000000e4d7d9d8) thrown at [./src/hotspot/share/prims/jni.cpp, line 638]
Event: 73.495 Thread 0x000002df6edef000 Exception <a 'java/net/ConnectException'{0x00000000e4d7e958}: Connection refused: connect> (0x00000000e4d7e958) thrown at [./src/hotspot/share/prims/jni.cpp, line 638]
Event: 73.834 Thread 0x000002df6edef000 Exception <a 'java/net/ConnectException'{0x00000000e4d7f8d8}: Connection refused: connect> (0x00000000e4d7f8d8) thrown at [./src/hotspot/share/prims/jni.cpp, line 638]
Event: 74.760 Thread 0x000002df50374000 Exception <a 'java/lang/NoSuchMethodError'{0x00000000e48faed8}: 'java.lang.Object java.lang.invoke.Invokers$Holder.linkToTargetMethod(java.lang.Object, int, int, java.lang.Object)'> (0x00000000e48faed8) thrown at [./src/hotspot/share/interpreter/linkResolver.cpp, line 773]
Event: 74.771 Thread 0x000002df50374000 Exception <a 'java/lang/NoSuchMethodError'{0x00000000e4707cd8}: 'void java.lang.invoke.DirectMethodHandle$Holder.invokeStatic(java.lang.Object, java.lang.Object, int)'> (0x00000000e4707cd8) thrown at [./src/hotspot/share/interpreter/linkResolver.cpp, line 773]
Event: 75.350 Thread 0x000002df50374000 Exception <a 'java/lang/NoSuchMethodError'{0x00000000e4a5a880}: 'int java.lang.invoke.DirectMethodHandle$Holder.invokeSpecialIFC(java.lang.Object, java.lang.Object, java.lang.Object)'> (0x00000000e4a5a880) thrown at [./src/hotspot/share/interpreter/linkResolver.cpp, line 773]

Events (20 events):
Event: 79.887 loading class io/netty/handler/codec/http/HttpHeadersEncoder
Event: 79.887 loading class io/netty/handler/codec/http/HttpHeadersEncoder done
Event: 79.889 loading class io/netty/channel/ChannelOutboundBuffer$Entry$1
Event: 79.889 loading class io/netty/channel/ChannelOutboundBuffer$Entry$1 done
Event: 79.893 loading class io/netty/buffer/PooledHeapByteBuf$1
Event: 79.893 loading class io/netty/buffer/PooledHeapByteBuf$1 done
Event: 79.896 loading class io/netty/buffer/PooledUnsafeHeapByteBuf$1
Event: 79.896 loading class io/netty/buffer/PooledUnsafeHeapByteBuf$1 done
Event: 79.929 loading class io/netty/buffer/PoolThreadCache$1
Event: 79.929 loading class io/netty/buffer/PoolThreadCache$1 done
Event: 79.931 loading class io/netty/buffer/PoolThreadCache$MemoryRegionCache$Entry
Event: 79.931 loading class io/netty/buffer/PoolThreadCache$MemoryRegionCache$Entry done
Event: 79.933 loading class sun/nio/ch/IOVecWrapper
Event: 79.935 loading class sun/nio/ch/IOVecWrapper done
Event: 79.935 loading class sun/nio/ch/IOVecWrapper$Deallocator
Event: 79.935 loading class sun/nio/ch/IOVecWrapper$Deallocator done
Event: 79.939 loading class io/netty/util/internal/PromiseNotificationUtil
Event: 79.939 loading class io/netty/util/internal/PromiseNotificationUtil done
Event: 79.942 loading class org/asynchttpclient/AsyncHandler$State
Event: 79.942 loading class org/asynchttpclient/AsyncHandler$State done


Dynamic libraries:
0x00007ff70c430000 - 0x00007ff70c43d000 	C:\Users\1\.jdks\corretto-11.0.18\bin\java.exe
0x00007ffb32c50000 - 0x00007ffb32e48000 	C:\WINDOWS\SYSTEM32\ntdll.dll
0x00007ffb30e60000 - 0x00007ffb30f1d000 	C:\WINDOWS\System32\KERNEL32.DLL
0x00007ffb304f0000 - 0x00007ffb307e6000 	C:\WINDOWS\System32\KERNELBASE.dll
0x00007ffb30b80000 - 0x00007ffb30c80000 	C:\WINDOWS\System32\ucrtbase.dll
0x00007ffb28d20000 - 0x00007ffb28d37000 	C:\Users\1\.jdks\corretto-11.0.18\bin\jli.dll
0x00007ffb28d40000 - 0x00007ffb28d59000 	C:\Users\1\.jdks\corretto-11.0.18\bin\VCRUNTIME140.dll
0x00007ffb31000000 - 0x00007ffb3119e000 	C:\WINDOWS\System32\USER32.dll
0x00007ffb30c80000 - 0x00007ffb30ca2000 	C:\WINDOWS\System32\win32u.dll
0x00007ffb30f20000 - 0x00007ffb30f4c000 	C:\WINDOWS\System32\GDI32.dll
0x00007ffb303d0000 - 0x00007ffb304ea000 	C:\WINDOWS\System32\gdi32full.dll
0x00007ffb20830000 - 0x00007ffb20aca000 	C:\WINDOWS\WinSxS\amd64_microsoft.windows.common-controls_6595b64144ccf1df_6.0.19041.1110_none_60b5254171f9507e\COMCTL32.dll
0x00007ffb30ae0000 - 0x00007ffb30b7d000 	C:\WINDOWS\System32\msvcp_win.dll
0x00007ffb325c0000 - 0x00007ffb3265e000 	C:\WINDOWS\System32\msvcrt.dll
0x00007ffb32aa0000 - 0x00007ffb32ad0000 	C:\WINDOWS\System32\IMM32.DLL
0x00007ffb30130000 - 0x00007ffb30166000 	C:\WINDOWS\system32\DriverStore\FileRepository\nvam.inf_amd64_20c0bba34ffd86ca\nvinitx.dll
0x00007ffb31400000 - 0x00007ffb314ae000 	C:\WINDOWS\System32\ADVAPI32.dll
0x00007ffb31360000 - 0x00007ffb313fc000 	C:\WINDOWS\System32\sechost.dll
0x00007ffb311b0000 - 0x00007ffb312d6000 	C:\WINDOWS\System32\RPCRT4.dll
0x00007ffb30120000 - 0x00007ffb3012a000 	C:\WINDOWS\SYSTEM32\VERSION.dll
0x00007ffb315d0000 - 0x00007ffb31d15000 	C:\WINDOWS\System32\Shell32.dll
0x00007ffb2e330000 - 0x00007ffb2eacb000 	C:\WINDOWS\SYSTEM32\windows.storage.dll
0x00007ffb326c0000 - 0x00007ffb32a14000 	C:\WINDOWS\System32\combase.dll
0x00007ffb2fb70000 - 0x00007ffb2fb9e000 	C:\WINDOWS\SYSTEM32\Wldp.dll
0x00007ffb31d20000 - 0x00007ffb31dcd000 	C:\WINDOWS\System32\SHCORE.dll
0x00007ffb32bb0000 - 0x00007ffb32c05000 	C:\WINDOWS\System32\shlwapi.dll
0x0000000065cd0000 - 0x0000000065cd6000 	C:\Program Files\NVIDIA Corporation\CoProcManager\_etoured.dll
0x00007ffb27220000 - 0x00007ffb27263000 	C:\Program Files\NVIDIA Corporation\CoProcManager\nvd3d9wrapx.dll
0x00007ffb31ec0000 - 0x00007ffb3232e000 	C:\WINDOWS\System32\SETUPAPI.dll
0x00007ffb307f0000 - 0x00007ffb3083e000 	C:\WINDOWS\System32\cfgmgr32.dll
0x00007ffb303a0000 - 0x00007ffb303c7000 	C:\WINDOWS\System32\bcrypt.dll
0x00007ffb26930000 - 0x00007ffb2695d000 	C:\Program Files\NVIDIA Corporation\CoProcManager\nvdxgiwrapx.dll
0x00007ffb07a50000 - 0x00007ffb07aeb000 	C:\Users\1\.jdks\corretto-11.0.18\bin\msvcp140.dll
0x00007ffab8440000 - 0x00007ffab8fca000 	C:\Users\1\.jdks\corretto-11.0.18\bin\server\jvm.dll
0x00007ffb32a90000 - 0x00007ffb32a98000 	C:\WINDOWS\System32\PSAPI.DLL
0x00007ffb1bda0000 - 0x00007ffb1bda9000 	C:\WINDOWS\SYSTEM32\WSOCK32.dll
0x00007ffb22b20000 - 0x00007ffb22b47000 	C:\WINDOWS\SYSTEM32\WINMM.dll
0x00007ffb32a20000 - 0x00007ffb32a8b000 	C:\WINDOWS\System32\WS2_32.dll
0x00007ffb2e130000 - 0x00007ffb2e142000 	C:\WINDOWS\SYSTEM32\kernel.appcore.dll
0x00007ffb2c120000 - 0x00007ffb2c130000 	C:\Users\1\.jdks\corretto-11.0.18\bin\verify.dll
0x00007ffb1c470000 - 0x00007ffb1c654000 	C:\WINDOWS\SYSTEM32\DBGHELP.DLL
0x00007ffb1c350000 - 0x00007ffb1c384000 	C:\WINDOWS\SYSTEM32\dbgcore.DLL
0x00007ffb30840000 - 0x00007ffb308c2000 	C:\WINDOWS\System32\bcryptPrimitives.dll
0x00007ffb28cf0000 - 0x00007ffb28d18000 	C:\Users\1\.jdks\corretto-11.0.18\bin\java.dll
0x00007ffb28ce0000 - 0x00007ffb28cea000 	C:\Users\1\.jdks\corretto-11.0.18\bin\jimage.dll
0x00007ffb2c100000 - 0x00007ffb2c10e000 	C:\Users\1\.jdks\corretto-11.0.18\bin\instrument.dll
0x00007ffb28cc0000 - 0x00007ffb28cd8000 	C:\Users\1\.jdks\corretto-11.0.18\bin\zip.dll
0x00007ffb30260000 - 0x00007ffb30285000 	C:\WINDOWS\SYSTEM32\profapi.dll
0x00007ffb28c40000 - 0x00007ffb28c59000 	C:\Users\1\.jdks\corretto-11.0.18\bin\net.dll
0x00007ffb27d70000 - 0x00007ffb27e7a000 	C:\WINDOWS\SYSTEM32\WINHTTP.dll
0x00007ffb2f950000 - 0x00007ffb2f9ba000 	C:\WINDOWS\system32\mswsock.dll
0x00007ffb286c0000 - 0x00007ffb286d3000 	C:\Users\1\.jdks\corretto-11.0.18\bin\nio.dll
0x00007ffb2feb0000 - 0x00007ffb2fec8000 	C:\WINDOWS\SYSTEM32\CRYPTSP.dll
0x00007ffb2f280000 - 0x00007ffb2f2b4000 	C:\WINDOWS\system32\rsaenh.dll
0x00007ffb30220000 - 0x00007ffb3024e000 	C:\WINDOWS\SYSTEM32\USERENV.dll
0x00007ffb2fae0000 - 0x00007ffb2faec000 	C:\WINDOWS\SYSTEM32\CRYPTBASE.dll
0x00007ffb2f660000 - 0x00007ffb2f69b000 	C:\WINDOWS\SYSTEM32\IPHLPAPI.DLL
0x00007ffb31eb0000 - 0x00007ffb31eb8000 	C:\WINDOWS\System32\NSI.dll
0x00007ffb29480000 - 0x00007ffb29497000 	C:\WINDOWS\SYSTEM32\dhcpcsvc6.DLL
0x00007ffb29550000 - 0x00007ffb2956d000 	C:\WINDOWS\SYSTEM32\dhcpcsvc.DLL
0x00007ffb2f6a0000 - 0x00007ffb2f76a000 	C:\WINDOWS\SYSTEM32\DNSAPI.dll
0x00007ffaf88f0000 - 0x00007ffaf8907000 	C:\WINDOWS\system32\napinsp.dll
0x00007ffaf88d0000 - 0x00007ffaf88eb000 	C:\WINDOWS\system32\pnrpnsp.dll
0x00007ffb2b370000 - 0x00007ffb2b385000 	C:\WINDOWS\system32\wshbth.dll
0x00007ffb2bb30000 - 0x00007ffb2bb4d000 	C:\WINDOWS\system32\NLAapi.dll
0x00007ffaf88b0000 - 0x00007ffaf88c2000 	C:\WINDOWS\System32\winrnr.dll
0x00007ffb233a0000 - 0x00007ffb233aa000 	C:\Windows\System32\rasadhlp.dll
0x00007ffb24510000 - 0x00007ffb24592000 	C:\WINDOWS\System32\fwpuclnt.dll
0x00007ffb28cb0000 - 0x00007ffb28cb9000 	C:\Users\1\.jdks\corretto-11.0.18\bin\management.dll
0x00007ffb286b0000 - 0x00007ffb286bb000 	C:\Users\1\.jdks\corretto-11.0.18\bin\management_ext.dll
0x00007ffb2da60000 - 0x00007ffb2daf1000 	C:\WINDOWS\system32\apphelp.dll
0x00007ffb28c60000 - 0x00007ffb28c85000 	C:\Users\1\.jdks\corretto-11.0.18\bin\sunec.dll

dbghelp: loaded successfully - version: 4.0.5 - missing functions: none
symbol engine: initialized successfully - sym options: 0x614 - pdb path: .;C:\Users\1\.jdks\corretto-11.0.18\bin;C:\WINDOWS\SYSTEM32;C:\WINDOWS\WinSxS\amd64_microsoft.windows.common-controls_6595b64144ccf1df_6.0.19041.1110_none_60b5254171f9507e;C:\WINDOWS\system32\DriverStore\FileRepository\nvam.inf_amd64_20c0bba34ffd86ca;C:\Program Files\NVIDIA Corporation\CoProcManager;C:\Users\1\.jdks\corretto-11.0.18\bin\server

VM Arguments:
jvm_args: -Dallure.results.directory=C:\Users\1\IdeaProjects\QA-diploma\build\allure-results -Ddb.pass=pass -Ddb.url=jdbc:mysql://localhost:3306/app -Ddb.user=app -Djunit.jupiter.extensions.autodetection.enabled=true -Dorg.gradle.internal.worker.tmpdir=C:\Users\1\IdeaProjects\QA-diploma\build\tmp\test\work -Dorg.gradle.native=false -Dselenide.headless -javaagent:C:\Users\1\.gradle\caches\modules-2\files-2.1\org.aspectj\aspectjweaver\1.9.9.1\dcd2703279a94ad909fa3f3d08671cb0f2dabf7\aspectjweaver-1.9.9.1.jar -Xmx512m -Dfile.encoding=windows-1251 -Duser.country=RU -Duser.language=ru -Duser.variant -ea 
java_command: worker.org.gradle.process.internal.worker.GradleWorkerMain 'Gradle Test Executor 1'
java_class_path (initial): C:\\Users\\1\\.gradle\\caches\\7.5.1\\workerMain\\gradle-worker.jar;C:\\Users\\1\\IdeaProjects\\QA-diploma\\build\\classes\\java\\test;C:\\Users\\1\\IdeaProjects\\QA-diploma\\build\\classes\\java\\main;C:\\Users\\1\\.gradle\\caches\\modules-2\\files-2.1\\org.junit.jupiter\\junit-jupiter-params\\5.9.2\\bc2765afb7b85b583c710dd259a11c6b8c39e912\\junit-jupiter-params-5.9.2.jar;C:\\Users\\1\\.gradle\\caches\\modules-2\\files-2.1\\org.junit.jupiter\\junit-jupiter-engine\\5.9.2\\572f7a553b53f83ee59cc045ce1c3772864ab76c\\junit-jupiter-engine-5.9.2.jar;C:\\Users\\1\\.gradle\\caches\\modules-2\\files-2.1\\io.qameta.allure\\allure-junit5\\2.20.1\\4dd0476b2b3faf26719200407a2ecfd0cd3b4de9\\allure-junit5-2.20.1.jar;C:\\Users\\1\\.gradle\\caches\\modules-2\\files-2.1\\io.qameta.allure\\allure-junit-platform\\2.20.1\\eed7d32afe119e7897123e4183921e311dae509f\\allure-junit-platform-2.20.1.jar;C:\\Users\\1\\.gradle\\caches\\modules-2\\files-2.1\\org.junit.jupiter\\junit-jupiter-api\\5.9.2\\fed843581520eac594bc36bb4b0f55e7b947dda9\\junit-jupiter-api-5.9.2.jar;C:\\Users\\1\\.gradle\\caches\\modules-2\\files-2.1\\org.junit.platform\\junit-platform-launcher\\1.9.2\\38e0bfad8c57d4cd1a8f27926c25ffe9543068d6\\junit-platform-launcher-1.9.2.jar;C:\\Users\\1\\.gradle\\caches\\modules-2\\files-2.1\\org.junit.platform\\junit-platform-engine\\1.9.2\\40aeef2be7b04f96bb91e8b054affc28b7c7c935\\junit-platform-engine-1.9.2.jar;C:\\Users\\1\\.gradle\\caches\\modules-2\\files-2.1\\org.junit.platform\\junit-platform-commons\\1.9.2\\6f9f8621d8230cd38aa42e58ccbc0c00569131ce\\junit-platform-commons-1.9.2.jar;C:\\Users\\1\\.gradle\\caches\\modules-2\\files-2.1\\org.junit.jupiter\\junit-jupiter\\5.9.2\\26c586fbe0ebd81b48c9f11f0d998124248697ae\\junit-jupiter-5.9.2.jar;C:\\Users\\1\\.gradle\\caches\\modules-2\\files-2.1\\com.codeborne\\selenide\\6.19.0\\8bf12cbbef1f2b4f6833f0cc2f0b13b72f388c97\\selenide-6.19.0.jar;C:\\Users\\1\\.gradle\\caches\\modules-2\\files-2.1\\org.postgresql\\p
Launcher Type: SUN_STANDARD

[Global flags]
     intx CICompilerCount                          = 3                                         {product} {ergonomic}
     uint ConcGCThreads                            = 1                                         {product} {ergonomic}
     uint G1ConcRefinementThreads                  = 4                                         {product} {ergonomic}
   size_t G1HeapRegionSize                         = 1048576                                   {product} {ergonomic}
    uintx GCDrainStackTargetSize                   = 64                                        {product} {ergonomic}
   size_t InitialHeapSize                          = 44040192                                  {product} {ergonomic}
   size_t MarkStackSize                            = 4194304                                   {product} {ergonomic}
   size_t MaxHeapSize                              = 536870912                                 {product} {command line}
   size_t MaxNewSize                               = 321912832                                 {product} {ergonomic}
   size_t MinHeapDeltaBytes                        = 1048576                                   {product} {ergonomic}
    uintx NonNMethodCodeHeapSize                   = 5830732                                {pd product} {ergonomic}
    uintx NonProfiledCodeHeapSize                  = 122913754                              {pd product} {ergonomic}
    uintx ProfiledCodeHeapSize                     = 122913754                              {pd product} {ergonomic}
    uintx ReservedCodeCacheSize                    = 251658240                              {pd product} {ergonomic}
     bool SegmentedCodeCache                       = true                                      {product} {ergonomic}
     bool UseCompressedClassPointers               = true                                 {lp64_product} {ergonomic}
     bool UseCompressedOops                        = true                                 {lp64_product} {ergonomic}
     bool UseG1GC                                  = true                                      {product} {ergonomic}
     bool UseLargePagesIndividualAllocation        = false                                  {pd product} {ergonomic}

Logging:
Log output configuration:
 #0: stdout all=warning uptime,level,tags
 #1: stderr all=off uptime,level,tags

Environment Variables:
PATH=C:\Program Files\Eclipse Adoptium\jdk-11.0.17.8-hotspot\bin;C:\WINDOWS\system32;C:\WINDOWS;C:\WINDOWS\System32\Wbem;C:\WINDOWS\System32\WindowsPowerShell\v1.0\;C:\WINDOWS\System32\OpenSSH\;C:\Program Files (x86)\Windows Live\Shared;C:\Program Files (x86)\dotnet\;C:\Program Files\WireGuard\;C:\Program Files\Git\cmd;C:\Program Files\Docker\Docker\resources\bin;C:\Users\1\AppData\Local\Microsoft\WindowsApps;C:\Users\1\AppData\Local\Programs\Microsoft VS Code\bin;C:\Program Files\JetBrains\IntelliJ IDEA Community Edition 2022.3.3\bin;;C:Users\1\ChromeDriver;
USERNAME=1
OS=Windows_NT
PROCESSOR_IDENTIFIER=Intel64 Family 6 Model 42 Stepping 7, GenuineIntel
TMP=C:\Users\1\AppData\Local\Temp
TEMP=C:\Users\1\AppData\Local\Temp



---------------  S Y S T E M  ---------------

OS: Windows 10 , 64 bit Build 19041 (10.0.19041.3393)
OS uptime: 0 days 21:35 hours
Hyper-V role detected

CPU:total 4 (initial active 4) (2 cores per cpu, 2 threads per core) family 6 model 42 stepping 7 microcode 0x2f, cmov, cx8, fxsr, mmx, sse, sse2, sse3, ssse3, sse4.1, sse4.2, popcnt, avx, clmul, ht, tsc, tscinvbit

Memory: 4k page, system-wide physical 2600M (33M free)
TotalPageFile size 10536M (AvailPageFile size 3M)
current process WorkingSet (physical memory assigned to process): 129M, peak: 138M
current process commit charge ("private bytes"): 245M, peak: 247M

vm_info: OpenJDK 64-Bit Server VM (11.0.18+10-LTS) for windows-amd64 JRE (11.0.18+10-LTS), built on Jan 10 2023 20:17:52 by "Administrator" with MS VC++ 15.9 (VS2017)

END.
