#
# There is insufficient memory for the Java Runtime Environment to continue.
# Native memory allocation (malloc) failed to allocate 899536 bytes for Chunk::new
# Possible reasons:
#   The system is out of physical RAM or swap space
#   The process is running with CompressedOops enabled, and the Java Heap may be blocking the growth of the native heap
# Possible solutions:
#   Reduce memory load on the system
#   Increase physical memory or swap space
#   Check if swap backing store is full
#   Decrease Java heap size (-Xmx/-Xms)
#   Decrease number of Java threads
#   Decrease Java thread stack sizes (-Xss)
#   Set larger code cache with -XX:ReservedCodeCacheSize=
#   JVM is running with Unscaled Compressed Oops mode in which the Java heap is
#     placed in the first 4GB address space. The Java Heap base address is the
#     maximum limit for the native heap growth. Please use -XX:HeapBaseMinAddress
#     to set the Java Heap base and to place the Java Heap above 4GB virtual address.
# This output file may be truncated or incomplete.
#
#  Out of Memory Error (./src/hotspot/share/memory/arena.cpp:197), pid=6136, tid=4964
#
# JRE version: OpenJDK Runtime Environment Temurin-11.0.17+8 (11.0.17+8) (build 11.0.17+8)
# Java VM: OpenJDK 64-Bit Server VM Temurin-11.0.17+8 (11.0.17+8, mixed mode, tiered, compressed oops, g1 gc, windows-amd64)
# No core dump will be written. Minidumps are not enabled by default on client versions of Windows
#

---------------  S U M M A R Y ------------

Command Line: --add-opens=java.base/java.util=ALL-UNNAMED --add-opens=java.base/java.lang=ALL-UNNAMED --add-opens=java.base/java.lang.invoke=ALL-UNNAMED --add-opens=java.base/java.util=ALL-UNNAMED --add-opens=java.prefs/java.util.prefs=ALL-UNNAMED --add-opens=java.prefs/java.util.prefs=ALL-UNNAMED --add-opens=java.base/java.nio.charset=ALL-UNNAMED --add-opens=java.base/java.net=ALL-UNNAMED --add-opens=java.base/java.util.concurrent.atomic=ALL-UNNAMED -XX:MaxMetaspaceSize=256m -XX:+HeapDumpOnOutOfMemoryError -Xms256m -Xmx512m -Dfile.encoding=windows-1251 -Duser.country=RU -Duser.language=ru -Duser.variant org.gradle.launcher.daemon.bootstrap.GradleDaemon 7.5.1

Host: Intel(R) Core(TM) i5-2430M CPU @ 2.40GHz, 4 cores, 2G,  Windows 10 , 64 bit Build 19041 (10.0.19041.3393)
Time: Mon Oct  9 17:39:25 2023 RTZ 4 (s 10 , 64 bit Build 19041 (10.0.19041.3393) elapsed time: 45.318014 seconds (0d 0h 0m 45s)

---------------  T H R E A D  ---------------

Current thread (0x000001a9a1a3e000):  JavaThread "C2 CompilerThread0" daemon [_thread_in_native, id=4964, stack(0x0000000b62800000,0x0000000b62900000)]


Current CompileTask:
C2:  45318 8777       4       jdk.internal.loader.BuiltinClassLoader::loadClass (22 bytes)

Stack: [0x0000000b62800000,0x0000000b62900000]
Native frames: (J=compiled Java code, j=interpreted, Vv=VM code, C=native code)
V  [jvm.dll+0x61f5ba]
V  [jvm.dll+0x7abf79]
V  [jvm.dll+0x7ad668]
V  [jvm.dll+0x7add43]
V  [jvm.dll+0x24fd88]
V  [jvm.dll+0xc262c]
V  [jvm.dll+0xc2bec]
V  [jvm.dll+0x2c1c04]
V  [jvm.dll+0x52e31c]
V  [jvm.dll+0x2112db]
V  [jvm.dll+0x20af14]
V  [jvm.dll+0x20803b]
V  [jvm.dll+0x18a3b1]
V  [jvm.dll+0x217a34]
V  [jvm.dll+0x215c7b]
V  [jvm.dll+0x76ea70]
V  [jvm.dll+0x7679a4]
V  [jvm.dll+0x61e425]
C  [ucrtbase.dll+0x21bb2]
C  [KERNEL32.DLL+0x17344]
C  [ntdll.dll+0x526b1]


---------------  P R O C E S S  ---------------

Threads class SMR info:
_java_thread_list=0x000001a9a5f02fc0, length=99, elements={
0x000001a98624c800, 0x000001a9a19b5000, 0x000001a9a19e7000, 0x000001a9a1a33000,
0x000001a9a1a34000, 0x000001a9a1a35800, 0x000001a9a1a3e000, 0x000001a9a1a44000,
0x000001a9a1a4d800, 0x000001a9a1bae800, 0x000001a9a339f800, 0x000001a9a3c12000,
0x000001a9a321b800, 0x000001a9a34a9800, 0x000001a9a3a96800, 0x000001a9a256c800,
0x000001a9a280d800, 0x000001a9a3c96800, 0x000001a9a2d86000, 0x000001a9a2c1f800,
0x000001a9a2009800, 0x000001a9a200c000, 0x000001a9a200a800, 0x000001a9a2007800,
0x000001a9a2008000, 0x000001a9a200d000, 0x000001a9a200b800, 0x000001a9a200e000,
0x000001a9a2009000, 0x000001a9a4374000, 0x000001a9a4372800, 0x000001a9a436f800,
0x000001a9a4373800, 0x000001a9a4376000, 0x000001a9a4371800, 0x000001a9a4371000,
0x000001a9a437d000, 0x000001a9a4377800, 0x000001a9a437a800, 0x000001a9a437a000,
0x000001a9a4379000, 0x000001a9a4378800, 0x000001a9a437e000, 0x000001a9a437c800,
0x000001a9a633d800, 0x000001a9a6344000, 0x000001a9a6341800, 0x000001a9a6342800,
0x000001a9a6341000, 0x000001a9a6340000, 0x000001a9a6343800, 0x000001a9a633e800,
0x000001a9a6345000, 0x000001a9a633f800, 0x000001a9a6347800, 0x000001a9a6348000,
0x000001a9a634a000, 0x000001a9a6346000, 0x000001a9a634c800, 0x000001a9a6346800,
0x000001a9a6349000, 0x000001a9a634a800, 0x000001a9a634b800, 0x000001a9a7ed1800,
0x000001a9a7ed0800, 0x000001a9a7ed3000, 0x000001a9a7ed2800, 0x000001a9a7ed4000,
0x000001a9a7ed5000, 0x000001a9a7ecf000, 0x000001a9a7ed5800, 0x000001a9a7ed0000,
0x000001a9a7eda800, 0x000001a9a7ed6800, 0x000001a9a7ed9800, 0x000001a9a7ed9000,
0x000001a9a7edb800, 0x000001a9a7edc000, 0x000001a9a7edd000, 0x000001a9a7ed7000,
0x000001a9a7ede000, 0x000001a9a7ed8000, 0x000001a9a80b2000, 0x000001a9a80ac800,
0x000001a9a80ad000, 0x000001a9a80b3000, 0x000001a9a80b0800, 0x000001a9a80b1800,
0x000001a9a80b3800, 0x000001a9a80af000, 0x000001a9a80ae000, 0x000001a9a80b4800,
0x000001a9a80b6000, 0x000001a9a80bb000, 0x000001a9a80b7000, 0x000001a9a80b5800,
0x000001a9a80af800, 0x000001a9a80ba800, 0x000001a9a80b8800
}

Java Threads: ( => current thread )
  0x000001a98624c800 JavaThread "main" [_thread_blocked, id=13560, stack(0x0000000b61c00000,0x0000000b61d00000)]
  0x000001a9a19b5000 JavaThread "Reference Handler" daemon [_thread_blocked, id=8256, stack(0x0000000b62300000,0x0000000b62400000)]
  0x000001a9a19e7000 JavaThread "Finalizer" daemon [_thread_blocked, id=12080, stack(0x0000000b62400000,0x0000000b62500000)]
  0x000001a9a1a33000 JavaThread "Signal Dispatcher" daemon [_thread_blocked, id=4720, stack(0x0000000b62500000,0x0000000b62600000)]
  0x000001a9a1a34000 JavaThread "Attach Listener" daemon [_thread_blocked, id=13384, stack(0x0000000b62600000,0x0000000b62700000)]
  0x000001a9a1a35800 JavaThread "Service Thread" daemon [_thread_blocked, id=12548, stack(0x0000000b62700000,0x0000000b62800000)]
=>0x000001a9a1a3e000 JavaThread "C2 CompilerThread0" daemon [_thread_in_native, id=4964, stack(0x0000000b62800000,0x0000000b62900000)]
  0x000001a9a1a44000 JavaThread "C1 CompilerThread0" daemon [_thread_blocked, id=13720, stack(0x0000000b62900000,0x0000000b62a00000)]
  0x000001a9a1a4d800 JavaThread "Sweeper thread" daemon [_thread_blocked, id=10756, stack(0x0000000b62a00000,0x0000000b62b00000)]
  0x000001a9a1bae800 JavaThread "Common-Cleaner" daemon [_thread_blocked, id=3676, stack(0x0000000b62b00000,0x0000000b62c00000)]
  0x000001a9a339f800 JavaThread "Daemon health stats" [_thread_blocked, id=5720, stack(0x0000000b63000000,0x0000000b63100000)]
  0x000001a9a3c12000 JavaThread "Incoming local TCP Connector on port 62863" [_thread_in_native, id=13188, stack(0x0000000b63100000,0x0000000b63200000)]
  0x000001a9a321b800 JavaThread "Daemon periodic checks" [_thread_blocked, id=5320, stack(0x0000000b63200000,0x0000000b63300000)]
  0x000001a9a34a9800 JavaThread "Daemon" [_thread_blocked, id=8412, stack(0x0000000b63300000,0x0000000b63400000)]
  0x000001a9a3a96800 JavaThread "Handler for socket connection from /127.0.0.1:62863 to /127.0.0.1:62864" [_thread_in_native, id=12968, stack(0x0000000b63400000,0x0000000b63500000)]
  0x000001a9a256c800 JavaThread "Cancel handler" [_thread_blocked, id=4748, stack(0x0000000b63500000,0x0000000b63600000)]
  0x000001a9a280d800 JavaThread "Daemon worker" [_thread_blocked, id=12908, stack(0x0000000b63600000,0x0000000b63700000)]
  0x000001a9a3c96800 JavaThread "Asynchronous log dispatcher for DefaultDaemonConnection: socket connection from /127.0.0.1:62863 to /127.0.0.1:62864" [_thread_blocked, id=8884, stack(0x0000000b63700000,0x0000000b63800000)]
  0x000001a9a2d86000 JavaThread "Stdin handler" [_thread_blocked, id=12832, stack(0x0000000b63800000,0x0000000b63900000)]
  0x000001a9a2c1f800 JavaThread "Daemon client event forwarder" [_thread_blocked, id=14100, stack(0x0000000b63900000,0x0000000b63a00000)]
  0x000001a9a2009800 JavaThread "Cache worker for journal cache (C:\Users\1\.gradle\caches\journal-1)" [_thread_blocked, id=12144, stack(0x0000000b63a00000,0x0000000b63b00000)]
  0x000001a9a200c000 JavaThread "File lock request listener" [_thread_in_native, id=8584, stack(0x0000000b63b00000,0x0000000b63c00000)]
  0x000001a9a200a800 JavaThread "Cache worker for file hash cache (C:\Users\1\.gradle\caches\7.5.1\fileHashes)" [_thread_blocked, id=12776, stack(0x0000000b63c00000,0x0000000b63d00000)]
  0x000001a9a2007800 JavaThread "File watcher server" daemon [_thread_in_native, id=9752, stack(0x0000000b63d00000,0x0000000b63e00000)]
  0x000001a9a2008000 JavaThread "File watcher consumer" daemon [_thread_blocked, id=13052, stack(0x0000000b63e00000,0x0000000b63f00000)]
  0x000001a9a200d000 JavaThread "Cache worker for checksums cache (C:\Users\1\IdeaProjects\QA-diploma\.gradle\7.5.1\checksums)" [_thread_blocked, id=13020, stack(0x0000000b63f00000,0x0000000b64000000)]
  0x000001a9a200b800 JavaThread "Cache worker for cache directory md-rule (C:\Users\1\.gradle\caches\7.5.1\md-rule)" [_thread_blocked, id=1836, stack(0x0000000b64000000,0x0000000b64100000)]
  0x000001a9a200e000 JavaThread "Cache worker for file content cache (C:\Users\1\.gradle\caches\7.5.1\fileContent)" [_thread_blocked, id=2332, stack(0x0000000b64100000,0x0000000b64200000)]
  0x000001a9a2009000 JavaThread "Cache worker for file hash cache (C:\Users\1\IdeaProjects\QA-diploma\.gradle\7.5.1\fileHashes)" [_thread_blocked, id=6168, stack(0x0000000b64200000,0x0000000b64300000)]
  0x000001a9a4374000 JavaThread "Cache worker for cache directory md-supplier (C:\Users\1\.gradle\caches\7.5.1\md-supplier)" [_thread_blocked, id=11488, stack(0x0000000b64300000,0x0000000b64400000)]
  0x000001a9a4372800 JavaThread "Cache worker for execution history cache (C:\Users\1\.gradle\caches\7.5.1\executionHistory)" [_thread_blocked, id=10184, stack(0x0000000b64400000,0x0000000b64500000)]
  0x000001a9a436f800 JavaThread "jar transforms" [_thread_blocked, id=2084, stack(0x0000000b64500000,0x0000000b64600000)]
  0x000001a9a4373800 JavaThread "jar transforms Thread 2" [_thread_blocked, id=10028, stack(0x0000000b64600000,0x0000000b64700000)]
  0x000001a9a4376000 JavaThread "Cache worker for dependencies-accessors (C:\Users\1\IdeaProjects\QA-diploma\.gradle\7.5.1\dependencies-accessors)" [_thread_blocked, id=13172, stack(0x0000000b64700000,0x0000000b64800000)]
  0x000001a9a4371800 JavaThread "jar transforms Thread 3" [_thread_blocked, id=5492, stack(0x0000000b64800000,0x0000000b64900000)]
  0x000001a9a4371000 JavaThread "Cache worker for Build Output Cleanup Cache (C:\Users\1\IdeaProjects\QA-diploma\.gradle\buildOutputCleanup)" [_thread_blocked, id=12448, stack(0x0000000b64900000,0x0000000b64a00000)]
  0x000001a9a437d000 JavaThread "Unconstrained build operations" [_thread_blocked, id=12156, stack(0x0000000b64a00000,0x0000000b64b00000)]
  0x000001a9a4377800 JavaThread "Unconstrained build operations Thread 2" [_thread_blocked, id=9784, stack(0x0000000b64b00000,0x0000000b64c00000)]
  0x000001a9a437a800 JavaThread "Unconstrained build operations Thread 3" [_thread_blocked, id=9348, stack(0x0000000b64c00000,0x0000000b64d00000)]
  0x000001a9a437a000 JavaThread "Unconstrained build operations Thread 4" [_thread_blocked, id=8208, stack(0x0000000b64d00000,0x0000000b64e00000)]
  0x000001a9a4379000 JavaThread "Unconstrained build operations Thread 5" [_thread_blocked, id=10224, stack(0x0000000b64e00000,0x0000000b64f00000)]
  0x000001a9a4378800 JavaThread "jar transforms Thread 4" [_thread_blocked, id=2152, stack(0x0000000b64f00000,0x0000000b65000000)]
  0x000001a9a437e000 JavaThread "Memory manager" [_thread_blocked, id=1312, stack(0x0000000b65000000,0x0000000b65100000)]
  0x000001a9a437c800 JavaThread "included builds" [_thread_blocked, id=4624, stack(0x0000000b65100000,0x0000000b65200000)]
  0x000001a9a633d800 JavaThread "Execution worker" [_thread_blocked, id=11772, stack(0x0000000b65200000,0x0000000b65300000)]
  0x000001a9a6344000 JavaThread "Execution worker Thread 2" [_thread_blocked, id=12940, stack(0x0000000b65300000,0x0000000b65400000)]
  0x000001a9a6341800 JavaThread "Execution worker Thread 3" [_thread_blocked, id=5928, stack(0x0000000b65400000,0x0000000b65500000)]
  0x000001a9a6342800 JavaThread "Cache worker for execution history cache (C:\Users\1\IdeaProjects\QA-diploma\.gradle\7.5.1\executionHistory)" [_thread_blocked, id=10072, stack(0x0000000b65500000,0x0000000b65600000)]
  0x000001a9a6341000 JavaThread "Unconstrained build operations Thread 6" [_thread_blocked, id=2088, stack(0x0000000b65600000,0x0000000b65700000)]
  0x000001a9a6340000 JavaThread "Cache worker for Java compile cache (C:\Users\1\.gradle\caches\7.5.1\javaCompile)" [_thread_blocked, id=10516, stack(0x0000000b65700000,0x0000000b65800000)]
  0x000001a9a6343800 JavaThread "Build operations" [_thread_blocked, id=13432, stack(0x0000000b65800000,0x0000000b65900000)]
  0x000001a9a633e800 JavaThread "Unconstrained build operations Thread 7" [_thread_blocked, id=5292, stack(0x0000000b65900000,0x0000000b65a00000)]
  0x000001a9a6345000 JavaThread "Unconstrained build operations Thread 8" [_thread_blocked, id=11780, stack(0x0000000b65a00000,0x0000000b65b00000)]
  0x000001a9a633f800 JavaThread "Unconstrained build operations Thread 9" [_thread_blocked, id=12780, stack(0x0000000b65b00000,0x0000000b65c00000)]
  0x000001a9a6347800 JavaThread "Unconstrained build operations Thread 10" [_thread_blocked, id=12540, stack(0x0000000b65c00000,0x0000000b65d00000)]
  0x000001a9a6348000 JavaThread "Unconstrained build operations Thread 11" [_thread_blocked, id=6552, stack(0x0000000b65d00000,0x0000000b65e00000)]
  0x000001a9a634a000 JavaThread "Unconstrained build operations Thread 12" [_thread_blocked, id=13136, stack(0x0000000b65e00000,0x0000000b65f00000)]
  0x000001a9a6346000 JavaThread "Unconstrained build operations Thread 13" [_thread_blocked, id=1296, stack(0x0000000b65f00000,0x0000000b66000000)]
  0x000001a9a634c800 JavaThread "Unconstrained build operations Thread 14" [_thread_blocked, id=6572, stack(0x0000000b66000000,0x0000000b66100000)]
  0x000001a9a6346800 JavaThread "Unconstrained build operations Thread 15" [_thread_blocked, id=6656, stack(0x0000000b66100000,0x0000000b66200000)]
  0x000001a9a6349000 JavaThread "Unconstrained build operations Thread 16" [_thread_blocked, id=9592, stack(0x0000000b66200000,0x0000000b66300000)]
  0x000001a9a634a800 JavaThread "Unconstrained build operations Thread 17" [_thread_blocked, id=9588, stack(0x0000000b66300000,0x0000000b66400000)]
  0x000001a9a634b800 JavaThread "Unconstrained build operations Thread 18" [_thread_blocked, id=4916, stack(0x0000000b66400000,0x0000000b66500000)]
  0x000001a9a7ed1800 JavaThread "Unconstrained build operations Thread 19" [_thread_blocked, id=12464, stack(0x0000000b66500000,0x0000000b66600000)]
  0x000001a9a7ed0800 JavaThread "Unconstrained build operations Thread 20" [_thread_blocked, id=10236, stack(0x0000000b66600000,0x0000000b66700000)]
  0x000001a9a7ed3000 JavaThread "Unconstrained build operations Thread 21" [_thread_blocked, id=9912, stack(0x0000000b66700000,0x0000000b66800000)]
  0x000001a9a7ed2800 JavaThread "Unconstrained build operations Thread 22" [_thread_blocked, id=13652, stack(0x0000000b66800000,0x0000000b66900000)]
  0x000001a9a7ed4000 JavaThread "Unconstrained build operations Thread 23" [_thread_blocked, id=13420, stack(0x0000000b66900000,0x0000000b66a00000)]
  0x000001a9a7ed5000 JavaThread "Unconstrained build operations Thread 24" [_thread_blocked, id=11452, stack(0x0000000b66a00000,0x0000000b66b00000)]
  0x000001a9a7ecf000 JavaThread "Unconstrained build operations Thread 25" [_thread_blocked, id=13820, stack(0x0000000b66b00000,0x0000000b66c00000)]
  0x000001a9a7ed5800 JavaThread "Unconstrained build operations Thread 26" [_thread_blocked, id=13352, stack(0x0000000b66c00000,0x0000000b66d00000)]
  0x000001a9a7ed0000 JavaThread "Unconstrained build operations Thread 27" [_thread_blocked, id=8124, stack(0x0000000b66d00000,0x0000000b66e00000)]
  0x000001a9a7eda800 JavaThread "Unconstrained build operations Thread 28" [_thread_blocked, id=9204, stack(0x0000000b66e00000,0x0000000b66f00000)]
  0x000001a9a7ed6800 JavaThread "Unconstrained build operations Thread 29" [_thread_blocked, id=2676, stack(0x0000000b66f00000,0x0000000b67000000)]
  0x000001a9a7ed9800 JavaThread "Unconstrained build operations Thread 30" [_thread_blocked, id=12988, stack(0x0000000b67000000,0x0000000b67100000)]
  0x000001a9a7ed9000 JavaThread "Unconstrained build operations Thread 31" [_thread_blocked, id=11144, stack(0x0000000b67100000,0x0000000b67200000)]
  0x000001a9a7edb800 JavaThread "Unconstrained build operations Thread 32" [_thread_blocked, id=9680, stack(0x0000000b67200000,0x0000000b67300000)]
  0x000001a9a7edc000 JavaThread "Unconstrained build operations Thread 33" [_thread_blocked, id=13856, stack(0x0000000b67300000,0x0000000b67400000)]
  0x000001a9a7edd000 JavaThread "Unconstrained build operations Thread 34" [_thread_blocked, id=12324, stack(0x0000000b67400000,0x0000000b67500000)]
  0x000001a9a7ed7000 JavaThread "Unconstrained build operations Thread 35" [_thread_blocked, id=9528, stack(0x0000000b67500000,0x0000000b67600000)]
  0x000001a9a7ede000 JavaThread "Unconstrained build operations Thread 36" [_thread_blocked, id=11040, stack(0x0000000b67600000,0x0000000b67700000)]
  0x000001a9a7ed8000 JavaThread "Unconstrained build operations Thread 37" [_thread_blocked, id=6644, stack(0x0000000b67700000,0x0000000b67800000)]
  0x000001a9a80b2000 JavaThread "Unconstrained build operations Thread 38" [_thread_blocked, id=13056, stack(0x0000000b67800000,0x0000000b67900000)]
  0x000001a9a80ac800 JavaThread "Unconstrained build operations Thread 39" [_thread_blocked, id=5184, stack(0x0000000b67900000,0x0000000b67a00000)]
  0x000001a9a80ad000 JavaThread "Unconstrained build operations Thread 40" [_thread_blocked, id=3924, stack(0x0000000b67a00000,0x0000000b67b00000)]
  0x000001a9a80b3000 JavaThread "Build operations Thread 2" [_thread_blocked, id=2856, stack(0x0000000b67d00000,0x0000000b67e00000)]
  0x000001a9a80b0800 JavaThread "Build operations Thread 3" [_thread_blocked, id=1616, stack(0x0000000b67e00000,0x0000000b67f00000)]
  0x000001a9a80b1800 JavaThread "Build operations Thread 4" [_thread_blocked, id=9312, stack(0x0000000b67f00000,0x0000000b68000000)]
  0x000001a9a80b3800 JavaThread "Dispatch org.gradle.api.internal.tasks.testing.results.AttachParentTestResultProcessor@711f9576" [_thread_blocked, id=12488, stack(0x0000000b68000000,0x0000000b68100000)]
  0x000001a9a80af000 JavaThread "Dispatch org.gradle.api.internal.tasks.testing.processors.RestartEveryNTestClassProcessor@121080a1" [_thread_blocked, id=6740, stack(0x0000000b68100000,0x0000000b68200000)]
  0x000001a9a80ae000 JavaThread "Incoming local TCP Connector on port 62872" [_thread_blocked, id=13784, stack(0x0000000b68200000,0x0000000b68300000)]
  0x000001a9a80b4800 JavaThread "Exec process" [_thread_in_native, id=13852, stack(0x0000000b68300000,0x0000000b68400000)]
  0x000001a9a80b6000 JavaThread "Exec process Thread 2" [_thread_blocked, id=7404, stack(0x0000000b68500000,0x0000000b68600000)]
  0x000001a9a80bb000 JavaThread "Exec process Thread 3" [_thread_in_native, id=4944, stack(0x0000000b68600000,0x0000000b68700000)]
  0x000001a9a80b7000 JavaThread "Exec process Thread 4" [_thread_in_native, id=9628, stack(0x0000000b68700000,0x0000000b68800000)]
  0x000001a9a80b5800 JavaThread "/127.0.0.1:62872 to /127.0.0.1:62873 workers" [_thread_blocked, id=5476, stack(0x0000000b68400000,0x0000000b68500000)]
  0x000001a9a80af800 JavaThread "/127.0.0.1:62872 to /127.0.0.1:62873 workers Thread 2" [_thread_blocked, id=12504, stack(0x0000000b68800000,0x0000000b68900000)]
  0x000001a9a80ba800 JavaThread "/127.0.0.1:62872 to /127.0.0.1:62873 workers Thread 3" [_thread_blocked, id=6180, stack(0x0000000b68900000,0x0000000b68a00000)]
  0x000001a9a80b8800 JavaThread "/127.0.0.1:62872 to /127.0.0.1:62873 workers Thread 4" [_thread_in_native, id=4476, stack(0x0000000b68a00000,0x0000000b68b00000)]

Other Threads:
  0x000001a9a19b0800 VMThread "VM Thread" [stack: 0x0000000b62200000,0x0000000b62300000] [id=12732]
  0x000001a9a1ba8800 WatcherThread [stack: 0x0000000b62c00000,0x0000000b62d00000] [id=10164]
  0x000001a986265000 GCTaskThread "GC Thread#0" [stack: 0x0000000b61d00000,0x0000000b61e00000] [id=12344]
  0x000001a9a2006800 GCTaskThread "GC Thread#1" [stack: 0x0000000b62d00000,0x0000000b62e00000] [id=5304]
  0x000001a9a20c6000 GCTaskThread "GC Thread#2" [stack: 0x0000000b62e00000,0x0000000b62f00000] [id=3032]
  0x000001a9a22d8000 GCTaskThread "GC Thread#3" [stack: 0x0000000b62f00000,0x0000000b63000000] [id=5180]
  0x000001a986275000 ConcurrentGCThread "G1 Main Marker" [stack: 0x0000000b61e00000,0x0000000b61f00000] [id=5856]
  0x000001a986279000 ConcurrentGCThread "G1 Conc#0" [stack: 0x0000000b61f00000,0x0000000b62000000] [id=13116]
  0x000001a9862bd800 ConcurrentGCThread "G1 Refine#0" [stack: 0x0000000b62000000,0x0000000b62100000] [id=7776]
  0x000001a9a104c800 ConcurrentGCThread "G1 Young RemSet Sampling" [stack: 0x0000000b62100000,0x0000000b62200000] [id=9324]

Threads with active compile tasks:
C2 CompilerThread0    45449 8777       4       jdk.internal.loader.BuiltinClassLoader::loadClass (22 bytes)

VM state:not at safepoint (normal execution)

VM Mutex/Monitor currently owned by a thread: None

Heap address: 0x00000000e0000000, size: 512 MB, Compressed Oops mode: 32-bit
Narrow klass base: 0x0000000000000000, Narrow klass shift: 3
Compressed class space size: 260046848 Address: 0x0000000100000000

Heap:
 garbage-first heap   total 262144K, used 49319K [0x00000000e0000000, 0x0000000100000000)
  region size 1024K, 8 young (8192K), 5 survivors (5120K)
 Metaspace       used 72787K, capacity 75099K, committed 75272K, reserved 319488K
  class space    used 9341K, capacity 10220K, committed 10240K, reserved 253952K
Heap Regions: E=young(eden), S=young(survivor), O=old, HS=humongous(starts), HC=humongous(continues), CS=collection set, F=free, A=archive, TAMS=top-at-mark-start (previous, next)
|   0|0x00000000e0000000, 0x00000000e0100000, 0x00000000e0100000|100%|HS|  |TAMS 0x00000000e0100000, 0x00000000e0000000| Complete 
|   1|0x00000000e0100000, 0x00000000e0200000, 0x00000000e0200000|100%|HC|  |TAMS 0x00000000e0200000, 0x00000000e0100000| Complete 
|   2|0x00000000e0200000, 0x00000000e0300000, 0x00000000e0300000|100%|HC|  |TAMS 0x00000000e0300000, 0x00000000e0200000| Complete 
|   3|0x00000000e0300000, 0x00000000e0400000, 0x00000000e0400000|100%| O|  |TAMS 0x00000000e0400000, 0x00000000e0300000| Untracked 
|   4|0x00000000e0400000, 0x00000000e0500000, 0x00000000e0500000|100%| O|  |TAMS 0x00000000e0500000, 0x00000000e0400000| Untracked 
|   5|0x00000000e0500000, 0x00000000e0600000, 0x00000000e0600000|100%| O|  |TAMS 0x00000000e0600000, 0x00000000e0500000| Untracked 
|   6|0x00000000e0600000, 0x00000000e0700000, 0x00000000e0700000|100%| O|  |TAMS 0x00000000e0700000, 0x00000000e0600000| Untracked 
|   7|0x00000000e0700000, 0x00000000e0800000, 0x00000000e0800000|100%| O|  |TAMS 0x00000000e0800000, 0x00000000e0700000| Untracked 
|   8|0x00000000e0800000, 0x00000000e0900000, 0x00000000e0900000|100%| O|  |TAMS 0x00000000e0900000, 0x00000000e0800000| Untracked 
|   9|0x00000000e0900000, 0x00000000e0a00000, 0x00000000e0a00000|100%| O|  |TAMS 0x00000000e0a00000, 0x00000000e0900000| Untracked 
|  10|0x00000000e0a00000, 0x00000000e0b00000, 0x00000000e0b00000|100%| O|  |TAMS 0x00000000e0b00000, 0x00000000e0a00000| Untracked 
|  11|0x00000000e0b00000, 0x00000000e0c00000, 0x00000000e0c00000|100%| O|  |TAMS 0x00000000e0c00000, 0x00000000e0b00000| Untracked 
|  12|0x00000000e0c00000, 0x00000000e0d00000, 0x00000000e0d00000|100%| O|  |TAMS 0x00000000e0d00000, 0x00000000e0c00000| Untracked 
|  13|0x00000000e0d00000, 0x00000000e0e00000, 0x00000000e0e00000|100%| O|  |TAMS 0x00000000e0e00000, 0x00000000e0d00000| Untracked 
|  14|0x00000000e0e00000, 0x00000000e0f00000, 0x00000000e0f00000|100%| O|  |TAMS 0x00000000e0f00000, 0x00000000e0e00000| Untracked 
|  15|0x00000000e0f00000, 0x00000000e1000000, 0x00000000e1000000|100%| O|  |TAMS 0x00000000e1000000, 0x00000000e0f00000| Untracked 
|  16|0x00000000e1000000, 0x00000000e1100000, 0x00000000e1100000|100%| O|  |TAMS 0x00000000e1100000, 0x00000000e1000000| Untracked 
|  17|0x00000000e1100000, 0x00000000e1200000, 0x00000000e1200000|100%| O|  |TAMS 0x00000000e1200000, 0x00000000e1100000| Untracked 
|  18|0x00000000e1200000, 0x00000000e1300000, 0x00000000e1300000|100%| O|  |TAMS 0x00000000e1300000, 0x00000000e1200000| Untracked 
|  19|0x00000000e1300000, 0x00000000e1400000, 0x00000000e1400000|100%| O|  |TAMS 0x00000000e1400000, 0x00000000e1300000| Untracked 
|  20|0x00000000e1400000, 0x00000000e1500000, 0x00000000e1500000|100%| O|  |TAMS 0x00000000e1500000, 0x00000000e1400000| Untracked 
|  21|0x00000000e1500000, 0x00000000e1600000, 0x00000000e1600000|100%| O|  |TAMS 0x00000000e15aba00, 0x00000000e1500000| Untracked 
|  22|0x00000000e1600000, 0x00000000e1700000, 0x00000000e1700000|100%| O|  |TAMS 0x00000000e1600000, 0x00000000e1600000| Untracked 
|  23|0x00000000e1700000, 0x00000000e1800000, 0x00000000e1800000|100%| O|  |TAMS 0x00000000e1700000, 0x00000000e1700000| Untracked 
|  24|0x00000000e1800000, 0x00000000e1900000, 0x00000000e1900000|100%| O|  |TAMS 0x00000000e1800000, 0x00000000e1800000| Untracked 
|  25|0x00000000e1900000, 0x00000000e1a00000, 0x00000000e1a00000|100%| O|  |TAMS 0x00000000e1900000, 0x00000000e1900000| Untracked 
|  26|0x00000000e1a00000, 0x00000000e1b00000, 0x00000000e1b00000|100%| O|  |TAMS 0x00000000e1a00000, 0x00000000e1a00000| Untracked 
|  27|0x00000000e1b00000, 0x00000000e1c00000, 0x00000000e1c00000|100%| O|  |TAMS 0x00000000e1b00000, 0x00000000e1b00000| Untracked 
|  28|0x00000000e1c00000, 0x00000000e1d00000, 0x00000000e1d00000|100%| O|  |TAMS 0x00000000e1c00000, 0x00000000e1c00000| Untracked 
|  29|0x00000000e1d00000, 0x00000000e1e00000, 0x00000000e1e00000|100%| O|  |TAMS 0x00000000e1d00000, 0x00000000e1d00000| Untracked 
|  30|0x00000000e1e00000, 0x00000000e1f00000, 0x00000000e1f00000|100%| O|  |TAMS 0x00000000e1e00000, 0x00000000e1e00000| Untracked 
|  31|0x00000000e1f00000, 0x00000000e2000000, 0x00000000e2000000|100%| O|  |TAMS 0x00000000e1f00000, 0x00000000e1f00000| Untracked 
|  32|0x00000000e2000000, 0x00000000e2100000, 0x00000000e2100000|100%| O|  |TAMS 0x00000000e2000000, 0x00000000e2000000| Untracked 
|  33|0x00000000e2100000, 0x00000000e2200000, 0x00000000e2200000|100%| O|  |TAMS 0x00000000e2100000, 0x00000000e2100000| Untracked 
|  34|0x00000000e2200000, 0x00000000e2300000, 0x00000000e2300000|100%| O|  |TAMS 0x00000000e2200000, 0x00000000e2200000| Untracked 
|  35|0x00000000e2300000, 0x00000000e2400000, 0x00000000e2400000|100%| O|  |TAMS 0x00000000e2300000, 0x00000000e2300000| Untracked 
|  36|0x00000000e2400000, 0x00000000e2500000, 0x00000000e2500000|100%| O|  |TAMS 0x00000000e2400000, 0x00000000e2400000| Untracked 
|  37|0x00000000e2500000, 0x00000000e2600000, 0x00000000e2600000|100%| O|  |TAMS 0x00000000e2500000, 0x00000000e2500000| Untracked 
|  38|0x00000000e2600000, 0x00000000e2700000, 0x00000000e2700000|100%| O|  |TAMS 0x00000000e2600000, 0x00000000e2600000| Untracked 
|  39|0x00000000e2700000, 0x00000000e2800000, 0x00000000e2800000|100%| O|  |TAMS 0x00000000e2700000, 0x00000000e2700000| Untracked 
|  40|0x00000000e2800000, 0x00000000e2900000, 0x00000000e2900000|100%| O|  |TAMS 0x00000000e2800000, 0x00000000e2800000| Untracked 
|  41|0x00000000e2900000, 0x00000000e2969000, 0x00000000e2a00000| 41%| O|  |TAMS 0x00000000e2900000, 0x00000000e2900000| Untracked 
|  42|0x00000000e2a00000, 0x00000000e2a00000, 0x00000000e2b00000|  0%| F|  |TAMS 0x00000000e2a00000, 0x00000000e2a00000| Untracked 
|  43|0x00000000e2b00000, 0x00000000e2b00000, 0x00000000e2c00000|  0%| F|  |TAMS 0x00000000e2b00000, 0x00000000e2b00000| Untracked 
|  44|0x00000000e2c00000, 0x00000000e2c00000, 0x00000000e2d00000|  0%| F|  |TAMS 0x00000000e2c00000, 0x00000000e2c00000| Untracked 
|  45|0x00000000e2d00000, 0x00000000e2d00000, 0x00000000e2e00000|  0%| F|  |TAMS 0x00000000e2d00000, 0x00000000e2d00000| Untracked 
|  46|0x00000000e2e00000, 0x00000000e2e00000, 0x00000000e2f00000|  0%| F|  |TAMS 0x00000000e2e00000, 0x00000000e2e00000| Untracked 
|  47|0x00000000e2f00000, 0x00000000e2f00000, 0x00000000e3000000|  0%| F|  |TAMS 0x00000000e2f00000, 0x00000000e2f00000| Untracked 
|  48|0x00000000e3000000, 0x00000000e3000000, 0x00000000e3100000|  0%| F|  |TAMS 0x00000000e3000000, 0x00000000e3000000| Untracked 
|  49|0x00000000e3100000, 0x00000000e3100000, 0x00000000e3200000|  0%| F|  |TAMS 0x00000000e3100000, 0x00000000e3100000| Untracked 
|  50|0x00000000e3200000, 0x00000000e3200000, 0x00000000e3300000|  0%| F|  |TAMS 0x00000000e3200000, 0x00000000e3200000| Untracked 
|  51|0x00000000e3300000, 0x00000000e3300000, 0x00000000e3400000|  0%| F|  |TAMS 0x00000000e3300000, 0x00000000e3300000| Untracked 
|  52|0x00000000e3400000, 0x00000000e3400000, 0x00000000e3500000|  0%| F|  |TAMS 0x00000000e3400000, 0x00000000e3400000| Untracked 
|  53|0x00000000e3500000, 0x00000000e3500000, 0x00000000e3600000|  0%| F|  |TAMS 0x00000000e3500000, 0x00000000e3500000| Untracked 
|  54|0x00000000e3600000, 0x00000000e3600000, 0x00000000e3700000|  0%| F|  |TAMS 0x00000000e3600000, 0x00000000e3600000| Untracked 
|  55|0x00000000e3700000, 0x00000000e3700000, 0x00000000e3800000|  0%| F|  |TAMS 0x00000000e3700000, 0x00000000e3700000| Untracked 
|  56|0x00000000e3800000, 0x00000000e3800000, 0x00000000e3900000|  0%| F|  |TAMS 0x00000000e3800000, 0x00000000e3800000| Untracked 
|  57|0x00000000e3900000, 0x00000000e3900000, 0x00000000e3a00000|  0%| F|  |TAMS 0x00000000e3900000, 0x00000000e3900000| Untracked 
|  58|0x00000000e3a00000, 0x00000000e3a00000, 0x00000000e3b00000|  0%| F|  |TAMS 0x00000000e3a00000, 0x00000000e3a00000| Untracked 
|  59|0x00000000e3b00000, 0x00000000e3b00000, 0x00000000e3c00000|  0%| F|  |TAMS 0x00000000e3b00000, 0x00000000e3b00000| Untracked 
|  60|0x00000000e3c00000, 0x00000000e3c00000, 0x00000000e3d00000|  0%| F|  |TAMS 0x00000000e3c00000, 0x00000000e3c00000| Untracked 
|  61|0x00000000e3d00000, 0x00000000e3d00000, 0x00000000e3e00000|  0%| F|  |TAMS 0x00000000e3d00000, 0x00000000e3d00000| Untracked 
|  62|0x00000000e3e00000, 0x00000000e3e00000, 0x00000000e3f00000|  0%| F|  |TAMS 0x00000000e3e00000, 0x00000000e3e00000| Untracked 
|  63|0x00000000e3f00000, 0x00000000e3f00000, 0x00000000e4000000|  0%| F|  |TAMS 0x00000000e3f00000, 0x00000000e3f00000| Untracked 
|  64|0x00000000e4000000, 0x00000000e4000000, 0x00000000e4100000|  0%| F|  |TAMS 0x00000000e4000000, 0x00000000e4000000| Untracked 
|  65|0x00000000e4100000, 0x00000000e4100000, 0x00000000e4200000|  0%| F|  |TAMS 0x00000000e4100000, 0x00000000e4100000| Untracked 
|  66|0x00000000e4200000, 0x00000000e4200000, 0x00000000e4300000|  0%| F|  |TAMS 0x00000000e4200000, 0x00000000e4200000| Untracked 
|  67|0x00000000e4300000, 0x00000000e4300000, 0x00000000e4400000|  0%| F|  |TAMS 0x00000000e4300000, 0x00000000e4300000| Untracked 
|  68|0x00000000e4400000, 0x00000000e4400000, 0x00000000e4500000|  0%| F|  |TAMS 0x00000000e4400000, 0x00000000e4400000| Untracked 
|  69|0x00000000e4500000, 0x00000000e4500000, 0x00000000e4600000|  0%| F|  |TAMS 0x00000000e4500000, 0x00000000e4500000| Untracked 
|  70|0x00000000e4600000, 0x00000000e4600000, 0x00000000e4700000|  0%| F|  |TAMS 0x00000000e4600000, 0x00000000e4600000| Untracked 
|  71|0x00000000e4700000, 0x00000000e4700000, 0x00000000e4800000|  0%| F|  |TAMS 0x00000000e4700000, 0x00000000e4700000| Untracked 
|  72|0x00000000e4800000, 0x00000000e4800000, 0x00000000e4900000|  0%| F|  |TAMS 0x00000000e4800000, 0x00000000e4800000| Untracked 
|  73|0x00000000e4900000, 0x00000000e4900000, 0x00000000e4a00000|  0%| F|  |TAMS 0x00000000e4900000, 0x00000000e4900000| Untracked 
|  74|0x00000000e4a00000, 0x00000000e4a00000, 0x00000000e4b00000|  0%| F|  |TAMS 0x00000000e4a00000, 0x00000000e4a00000| Untracked 
|  75|0x00000000e4b00000, 0x00000000e4b00000, 0x00000000e4c00000|  0%| F|  |TAMS 0x00000000e4b00000, 0x00000000e4b00000| Untracked 
|  76|0x00000000e4c00000, 0x00000000e4c00000, 0x00000000e4d00000|  0%| F|  |TAMS 0x00000000e4c00000, 0x00000000e4c00000| Untracked 
|  77|0x00000000e4d00000, 0x00000000e4d00000, 0x00000000e4e00000|  0%| F|  |TAMS 0x00000000e4d00000, 0x00000000e4d00000| Untracked 
|  78|0x00000000e4e00000, 0x00000000e4e00000, 0x00000000e4f00000|  0%| F|  |TAMS 0x00000000e4e00000, 0x00000000e4e00000| Untracked 
|  79|0x00000000e4f00000, 0x00000000e4f00000, 0x00000000e5000000|  0%| F|  |TAMS 0x00000000e4f00000, 0x00000000e4f00000| Untracked 
|  80|0x00000000e5000000, 0x00000000e5000000, 0x00000000e5100000|  0%| F|  |TAMS 0x00000000e5000000, 0x00000000e5000000| Untracked 
|  81|0x00000000e5100000, 0x00000000e5100000, 0x00000000e5200000|  0%| F|  |TAMS 0x00000000e5100000, 0x00000000e5100000| Untracked 
|  82|0x00000000e5200000, 0x00000000e5200000, 0x00000000e5300000|  0%| F|  |TAMS 0x00000000e5200000, 0x00000000e5200000| Untracked 
|  83|0x00000000e5300000, 0x00000000e5300000, 0x00000000e5400000|  0%| F|  |TAMS 0x00000000e5300000, 0x00000000e5300000| Untracked 
|  84|0x00000000e5400000, 0x00000000e5400000, 0x00000000e5500000|  0%| F|  |TAMS 0x00000000e5400000, 0x00000000e5400000| Untracked 
|  85|0x00000000e5500000, 0x00000000e5500000, 0x00000000e5600000|  0%| F|  |TAMS 0x00000000e5500000, 0x00000000e5500000| Untracked 
|  86|0x00000000e5600000, 0x00000000e5600000, 0x00000000e5700000|  0%| F|  |TAMS 0x00000000e5600000, 0x00000000e5600000| Untracked 
|  87|0x00000000e5700000, 0x00000000e5700000, 0x00000000e5800000|  0%| F|  |TAMS 0x00000000e5700000, 0x00000000e5700000| Untracked 
|  88|0x00000000e5800000, 0x00000000e5800000, 0x00000000e5900000|  0%| F|  |TAMS 0x00000000e5800000, 0x00000000e5800000| Untracked 
|  89|0x00000000e5900000, 0x00000000e5900000, 0x00000000e5a00000|  0%| F|  |TAMS 0x00000000e5900000, 0x00000000e5900000| Untracked 
|  90|0x00000000e5a00000, 0x00000000e5a00000, 0x00000000e5b00000|  0%| F|  |TAMS 0x00000000e5a00000, 0x00000000e5a00000| Untracked 
|  91|0x00000000e5b00000, 0x00000000e5b00000, 0x00000000e5c00000|  0%| F|  |TAMS 0x00000000e5b00000, 0x00000000e5b00000| Untracked 
|  92|0x00000000e5c00000, 0x00000000e5c00000, 0x00000000e5d00000|  0%| F|  |TAMS 0x00000000e5c00000, 0x00000000e5c00000| Untracked 
|  93|0x00000000e5d00000, 0x00000000e5d00000, 0x00000000e5e00000|  0%| F|  |TAMS 0x00000000e5d00000, 0x00000000e5d00000| Untracked 
|  94|0x00000000e5e00000, 0x00000000e5e00000, 0x00000000e5f00000|  0%| F|  |TAMS 0x00000000e5e00000, 0x00000000e5e00000| Untracked 
|  95|0x00000000e5f00000, 0x00000000e5f00000, 0x00000000e6000000|  0%| F|  |TAMS 0x00000000e5f00000, 0x00000000e5f00000| Untracked 
|  96|0x00000000e6000000, 0x00000000e6000000, 0x00000000e6100000|  0%| F|  |TAMS 0x00000000e6000000, 0x00000000e6000000| Untracked 
|  97|0x00000000e6100000, 0x00000000e6100000, 0x00000000e6200000|  0%| F|  |TAMS 0x00000000e6100000, 0x00000000e6100000| Untracked 
|  98|0x00000000e6200000, 0x00000000e6200000, 0x00000000e6300000|  0%| F|  |TAMS 0x00000000e6200000, 0x00000000e6200000| Untracked 
|  99|0x00000000e6300000, 0x00000000e6300000, 0x00000000e6400000|  0%| F|  |TAMS 0x00000000e6300000, 0x00000000e6300000| Untracked 
| 100|0x00000000e6400000, 0x00000000e6400000, 0x00000000e6500000|  0%| F|  |TAMS 0x00000000e6400000, 0x00000000e6400000| Untracked 
| 101|0x00000000e6500000, 0x00000000e6500000, 0x00000000e6600000|  0%| F|  |TAMS 0x00000000e6500000, 0x00000000e6500000| Untracked 
| 102|0x00000000e6600000, 0x00000000e6600000, 0x00000000e6700000|  0%| F|  |TAMS 0x00000000e6600000, 0x00000000e6600000| Untracked 
| 103|0x00000000e6700000, 0x00000000e6700000, 0x00000000e6800000|  0%| F|  |TAMS 0x00000000e6700000, 0x00000000e6700000| Untracked 
| 104|0x00000000e6800000, 0x00000000e6800000, 0x00000000e6900000|  0%| F|  |TAMS 0x00000000e6800000, 0x00000000e6800000| Untracked 
| 105|0x00000000e6900000, 0x00000000e6900000, 0x00000000e6a00000|  0%| F|  |TAMS 0x00000000e6900000, 0x00000000e6900000| Untracked 
| 106|0x00000000e6a00000, 0x00000000e6a00000, 0x00000000e6b00000|  0%| F|  |TAMS 0x00000000e6a00000, 0x00000000e6a00000| Untracked 
| 107|0x00000000e6b00000, 0x00000000e6b00000, 0x00000000e6c00000|  0%| F|  |TAMS 0x00000000e6b00000, 0x00000000e6b00000| Untracked 
| 108|0x00000000e6c00000, 0x00000000e6c00000, 0x00000000e6d00000|  0%| F|  |TAMS 0x00000000e6c00000, 0x00000000e6c00000| Untracked 
| 109|0x00000000e6d00000, 0x00000000e6d00000, 0x00000000e6e00000|  0%| F|  |TAMS 0x00000000e6d00000, 0x00000000e6d00000| Untracked 
| 110|0x00000000e6e00000, 0x00000000e6e00000, 0x00000000e6f00000|  0%| F|  |TAMS 0x00000000e6e00000, 0x00000000e6e00000| Untracked 
| 111|0x00000000e6f00000, 0x00000000e6f00000, 0x00000000e7000000|  0%| F|  |TAMS 0x00000000e6f00000, 0x00000000e6f00000| Untracked 
| 112|0x00000000e7000000, 0x00000000e7000000, 0x00000000e7100000|  0%| F|  |TAMS 0x00000000e7000000, 0x00000000e7000000| Untracked 
| 113|0x00000000e7100000, 0x00000000e7100000, 0x00000000e7200000|  0%| F|  |TAMS 0x00000000e7100000, 0x00000000e7100000| Untracked 
| 114|0x00000000e7200000, 0x00000000e7200000, 0x00000000e7300000|  0%| F|  |TAMS 0x00000000e7200000, 0x00000000e7200000| Untracked 
| 115|0x00000000e7300000, 0x00000000e7300000, 0x00000000e7400000|  0%| F|  |TAMS 0x00000000e7300000, 0x00000000e7300000| Untracked 
| 116|0x00000000e7400000, 0x00000000e7400000, 0x00000000e7500000|  0%| F|  |TAMS 0x00000000e7400000, 0x00000000e7400000| Untracked 
| 117|0x00000000e7500000, 0x00000000e7500000, 0x00000000e7600000|  0%| F|  |TAMS 0x00000000e7500000, 0x00000000e7500000| Untracked 
| 118|0x00000000e7600000, 0x00000000e7600000, 0x00000000e7700000|  0%| F|  |TAMS 0x00000000e7600000, 0x00000000e7600000| Untracked 
| 119|0x00000000e7700000, 0x00000000e7700000, 0x00000000e7800000|  0%| F|  |TAMS 0x00000000e7700000, 0x00000000e7700000| Untracked 
| 120|0x00000000e7800000, 0x00000000e7800000, 0x00000000e7900000|  0%| F|  |TAMS 0x00000000e7800000, 0x00000000e7800000| Untracked 
| 121|0x00000000e7900000, 0x00000000e7900000, 0x00000000e7a00000|  0%| F|  |TAMS 0x00000000e7900000, 0x00000000e7900000| Untracked 
| 122|0x00000000e7a00000, 0x00000000e7a00000, 0x00000000e7b00000|  0%| F|  |TAMS 0x00000000e7a00000, 0x00000000e7a00000| Untracked 
| 123|0x00000000e7b00000, 0x00000000e7b00000, 0x00000000e7c00000|  0%| F|  |TAMS 0x00000000e7b00000, 0x00000000e7b00000| Untracked 
| 124|0x00000000e7c00000, 0x00000000e7c00000, 0x00000000e7d00000|  0%| F|  |TAMS 0x00000000e7c00000, 0x00000000e7c00000| Untracked 
| 125|0x00000000e7d00000, 0x00000000e7d00000, 0x00000000e7e00000|  0%| F|  |TAMS 0x00000000e7d00000, 0x00000000e7d00000| Untracked 
| 126|0x00000000e7e00000, 0x00000000e7e00000, 0x00000000e7f00000|  0%| F|  |TAMS 0x00000000e7e00000, 0x00000000e7e00000| Untracked 
| 127|0x00000000e7f00000, 0x00000000e7f00000, 0x00000000e8000000|  0%| F|  |TAMS 0x00000000e7f00000, 0x00000000e7f00000| Untracked 
| 128|0x00000000e8000000, 0x00000000e8000000, 0x00000000e8100000|  0%| F|  |TAMS 0x00000000e8000000, 0x00000000e8000000| Untracked 
| 129|0x00000000e8100000, 0x00000000e8100000, 0x00000000e8200000|  0%| F|  |TAMS 0x00000000e8100000, 0x00000000e8100000| Untracked 
| 130|0x00000000e8200000, 0x00000000e8200000, 0x00000000e8300000|  0%| F|  |TAMS 0x00000000e8200000, 0x00000000e8200000| Untracked 
| 131|0x00000000e8300000, 0x00000000e8300000, 0x00000000e8400000|  0%| F|  |TAMS 0x00000000e8300000, 0x00000000e8300000| Untracked 
| 132|0x00000000e8400000, 0x00000000e8400000, 0x00000000e8500000|  0%| F|  |TAMS 0x00000000e8400000, 0x00000000e8400000| Untracked 
| 133|0x00000000e8500000, 0x00000000e8500000, 0x00000000e8600000|  0%| F|  |TAMS 0x00000000e8500000, 0x00000000e8500000| Untracked 
| 134|0x00000000e8600000, 0x00000000e8600000, 0x00000000e8700000|  0%| F|  |TAMS 0x00000000e8600000, 0x00000000e8600000| Untracked 
| 135|0x00000000e8700000, 0x00000000e8700000, 0x00000000e8800000|  0%| F|  |TAMS 0x00000000e8700000, 0x00000000e8700000| Untracked 
| 136|0x00000000e8800000, 0x00000000e8800000, 0x00000000e8900000|  0%| F|  |TAMS 0x00000000e8800000, 0x00000000e8800000| Untracked 
| 137|0x00000000e8900000, 0x00000000e8900000, 0x00000000e8a00000|  0%| F|  |TAMS 0x00000000e8900000, 0x00000000e8900000| Untracked 
| 138|0x00000000e8a00000, 0x00000000e8a00000, 0x00000000e8b00000|  0%| F|  |TAMS 0x00000000e8a00000, 0x00000000e8a00000| Untracked 
| 139|0x00000000e8b00000, 0x00000000e8b00000, 0x00000000e8c00000|  0%| F|  |TAMS 0x00000000e8b00000, 0x00000000e8b00000| Untracked 
| 140|0x00000000e8c00000, 0x00000000e8c00000, 0x00000000e8d00000|  0%| F|  |TAMS 0x00000000e8c00000, 0x00000000e8c00000| Untracked 
| 141|0x00000000e8d00000, 0x00000000e8d00000, 0x00000000e8e00000|  0%| F|  |TAMS 0x00000000e8d00000, 0x00000000e8d00000| Untracked 
| 142|0x00000000e8e00000, 0x00000000e8e00000, 0x00000000e8f00000|  0%| F|  |TAMS 0x00000000e8e00000, 0x00000000e8e00000| Untracked 
| 143|0x00000000e8f00000, 0x00000000e8f00000, 0x00000000e9000000|  0%| F|  |TAMS 0x00000000e8f00000, 0x00000000e8f00000| Untracked 
| 144|0x00000000e9000000, 0x00000000e9000000, 0x00000000e9100000|  0%| F|  |TAMS 0x00000000e9000000, 0x00000000e9000000| Untracked 
| 145|0x00000000e9100000, 0x00000000e9100000, 0x00000000e9200000|  0%| F|  |TAMS 0x00000000e9100000, 0x00000000e9100000| Untracked 
| 146|0x00000000e9200000, 0x00000000e9200000, 0x00000000e9300000|  0%| F|  |TAMS 0x00000000e9200000, 0x00000000e9200000| Untracked 
| 147|0x00000000e9300000, 0x00000000e9300000, 0x00000000e9400000|  0%| F|  |TAMS 0x00000000e9300000, 0x00000000e9300000| Untracked 
| 148|0x00000000e9400000, 0x00000000e9400000, 0x00000000e9500000|  0%| F|  |TAMS 0x00000000e9400000, 0x00000000e9400000| Untracked 
| 149|0x00000000e9500000, 0x00000000e9500000, 0x00000000e9600000|  0%| F|  |TAMS 0x00000000e9500000, 0x00000000e9500000| Untracked 
| 150|0x00000000e9600000, 0x00000000e9600000, 0x00000000e9700000|  0%| F|  |TAMS 0x00000000e9600000, 0x00000000e9600000| Untracked 
| 151|0x00000000e9700000, 0x00000000e9700000, 0x00000000e9800000|  0%| F|  |TAMS 0x00000000e9700000, 0x00000000e9700000| Untracked 
| 152|0x00000000e9800000, 0x00000000e9800000, 0x00000000e9900000|  0%| F|  |TAMS 0x00000000e9800000, 0x00000000e9800000| Untracked 
| 153|0x00000000e9900000, 0x00000000e9900000, 0x00000000e9a00000|  0%| F|  |TAMS 0x00000000e9900000, 0x00000000e9900000| Untracked 
| 154|0x00000000e9a00000, 0x00000000e9a00000, 0x00000000e9b00000|  0%| F|  |TAMS 0x00000000e9a00000, 0x00000000e9a00000| Untracked 
| 155|0x00000000e9b00000, 0x00000000e9b00000, 0x00000000e9c00000|  0%| F|  |TAMS 0x00000000e9b00000, 0x00000000e9b00000| Untracked 
| 156|0x00000000e9c00000, 0x00000000e9c00000, 0x00000000e9d00000|  0%| F|  |TAMS 0x00000000e9c00000, 0x00000000e9c00000| Untracked 
| 157|0x00000000e9d00000, 0x00000000e9d00000, 0x00000000e9e00000|  0%| F|  |TAMS 0x00000000e9d00000, 0x00000000e9d00000| Untracked 
| 158|0x00000000e9e00000, 0x00000000e9e00000, 0x00000000e9f00000|  0%| F|  |TAMS 0x00000000e9e00000, 0x00000000e9e00000| Untracked 
| 159|0x00000000e9f00000, 0x00000000e9f00000, 0x00000000ea000000|  0%| F|  |TAMS 0x00000000e9f00000, 0x00000000e9f00000| Untracked 
| 160|0x00000000ea000000, 0x00000000ea000000, 0x00000000ea100000|  0%| F|  |TAMS 0x00000000ea000000, 0x00000000ea000000| Untracked 
| 161|0x00000000ea100000, 0x00000000ea100000, 0x00000000ea200000|  0%| F|  |TAMS 0x00000000ea100000, 0x00000000ea100000| Untracked 
| 162|0x00000000ea200000, 0x00000000ea200000, 0x00000000ea300000|  0%| F|  |TAMS 0x00000000ea200000, 0x00000000ea200000| Untracked 
| 163|0x00000000ea300000, 0x00000000ea300000, 0x00000000ea400000|  0%| F|  |TAMS 0x00000000ea300000, 0x00000000ea300000| Untracked 
| 164|0x00000000ea400000, 0x00000000ea400000, 0x00000000ea500000|  0%| F|  |TAMS 0x00000000ea400000, 0x00000000ea400000| Untracked 
| 165|0x00000000ea500000, 0x00000000ea500000, 0x00000000ea600000|  0%| F|  |TAMS 0x00000000ea500000, 0x00000000ea500000| Untracked 
| 166|0x00000000ea600000, 0x00000000ea600000, 0x00000000ea700000|  0%| F|  |TAMS 0x00000000ea600000, 0x00000000ea600000| Untracked 
| 167|0x00000000ea700000, 0x00000000ea700000, 0x00000000ea800000|  0%| F|  |TAMS 0x00000000ea700000, 0x00000000ea700000| Untracked 
| 168|0x00000000ea800000, 0x00000000ea800000, 0x00000000ea900000|  0%| F|  |TAMS 0x00000000ea800000, 0x00000000ea800000| Untracked 
| 169|0x00000000ea900000, 0x00000000ea900000, 0x00000000eaa00000|  0%| F|  |TAMS 0x00000000ea900000, 0x00000000ea900000| Untracked 
| 170|0x00000000eaa00000, 0x00000000eaa00000, 0x00000000eab00000|  0%| F|  |TAMS 0x00000000eaa00000, 0x00000000eaa00000| Untracked 
| 171|0x00000000eab00000, 0x00000000eab00000, 0x00000000eac00000|  0%| F|  |TAMS 0x00000000eab00000, 0x00000000eab00000| Untracked 
| 172|0x00000000eac00000, 0x00000000eac00000, 0x00000000ead00000|  0%| F|  |TAMS 0x00000000eac00000, 0x00000000eac00000| Untracked 
| 173|0x00000000ead00000, 0x00000000ead00000, 0x00000000eae00000|  0%| F|  |TAMS 0x00000000ead00000, 0x00000000ead00000| Untracked 
| 174|0x00000000eae00000, 0x00000000eae00000, 0x00000000eaf00000|  0%| F|  |TAMS 0x00000000eae00000, 0x00000000eae00000| Untracked 
| 175|0x00000000eaf00000, 0x00000000eaf00000, 0x00000000eb000000|  0%| F|  |TAMS 0x00000000eaf00000, 0x00000000eaf00000| Untracked 
| 176|0x00000000eb000000, 0x00000000eb000000, 0x00000000eb100000|  0%| F|  |TAMS 0x00000000eb000000, 0x00000000eb000000| Untracked 
| 177|0x00000000eb100000, 0x00000000eb100000, 0x00000000eb200000|  0%| F|  |TAMS 0x00000000eb100000, 0x00000000eb100000| Untracked 
| 178|0x00000000eb200000, 0x00000000eb200000, 0x00000000eb300000|  0%| F|  |TAMS 0x00000000eb200000, 0x00000000eb200000| Untracked 
| 179|0x00000000eb300000, 0x00000000eb300000, 0x00000000eb400000|  0%| F|  |TAMS 0x00000000eb300000, 0x00000000eb300000| Untracked 
| 180|0x00000000eb400000, 0x00000000eb400000, 0x00000000eb500000|  0%| F|  |TAMS 0x00000000eb400000, 0x00000000eb400000| Untracked 
| 181|0x00000000eb500000, 0x00000000eb500000, 0x00000000eb600000|  0%| F|  |TAMS 0x00000000eb500000, 0x00000000eb500000| Untracked 
| 182|0x00000000eb600000, 0x00000000eb600000, 0x00000000eb700000|  0%| F|  |TAMS 0x00000000eb600000, 0x00000000eb600000| Untracked 
| 183|0x00000000eb700000, 0x00000000eb700000, 0x00000000eb800000|  0%| F|  |TAMS 0x00000000eb700000, 0x00000000eb700000| Untracked 
| 184|0x00000000eb800000, 0x00000000eb800000, 0x00000000eb900000|  0%| F|  |TAMS 0x00000000eb800000, 0x00000000eb800000| Untracked 
| 185|0x00000000eb900000, 0x00000000eb900000, 0x00000000eba00000|  0%| F|  |TAMS 0x00000000eb900000, 0x00000000eb900000| Untracked 
| 186|0x00000000eba00000, 0x00000000eba00000, 0x00000000ebb00000|  0%| F|  |TAMS 0x00000000eba00000, 0x00000000eba00000| Untracked 
| 187|0x00000000ebb00000, 0x00000000ebb00000, 0x00000000ebc00000|  0%| F|  |TAMS 0x00000000ebb00000, 0x00000000ebb00000| Untracked 
| 188|0x00000000ebc00000, 0x00000000ebc00000, 0x00000000ebd00000|  0%| F|  |TAMS 0x00000000ebc00000, 0x00000000ebc00000| Untracked 
| 189|0x00000000ebd00000, 0x00000000ebd00000, 0x00000000ebe00000|  0%| F|  |TAMS 0x00000000ebd00000, 0x00000000ebd00000| Untracked 
| 190|0x00000000ebe00000, 0x00000000ebe00000, 0x00000000ebf00000|  0%| F|  |TAMS 0x00000000ebe00000, 0x00000000ebe00000| Untracked 
| 191|0x00000000ebf00000, 0x00000000ebf00000, 0x00000000ec000000|  0%| F|  |TAMS 0x00000000ebf00000, 0x00000000ebf00000| Untracked 
| 192|0x00000000ec000000, 0x00000000ec000000, 0x00000000ec100000|  0%| F|  |TAMS 0x00000000ec000000, 0x00000000ec000000| Untracked 
| 193|0x00000000ec100000, 0x00000000ec100000, 0x00000000ec200000|  0%| F|  |TAMS 0x00000000ec100000, 0x00000000ec100000| Untracked 
| 194|0x00000000ec200000, 0x00000000ec200000, 0x00000000ec300000|  0%| F|  |TAMS 0x00000000ec200000, 0x00000000ec200000| Untracked 
| 195|0x00000000ec300000, 0x00000000ec300000, 0x00000000ec400000|  0%| F|  |TAMS 0x00000000ec300000, 0x00000000ec300000| Untracked 
| 196|0x00000000ec400000, 0x00000000ec400000, 0x00000000ec500000|  0%| F|  |TAMS 0x00000000ec400000, 0x00000000ec400000| Untracked 
| 197|0x00000000ec500000, 0x00000000ec500000, 0x00000000ec600000|  0%| F|  |TAMS 0x00000000ec500000, 0x00000000ec500000| Untracked 
| 198|0x00000000ec600000, 0x00000000ec600000, 0x00000000ec700000|  0%| F|  |TAMS 0x00000000ec600000, 0x00000000ec600000| Untracked 
| 199|0x00000000ec700000, 0x00000000ec700000, 0x00000000ec800000|  0%| F|  |TAMS 0x00000000ec700000, 0x00000000ec700000| Untracked 
| 200|0x00000000ec800000, 0x00000000ec800000, 0x00000000ec900000|  0%| F|  |TAMS 0x00000000ec800000, 0x00000000ec800000| Untracked 
| 201|0x00000000ec900000, 0x00000000ec900000, 0x00000000eca00000|  0%| F|  |TAMS 0x00000000ec900000, 0x00000000ec900000| Untracked 
| 202|0x00000000eca00000, 0x00000000eca00000, 0x00000000ecb00000|  0%| F|  |TAMS 0x00000000eca00000, 0x00000000eca00000| Untracked 
| 203|0x00000000ecb00000, 0x00000000ecb00000, 0x00000000ecc00000|  0%| F|  |TAMS 0x00000000ecb00000, 0x00000000ecb00000| Untracked 
| 204|0x00000000ecc00000, 0x00000000ecc00000, 0x00000000ecd00000|  0%| F|  |TAMS 0x00000000ecc00000, 0x00000000ecc00000| Untracked 
| 205|0x00000000ecd00000, 0x00000000ecd00000, 0x00000000ece00000|  0%| F|  |TAMS 0x00000000ecd00000, 0x00000000ecd00000| Untracked 
| 206|0x00000000ece00000, 0x00000000ece00000, 0x00000000ecf00000|  0%| F|  |TAMS 0x00000000ece00000, 0x00000000ece00000| Untracked 
| 207|0x00000000ecf00000, 0x00000000ecf00000, 0x00000000ed000000|  0%| F|  |TAMS 0x00000000ecf00000, 0x00000000ecf00000| Untracked 
| 208|0x00000000ed000000, 0x00000000ed000000, 0x00000000ed100000|  0%| F|  |TAMS 0x00000000ed000000, 0x00000000ed000000| Untracked 
| 209|0x00000000ed100000, 0x00000000ed100000, 0x00000000ed200000|  0%| F|  |TAMS 0x00000000ed100000, 0x00000000ed100000| Untracked 
| 210|0x00000000ed200000, 0x00000000ed200000, 0x00000000ed300000|  0%| F|  |TAMS 0x00000000ed200000, 0x00000000ed200000| Untracked 
| 211|0x00000000ed300000, 0x00000000ed300000, 0x00000000ed400000|  0%| F|  |TAMS 0x00000000ed300000, 0x00000000ed300000| Untracked 
| 212|0x00000000ed400000, 0x00000000ed400000, 0x00000000ed500000|  0%| F|  |TAMS 0x00000000ed400000, 0x00000000ed400000| Untracked 
| 213|0x00000000ed500000, 0x00000000ed500000, 0x00000000ed600000|  0%| F|  |TAMS 0x00000000ed500000, 0x00000000ed500000| Untracked 
| 214|0x00000000ed600000, 0x00000000ed6c0d40, 0x00000000ed700000| 75%| S|CS|TAMS 0x00000000ed600000, 0x00000000ed600000| Complete 
| 215|0x00000000ed700000, 0x00000000ed800000, 0x00000000ed800000|100%| S|CS|TAMS 0x00000000ed700000, 0x00000000ed700000| Complete 
| 216|0x00000000ed800000, 0x00000000ed900000, 0x00000000ed900000|100%| S|CS|TAMS 0x00000000ed800000, 0x00000000ed800000| Complete 
| 217|0x00000000ed900000, 0x00000000eda00000, 0x00000000eda00000|100%| S|CS|TAMS 0x00000000ed900000, 0x00000000ed900000| Complete 
| 218|0x00000000eda00000, 0x00000000edb00000, 0x00000000edb00000|100%| S|CS|TAMS 0x00000000eda00000, 0x00000000eda00000| Complete 
| 219|0x00000000edb00000, 0x00000000edb00000, 0x00000000edc00000|  0%| F|  |TAMS 0x00000000edb00000, 0x00000000edb00000| Untracked 
| 220|0x00000000edc00000, 0x00000000edc00000, 0x00000000edd00000|  0%| F|  |TAMS 0x00000000edc00000, 0x00000000edc00000| Untracked 
| 221|0x00000000edd00000, 0x00000000edd00000, 0x00000000ede00000|  0%| F|  |TAMS 0x00000000edd00000, 0x00000000edd00000| Untracked 
| 222|0x00000000ede00000, 0x00000000ede00000, 0x00000000edf00000|  0%| F|  |TAMS 0x00000000ede00000, 0x00000000ede00000| Untracked 
| 223|0x00000000edf00000, 0x00000000edf00000, 0x00000000ee000000|  0%| F|  |TAMS 0x00000000edf00000, 0x00000000edf00000| Untracked 
| 224|0x00000000ee000000, 0x00000000ee000000, 0x00000000ee100000|  0%| F|  |TAMS 0x00000000ee000000, 0x00000000ee000000| Untracked 
| 225|0x00000000ee100000, 0x00000000ee100000, 0x00000000ee200000|  0%| F|  |TAMS 0x00000000ee100000, 0x00000000ee100000| Untracked 
| 226|0x00000000ee200000, 0x00000000ee200000, 0x00000000ee300000|  0%| F|  |TAMS 0x00000000ee200000, 0x00000000ee200000| Untracked 
| 227|0x00000000ee300000, 0x00000000ee300000, 0x00000000ee400000|  0%| F|  |TAMS 0x00000000ee300000, 0x00000000ee300000| Untracked 
| 228|0x00000000ee400000, 0x00000000ee400000, 0x00000000ee500000|  0%| F|  |TAMS 0x00000000ee400000, 0x00000000ee400000| Untracked 
| 229|0x00000000ee500000, 0x00000000ee500000, 0x00000000ee600000|  0%| F|  |TAMS 0x00000000ee500000, 0x00000000ee500000| Untracked 
| 230|0x00000000ee600000, 0x00000000ee600000, 0x00000000ee700000|  0%| F|  |TAMS 0x00000000ee600000, 0x00000000ee600000| Untracked 
| 231|0x00000000ee700000, 0x00000000ee700000, 0x00000000ee800000|  0%| F|  |TAMS 0x00000000ee700000, 0x00000000ee700000| Untracked 
| 232|0x00000000ee800000, 0x00000000ee800000, 0x00000000ee900000|  0%| F|  |TAMS 0x00000000ee800000, 0x00000000ee800000| Untracked 
| 233|0x00000000ee900000, 0x00000000ee900000, 0x00000000eea00000|  0%| F|  |TAMS 0x00000000ee900000, 0x00000000ee900000| Untracked 
| 234|0x00000000eea00000, 0x00000000eea00000, 0x00000000eeb00000|  0%| F|  |TAMS 0x00000000eea00000, 0x00000000eea00000| Untracked 
| 235|0x00000000eeb00000, 0x00000000eeb00000, 0x00000000eec00000|  0%| F|  |TAMS 0x00000000eeb00000, 0x00000000eeb00000| Untracked 
| 236|0x00000000eec00000, 0x00000000eec00000, 0x00000000eed00000|  0%| F|  |TAMS 0x00000000eec00000, 0x00000000eec00000| Untracked 
| 237|0x00000000eed00000, 0x00000000eed00000, 0x00000000eee00000|  0%| F|  |TAMS 0x00000000eed00000, 0x00000000eed00000| Untracked 
| 238|0x00000000eee00000, 0x00000000eee00000, 0x00000000eef00000|  0%| F|  |TAMS 0x00000000eee00000, 0x00000000eee00000| Untracked 
| 239|0x00000000eef00000, 0x00000000eef00000, 0x00000000ef000000|  0%| F|  |TAMS 0x00000000eef00000, 0x00000000eef00000| Untracked 
| 240|0x00000000ef000000, 0x00000000ef000000, 0x00000000ef100000|  0%| F|  |TAMS 0x00000000ef000000, 0x00000000ef000000| Untracked 
| 241|0x00000000ef100000, 0x00000000ef100000, 0x00000000ef200000|  0%| F|  |TAMS 0x00000000ef100000, 0x00000000ef100000| Untracked 
| 242|0x00000000ef200000, 0x00000000ef200000, 0x00000000ef300000|  0%| F|  |TAMS 0x00000000ef200000, 0x00000000ef200000| Untracked 
| 243|0x00000000ef300000, 0x00000000ef300000, 0x00000000ef400000|  0%| F|  |TAMS 0x00000000ef300000, 0x00000000ef300000| Untracked 
| 244|0x00000000ef400000, 0x00000000ef400000, 0x00000000ef500000|  0%| F|  |TAMS 0x00000000ef400000, 0x00000000ef400000| Untracked 
| 245|0x00000000ef500000, 0x00000000ef500000, 0x00000000ef600000|  0%| F|  |TAMS 0x00000000ef500000, 0x00000000ef500000| Untracked 
| 246|0x00000000ef600000, 0x00000000ef600000, 0x00000000ef700000|  0%| F|  |TAMS 0x00000000ef600000, 0x00000000ef600000| Untracked 
| 247|0x00000000ef700000, 0x00000000ef700000, 0x00000000ef800000|  0%| F|  |TAMS 0x00000000ef700000, 0x00000000ef700000| Untracked 
| 248|0x00000000ef800000, 0x00000000ef800000, 0x00000000ef900000|  0%| F|  |TAMS 0x00000000ef800000, 0x00000000ef800000| Untracked 
| 249|0x00000000ef900000, 0x00000000ef900000, 0x00000000efa00000|  0%| F|  |TAMS 0x00000000ef900000, 0x00000000ef900000| Untracked 
| 250|0x00000000efa00000, 0x00000000efa00000, 0x00000000efb00000|  0%| F|  |TAMS 0x00000000efa00000, 0x00000000efa00000| Untracked 
| 251|0x00000000efb00000, 0x00000000efb00000, 0x00000000efc00000|  0%| F|  |TAMS 0x00000000efb00000, 0x00000000efb00000| Untracked 
| 252|0x00000000efc00000, 0x00000000efc00000, 0x00000000efd00000|  0%| F|  |TAMS 0x00000000efc00000, 0x00000000efc00000| Untracked 
| 253|0x00000000efd00000, 0x00000000efd433b8, 0x00000000efe00000| 26%| E|  |TAMS 0x00000000efd00000, 0x00000000efd00000| Complete 
| 254|0x00000000efe00000, 0x00000000eff00000, 0x00000000eff00000|100%| E|CS|TAMS 0x00000000efe00000, 0x00000000efe00000| Complete 
| 255|0x00000000eff00000, 0x00000000f0000000, 0x00000000f0000000|100%| E|CS|TAMS 0x00000000eff00000, 0x00000000eff00000| Complete 

Card table byte_map: [0x000001a99d960000,0x000001a99da60000] _byte_map_base: 0x000001a99d260000

Marking Bits (Prev, Next): (CMBitMap*) 0x000001a986272680, (CMBitMap*) 0x000001a986272648
 Prev Bits: [0x000001a99e360000, 0x000001a99eb60000)
 Next Bits: [0x000001a99db60000, 0x000001a99e360000)

Polling page: 0x000001a984170000

Metaspace:

Usage:
  Non-class:     63.36 MB capacity,    61.96 MB ( 98%) used,     1.16 MB (  2%) free+waste,   247.94 KB ( <1%) overhead. 
      Class:      9.98 MB capacity,     9.12 MB ( 91%) used,   760.69 KB (  7%) free+waste,   117.50 KB (  1%) overhead. 
       Both:     73.34 MB capacity,    71.08 MB ( 97%) used,     1.90 MB (  3%) free+waste,   365.44 KB ( <1%) overhead. 

Virtual space:
  Non-class space:       64.00 MB reserved,      63.51 MB (>99%) committed 
      Class space:      248.00 MB reserved,      10.00 MB (  4%) committed 
             Both:      312.00 MB reserved,      73.51 MB ( 24%) committed 

Chunk freelists:
   Non-Class:  25.00 KB
       Class:  20.00 KB
        Both:  45.00 KB

MaxMetaspaceSize: 256.00 MB
CompressedClassSpaceSize: 248.00 MB
Initial GC threshold: 20.80 MB
Current GC threshold: 98.55 MB
CDS: off

CodeHeap 'non-profiled nmethods': size=120064Kb used=4617Kb max_used=4617Kb free=115447Kb
 bounds [0x000001a996420000, 0x000001a9968b0000, 0x000001a99d960000]
CodeHeap 'profiled nmethods': size=120000Kb used=18104Kb max_used=18104Kb free=101895Kb
 bounds [0x000001a98eef0000, 0x000001a9900a0000, 0x000001a996420000]
CodeHeap 'non-nmethods': size=5696Kb used=2345Kb max_used=2399Kb free=3350Kb
 bounds [0x000001a98e960000, 0x000001a98ebd0000, 0x000001a98eef0000]
 total_blobs=9532 nmethods=8669 adapters=775
 compilation: enabled
              stopped_count=0, restarted_count=0
 full_count=0

Compilation events (20 events):
Event: 42.080 Thread 0x000001a9a1a44000 8764       3       java.lang.ProcessEnvironment$CheckedEntry::getKey (5 bytes)
Event: 42.080 Thread 0x000001a9a1a44000 nmethod 8764 0x000001a99009ab10 code [0x000001a99009ace0, 0x000001a99009afe8]
Event: 42.080 Thread 0x000001a9a1a44000 8765       3       java.lang.ProcessEnvironment$CheckedEntry::getKey (13 bytes)
Event: 42.081 Thread 0x000001a9a1a44000 nmethod 8765 0x000001a99009b110 code [0x000001a99009b2e0, 0x000001a99009b588]
Event: 42.083 Thread 0x000001a9a1a3e000 nmethod 8763 0x000001a99689ff90 code [0x000001a9968a0160, 0x000001a9968a08f8]
Event: 42.200 Thread 0x000001a9a1a44000 8771       3       java.lang.Thread::getContextClassLoader (32 bytes)
Event: 42.204 Thread 0x000001a9a1a44000 nmethod 8771 0x000001a99009b690 code [0x000001a99009b8c0, 0x000001a99009c138]
Event: 42.271 Thread 0x000001a9a1a3e000 8772       4       java.util.concurrent.ConcurrentLinkedQueue::poll (84 bytes)
Event: 42.284 Thread 0x000001a9a1a3e000 nmethod 8772 0x000001a9968a1a90 code [0x000001a9968a1c40, 0x000001a9968a21b8]
Event: 42.303 Thread 0x000001a9a1a44000 8773       3       java.util.stream.ReferencePipeline$StatelessOp::<init> (29 bytes)
Event: 42.303 Thread 0x000001a9a1a44000 nmethod 8773 0x000001a99009c410 code [0x000001a99009c5e0, 0x000001a99009c788]
Event: 44.304 Thread 0x000001a9a1a44000 8774       3       java.util.HashMap$ValueSpliterator::characteristics (28 bytes)
Event: 44.305 Thread 0x000001a9a1a44000 nmethod 8774 0x000001a99009c890 code [0x000001a99009ca40, 0x000001a99009cbf8]
Event: 45.054 Thread 0x000001a9a1a44000 8775       3       java.util.concurrent.ConcurrentSkipListMap::cpr (26 bytes)
Event: 45.055 Thread 0x000001a9a1a44000 nmethod 8775 0x000001a99009cc90 code [0x000001a99009ce60, 0x000001a99009d218]
Event: 45.055 Thread 0x000001a9a1a44000 8776       3       org.gradle.internal.serialize.DefaultSerializerRegistry$1::compare (13 bytes)
Event: 45.055 Thread 0x000001a9a1a44000 nmethod 8776 0x000001a99009d310 code [0x000001a99009d520, 0x000001a99009da88]
Event: 45.100 Thread 0x000001a9a1a3e000 8777       4       jdk.internal.loader.BuiltinClassLoader::loadClass (22 bytes)
Event: 45.296 Thread 0x000001a9a1a44000 8778       3       java.util.concurrent.locks.AbstractQueuedSynchronizer$ConditionObject::doSignal (43 bytes)
Event: 45.297 Thread 0x000001a9a1a44000 nmethod 8778 0x000001a99009dc90 code [0x000001a99009de60, 0x000001a99009e1a8]

GC Heap History (20 events):
Event: 4.678 GC heap before
{Heap before GC invocations=2 (full 0):
 garbage-first heap   total 262144K, used 36299K [0x00000000e0000000, 0x0000000100000000)
  region size 1024K, 28 young (28672K), 2 survivors (2048K)
 Metaspace       used 11239K, capacity 11513K, committed 11776K, reserved 266240K
  class space    used 1146K, capacity 1243K, committed 1280K, reserved 253952K
}
Event: 4.683 GC heap after
{Heap after GC invocations=3 (full 0):
 garbage-first heap   total 262144K, used 11325K [0x00000000e0000000, 0x0000000100000000)
  region size 1024K, 4 young (4096K), 4 survivors (4096K)
 Metaspace       used 11239K, capacity 11513K, committed 11776K, reserved 266240K
  class space    used 1146K, capacity 1243K, committed 1280K, reserved 253952K
}
Event: 8.008 GC heap before
{Heap before GC invocations=3 (full 0):
 garbage-first heap   total 262144K, used 52285K [0x00000000e0000000, 0x0000000100000000)
  region size 1024K, 43 young (44032K), 4 survivors (4096K)
 Metaspace       used 17685K, capacity 18138K, committed 18432K, reserved 270336K
  class space    used 2047K, capacity 2178K, committed 2304K, reserved 253952K
}
Event: 8.020 GC heap after
{Heap after GC invocations=4 (full 0):
 garbage-first heap   total 262144K, used 16335K [0x00000000e0000000, 0x0000000100000000)
  region size 1024K, 6 young (6144K), 6 survivors (6144K)
 Metaspace       used 17685K, capacity 18138K, committed 18432K, reserved 270336K
  class space    used 2047K, capacity 2178K, committed 2304K, reserved 253952K
}
Event: 9.004 GC heap before
{Heap before GC invocations=4 (full 0):
 garbage-first heap   total 262144K, used 39887K [0x00000000e0000000, 0x0000000100000000)
  region size 1024K, 31 young (31744K), 6 survivors (6144K)
 Metaspace       used 20663K, capacity 21129K, committed 21296K, reserved 274432K
  class space    used 2476K, capacity 2622K, committed 2688K, reserved 253952K
}
Event: 9.017 GC heap after
{Heap after GC invocations=5 (full 0):
 garbage-first heap   total 262144K, used 17551K [0x00000000e0000000, 0x0000000100000000)
  region size 1024K, 2 young (2048K), 2 survivors (2048K)
 Metaspace       used 20663K, capacity 21129K, committed 21296K, reserved 274432K
  class space    used 2476K, capacity 2622K, committed 2688K, reserved 253952K
}
Event: 10.836 GC heap before
{Heap before GC invocations=6 (full 0):
 garbage-first heap   total 262144K, used 71823K [0x00000000e0000000, 0x0000000100000000)
  region size 1024K, 56 young (57344K), 2 survivors (2048K)
 Metaspace       used 26804K, capacity 27497K, committed 27696K, reserved 278528K
  class space    used 3445K, capacity 3673K, committed 3712K, reserved 253952K
}
Event: 10.852 GC heap after
{Heap after GC invocations=7 (full 0):
 garbage-first heap   total 262144K, used 19527K [0x00000000e0000000, 0x0000000100000000)
  region size 1024K, 4 young (4096K), 4 survivors (4096K)
 Metaspace       used 26804K, capacity 27497K, committed 27696K, reserved 278528K
  class space    used 3445K, capacity 3673K, committed 3712K, reserved 253952K
}
Event: 14.607 GC heap before
{Heap before GC invocations=7 (full 0):
 garbage-first heap   total 262144K, used 79943K [0x00000000e0000000, 0x0000000100000000)
  region size 1024K, 64 young (65536K), 4 survivors (4096K)
 Metaspace       used 35058K, capacity 35795K, committed 35920K, reserved 286720K
  class space    used 4490K, capacity 4824K, committed 4864K, reserved 253952K
}
Event: 14.623 GC heap after
{Heap after GC invocations=8 (full 0):
 garbage-first heap   total 262144K, used 22528K [0x00000000e0000000, 0x0000000100000000)
  region size 1024K, 6 young (6144K), 6 survivors (6144K)
 Metaspace       used 35058K, capacity 35795K, committed 35920K, reserved 286720K
  class space    used 4490K, capacity 4824K, committed 4864K, reserved 253952K
}
Event: 23.526 GC heap before
{Heap before GC invocations=9 (full 0):
 garbage-first heap   total 262144K, used 176128K [0x00000000e0000000, 0x0000000100000000)
  region size 1024K, 153 young (156672K), 6 survivors (6144K)
 Metaspace       used 48430K, capacity 49647K, committed 49872K, reserved 299008K
  class space    used 6211K, capacity 6685K, committed 6784K, reserved 253952K
}
Event: 23.706 GC heap after
{Heap after GC invocations=10 (full 0):
 garbage-first heap   total 262144K, used 29398K [0x00000000e0000000, 0x0000000100000000)
  region size 1024K, 13 young (13312K), 13 survivors (13312K)
 Metaspace       used 48430K, capacity 49647K, committed 49872K, reserved 299008K
  class space    used 6211K, capacity 6685K, committed 6784K, reserved 253952K
}
Event: 28.748 GC heap before
{Heap before GC invocations=10 (full 0):
 garbage-first heap   total 262144K, used 141014K [0x00000000e0000000, 0x0000000100000000)
  region size 1024K, 123 young (125952K), 13 survivors (13312K)
 Metaspace       used 58345K, capacity 60153K, committed 60296K, reserved 307200K
  class space    used 7735K, capacity 8498K, committed 8576K, reserved 253952K
}
Event: 29.004 GC heap after
{Heap after GC invocations=11 (full 0):
 garbage-first heap   total 262144K, used 37038K [0x00000000e0000000, 0x0000000100000000)
  region size 1024K, 15 young (15360K), 15 survivors (15360K)
 Metaspace       used 58345K, capacity 60153K, committed 60296K, reserved 307200K
  class space    used 7735K, capacity 8498K, committed 8576K, reserved 253952K
}
Event: 31.721 GC heap before
{Heap before GC invocations=12 (full 0):
 garbage-first heap   total 262144K, used 71854K [0x00000000e0000000, 0x0000000100000000)
  region size 1024K, 50 young (51200K), 15 survivors (15360K)
 Metaspace       used 65767K, capacity 67796K, committed 67976K, reserved 313344K
  class space    used 8660K, capacity 9487K, committed 9600K, reserved 253952K
}
Event: 31.882 GC heap after
{Heap after GC invocations=13 (full 0):
 garbage-first heap   total 262144K, used 40475K [0x00000000e0000000, 0x0000000100000000)
  region size 1024K, 5 young (5120K), 5 survivors (5120K)
 Metaspace       used 65767K, capacity 67796K, committed 67976K, reserved 313344K
  class space    used 8660K, capacity 9487K, committed 9600K, reserved 253952K
}
Event: 39.158 GC heap before
{Heap before GC invocations=13 (full 0):
 garbage-first heap   total 262144K, used 177691K [0x00000000e0000000, 0x0000000100000000)
  region size 1024K, 140 young (143360K), 5 survivors (5120K)
 Metaspace       used 71315K, capacity 73649K, committed 73864K, reserved 319488K
  class space    used 9171K, capacity 10096K, committed 10112K, reserved 253952K
}
Event: 39.392 GC heap after
{Heap after GC invocations=14 (full 0):
 garbage-first heap   total 262144K, used 47439K [0x00000000e0000000, 0x0000000100000000)
  region size 1024K, 11 young (11264K), 11 survivors (11264K)
 Metaspace       used 71315K, capacity 73649K, committed 73864K, reserved 319488K
  class space    used 9171K, capacity 10096K, committed 10112K, reserved 253952K
}
Event: 44.956 GC heap before
{Heap before GC invocations=14 (full 0):
 garbage-first heap   total 262144K, used 84303K [0x00000000e0000000, 0x0000000100000000)
  region size 1024K, 48 young (49152K), 11 survivors (11264K)
 Metaspace       used 72659K, capacity 74971K, committed 75016K, reserved 319488K
  class space    used 9318K, capacity 10220K, committed 10240K, reserved 253952K
}
Event: 45.025 GC heap after
{Heap after GC invocations=15 (full 0):
 garbage-first heap   total 262144K, used 47271K [0x00000000e0000000, 0x0000000100000000)
  region size 1024K, 5 young (5120K), 5 survivors (5120K)
 Metaspace       used 72659K, capacity 74971K, committed 75016K, reserved 319488K
  class space    used 9318K, capacity 10220K, committed 10240K, reserved 253952K
}

Deoptimization events (20 events):
Event: 41.997 Thread 0x000001a9a80af000 Uncommon trap: trap_request=0xffffffde fr.pc=0x000001a996553214 relative=0x0000000000000334
Event: 41.997 Thread 0x000001a9a80af000 Uncommon trap: reason=class_check action=maybe_recompile pc=0x000001a996553214 method=java.io.DataOutputStream.write(I)V @ 5 c2
Event: 41.997 Thread 0x000001a9a80af000 DEOPT PACKING pc=0x000001a996553214 sp=0x0000000b681fdea0
Event: 41.998 Thread 0x000001a9a80af000 DEOPT UNPACKING pc=0x000001a98e9aa1af sp=0x0000000b681fde78 mode 2
Event: 41.998 Thread 0x000001a9a80af000 Uncommon trap: trap_request=0xffffffde fr.pc=0x000001a996553214 relative=0x0000000000000334
Event: 41.998 Thread 0x000001a9a80af000 Uncommon trap: reason=class_check action=maybe_recompile pc=0x000001a996553214 method=java.io.DataOutputStream.write(I)V @ 5 c2
Event: 41.998 Thread 0x000001a9a80af000 DEOPT PACKING pc=0x000001a996553214 sp=0x0000000b681fdea0
Event: 41.998 Thread 0x000001a9a80af000 DEOPT UNPACKING pc=0x000001a98e9aa1af sp=0x0000000b681fde78 mode 2
Event: 41.998 Thread 0x000001a9a80af000 Uncommon trap: trap_request=0xffffffde fr.pc=0x000001a996553214 relative=0x0000000000000334
Event: 41.998 Thread 0x000001a9a80af000 Uncommon trap: reason=class_check action=maybe_recompile pc=0x000001a996553214 method=java.io.DataOutputStream.write(I)V @ 5 c2
Event: 41.998 Thread 0x000001a9a80af000 DEOPT PACKING pc=0x000001a996553214 sp=0x0000000b681fdea0
Event: 41.998 Thread 0x000001a9a80af000 DEOPT UNPACKING pc=0x000001a98e9aa1af sp=0x0000000b681fde78 mode 2
Event: 41.998 Thread 0x000001a9a80af000 Uncommon trap: trap_request=0xffffffde fr.pc=0x000001a996553214 relative=0x0000000000000334
Event: 41.998 Thread 0x000001a9a80af000 Uncommon trap: reason=class_check action=maybe_recompile pc=0x000001a996553214 method=java.io.DataOutputStream.write(I)V @ 5 c2
Event: 41.998 Thread 0x000001a9a80af000 DEOPT PACKING pc=0x000001a996553214 sp=0x0000000b681fdea0
Event: 41.998 Thread 0x000001a9a80af000 DEOPT UNPACKING pc=0x000001a98e9aa1af sp=0x0000000b681fde78 mode 2
Event: 42.048 Thread 0x000001a9a80af000 Uncommon trap: trap_request=0xffffff4d fr.pc=0x000001a99689e0c4 relative=0x00000000000000a4
Event: 42.048 Thread 0x000001a9a80af000 Uncommon trap: reason=unstable_if action=reinterpret pc=0x000001a99689e0c4 method=org.gradle.internal.io.StreamByteBuffer.allocateSpace()I @ 9 c2
Event: 42.048 Thread 0x000001a9a80af000 DEOPT PACKING pc=0x000001a99689e0c4 sp=0x0000000b681fdcb0
Event: 42.048 Thread 0x000001a9a80af000 DEOPT UNPACKING pc=0x000001a98e9aa1af sp=0x0000000b681fdbd8 mode 2

Classes redefined (0 events):
No events

Internal exceptions (20 events):
Event: 38.466 Thread 0x000001a9a6341800 Exception <a 'sun/nio/fs/WindowsException'{0x00000000e87fa3d0}> (0x00000000e87fa3d0) thrown at [./src/hotspot/share/prims/jni.cpp, line 617]
Event: 38.467 Thread 0x000001a9a6341800 Exception <a 'sun/nio/fs/WindowsException'{0x00000000e87fb578}> (0x00000000e87fb578) thrown at [./src/hotspot/share/prims/jni.cpp, line 617]
Event: 38.607 Thread 0x000001a9a6341800 Exception <a 'sun/nio/fs/WindowsException'{0x00000000e841f360}> (0x00000000e841f360) thrown at [./src/hotspot/share/prims/jni.cpp, line 617]
Event: 38.607 Thread 0x000001a9a6341800 Exception <a 'sun/nio/fs/WindowsException'{0x00000000e8420490}> (0x00000000e8420490) thrown at [./src/hotspot/share/prims/jni.cpp, line 617]
Event: 38.607 Thread 0x000001a9a6341800 Exception <a 'sun/nio/fs/WindowsException'{0x00000000e8420c20}> (0x00000000e8420c20) thrown at [./src/hotspot/share/prims/jni.cpp, line 617]
Event: 38.608 Thread 0x000001a9a6341800 Exception <a 'sun/nio/fs/WindowsException'{0x00000000e8421dc8}> (0x00000000e8421dc8) thrown at [./src/hotspot/share/prims/jni.cpp, line 617]
Event: 38.697 Thread 0x000001a9a6341800 Exception <a 'sun/nio/fs/WindowsException'{0x00000000e83ad4d8}> (0x00000000e83ad4d8) thrown at [./src/hotspot/share/prims/jni.cpp, line 617]
Event: 38.697 Thread 0x000001a9a6341800 Exception <a 'sun/nio/fs/WindowsException'{0x00000000e83ae608}> (0x00000000e83ae608) thrown at [./src/hotspot/share/prims/jni.cpp, line 617]
Event: 38.697 Thread 0x000001a9a6341800 Exception <a 'sun/nio/fs/WindowsException'{0x00000000e83aed98}> (0x00000000e83aed98) thrown at [./src/hotspot/share/prims/jni.cpp, line 617]
Event: 38.705 Thread 0x000001a9a6341800 Implicit null exception at 0x000001a9966e8a9b to 0x000001a9966e925c
Event: 41.091 Thread 0x000001a9a437c800 Exception <a 'sun/nio/fs/WindowsException'{0x00000000ee6bb9f8}> (0x00000000ee6bb9f8) thrown at [./src/hotspot/share/prims/jni.cpp, line 617]
Event: 42.022 Thread 0x000001a9a80af000 Exception <a 'java/lang/NoSuchMethodError'{0x00000000edd89920}: <clinit>> (0x00000000edd89920) thrown at [./src/hotspot/share/prims/jni.cpp, line 1367]
Event: 42.025 Thread 0x000001a9a80af000 Exception <a 'java/lang/NoSuchMethodError'{0x00000000edd9d2f8}: <clinit>> (0x00000000edd9d2f8) thrown at [./src/hotspot/share/prims/jni.cpp, line 1367]
Event: 42.026 Thread 0x000001a9a80af000 Exception <a 'java/lang/NoSuchMethodError'{0x00000000edd9f650}: <clinit>> (0x00000000edd9f650) thrown at [./src/hotspot/share/prims/jni.cpp, line 1367]
Event: 42.038 Thread 0x000001a9a80af000 Exception <a 'java/lang/NoSuchMethodError'{0x00000000eddbf040}: <clinit>> (0x00000000eddbf040) thrown at [./src/hotspot/share/prims/jni.cpp, line 1367]
Event: 42.148 Thread 0x000001a9a80b4800 Exception <a 'java/lang/NoSuchMethodError'{0x00000000edc6e798}: 'void java.lang.invoke.DirectMethodHandle$Holder.invokeStatic(java.lang.Object, long)'> (0x00000000edc6e798) thrown at [./src/hotspot/share/interpreter/linkResolver.cpp, line 773]
Event: 42.149 Thread 0x000001a9a80b4800 Exception <a 'java/lang/NoSuchMethodError'{0x00000000edc73978}: 'java.lang.Object java.lang.invoke.DirectMethodHandle$Holder.invokeStatic(java.lang.Object, long)'> (0x00000000edc73978) thrown at [./src/hotspot/share/interpreter/linkResolver.cpp, line 773]
Event: 42.150 Thread 0x000001a9a80b4800 Exception <a 'java/lang/NoSuchMethodError'{0x00000000edc76ee0}: 'java.lang.Object java.lang.invoke.DirectMethodHandle$Holder.invokeSpecial(java.lang.Object, java.lang.Object, long)'> (0x00000000edc76ee0) thrown at [./src/hotspot/share/interpreter/linkResolver.cpp, line 773]
Event: 42.150 Thread 0x000001a9a80b4800 Exception <a 'java/lang/NoSuchMethodError'{0x00000000edc79c48}: 'java.lang.Object java.lang.invoke.Invokers$Holder.linkToTargetMethod(long, java.lang.Object)'> (0x00000000edc79c48) thrown at [./src/hotspot/share/interpreter/linkResolver.cpp, line 773]
Event: 42.156 Thread 0x000001a9a80b4800 Exception <a 'java/lang/NoSuchMethodError'{0x00000000edc820a0}: 'java.lang.Object java.lang.invoke.DirectMethodHandle$Holder.invokeStaticInit(java.lang.Object, java.lang.Object, long, java.lang.Object)'> (0x00000000edc820a0) thrown at [./src/hotspot/share/interpreter/linkResolver.cpp, line 773]

Events (20 events):
Event: 45.092 loading class org/gradle/internal/remote/internal/hub/protocol/StreamFailureMessage
Event: 45.092 loading class org/gradle/internal/remote/internal/hub/protocol/StreamFailureMessage done
Event: 45.093 Thread 0x000001a9a80ba800 Thread added: 0x000001a9a80ba800
Event: 45.093 loading class org/gradle/internal/remote/internal/hub/MessageHub$ConnectionReceive
Event: 45.093 loading class org/gradle/internal/remote/internal/hub/MessageHub$ConnectionReceive done
Event: 45.094 Thread 0x000001a9a80b8800 Thread added: 0x000001a9a80b8800
Event: 45.095 loading class org/gradle/internal/remote/internal/hub/queue/MultiEndPointQueue$1
Event: 45.095 loading class org/gradle/internal/remote/internal/hub/queue/MultiEndPointQueue$1 done
Event: 45.095 loading class org/gradle/internal/remote/internal/hub/protocol/InterHubMessage$Delivery
Event: 45.095 loading class org/gradle/internal/remote/internal/hub/protocol/InterHubMessage$Delivery done
Event: 45.099 loading class org/gradle/internal/remote/internal/hub/MethodInvocationSerializer$MethodDetails
Event: 45.099 loading class org/gradle/internal/remote/internal/hub/MethodInvocationSerializer$MethodDetails done
Event: 45.100 loading class org/gradle/internal/remote/internal/hub/DefaultMethodArgsSerializer$EmptyArraySerializer
Event: 45.100 loading class org/gradle/internal/remote/internal/hub/DefaultMethodArgsSerializer$EmptyArraySerializer done
Event: 45.101 loading class java/util/concurrent/ConcurrentSkipListMap$KeySet
Event: 45.103 loading class java/util/concurrent/ConcurrentSkipListMap$KeySet done
Event: 45.103 loading class java/util/concurrent/ConcurrentSkipListMap$KeyIterator
Event: 45.104 loading class java/util/concurrent/ConcurrentSkipListMap$KeyIterator done
Event: 45.112 loading class org/gradle/internal/remote/internal/hub/DefaultMethodArgsSerializer$ArraySerializer
Event: 45.112 loading class org/gradle/internal/remote/internal/hub/DefaultMethodArgsSerializer$ArraySerializer done


Dynamic libraries:
0x00007ff7d1280000 - 0x00007ff7d128d000 	C:\Program Files\Eclipse Adoptium\jdk-11.0.17.8-hotspot\bin\java.exe
0x00007ffb32c50000 - 0x00007ffb32e48000 	C:\WINDOWS\SYSTEM32\ntdll.dll
0x00007ffb30e60000 - 0x00007ffb30f1d000 	C:\WINDOWS\System32\KERNEL32.DLL
0x00007ffb304f0000 - 0x00007ffb307e6000 	C:\WINDOWS\System32\KERNELBASE.dll
0x00007ffb30b80000 - 0x00007ffb30c80000 	C:\WINDOWS\System32\ucrtbase.dll
0x00007ffb198a0000 - 0x00007ffb198b7000 	C:\Program Files\Eclipse Adoptium\jdk-11.0.17.8-hotspot\bin\jli.dll
0x00007ffb197f0000 - 0x00007ffb19805000 	C:\Program Files\Eclipse Adoptium\jdk-11.0.17.8-hotspot\bin\VCRUNTIME140.dll
0x00007ffb31000000 - 0x00007ffb3119e000 	C:\WINDOWS\System32\USER32.dll
0x00007ffb30c80000 - 0x00007ffb30ca2000 	C:\WINDOWS\System32\win32u.dll
0x00007ffb30f20000 - 0x00007ffb30f4c000 	C:\WINDOWS\System32\GDI32.dll
0x00007ffb20830000 - 0x00007ffb20aca000 	C:\WINDOWS\WinSxS\amd64_microsoft.windows.common-controls_6595b64144ccf1df_6.0.19041.1110_none_60b5254171f9507e\COMCTL32.dll
0x00007ffb303d0000 - 0x00007ffb304ea000 	C:\WINDOWS\System32\gdi32full.dll
0x00007ffb30ae0000 - 0x00007ffb30b7d000 	C:\WINDOWS\System32\msvcp_win.dll
0x00007ffb325c0000 - 0x00007ffb3265e000 	C:\WINDOWS\System32\msvcrt.dll
0x00007ffb32aa0000 - 0x00007ffb32ad0000 	C:\WINDOWS\System32\IMM32.DLL
0x00007ffb30130000 - 0x00007ffb30166000 	C:\WINDOWS\system32\DriverStore\FileRepository\nvam.inf_amd64_20c0bba34ffd86ca\nvinitx.dll
0x00007ffb31400000 - 0x00007ffb314ae000 	C:\WINDOWS\System32\ADVAPI32.dll
0x00007ffb31360000 - 0x00007ffb313fc000 	C:\WINDOWS\System32\sechost.dll
0x00007ffb311b0000 - 0x00007ffb312d6000 	C:\WINDOWS\System32\RPCRT4.dll
0x00007ffb30120000 - 0x00007ffb3012a000 	C:\WINDOWS\SYSTEM32\VERSION.dll
0x00007ffb315d0000 - 0x00007ffb31d15000 	C:\WINDOWS\System32\Shell32.dll
0x00007ffb2e330000 - 0x00007ffb2eacb000 	C:\WINDOWS\SYSTEM32\windows.storage.dll
0x00007ffb326c0000 - 0x00007ffb32a14000 	C:\WINDOWS\System32\combase.dll
0x00007ffb2fb70000 - 0x00007ffb2fb9e000 	C:\WINDOWS\SYSTEM32\Wldp.dll
0x00007ffb31d20000 - 0x00007ffb31dcd000 	C:\WINDOWS\System32\SHCORE.dll
0x00007ffb32bb0000 - 0x00007ffb32c05000 	C:\WINDOWS\System32\shlwapi.dll
0x0000000065cd0000 - 0x0000000065cd6000 	C:\Program Files\NVIDIA Corporation\CoProcManager\_etoured.dll
0x00007ffb27220000 - 0x00007ffb27263000 	C:\Program Files\NVIDIA Corporation\CoProcManager\nvd3d9wrapx.dll
0x00007ffb31ec0000 - 0x00007ffb3232e000 	C:\WINDOWS\System32\SETUPAPI.dll
0x00007ffb307f0000 - 0x00007ffb3083e000 	C:\WINDOWS\System32\cfgmgr32.dll
0x00007ffb303a0000 - 0x00007ffb303c7000 	C:\WINDOWS\System32\bcrypt.dll
0x00007ffb26930000 - 0x00007ffb2695d000 	C:\Program Files\NVIDIA Corporation\CoProcManager\nvdxgiwrapx.dll
0x00007ffb08470000 - 0x00007ffb0850b000 	C:\Program Files\Eclipse Adoptium\jdk-11.0.17.8-hotspot\bin\msvcp140.dll
0x00007ffaed2d0000 - 0x00007ffaede52000 	C:\Program Files\Eclipse Adoptium\jdk-11.0.17.8-hotspot\bin\server\jvm.dll
0x00007ffb32a90000 - 0x00007ffb32a98000 	C:\WINDOWS\System32\PSAPI.DLL
0x00007ffb22b20000 - 0x00007ffb22b47000 	C:\WINDOWS\SYSTEM32\WINMM.dll
0x00007ffb1bda0000 - 0x00007ffb1bda9000 	C:\WINDOWS\SYSTEM32\WSOCK32.dll
0x00007ffb32a20000 - 0x00007ffb32a8b000 	C:\WINDOWS\System32\WS2_32.dll
0x00007ffb2e130000 - 0x00007ffb2e142000 	C:\WINDOWS\SYSTEM32\kernel.appcore.dll
0x00007ffb1c280000 - 0x00007ffb1c290000 	C:\Program Files\Eclipse Adoptium\jdk-11.0.17.8-hotspot\bin\verify.dll
0x00007ffb1c470000 - 0x00007ffb1c654000 	C:\WINDOWS\SYSTEM32\DBGHELP.DLL
0x00007ffb1c350000 - 0x00007ffb1c384000 	C:\WINDOWS\SYSTEM32\dbgcore.DLL
0x00007ffb30840000 - 0x00007ffb308c2000 	C:\WINDOWS\System32\bcryptPrimitives.dll
0x00007ffb12e20000 - 0x00007ffb12e48000 	C:\Program Files\Eclipse Adoptium\jdk-11.0.17.8-hotspot\bin\java.dll
0x00007ffb19e70000 - 0x00007ffb19e7a000 	C:\Program Files\Eclipse Adoptium\jdk-11.0.17.8-hotspot\bin\jimage.dll
0x00007ffb17200000 - 0x00007ffb17218000 	C:\Program Files\Eclipse Adoptium\jdk-11.0.17.8-hotspot\bin\zip.dll
0x00007ffb30260000 - 0x00007ffb30285000 	C:\WINDOWS\SYSTEM32\profapi.dll
0x00007ffb12240000 - 0x00007ffb12259000 	C:\Program Files\Eclipse Adoptium\jdk-11.0.17.8-hotspot\bin\net.dll
0x00007ffb27d70000 - 0x00007ffb27e7a000 	C:\WINDOWS\SYSTEM32\WINHTTP.dll
0x00007ffb2f950000 - 0x00007ffb2f9ba000 	C:\WINDOWS\system32\mswsock.dll
0x00007ffb12220000 - 0x00007ffb12233000 	C:\Program Files\Eclipse Adoptium\jdk-11.0.17.8-hotspot\bin\nio.dll
0x00007ffb26000000 - 0x00007ffb26027000 	C:\Users\1\.gradle\native\e1d6ef7f7dcc3fd88c89a11ec53ec762bb8ba0a96d01ffa2cd45eb1d1d8dd5c5\windows-amd64\native-platform.dll
0x00007ffb0c5d0000 - 0x00007ffb0c714000 	C:\Users\1\.gradle\native\0d407fdbe67a94daf76414ababcb853783967236a71b16ec16e742cd7a986fd3\windows-amd64\native-platform-file-events.dll
0x00007ffb19d50000 - 0x00007ffb19d59000 	C:\Program Files\Eclipse Adoptium\jdk-11.0.17.8-hotspot\bin\management.dll
0x00007ffb19900000 - 0x00007ffb1990b000 	C:\Program Files\Eclipse Adoptium\jdk-11.0.17.8-hotspot\bin\management_ext.dll
0x00007ffb2feb0000 - 0x00007ffb2fec8000 	C:\WINDOWS\SYSTEM32\CRYPTSP.dll
0x00007ffb2f280000 - 0x00007ffb2f2b4000 	C:\WINDOWS\system32\rsaenh.dll
0x00007ffb30220000 - 0x00007ffb3024e000 	C:\WINDOWS\SYSTEM32\USERENV.dll
0x00007ffb2fae0000 - 0x00007ffb2faec000 	C:\WINDOWS\SYSTEM32\CRYPTBASE.dll
0x00007ffb2f660000 - 0x00007ffb2f69b000 	C:\WINDOWS\SYSTEM32\IPHLPAPI.DLL
0x00007ffb31eb0000 - 0x00007ffb31eb8000 	C:\WINDOWS\System32\NSI.dll
0x00007ffb29480000 - 0x00007ffb29497000 	C:\WINDOWS\SYSTEM32\dhcpcsvc6.DLL
0x00007ffb29550000 - 0x00007ffb2956d000 	C:\WINDOWS\SYSTEM32\dhcpcsvc.DLL
0x00007ffb2f6a0000 - 0x00007ffb2f76a000 	C:\WINDOWS\SYSTEM32\DNSAPI.dll

dbghelp: loaded successfully - version: 4.0.5 - missing functions: none
symbol engine: initialized successfully - sym options: 0x614 - pdb path: .;C:\Program Files\Eclipse Adoptium\jdk-11.0.17.8-hotspot\bin;C:\WINDOWS\SYSTEM32;C:\WINDOWS\WinSxS\amd64_microsoft.windows.common-controls_6595b64144ccf1df_6.0.19041.1110_none_60b5254171f9507e;C:\WINDOWS\system32\DriverStore\FileRepository\nvam.inf_amd64_20c0bba34ffd86ca;C:\Program Files\NVIDIA Corporation\CoProcManager;C:\Program Files\Eclipse Adoptium\jdk-11.0.17.8-hotspot\bin\server;C:\Users\1\.gradle\native\e1d6ef7f7dcc3fd88c89a11ec53ec762bb8ba0a96d01ffa2cd45eb1d1d8dd5c5\windows-amd64;C:\Users\1\.gradle\native\0d407fdbe67a94daf76414ababcb853783967236a71b16ec16e742cd7a986fd3\windows-amd64

VM Arguments:
jvm_args: --add-opens=java.base/java.util=ALL-UNNAMED --add-opens=java.base/java.lang=ALL-UNNAMED --add-opens=java.base/java.lang.invoke=ALL-UNNAMED --add-opens=java.base/java.util=ALL-UNNAMED --add-opens=java.prefs/java.util.prefs=ALL-UNNAMED --add-opens=java.prefs/java.util.prefs=ALL-UNNAMED --add-opens=java.base/java.nio.charset=ALL-UNNAMED --add-opens=java.base/java.net=ALL-UNNAMED --add-opens=java.base/java.util.concurrent.atomic=ALL-UNNAMED -XX:MaxMetaspaceSize=256m -XX:+HeapDumpOnOutOfMemoryError -Xms256m -Xmx512m -Dfile.encoding=windows-1251 -Duser.country=RU -Duser.language=ru -Duser.variant 
java_command: org.gradle.launcher.daemon.bootstrap.GradleDaemon 7.5.1
java_class_path (initial): C:\Users\1\.gradle\wrapper\dists\gradle-7.5.1-bin\7jzzequgds1hbszbhq3npc5ng\gradle-7.5.1\lib\gradle-launcher-7.5.1.jar
Launcher Type: SUN_STANDARD

[Global flags]
     intx CICompilerCount                          = 3                                         {product} {ergonomic}
   size_t CompressedClassSpaceSize                 = 260046848                                 {product} {ergonomic}
     uint ConcGCThreads                            = 1                                         {product} {ergonomic}
     uint G1ConcRefinementThreads                  = 4                                         {product} {ergonomic}
   size_t G1HeapRegionSize                         = 1048576                                   {product} {ergonomic}
    uintx GCDrainStackTargetSize                   = 64                                        {product} {ergonomic}
     bool HeapDumpOnOutOfMemoryError               = true                                   {manageable} {command line}
   size_t InitialHeapSize                          = 268435456                                 {product} {command line}
   size_t MarkStackSize                            = 4194304                                   {product} {ergonomic}
   size_t MaxHeapSize                              = 536870912                                 {product} {command line}
   size_t MaxMetaspaceSize                         = 268435456                                 {product} {command line}
   size_t MaxNewSize                               = 321912832                                 {product} {ergonomic}
   size_t MinHeapDeltaBytes                        = 1048576                                   {product} {ergonomic}
    uintx NonNMethodCodeHeapSize                   = 5830732                                {pd product} {ergonomic}
    uintx NonProfiledCodeHeapSize                  = 122913754                              {pd product} {ergonomic}
    uintx ProfiledCodeHeapSize                     = 122913754                              {pd product} {ergonomic}
    uintx ReservedCodeCacheSize                    = 251658240                              {pd product} {ergonomic}
     bool SegmentedCodeCache                       = true                                      {product} {ergonomic}
     bool UseCompressedClassPointers               = true                                 {lp64_product} {ergonomic}
     bool UseCompressedOops                        = true                                 {lp64_product} {ergonomic}
     bool UseG1GC                                  = true                                      {product} {ergonomic}
     bool UseLargePagesIndividualAllocation        = false                                  {pd product} {ergonomic}

Logging:
Log output configuration:
 #0: stdout all=warning uptime,level,tags
 #1: stderr all=off uptime,level,tags

Environment Variables:
CLASSPATH=C:\Users\1\IdeaProjects\QA-diploma\\gradle\wrapper\gradle-wrapper.jar
PATH=C:\Program Files\Eclipse Adoptium\jdk-11.0.17.8-hotspot\bin;C:\WINDOWS\system32;C:\WINDOWS;C:\WINDOWS\System32\Wbem;C:\WINDOWS\System32\WindowsPowerShell\v1.0\;C:\WINDOWS\System32\OpenSSH\;C:\Program Files (x86)\Windows Live\Shared;C:\Program Files (x86)\dotnet\;C:\Program Files\WireGuard\;C:\Program Files\Git\cmd;C:\Program Files\Docker\Docker\resources\bin;C:\Users\1\AppData\Local\Microsoft\WindowsApps;C:\Users\1\AppData\Local\Programs\Microsoft VS Code\bin;C:\Program Files\JetBrains\IntelliJ IDEA Community Edition 2022.3.3\bin;;C:Users\1\ChromeDriver;
USERNAME=1
OS=Windows_NT
PROCESSOR_IDENTIFIER=Intel64 Family 6 Model 42 Stepping 7, GenuineIntel
TMP=C:\Users\1\AppData\Local\Temp
TEMP=C:\Users\1\AppData\Local\Temp



---------------  S Y S T E M  ---------------

OS: Windows 10 , 64 bit Build 19041 (10.0.19041.3393)
OS uptime: 0 days 20:57 hours
Hyper-V role detected

CPU:total 4 (initial active 4) (2 cores per cpu, 2 threads per core) family 6 model 42 stepping 7 microcode 0x2f, cmov, cx8, fxsr, mmx, sse, sse2, sse3, ssse3, sse4.1, sse4.2, popcnt, avx, clmul, ht, tsc, tscinvbit

Memory: 4k page, system-wide physical 2600M (43M free)
TotalPageFile size 10536M (AvailPageFile size 0M)
current process WorkingSet (physical memory assigned to process): 128M, peak: 202M
current process commit charge ("private bytes"): 491M, peak: 503M

vm_info: OpenJDK 64-Bit Server VM (11.0.17+8) for windows-amd64 JRE (11.0.17+8), built on Oct 19 2022 00:04:05 by "" with MS VC++ 15.9 (VS2017)

END.
