#
# There is insufficient memory for the Java Runtime Environment to continue.
# Native memory allocation (malloc) failed to allocate 131088 bytes for Chunk::new
# Possible reasons:
#   The system is out of physical RAM or swap space
#   The process is running with CompressedOops enabled, and the Java Heap may be blocking the growth of the native heap
# Possible solutions:
#   Reduce memory load on the system
#   Increase physical memory or swap space
#   Check if swap backing store is full
#   Decrease Java heap size (-Xmx/-Xms)
#   Decrease number of Java threads
#   Decrease Java thread stack sizes (-Xss)
#   Set larger code cache with -XX:ReservedCodeCacheSize=
#   JVM is running with Unscaled Compressed Oops mode in which the Java heap is
#     placed in the first 4GB address space. The Java Heap base address is the
#     maximum limit for the native heap growth. Please use -XX:HeapBaseMinAddress
#     to set the Java Heap base and to place the Java Heap above 4GB virtual address.
# This output file may be truncated or incomplete.
#
#  Out of Memory Error (./src/hotspot/share/memory/arena.cpp:197), pid=7840, tid=6600
#
# JRE version: OpenJDK Runtime Environment Corretto-11.0.18.10.1 (11.0.18+10) (build 11.0.18+10-LTS)
# Java VM: OpenJDK 64-Bit Server VM Corretto-11.0.18.10.1 (11.0.18+10-LTS, mixed mode, tiered, compressed oops, g1 gc, windows-amd64)
# No core dump will be written. Minidumps are not enabled by default on client versions of Windows
#

---------------  S U M M A R Y ------------

Command Line: -Dallure.results.directory=C:\Users\1\IdeaProjects\QA-diploma\build\allure-results -Ddb.pass=pass -Ddb.url=jdbc:mysql://localhost:3306/app -Ddb.user=app -Djunit.jupiter.extensions.autodetection.enabled=true -Dorg.gradle.internal.worker.tmpdir=C:\Users\1\IdeaProjects\QA-diploma\build\tmp\test\work -Dorg.gradle.native=false -Dselenide.headless -javaagent:C:\Users\1\.gradle\caches\modules-2\files-2.1\org.aspectj\aspectjweaver\1.9.9.1\dcd2703279a94ad909fa3f3d08671cb0f2dabf7\aspectjweaver-1.9.9.1.jar -Xmx512m -Dfile.encoding=windows-1251 -Duser.country=RU -Duser.language=ru -Duser.variant -ea worker.org.gradle.process.internal.worker.GradleWorkerMain 'Gradle Test Executor 1'

Host: Intel(R) Core(TM) i5-2430M CPU @ 2.40GHz, 4 cores, 2G,  Windows 10 , 64 bit Build 19041 (10.0.19041.3393)
Time: Mon Oct  9 20:51:28 2023 RTZ 4 (s 10 , 64 bit Build 19041 (10.0.19041.3393) elapsed time: 45.770541 seconds (0d 0h 0m 45s)

---------------  T H R E A D  ---------------

Current thread (0x000001eee41a5800):  JavaThread "C2 CompilerThread0" daemon [_thread_in_native, id=6600, stack(0x00000053de000000,0x00000053de100000)]


Current CompileTask:
C2:  45774 3578       4       org.aspectj.weaver.TypeFactory::createTypeFromSignature (985 bytes)

Stack: [0x00000053de000000,0x00000053de100000]
Native frames: (J=compiled Java code, j=interpreted, Vv=VM code, C=native code)
V  [jvm.dll+0x622d9a]
V  [jvm.dll+0x7b0289]
V  [jvm.dll+0x7b1978]
V  [jvm.dll+0x7b2053]
V  [jvm.dll+0x24fe08]
V  [jvm.dll+0xc264c]
V  [jvm.dll+0xc2c0c]
V  [jvm.dll+0xc275b]
V  [jvm.dll+0x60069f]
V  [jvm.dll+0x53b23b]
V  [jvm.dll+0x528988]
V  [jvm.dll+0x52bbd1]
V  [jvm.dll+0x52b341]
V  [jvm.dll+0x52b220]
V  [jvm.dll+0x52b3ad]
V  [jvm.dll+0x53219d]
V  [jvm.dll+0x21137b]
V  [jvm.dll+0x20b0e4]
V  [jvm.dll+0x2082fb]
V  [jvm.dll+0x18a3c1]
V  [jvm.dll+0x217ac4]
V  [jvm.dll+0x215d0b]
V  [jvm.dll+0x772d90]
V  [jvm.dll+0x76bcc4]
V  [jvm.dll+0x621c05]
C  [ucrtbase.dll+0x21bb2]
C  [KERNEL32.DLL+0x17344]
C  [ntdll.dll+0x526b1]


---------------  P R O C E S S  ---------------

Threads class SMR info:
_java_thread_list=0x000001eee5fc75a0, length=22, elements={
0x000001eec9268800, 0x000001eee4187000, 0x000001eee4194000, 0x000001eee419f800,
0x000001eee41a0800, 0x000001eee41a1800, 0x000001eee41a5800, 0x000001eee41a8800,
0x000001eee41aa000, 0x000001eee411d000, 0x000001eee5e21800, 0x000001eee5fa1800,
0x000001eee56a2000, 0x000001eee8886000, 0x000001eee8883800, 0x000001eee8884000,
0x000001eee8886800, 0x000001eee8888800, 0x000001eee8882800, 0x000001eee8889000,
0x000001eee8885000, 0x000001eee8f7e000
}

Java Threads: ( => current thread )
  0x000001eec9268800 JavaThread "Forwarding newSession on session null to remote" [_thread_in_Java, id=11952, stack(0x00000053dd400000,0x00000053dd500000)]
  0x000001eee4187000 JavaThread "Reference Handler" daemon [_thread_blocked, id=15236, stack(0x00000053ddb00000,0x00000053ddc00000)]
  0x000001eee4194000 JavaThread "Finalizer" daemon [_thread_blocked, id=13116, stack(0x00000053ddc00000,0x00000053ddd00000)]
  0x000001eee419f800 JavaThread "Signal Dispatcher" daemon [_thread_blocked, id=8248, stack(0x00000053ddd00000,0x00000053dde00000)]
  0x000001eee41a0800 JavaThread "Attach Listener" daemon [_thread_blocked, id=15096, stack(0x00000053dde00000,0x00000053ddf00000)]
  0x000001eee41a1800 JavaThread "Service Thread" daemon [_thread_blocked, id=2696, stack(0x00000053ddf00000,0x00000053de000000)]
=>0x000001eee41a5800 JavaThread "C2 CompilerThread0" daemon [_thread_in_native, id=6600, stack(0x00000053de000000,0x00000053de100000)]
  0x000001eee41a8800 JavaThread "C1 CompilerThread0" daemon [_thread_blocked, id=14140, stack(0x00000053de100000,0x00000053de200000)]
  0x000001eee41aa000 JavaThread "Sweeper thread" daemon [_thread_blocked, id=11948, stack(0x00000053de200000,0x00000053de300000)]
  0x000001eee411d000 JavaThread "Common-Cleaner" daemon [_thread_blocked, id=13040, stack(0x00000053de300000,0x00000053de400000)]
  0x000001eee5e21800 JavaThread "/127.0.0.1:57405 to /127.0.0.1:57404 workers" [_thread_blocked, id=14440, stack(0x00000053de700000,0x00000053de800000)]
  0x000001eee5fa1800 JavaThread "/127.0.0.1:57405 to /127.0.0.1:57404 workers Thread 2" [_thread_blocked, id=14272, stack(0x00000053de800000,0x00000053de900000)]
  0x000001eee56a2000 JavaThread "/127.0.0.1:57405 to /127.0.0.1:57404 workers Thread 3" [_thread_in_native, id=14812, stack(0x00000053de900000,0x00000053dea00000)]
  0x000001eee8886000 JavaThread "ForkJoinPool.commonPool-worker-3" daemon [_thread_blocked, id=13808, stack(0x00000053dec00000,0x00000053ded00000)]
  0x000001eee8883800 JavaThread "AsyncHttpClient-1-1" daemon [_thread_blocked, id=3656, stack(0x00000053ded00000,0x00000053dee00000)]
  0x000001eee8884000 JavaThread "Exec Default Executor" daemon [_thread_in_native, id=8568, stack(0x00000053dee00000,0x00000053def00000)]
  0x000001eee8886800 JavaThread "Exec Stream Pumper" daemon [_thread_in_native, id=13772, stack(0x00000053def00000,0x00000053df000000)]
  0x000001eee8888800 JavaThread "Exec Stream Pumper" daemon [_thread_in_native, id=10656, stack(0x00000053df000000,0x00000053df100000)]
  0x000001eee8882800 JavaThread "Driver Service Executor" daemon [_thread_blocked, id=8628, stack(0x00000053df100000,0x00000053df200000)]
  0x000001eee8889000 JavaThread "Driver Service Executor" daemon [_thread_blocked, id=15008, stack(0x00000053df200000,0x00000053df300000)]
  0x000001eee8885000 JavaThread "UrlChecker-2" daemon [_thread_blocked, id=4684, stack(0x00000053df300000,0x00000053df400000)]
  0x000001eee8f7e000 JavaThread "AsyncHttpClient-1-2" daemon [_thread_in_native, id=13784, stack(0x00000053df500000,0x00000053df600000)]

Other Threads:
  0x000001eee4160800 VMThread "VM Thread" [stack: 0x00000053dda00000,0x00000053ddb00000] [id=12448]
  0x000001eee5433000 WatcherThread [stack: 0x00000053de400000,0x00000053de500000] [id=3324]
  0x000001eec927e800 GCTaskThread "GC Thread#0" [stack: 0x00000053dd500000,0x00000053dd600000] [id=14352]
  0x000001eee542c000 GCTaskThread "GC Thread#1" [stack: 0x00000053de500000,0x00000053de600000] [id=5176]
  0x000001eee599c000 GCTaskThread "GC Thread#2" [stack: 0x00000053dea00000,0x00000053deb00000] [id=13764]
  0x000001eee5939800 GCTaskThread "GC Thread#3" [stack: 0x00000053deb00000,0x00000053dec00000] [id=12980]
  0x000001eec9294000 ConcurrentGCThread "G1 Main Marker" [stack: 0x00000053dd600000,0x00000053dd700000] [id=8824]
  0x000001eec9295800 ConcurrentGCThread "G1 Conc#0" [stack: 0x00000053dd700000,0x00000053dd800000] [id=5520]
  0x000001eee3fd1800 ConcurrentGCThread "G1 Refine#0" [stack: 0x00000053dd800000,0x00000053dd900000] [id=8132]
  0x000001eec92c5800 ConcurrentGCThread "G1 Young RemSet Sampling" [stack: 0x00000053dd900000,0x00000053dda00000] [id=14828]

Threads with active compile tasks:
C2 CompilerThread0    45924 3578       4       org.aspectj.weaver.TypeFactory::createTypeFromSignature (985 bytes)

VM state:not at safepoint (normal execution)

VM Mutex/Monitor currently owned by a thread: None

Heap address: 0x00000000e0000000, size: 512 MB, Compressed Oops mode: 32-bit
Narrow klass base: 0x0000000000000000, Narrow klass shift: 3
Compressed class space size: 1073741824 Address: 0x0000000100000000

Heap:
 garbage-first heap   total 84992K, used 57719K [0x00000000e0000000, 0x0000000100000000)
  region size 1024K, 3 young (3072K), 2 survivors (2048K)
 Metaspace       used 39779K, capacity 40976K, committed 41264K, reserved 1091584K
  class space    used 4450K, capacity 4929K, committed 4992K, reserved 1048576K
Heap Regions: E=young(eden), S=young(survivor), O=old, HS=humongous(starts), HC=humongous(continues), CS=collection set, F=free, A=archive, TAMS=top-at-mark-start (previous, next)
|   0|0x00000000e0000000, 0x00000000e0100000, 0x00000000e0100000|100%| O|  |TAMS 0x00000000e0100000, 0x00000000e0100000| Untracked 
|   1|0x00000000e0100000, 0x00000000e0200000, 0x00000000e0200000|100%| O|  |TAMS 0x00000000e0200000, 0x00000000e0200000| Untracked 
|   2|0x00000000e0200000, 0x00000000e0300000, 0x00000000e0300000|100%| O|  |TAMS 0x00000000e0300000, 0x00000000e0300000| Untracked 
|   3|0x00000000e0300000, 0x00000000e0400000, 0x00000000e0400000|100%| O|  |TAMS 0x00000000e0400000, 0x00000000e0400000| Untracked 
|   4|0x00000000e0400000, 0x00000000e0500000, 0x00000000e0500000|100%| O|  |TAMS 0x00000000e0500000, 0x00000000e0500000| Untracked 
|   5|0x00000000e0500000, 0x00000000e0600000, 0x00000000e0600000|100%| O|  |TAMS 0x00000000e0600000, 0x00000000e0600000| Untracked 
|   6|0x00000000e0600000, 0x00000000e0700000, 0x00000000e0700000|100%| O|  |TAMS 0x00000000e0700000, 0x00000000e0700000| Untracked 
|   7|0x00000000e0700000, 0x00000000e0800000, 0x00000000e0800000|100%| O|  |TAMS 0x00000000e0800000, 0x00000000e0800000| Untracked 
|   8|0x00000000e0800000, 0x00000000e0900000, 0x00000000e0900000|100%| O|  |TAMS 0x00000000e0900000, 0x00000000e0900000| Untracked 
|   9|0x00000000e0900000, 0x00000000e0a00000, 0x00000000e0a00000|100%| O|  |TAMS 0x00000000e0a00000, 0x00000000e0a00000| Untracked 
|  10|0x00000000e0a00000, 0x00000000e0b00000, 0x00000000e0b00000|100%| O|  |TAMS 0x00000000e0b00000, 0x00000000e0b00000| Untracked 
|  11|0x00000000e0b00000, 0x00000000e0c00000, 0x00000000e0c00000|100%| O|  |TAMS 0x00000000e0c00000, 0x00000000e0c00000| Untracked 
|  12|0x00000000e0c00000, 0x00000000e0d00000, 0x00000000e0d00000|100%| O|  |TAMS 0x00000000e0d00000, 0x00000000e0d00000| Untracked 
|  13|0x00000000e0d00000, 0x00000000e0e00000, 0x00000000e0e00000|100%| O|  |TAMS 0x00000000e0e00000, 0x00000000e0e00000| Untracked 
|  14|0x00000000e0e00000, 0x00000000e0f00000, 0x00000000e0f00000|100%| O|  |TAMS 0x00000000e0f00000, 0x00000000e0f00000| Untracked 
|  15|0x00000000e0f00000, 0x00000000e1000000, 0x00000000e1000000|100%| O|  |TAMS 0x00000000e1000000, 0x00000000e1000000| Untracked 
|  16|0x00000000e1000000, 0x00000000e1100000, 0x00000000e1100000|100%| O|  |TAMS 0x00000000e1100000, 0x00000000e1100000| Untracked 
|  17|0x00000000e1100000, 0x00000000e1200000, 0x00000000e1200000|100%| O|  |TAMS 0x00000000e1200000, 0x00000000e1200000| Untracked 
|  18|0x00000000e1200000, 0x00000000e1300000, 0x00000000e1300000|100%| O|  |TAMS 0x00000000e1300000, 0x00000000e1300000| Untracked 
|  19|0x00000000e1300000, 0x00000000e1400000, 0x00000000e1400000|100%| O|  |TAMS 0x00000000e1400000, 0x00000000e1400000| Untracked 
|  20|0x00000000e1400000, 0x00000000e1500000, 0x00000000e1500000|100%| O|  |TAMS 0x00000000e1500000, 0x00000000e1500000| Untracked 
|  21|0x00000000e1500000, 0x00000000e1600000, 0x00000000e1600000|100%| O|  |TAMS 0x00000000e1600000, 0x00000000e1600000| Untracked 
|  22|0x00000000e1600000, 0x00000000e1700000, 0x00000000e1700000|100%| O|  |TAMS 0x00000000e1700000, 0x00000000e1700000| Untracked 
|  23|0x00000000e1700000, 0x00000000e1800000, 0x00000000e1800000|100%| O|  |TAMS 0x00000000e1800000, 0x00000000e1800000| Untracked 
|  24|0x00000000e1800000, 0x00000000e1900000, 0x00000000e1900000|100%| O|  |TAMS 0x00000000e1900000, 0x00000000e1900000| Untracked 
|  25|0x00000000e1900000, 0x00000000e1a00000, 0x00000000e1a00000|100%| O|  |TAMS 0x00000000e1a00000, 0x00000000e1a00000| Untracked 
|  26|0x00000000e1a00000, 0x00000000e1b00000, 0x00000000e1b00000|100%| O|  |TAMS 0x00000000e1b00000, 0x00000000e1b00000| Untracked 
|  27|0x00000000e1b00000, 0x00000000e1c00000, 0x00000000e1c00000|100%| O|  |TAMS 0x00000000e1c00000, 0x00000000e1c00000| Untracked 
|  28|0x00000000e1c00000, 0x00000000e1d00000, 0x00000000e1d00000|100%| O|  |TAMS 0x00000000e1d00000, 0x00000000e1d00000| Untracked 
|  29|0x00000000e1d00000, 0x00000000e1e00000, 0x00000000e1e00000|100%| O|  |TAMS 0x00000000e1e00000, 0x00000000e1e00000| Untracked 
|  30|0x00000000e1e00000, 0x00000000e1f00000, 0x00000000e1f00000|100%| O|  |TAMS 0x00000000e1f00000, 0x00000000e1f00000| Untracked 
|  31|0x00000000e1f00000, 0x00000000e2000000, 0x00000000e2000000|100%| O|  |TAMS 0x00000000e2000000, 0x00000000e2000000| Untracked 
|  32|0x00000000e2000000, 0x00000000e2100000, 0x00000000e2100000|100%| O|  |TAMS 0x00000000e2100000, 0x00000000e2100000| Untracked 
|  33|0x00000000e2100000, 0x00000000e2200000, 0x00000000e2200000|100%| O|  |TAMS 0x00000000e2200000, 0x00000000e2200000| Untracked 
|  34|0x00000000e2200000, 0x00000000e2300000, 0x00000000e2300000|100%| O|  |TAMS 0x00000000e2300000, 0x00000000e2300000| Untracked 
|  35|0x00000000e2300000, 0x00000000e2400000, 0x00000000e2400000|100%| O|  |TAMS 0x00000000e2400000, 0x00000000e2400000| Untracked 
|  36|0x00000000e2400000, 0x00000000e2500000, 0x00000000e2500000|100%| O|  |TAMS 0x00000000e2500000, 0x00000000e2500000| Untracked 
|  37|0x00000000e2500000, 0x00000000e2600000, 0x00000000e2600000|100%| O|  |TAMS 0x00000000e2600000, 0x00000000e2600000| Untracked 
|  38|0x00000000e2600000, 0x00000000e2700000, 0x00000000e2700000|100%| O|  |TAMS 0x00000000e2700000, 0x00000000e2700000| Untracked 
|  39|0x00000000e2700000, 0x00000000e2800000, 0x00000000e2800000|100%| O|  |TAMS 0x00000000e2800000, 0x00000000e2800000| Untracked 
|  40|0x00000000e2800000, 0x00000000e2900000, 0x00000000e2900000|100%| O|  |TAMS 0x00000000e2900000, 0x00000000e2900000| Untracked 
|  41|0x00000000e2900000, 0x00000000e2a00000, 0x00000000e2a00000|100%| O|  |TAMS 0x00000000e2a00000, 0x00000000e2a00000| Untracked 
|  42|0x00000000e2a00000, 0x00000000e2b00000, 0x00000000e2b00000|100%| O|  |TAMS 0x00000000e2b00000, 0x00000000e2b00000| Untracked 
|  43|0x00000000e2b00000, 0x00000000e2c00000, 0x00000000e2c00000|100%| O|  |TAMS 0x00000000e2c00000, 0x00000000e2c00000| Untracked 
|  44|0x00000000e2c00000, 0x00000000e2d00000, 0x00000000e2d00000|100%| O|  |TAMS 0x00000000e2d00000, 0x00000000e2d00000| Untracked 
|  45|0x00000000e2d00000, 0x00000000e2e00000, 0x00000000e2e00000|100%| O|  |TAMS 0x00000000e2e00000, 0x00000000e2e00000| Untracked 
|  46|0x00000000e2e00000, 0x00000000e2f00000, 0x00000000e2f00000|100%| O|  |TAMS 0x00000000e2f00000, 0x00000000e2f00000| Untracked 
|  47|0x00000000e2f00000, 0x00000000e3000000, 0x00000000e3000000|100%| O|  |TAMS 0x00000000e3000000, 0x00000000e3000000| Untracked 
|  48|0x00000000e3000000, 0x00000000e3100000, 0x00000000e3100000|100%| O|  |TAMS 0x00000000e3100000, 0x00000000e3100000| Untracked 
|  49|0x00000000e3100000, 0x00000000e3200000, 0x00000000e3200000|100%| O|  |TAMS 0x00000000e31e0a00, 0x00000000e3200000| Untracked 
|  50|0x00000000e3200000, 0x00000000e321a800, 0x00000000e3300000| 10%| O|  |TAMS 0x00000000e3200000, 0x00000000e321a800| Untracked 
|  51|0x00000000e3300000, 0x00000000e3400000, 0x00000000e3400000|100%|HS|  |TAMS 0x00000000e3300000, 0x00000000e3400000| Complete 
|  52|0x00000000e3400000, 0x00000000e3500000, 0x00000000e3500000|100%|HC|  |TAMS 0x00000000e3400000, 0x00000000e3500000| Complete 
|  53|0x00000000e3500000, 0x00000000e3600000, 0x00000000e3600000|100%|HC|  |TAMS 0x00000000e3500000, 0x00000000e3600000| Complete 
|  54|0x00000000e3600000, 0x00000000e3700000, 0x00000000e3700000|100%|HC|  |TAMS 0x00000000e3600000, 0x00000000e3700000| Complete 
|  55|0x00000000e3700000, 0x00000000e3800000, 0x00000000e3800000|100%|HC|  |TAMS 0x00000000e3700000, 0x00000000e3800000| Complete 
|  56|0x00000000e3800000, 0x00000000e3800000, 0x00000000e3900000|  0%| F|  |TAMS 0x00000000e3800000, 0x00000000e3800000| Untracked 
|  57|0x00000000e3900000, 0x00000000e3900000, 0x00000000e3a00000|  0%| F|  |TAMS 0x00000000e3900000, 0x00000000e3900000| Untracked 
|  58|0x00000000e3a00000, 0x00000000e3a00000, 0x00000000e3b00000|  0%| F|  |TAMS 0x00000000e3a00000, 0x00000000e3a00000| Untracked 
|  59|0x00000000e3b00000, 0x00000000e3b00000, 0x00000000e3c00000|  0%| F|  |TAMS 0x00000000e3b00000, 0x00000000e3b00000| Untracked 
|  60|0x00000000e3c00000, 0x00000000e3c00000, 0x00000000e3d00000|  0%| F|  |TAMS 0x00000000e3c00000, 0x00000000e3c00000| Untracked 
|  61|0x00000000e3d00000, 0x00000000e3d00000, 0x00000000e3e00000|  0%| F|  |TAMS 0x00000000e3d00000, 0x00000000e3d00000| Untracked 
|  62|0x00000000e3e00000, 0x00000000e3e00000, 0x00000000e3f00000|  0%| F|  |TAMS 0x00000000e3e00000, 0x00000000e3e00000| Untracked 
|  63|0x00000000e3f00000, 0x00000000e3f00000, 0x00000000e4000000|  0%| F|  |TAMS 0x00000000e3f00000, 0x00000000e3f00000| Untracked 
|  64|0x00000000e4000000, 0x00000000e4000000, 0x00000000e4100000|  0%| F|  |TAMS 0x00000000e4000000, 0x00000000e4000000| Untracked 
|  65|0x00000000e4100000, 0x00000000e4100000, 0x00000000e4200000|  0%| F|  |TAMS 0x00000000e4100000, 0x00000000e4100000| Untracked 
|  66|0x00000000e4200000, 0x00000000e4200000, 0x00000000e4300000|  0%| F|  |TAMS 0x00000000e4200000, 0x00000000e4200000| Untracked 
|  67|0x00000000e4300000, 0x00000000e4300000, 0x00000000e4400000|  0%| F|  |TAMS 0x00000000e4300000, 0x00000000e4300000| Untracked 
|  68|0x00000000e4400000, 0x00000000e4400000, 0x00000000e4500000|  0%| F|  |TAMS 0x00000000e4400000, 0x00000000e4400000| Untracked 
|  69|0x00000000e4500000, 0x00000000e4500000, 0x00000000e4600000|  0%| F|  |TAMS 0x00000000e4500000, 0x00000000e4500000| Untracked 
|  70|0x00000000e4600000, 0x00000000e4600000, 0x00000000e4700000|  0%| F|  |TAMS 0x00000000e4600000, 0x00000000e4600000| Untracked 
|  71|0x00000000e4700000, 0x00000000e4700000, 0x00000000e4800000|  0%| F|  |TAMS 0x00000000e4700000, 0x00000000e4700000| Untracked 
|  72|0x00000000e4800000, 0x00000000e4800000, 0x00000000e4900000|  0%| F|  |TAMS 0x00000000e4800000, 0x00000000e4800000| Untracked 
|  73|0x00000000e4900000, 0x00000000e4943540, 0x00000000e4a00000| 26%| S|CS|TAMS 0x00000000e4900000, 0x00000000e4900000| Complete 
|  74|0x00000000e4a00000, 0x00000000e4b00000, 0x00000000e4b00000|100%| S|CS|TAMS 0x00000000e4a00000, 0x00000000e4a00000| Complete 
|  75|0x00000000e4b00000, 0x00000000e4b00000, 0x00000000e4c00000|  0%| F|  |TAMS 0x00000000e4b00000, 0x00000000e4b00000| Untracked 
|  76|0x00000000e4c00000, 0x00000000e4c00000, 0x00000000e4d00000|  0%| F|  |TAMS 0x00000000e4c00000, 0x00000000e4c00000| Untracked 
|  77|0x00000000e4d00000, 0x00000000e4d00000, 0x00000000e4e00000|  0%| F|  |TAMS 0x00000000e4d00000, 0x00000000e4d00000| Untracked 
|  78|0x00000000e4e00000, 0x00000000e4e00000, 0x00000000e4f00000|  0%| F|  |TAMS 0x00000000e4e00000, 0x00000000e4e00000| Untracked 
|  79|0x00000000e4f00000, 0x00000000e4f00000, 0x00000000e5000000|  0%| F|  |TAMS 0x00000000e4f00000, 0x00000000e4f00000| Untracked 
|  80|0x00000000e5000000, 0x00000000e5000000, 0x00000000e5100000|  0%| F|  |TAMS 0x00000000e5000000, 0x00000000e5000000| Untracked 
|  81|0x00000000e5100000, 0x00000000e5100000, 0x00000000e5200000|  0%| F|  |TAMS 0x00000000e5100000, 0x00000000e5100000| Untracked 
|  82|0x00000000e5200000, 0x00000000e5274260, 0x00000000e5300000| 45%| E|  |TAMS 0x00000000e5200000, 0x00000000e5200000| Complete 

Card table byte_map: [0x000001eee0970000,0x000001eee0a70000] _byte_map_base: 0x000001eee0270000

Marking Bits (Prev, Next): (CMBitMap*) 0x000001eec9291288, (CMBitMap*) 0x000001eec92912c0
 Prev Bits: [0x000001eee0b70000, 0x000001eee1370000)
 Next Bits: [0x000001eee1370000, 0x000001eee1b70000)

Polling page: 0x000001eec7050000

Metaspace:

Usage:
  Non-class:     35.20 MB capacity,    34.50 MB ( 98%) used,   585.98 KB (  2%) free+waste,   131.94 KB ( <1%) overhead. 
      Class:      4.81 MB capacity,     4.35 MB ( 90%) used,   414.61 KB (  8%) free+waste,    64.19 KB (  1%) overhead. 
       Both:     40.02 MB capacity,    38.85 MB ( 97%) used,  1000.59 KB (  2%) free+waste,   196.13 KB ( <1%) overhead. 

Virtual space:
  Non-class space:       42.00 MB reserved,      35.42 MB ( 84%) committed 
      Class space:        1.00 GB reserved,       4.88 MB ( <1%) committed 
             Both:        1.04 GB reserved,      40.30 MB (  4%) committed 

Chunk freelists:
   Non-Class:  33.00 KB
       Class:  0 bytes
        Both:  33.00 KB

MaxMetaspaceSize: 17179869184.00 GB
CompressedClassSpaceSize: 1.00 GB
Initial GC threshold: 20.80 MB
Current GC threshold: 66.45 MB
CDS: off

CodeHeap 'non-profiled nmethods': size=120064Kb used=2412Kb max_used=2412Kb free=117651Kb
 bounds [0x000001eed9430000, 0x000001eed96a0000, 0x000001eee0970000]
CodeHeap 'profiled nmethods': size=120000Kb used=7646Kb max_used=7646Kb free=112353Kb
 bounds [0x000001eed1f00000, 0x000001eed2680000, 0x000001eed9430000]
CodeHeap 'non-nmethods': size=5696Kb used=1273Kb max_used=1324Kb free=4422Kb
 bounds [0x000001eed1970000, 0x000001eed1be0000, 0x000001eed1f00000]
 total_blobs=4027 nmethods=3468 adapters=470
 compilation: enabled
              stopped_count=0, restarted_count=0
 full_count=0

Compilation events (20 events):
Event: 42.453 Thread 0x000001eee41a8800 nmethod 3569 0x000001eed266dd90 code [0x000001eed266e000, 0x000001eed266ecb8]
Event: 43.337 Thread 0x000001eee41a8800 3570       1       io.netty.util.HashedWheelTimer::access$1000 (5 bytes)
Event: 43.337 Thread 0x000001eee41a8800 nmethod 3570 0x000001eed9689710 code [0x000001eed96898c0, 0x000001eed9689958]
Event: 45.434 Thread 0x000001eee41a8800 3571       3       io.netty.util.internal.PlatformDependent::isWindows (4 bytes)
Event: 45.434 Thread 0x000001eee41a8800 nmethod 3571 0x000001eed266f190 code [0x000001eed266f340, 0x000001eed266f418]
Event: 45.497 Thread 0x000001eee41a5800 3572       4       org.aspectj.weaver.ReferenceType::isAssignableFrom (7 bytes)
Event: 45.498 Thread 0x000001eee41a5800 nmethod 3572 0x000001eed9689a10 code [0x000001eed9689ba0, 0x000001eed9689c18]
Event: 45.517 Thread 0x000001eee41a5800 3573  s    4       java.io.BufferedInputStream::read (113 bytes)
Event: 45.517 Thread 0x000001eee41a8800 3574 %     3       org.aspectj.weaver.TypeFactory::createTypeParams @ 30 (331 bytes)
Event: 45.527 Thread 0x000001eee41a8800 nmethod 3574% 0x000001eed266f490 code [0x000001eed266fa40, 0x000001eed2672d68]
Event: 45.542 Thread 0x000001eee41a5800 nmethod 3573 0x000001eed9689d10 code [0x000001eed9689f00, 0x000001eed968aa90]
Event: 45.542 Thread 0x000001eee41a5800 3578       4       org.aspectj.weaver.TypeFactory::createTypeFromSignature (985 bytes)
Event: 45.551 Thread 0x000001eee41a8800 3580       3       io.netty.util.internal.MathUtil::isOutOfBounds (24 bytes)
Event: 45.551 Thread 0x000001eee41a8800 nmethod 3580 0x000001eed2673f90 code [0x000001eed2674140, 0x000001eed2674298]
Event: 45.567 Thread 0x000001eee41a8800 3593       2       org.aspectj.weaver.AbstractReferenceTypeDelegate::getFormalTypeParametersFromOuterClass (271 bytes)
Event: 45.580 Thread 0x000001eee41a8800 nmethod 3593 0x000001eed2674310 code [0x000001eed2674780, 0x000001eed2675648]
Event: 45.583 Thread 0x000001eee41a8800 3594       2       io.netty.util.AsciiString::<init> (131 bytes)
Event: 45.585 Thread 0x000001eee41a8800 nmethod 3594 0x000001eed2676010 code [0x000001eed26762a0, 0x000001eed2676a58]
Event: 45.728 Thread 0x000001eee41a8800 3601       2       java.lang.invoke.MethodHandles$Lookup::checkField (56 bytes)
Event: 45.729 Thread 0x000001eee41a8800 nmethod 3601 0x000001eed2676e90 code [0x000001eed2677060, 0x000001eed2677218]

GC Heap History (20 events):
Event: 37.380 GC heap before
{Heap before GC invocations=68 (full 0):
 garbage-first heap   total 63488K, used 52884K [0x00000000e0000000, 0x0000000100000000)
  region size 1024K, 3 young (3072K), 1 survivors (1024K)
 Metaspace       used 38652K, capacity 39807K, committed 39984K, reserved 1085440K
  class space    used 4281K, capacity 4731K, committed 4736K, reserved 1048576K
}
Event: 37.384 GC heap after
{Heap after GC invocations=69 (full 0):
 garbage-first heap   total 63488K, used 51056K [0x00000000e0000000, 0x0000000100000000)
  region size 1024K, 1 young (1024K), 1 survivors (1024K)
 Metaspace       used 38652K, capacity 39807K, committed 39984K, reserved 1085440K
  class space    used 4281K, capacity 4731K, committed 4736K, reserved 1048576K
}
Event: 37.421 GC heap before
{Heap before GC invocations=69 (full 0):
 garbage-first heap   total 63488K, used 53104K [0x00000000e0000000, 0x0000000100000000)
  region size 1024K, 3 young (3072K), 1 survivors (1024K)
 Metaspace       used 38724K, capacity 39903K, committed 40112K, reserved 1085440K
  class space    used 4290K, capacity 4763K, committed 4864K, reserved 1048576K
}
Event: 37.424 GC heap after
{Heap after GC invocations=70 (full 0):
 garbage-first heap   total 63488K, used 51130K [0x00000000e0000000, 0x0000000100000000)
  region size 1024K, 1 young (1024K), 1 survivors (1024K)
 Metaspace       used 38724K, capacity 39903K, committed 40112K, reserved 1085440K
  class space    used 4290K, capacity 4763K, committed 4864K, reserved 1048576K
}
Event: 37.458 GC heap before
{Heap before GC invocations=70 (full 0):
 garbage-first heap   total 63488K, used 53178K [0x00000000e0000000, 0x0000000100000000)
  region size 1024K, 3 young (3072K), 1 survivors (1024K)
 Metaspace       used 38840K, capacity 39967K, committed 40112K, reserved 1085440K
  class space    used 4307K, capacity 4763K, committed 4864K, reserved 1048576K
}
Event: 37.460 GC heap after
{Heap after GC invocations=71 (full 0):
 garbage-first heap   total 63488K, used 51184K [0x00000000e0000000, 0x0000000100000000)
  region size 1024K, 1 young (1024K), 1 survivors (1024K)
 Metaspace       used 38840K, capacity 39967K, committed 40112K, reserved 1085440K
  class space    used 4307K, capacity 4763K, committed 4864K, reserved 1048576K
}
Event: 37.489 GC heap before
{Heap before GC invocations=71 (full 0):
 garbage-first heap   total 63488K, used 53232K [0x00000000e0000000, 0x0000000100000000)
  region size 1024K, 3 young (3072K), 1 survivors (1024K)
 Metaspace       used 38937K, capacity 40063K, committed 40368K, reserved 1085440K
  class space    used 4329K, capacity 4795K, committed 4864K, reserved 1048576K
}
Event: 37.491 GC heap after
{Heap after GC invocations=72 (full 0):
 garbage-first heap   total 63488K, used 51354K [0x00000000e0000000, 0x0000000100000000)
  region size 1024K, 1 young (1024K), 1 survivors (1024K)
 Metaspace       used 38937K, capacity 40063K, committed 40368K, reserved 1085440K
  class space    used 4329K, capacity 4795K, committed 4864K, reserved 1048576K
}
Event: 37.536 GC heap before
{Heap before GC invocations=72 (full 0):
 garbage-first heap   total 63488K, used 53402K [0x00000000e0000000, 0x0000000100000000)
  region size 1024K, 3 young (3072K), 1 survivors (1024K)
 Metaspace       used 39038K, capacity 40191K, committed 40368K, reserved 1085440K
  class space    used 4347K, capacity 4795K, committed 4864K, reserved 1048576K
}
Event: 37.539 GC heap after
{Heap after GC invocations=73 (full 0):
 garbage-first heap   total 63488K, used 51451K [0x00000000e0000000, 0x0000000100000000)
  region size 1024K, 1 young (1024K), 1 survivors (1024K)
 Metaspace       used 39038K, capacity 40191K, committed 40368K, reserved 1085440K
  class space    used 4347K, capacity 4795K, committed 4864K, reserved 1048576K
}
Event: 37.598 GC heap before
{Heap before GC invocations=73 (full 0):
 garbage-first heap   total 63488K, used 53499K [0x00000000e0000000, 0x0000000100000000)
  region size 1024K, 3 young (3072K), 1 survivors (1024K)
 Metaspace       used 39147K, capacity 40287K, committed 40368K, reserved 1085440K
  class space    used 4358K, capacity 4827K, committed 4864K, reserved 1048576K
}
Event: 37.601 GC heap after
{Heap after GC invocations=74 (full 0):
 garbage-first heap   total 63488K, used 51592K [0x00000000e0000000, 0x0000000100000000)
  region size 1024K, 1 young (1024K), 1 survivors (1024K)
 Metaspace       used 39147K, capacity 40287K, committed 40368K, reserved 1085440K
  class space    used 4358K, capacity 4827K, committed 4864K, reserved 1048576K
}
Event: 37.654 GC heap before
{Heap before GC invocations=75 (full 0):
 garbage-first heap   total 63488K, used 53640K [0x00000000e0000000, 0x0000000100000000)
  region size 1024K, 3 young (3072K), 1 survivors (1024K)
 Metaspace       used 39221K, capacity 40354K, committed 40624K, reserved 1085440K
  class space    used 4371K, capacity 4828K, committed 4864K, reserved 1048576K
}
Event: 37.656 GC heap after
{Heap after GC invocations=76 (full 0):
 garbage-first heap   total 63488K, used 51634K [0x00000000e0000000, 0x0000000100000000)
  region size 1024K, 1 young (1024K), 1 survivors (1024K)
 Metaspace       used 39221K, capacity 40354K, committed 40624K, reserved 1085440K
  class space    used 4371K, capacity 4828K, committed 4864K, reserved 1048576K
}
Event: 37.682 GC heap before
{Heap before GC invocations=76 (full 0):
 garbage-first heap   total 63488K, used 53682K [0x00000000e0000000, 0x0000000100000000)
  region size 1024K, 3 young (3072K), 1 survivors (1024K)
 Metaspace       used 39293K, capacity 40418K, committed 40624K, reserved 1085440K
  class space    used 4381K, capacity 4828K, committed 4864K, reserved 1048576K
}
Event: 37.684 GC heap after
{Heap after GC invocations=77 (full 0):
 garbage-first heap   total 63488K, used 51685K [0x00000000e0000000, 0x0000000100000000)
  region size 1024K, 1 young (1024K), 1 survivors (1024K)
 Metaspace       used 39293K, capacity 40418K, committed 40624K, reserved 1085440K
  class space    used 4381K, capacity 4828K, committed 4864K, reserved 1048576K
}
Event: 37.771 GC heap before
{Heap before GC invocations=77 (full 0):
 garbage-first heap   total 63488K, used 53733K [0x00000000e0000000, 0x0000000100000000)
  region size 1024K, 3 young (3072K), 1 survivors (1024K)
 Metaspace       used 39339K, capacity 40514K, committed 40624K, reserved 1085440K
  class space    used 4389K, capacity 4860K, committed 4864K, reserved 1048576K
}
Event: 37.774 GC heap after
{Heap after GC invocations=78 (full 0):
 garbage-first heap   total 63488K, used 51809K [0x00000000e0000000, 0x0000000100000000)
  region size 1024K, 1 young (1024K), 1 survivors (1024K)
 Metaspace       used 39339K, capacity 40514K, committed 40624K, reserved 1085440K
  class space    used 4389K, capacity 4860K, committed 4864K, reserved 1048576K
}
Event: 37.806 GC heap before
{Heap before GC invocations=78 (full 0):
 garbage-first heap   total 63488K, used 53857K [0x00000000e0000000, 0x0000000100000000)
  region size 1024K, 3 young (3072K), 1 survivors (1024K)
 Metaspace       used 39411K, capacity 40514K, committed 40624K, reserved 1085440K
  class space    used 4400K, capacity 4860K, committed 4864K, reserved 1048576K
}
Event: 37.811 GC heap after
{Heap after GC invocations=79 (full 0):
 garbage-first heap   total 84992K, used 52096K [0x00000000e0000000, 0x0000000100000000)
  region size 1024K, 1 young (1024K), 1 survivors (1024K)
 Metaspace       used 39411K, capacity 40514K, committed 40624K, reserved 1085440K
  class space    used 4400K, capacity 4860K, committed 4864K, reserved 1048576K
}

Deoptimization events (20 events):
Event: 37.033 Thread 0x000001eec9268800 DEOPT PACKING pc=0x000001eed2326f9a sp=0x00000053dd4f4e00
Event: 37.033 Thread 0x000001eec9268800 DEOPT UNPACKING pc=0x000001eed19ba95e sp=0x00000053dd4f42f8 mode 0
Event: 37.461 Thread 0x000001eee8f7e000 DEOPT PACKING pc=0x000001eed23c16ea sp=0x00000053df5f8e30
Event: 37.461 Thread 0x000001eee8f7e000 DEOPT UNPACKING pc=0x000001eed19ba95e sp=0x00000053df5f8568 mode 0
Event: 37.659 Thread 0x000001eee8f7e000 DEOPT PACKING pc=0x000001eed206094c sp=0x00000053df5fa090
Event: 37.659 Thread 0x000001eee8f7e000 DEOPT UNPACKING pc=0x000001eed19ba95e sp=0x00000053df5f9630 mode 0
Event: 37.734 Thread 0x000001eee8f7e000 DEOPT PACKING pc=0x000001eed23c16ea sp=0x00000053df5f85a0
Event: 37.734 Thread 0x000001eee8f7e000 DEOPT UNPACKING pc=0x000001eed19ba95e sp=0x00000053df5f7cd8 mode 0
Event: 37.879 Thread 0x000001eee8f7e000 Uncommon trap: trap_request=0xffffffde fr.pc=0x000001eed963700c relative=0x000000000000024c
Event: 37.879 Thread 0x000001eee8f7e000 Uncommon trap: reason=class_check action=maybe_recompile pc=0x000001eed963700c method=java.nio.DirectByteBuffer.<init>(Lsun/nio/ch/DirectBuffer;IIIII)V @ 12 c2
Event: 37.879 Thread 0x000001eee8f7e000 DEOPT PACKING pc=0x000001eed963700c sp=0x00000053df5fdaf0
Event: 37.879 Thread 0x000001eee8f7e000 DEOPT UNPACKING pc=0x000001eed19ba1af sp=0x00000053df5fdae8 mode 2
Event: 37.879 Thread 0x000001eee8f7e000 Uncommon trap: trap_request=0xffffffde fr.pc=0x000001eed963700c relative=0x000000000000024c
Event: 37.879 Thread 0x000001eee8f7e000 Uncommon trap: reason=class_check action=maybe_recompile pc=0x000001eed963700c method=java.nio.DirectByteBuffer.<init>(Lsun/nio/ch/DirectBuffer;IIIII)V @ 12 c2
Event: 37.879 Thread 0x000001eee8f7e000 DEOPT PACKING pc=0x000001eed963700c sp=0x00000053df5fdaf0
Event: 37.879 Thread 0x000001eee8f7e000 DEOPT UNPACKING pc=0x000001eed19ba1af sp=0x00000053df5fdae8 mode 2
Event: 45.513 Thread 0x000001eee8f7e000 Uncommon trap: trap_request=0xffffffde fr.pc=0x000001eed963700c relative=0x000000000000024c
Event: 45.513 Thread 0x000001eee8f7e000 Uncommon trap: reason=class_check action=maybe_recompile pc=0x000001eed963700c method=java.nio.DirectByteBuffer.<init>(Lsun/nio/ch/DirectBuffer;IIIII)V @ 12 c2
Event: 45.513 Thread 0x000001eee8f7e000 DEOPT PACKING pc=0x000001eed963700c sp=0x00000053df5fecd0
Event: 45.513 Thread 0x000001eee8f7e000 DEOPT UNPACKING pc=0x000001eed19ba1af sp=0x00000053df5fecc8 mode 2

Classes redefined (0 events):
No events

Internal exceptions (20 events):
Event: 19.588 Thread 0x000001eee8886800 Exception <a 'java/lang/NoSuchMethodError'{0x00000000e3d9d568}: 'java.lang.Object java.lang.invoke.DirectMethodHandle$Holder.invokeStaticInit(java.lang.Object, java.lang.Object, long, java.lang.Object)'> (0x00000000e3d9d568) thrown at [./src/hotspot/share/interpreter/linkResolver.cpp, line 773]
Event: 19.589 Thread 0x000001eee8886800 Exception <a 'java/lang/NoSuchMethodError'{0x00000000e3da2fd0}: 'java.lang.Object java.lang.invoke.DirectMethodHandle$Holder.invokeStatic(java.lang.Object, java.lang.Object, long)'> (0x00000000e3da2fd0) thrown at [./src/hotspot/share/interpreter/linkResolver.cpp, line 773]
Event: 19.590 Thread 0x000001eee8886800 Exception <a 'java/lang/NoSuchMethodError'{0x00000000e3da94e0}: 'java.lang.Object java.lang.invoke.Invokers$Holder.linkToTargetMethod(java.lang.Object, long, java.lang.Object)'> (0x00000000e3da94e0) thrown at [./src/hotspot/share/interpreter/linkResolver.cpp, line 773]
Event: 28.831 Thread 0x000001eec9268800 Exception <a 'java/lang/NoSuchMethodError'{0x00000000e3b73e50}: 'double java.lang.invoke.DirectMethodHandle$Holder.invokeVirtual(java.lang.Object, java.lang.Object)'> (0x00000000e3b73e50) thrown at [./src/hotspot/share/interpreter/linkResolver.cpp, line 773]
Event: 28.833 Thread 0x000001eec9268800 Exception <a 'java/lang/NoSuchMethodError'{0x00000000e3b7a408}: 'float java.lang.invoke.DirectMethodHandle$Holder.invokeVirtual(java.lang.Object, java.lang.Object)'> (0x00000000e3b7a408) thrown at [./src/hotspot/share/interpreter/linkResolver.cpp, line 773]
Event: 28.837 Thread 0x000001eec9268800 Exception <a 'java/lang/NoSuchMethodError'{0x00000000e3b830f8}: 'long java.lang.invoke.DirectMethodHandle$Holder.invokeVirtual(java.lang.Object, java.lang.Object)'> (0x00000000e3b830f8) thrown at [./src/hotspot/share/interpreter/linkResolver.cpp, line 773]
Event: 29.762 Thread 0x000001eec9268800 Exception <a 'java/lang/NoClassDefFoundError'{0x00000000e35fdb90}> (0x00000000e35fdb90) thrown at [./src/hotspot/share/oops/instanceKlass.cpp, line 1029]
Event: 29.794 Thread 0x000001eec9268800 Exception <a 'java/lang/NoClassDefFoundError'{0x00000000e3464e88}: org/apache/logging/log4j/spi/ExtendedLoggerWrapper> (0x00000000e3464e88) thrown at [./src/hotspot/share/classfile/systemDictionary.cpp, line 219]
Event: 29.807 Thread 0x000001eec9268800 Exception <a 'java/lang/NoClassDefFoundError'{0x00000000e34aafe0}: org/apache/log4j/Priority> (0x00000000e34aafe0) thrown at [./src/hotspot/share/classfile/systemDictionary.cpp, line 219]
Event: 31.014 Thread 0x000001eec9268800 Exception <a 'sun/nio/fs/WindowsException'{0x00000000e3281280}> (0x00000000e3281280) thrown at [./src/hotspot/share/prims/jni.cpp, line 617]
Event: 31.133 Thread 0x000001eec9268800 Exception <a 'java/lang/NoSuchMethodError'{0x00000000e32b0550}: 'int java.lang.invoke.DirectMethodHandle$Holder.invokeStaticInit(java.lang.Object, java.lang.Object, java.lang.Object, java.lang.Object)'> (0x00000000e32b0550) thrown at [./src/hotspot/share/interpreter/linkResolver.cpp, line 773]
Event: 31.134 Thread 0x000001eec9268800 Exception <a 'java/lang/IncompatibleClassChangeError'{0x00000000e32b9a10}: Found class java.lang.Object, but interface was expected> (0x00000000e32b9a10) thrown at [./src/hotspot/share/interpreter/linkResolver.cpp, line 839]
Event: 33.306 Thread 0x000001eec9268800 Exception <a 'java/lang/IncompatibleClassChangeError'{0x00000000e3914728}: Found class java.lang.Object, but interface was expected> (0x00000000e3914728) thrown at [./src/hotspot/share/interpreter/linkResolver.cpp, line 839]
Event: 34.412 Thread 0x000001eee8885000 Exception <a 'java/net/ConnectException'{0x00000000e38d49a0}: Connection refused: connect> (0x00000000e38d49a0) thrown at [./src/hotspot/share/prims/jni.cpp, line 638]
Event: 34.425 Thread 0x000001eee8885000 Exception <a 'java/net/ConnectException'{0x00000000e38dd008}: Connection refused: connect> (0x00000000e38dd008) thrown at [./src/hotspot/share/prims/jni.cpp, line 638]
Event: 34.457 Thread 0x000001eee8885000 Exception <a 'java/net/ConnectException'{0x00000000e38ddf88}: Connection refused: connect> (0x00000000e38ddf88) thrown at [./src/hotspot/share/prims/jni.cpp, line 638]
Event: 34.505 Thread 0x000001eee8885000 Exception <a 'java/net/ConnectException'{0x00000000e38def08}: Connection refused: connect> (0x00000000e38def08) thrown at [./src/hotspot/share/prims/jni.cpp, line 638]
Event: 35.113 Thread 0x000001eec9268800 Exception <a 'java/lang/NoSuchMethodError'{0x00000000e399c430}: 'java.lang.Object java.lang.invoke.Invokers$Holder.linkToTargetMethod(java.lang.Object, int, int, java.lang.Object)'> (0x00000000e399c430) thrown at [./src/hotspot/share/interpreter/linkResolver.cpp, line 773]
Event: 35.119 Thread 0x000001eec9268800 Exception <a 'java/lang/NoSuchMethodError'{0x00000000e39a85a0}: 'void java.lang.invoke.DirectMethodHandle$Holder.invokeStatic(java.lang.Object, java.lang.Object, int)'> (0x00000000e39a85a0) thrown at [./src/hotspot/share/interpreter/linkResolver.cpp, line 773]
Event: 35.405 Thread 0x000001eec9268800 Exception <a 'java/lang/NoSuchMethodError'{0x00000000e3ac8ea0}: 'int java.lang.invoke.DirectMethodHandle$Holder.invokeSpecialIFC(java.lang.Object, java.lang.Object, java.lang.Object)'> (0x00000000e3ac8ea0) thrown at [./src/hotspot/share/interpreter/linkResolver.cpp, line 773]

Events (20 events):
Event: 45.669 loading class io/netty/handler/codec/http/DefaultHttpContent
Event: 45.669 loading class io/netty/handler/codec/http/DefaultHttpContent done
Event: 45.675 loading class io/netty/handler/codec/http/DefaultLastHttpContent$TrailingHttpHeaders
Event: 45.675 loading class io/netty/handler/codec/http/DefaultLastHttpContent$TrailingHttpHeaders done
Event: 45.679 loading class io/netty/handler/codec/http/DefaultLastHttpContent$TrailingHttpHeaders$1
Event: 45.679 loading class io/netty/handler/codec/http/DefaultLastHttpContent$TrailingHttpHeaders$1 done
Event: 45.696 loading class org/asynchttpclient/netty/util/ByteBufUtils
Event: 45.696 loading class org/asynchttpclient/netty/util/ByteBufUtils done
Event: 45.715 loading class org/asynchttpclient/netty/DiscardEvent
Event: 45.715 loading class org/asynchttpclient/netty/DiscardEvent done
Event: 45.719 loading class java/util/concurrent/ConcurrentLinkedDeque
Event: 45.724 loading class java/util/concurrent/ConcurrentLinkedDeque done
Event: 45.726 loading class java/util/concurrent/ConcurrentLinkedDeque$Node
Event: 45.726 loading class java/util/concurrent/ConcurrentLinkedDeque$Node done
Event: 45.728 loading class org/asynchttpclient/netty/channel/DefaultChannelPool$IdleChannel
Event: 45.728 loading class org/asynchttpclient/netty/channel/DefaultChannelPool$IdleChannel done
Event: 45.738 loading class org/asynchttpclient/netty/NettyResponse
Event: 45.738 loading class org/asynchttpclient/netty/NettyResponse done
Event: 45.747 loading class org/asynchttpclient/netty/handler/StreamedResponsePublisher
Event: 45.747 loading class org/asynchttpclient/netty/handler/StreamedResponsePublisher done


Dynamic libraries:
0x00007ff663eb0000 - 0x00007ff663ebd000 	C:\Users\1\.jdks\corretto-11.0.18\bin\java.exe
0x00007ffb32c50000 - 0x00007ffb32e48000 	C:\WINDOWS\SYSTEM32\ntdll.dll
0x00007ffb30e60000 - 0x00007ffb30f1d000 	C:\WINDOWS\System32\KERNEL32.DLL
0x00007ffb304f0000 - 0x00007ffb307e6000 	C:\WINDOWS\System32\KERNELBASE.dll
0x00007ffb30b80000 - 0x00007ffb30c80000 	C:\WINDOWS\System32\ucrtbase.dll
0x00007ffb28c30000 - 0x00007ffb28c49000 	C:\Users\1\.jdks\corretto-11.0.18\bin\VCRUNTIME140.dll
0x00007ffb28c50000 - 0x00007ffb28c67000 	C:\Users\1\.jdks\corretto-11.0.18\bin\jli.dll
0x00007ffb31000000 - 0x00007ffb3119e000 	C:\WINDOWS\System32\USER32.dll
0x00007ffb20830000 - 0x00007ffb20aca000 	C:\WINDOWS\WinSxS\amd64_microsoft.windows.common-controls_6595b64144ccf1df_6.0.19041.1110_none_60b5254171f9507e\COMCTL32.dll
0x00007ffb30c80000 - 0x00007ffb30ca2000 	C:\WINDOWS\System32\win32u.dll
0x00007ffb325c0000 - 0x00007ffb3265e000 	C:\WINDOWS\System32\msvcrt.dll
0x00007ffb30f20000 - 0x00007ffb30f4c000 	C:\WINDOWS\System32\GDI32.dll
0x00007ffb303d0000 - 0x00007ffb304ea000 	C:\WINDOWS\System32\gdi32full.dll
0x00007ffb30ae0000 - 0x00007ffb30b7d000 	C:\WINDOWS\System32\msvcp_win.dll
0x00007ffb32aa0000 - 0x00007ffb32ad0000 	C:\WINDOWS\System32\IMM32.DLL
0x00007ffb30130000 - 0x00007ffb30166000 	C:\WINDOWS\system32\DriverStore\FileRepository\nvam.inf_amd64_20c0bba34ffd86ca\nvinitx.dll
0x00007ffb31400000 - 0x00007ffb314ae000 	C:\WINDOWS\System32\ADVAPI32.dll
0x00007ffb31360000 - 0x00007ffb313fc000 	C:\WINDOWS\System32\sechost.dll
0x00007ffb311b0000 - 0x00007ffb312d6000 	C:\WINDOWS\System32\RPCRT4.dll
0x00007ffb30120000 - 0x00007ffb3012a000 	C:\WINDOWS\SYSTEM32\VERSION.dll
0x00007ffb315d0000 - 0x00007ffb31d15000 	C:\WINDOWS\System32\Shell32.dll
0x00007ffb2e330000 - 0x00007ffb2eacb000 	C:\WINDOWS\SYSTEM32\windows.storage.dll
0x00007ffb326c0000 - 0x00007ffb32a14000 	C:\WINDOWS\System32\combase.dll
0x00007ffb2fb70000 - 0x00007ffb2fb9e000 	C:\WINDOWS\SYSTEM32\Wldp.dll
0x00007ffb31d20000 - 0x00007ffb31dcd000 	C:\WINDOWS\System32\SHCORE.dll
0x00007ffb32bb0000 - 0x00007ffb32c05000 	C:\WINDOWS\System32\shlwapi.dll
0x0000000065cd0000 - 0x0000000065cd6000 	C:\Program Files\NVIDIA Corporation\CoProcManager\_etoured.dll
0x00007ffb27220000 - 0x00007ffb27263000 	C:\Program Files\NVIDIA Corporation\CoProcManager\nvd3d9wrapx.dll
0x00007ffb31ec0000 - 0x00007ffb3232e000 	C:\WINDOWS\System32\SETUPAPI.dll
0x00007ffb307f0000 - 0x00007ffb3083e000 	C:\WINDOWS\System32\cfgmgr32.dll
0x00007ffb303a0000 - 0x00007ffb303c7000 	C:\WINDOWS\System32\bcrypt.dll
0x00007ffb26930000 - 0x00007ffb2695d000 	C:\Program Files\NVIDIA Corporation\CoProcManager\nvdxgiwrapx.dll
0x00007ffb12260000 - 0x00007ffb122fb000 	C:\Users\1\.jdks\corretto-11.0.18\bin\msvcp140.dll
0x00007ffadb080000 - 0x00007ffadbc0a000 	C:\Users\1\.jdks\corretto-11.0.18\bin\server\jvm.dll
0x00007ffb32a90000 - 0x00007ffb32a98000 	C:\WINDOWS\System32\PSAPI.DLL
0x00007ffb22b20000 - 0x00007ffb22b47000 	C:\WINDOWS\SYSTEM32\WINMM.dll
0x00007ffb1bda0000 - 0x00007ffb1bda9000 	C:\WINDOWS\SYSTEM32\WSOCK32.dll
0x00007ffb32a20000 - 0x00007ffb32a8b000 	C:\WINDOWS\System32\WS2_32.dll
0x00007ffb2e130000 - 0x00007ffb2e142000 	C:\WINDOWS\SYSTEM32\kernel.appcore.dll
0x00007ffb2c140000 - 0x00007ffb2c150000 	C:\Users\1\.jdks\corretto-11.0.18\bin\verify.dll
0x00007ffb1c470000 - 0x00007ffb1c654000 	C:\WINDOWS\SYSTEM32\DBGHELP.DLL
0x00007ffb1c350000 - 0x00007ffb1c384000 	C:\WINDOWS\SYSTEM32\dbgcore.DLL
0x00007ffb30840000 - 0x00007ffb308c2000 	C:\WINDOWS\System32\bcryptPrimitives.dll
0x00007ffb28aa0000 - 0x00007ffb28ac8000 	C:\Users\1\.jdks\corretto-11.0.18\bin\java.dll
0x00007ffb2c120000 - 0x00007ffb2c12a000 	C:\Users\1\.jdks\corretto-11.0.18\bin\jimage.dll
0x00007ffb28ae0000 - 0x00007ffb28aee000 	C:\Users\1\.jdks\corretto-11.0.18\bin\instrument.dll
0x00007ffb28080000 - 0x00007ffb28098000 	C:\Users\1\.jdks\corretto-11.0.18\bin\zip.dll
0x00007ffb30260000 - 0x00007ffb30285000 	C:\WINDOWS\SYSTEM32\profapi.dll
0x00007ffb260e0000 - 0x00007ffb260f9000 	C:\Users\1\.jdks\corretto-11.0.18\bin\net.dll
0x00007ffb27d70000 - 0x00007ffb27e7a000 	C:\WINDOWS\SYSTEM32\WINHTTP.dll
0x00007ffb2f950000 - 0x00007ffb2f9ba000 	C:\WINDOWS\system32\mswsock.dll
0x00007ffb26030000 - 0x00007ffb26043000 	C:\Users\1\.jdks\corretto-11.0.18\bin\nio.dll
0x00007ffb2feb0000 - 0x00007ffb2fec8000 	C:\WINDOWS\SYSTEM32\CRYPTSP.dll
0x00007ffb2f280000 - 0x00007ffb2f2b4000 	C:\WINDOWS\system32\rsaenh.dll
0x00007ffb30220000 - 0x00007ffb3024e000 	C:\WINDOWS\SYSTEM32\USERENV.dll
0x00007ffb2fae0000 - 0x00007ffb2faec000 	C:\WINDOWS\SYSTEM32\CRYPTBASE.dll
0x00007ffb2f660000 - 0x00007ffb2f69b000 	C:\WINDOWS\SYSTEM32\IPHLPAPI.DLL
0x00007ffb31eb0000 - 0x00007ffb31eb8000 	C:\WINDOWS\System32\NSI.dll
0x00007ffb29480000 - 0x00007ffb29497000 	C:\WINDOWS\SYSTEM32\dhcpcsvc6.DLL
0x00007ffb29550000 - 0x00007ffb2956d000 	C:\WINDOWS\SYSTEM32\dhcpcsvc.DLL
0x00007ffb2f6a0000 - 0x00007ffb2f76a000 	C:\WINDOWS\SYSTEM32\DNSAPI.dll
0x00007ffaf88f0000 - 0x00007ffaf8907000 	C:\WINDOWS\system32\napinsp.dll
0x00007ffaf88d0000 - 0x00007ffaf88eb000 	C:\WINDOWS\system32\pnrpnsp.dll
0x00007ffb2b370000 - 0x00007ffb2b385000 	C:\WINDOWS\system32\wshbth.dll
0x00007ffb2bb30000 - 0x00007ffb2bb4d000 	C:\WINDOWS\system32\NLAapi.dll
0x00007ffaf88b0000 - 0x00007ffaf88c2000 	C:\WINDOWS\System32\winrnr.dll
0x00007ffb233a0000 - 0x00007ffb233aa000 	C:\Windows\System32\rasadhlp.dll
0x00007ffb24510000 - 0x00007ffb24592000 	C:\WINDOWS\System32\fwpuclnt.dll
0x00007ffb2c0c0000 - 0x00007ffb2c0c9000 	C:\Users\1\.jdks\corretto-11.0.18\bin\management.dll
0x00007ffb28bc0000 - 0x00007ffb28bcb000 	C:\Users\1\.jdks\corretto-11.0.18\bin\management_ext.dll
0x00007ffb2da60000 - 0x00007ffb2daf1000 	C:\WINDOWS\system32\apphelp.dll
0x00007ffb2c0b0000 - 0x00007ffb2c0be000 	C:\Users\1\.jdks\corretto-11.0.18\bin\sunmscapi.dll
0x00007ffb308d0000 - 0x00007ffb30a2e000 	C:\WINDOWS\System32\CRYPT32.dll
0x00007ffb2fbe0000 - 0x00007ffb2fc08000 	C:\WINDOWS\SYSTEM32\ncrypt.dll
0x00007ffb2fba0000 - 0x00007ffb2fbdb000 	C:\WINDOWS\SYSTEM32\NTASN1.dll
0x00007ffb28d50000 - 0x00007ffb28d75000 	C:\Users\1\.jdks\corretto-11.0.18\bin\sunec.dll

dbghelp: loaded successfully - version: 4.0.5 - missing functions: none
symbol engine: initialized successfully - sym options: 0x614 - pdb path: .;C:\Users\1\.jdks\corretto-11.0.18\bin;C:\WINDOWS\SYSTEM32;C:\WINDOWS\WinSxS\amd64_microsoft.windows.common-controls_6595b64144ccf1df_6.0.19041.1110_none_60b5254171f9507e;C:\WINDOWS\system32\DriverStore\FileRepository\nvam.inf_amd64_20c0bba34ffd86ca;C:\Program Files\NVIDIA Corporation\CoProcManager;C:\Users\1\.jdks\corretto-11.0.18\bin\server

VM Arguments:
jvm_args: -Dallure.results.directory=C:\Users\1\IdeaProjects\QA-diploma\build\allure-results -Ddb.pass=pass -Ddb.url=jdbc:mysql://localhost:3306/app -Ddb.user=app -Djunit.jupiter.extensions.autodetection.enabled=true -Dorg.gradle.internal.worker.tmpdir=C:\Users\1\IdeaProjects\QA-diploma\build\tmp\test\work -Dorg.gradle.native=false -Dselenide.headless -javaagent:C:\Users\1\.gradle\caches\modules-2\files-2.1\org.aspectj\aspectjweaver\1.9.9.1\dcd2703279a94ad909fa3f3d08671cb0f2dabf7\aspectjweaver-1.9.9.1.jar -Xmx512m -Dfile.encoding=windows-1251 -Duser.country=RU -Duser.language=ru -Duser.variant -ea 
java_command: worker.org.gradle.process.internal.worker.GradleWorkerMain 'Gradle Test Executor 1'
java_class_path (initial): C:\\Users\\1\\.gradle\\caches\\7.5.1\\workerMain\\gradle-worker.jar;C:\\Users\\1\\IdeaProjects\\QA-diploma\\build\\classes\\java\\test;C:\\Users\\1\\IdeaProjects\\QA-diploma\\build\\classes\\java\\main;C:\\Users\\1\\.gradle\\caches\\modules-2\\files-2.1\\org.junit.jupiter\\junit-jupiter-params\\5.9.2\\bc2765afb7b85b583c710dd259a11c6b8c39e912\\junit-jupiter-params-5.9.2.jar;C:\\Users\\1\\.gradle\\caches\\modules-2\\files-2.1\\org.junit.jupiter\\junit-jupiter-engine\\5.9.2\\572f7a553b53f83ee59cc045ce1c3772864ab76c\\junit-jupiter-engine-5.9.2.jar;C:\\Users\\1\\.gradle\\caches\\modules-2\\files-2.1\\io.qameta.allure\\allure-junit5\\2.20.1\\4dd0476b2b3faf26719200407a2ecfd0cd3b4de9\\allure-junit5-2.20.1.jar;C:\\Users\\1\\.gradle\\caches\\modules-2\\files-2.1\\io.qameta.allure\\allure-junit-platform\\2.20.1\\eed7d32afe119e7897123e4183921e311dae509f\\allure-junit-platform-2.20.1.jar;C:\\Users\\1\\.gradle\\caches\\modules-2\\files-2.1\\org.junit.jupiter\\junit-jupiter-api\\5.9.2\\fed843581520eac594bc36bb4b0f55e7b947dda9\\junit-jupiter-api-5.9.2.jar;C:\\Users\\1\\.gradle\\caches\\modules-2\\files-2.1\\org.junit.platform\\junit-platform-launcher\\1.9.2\\38e0bfad8c57d4cd1a8f27926c25ffe9543068d6\\junit-platform-launcher-1.9.2.jar;C:\\Users\\1\\.gradle\\caches\\modules-2\\files-2.1\\org.junit.platform\\junit-platform-engine\\1.9.2\\40aeef2be7b04f96bb91e8b054affc28b7c7c935\\junit-platform-engine-1.9.2.jar;C:\\Users\\1\\.gradle\\caches\\modules-2\\files-2.1\\org.junit.platform\\junit-platform-commons\\1.9.2\\6f9f8621d8230cd38aa42e58ccbc0c00569131ce\\junit-platform-commons-1.9.2.jar;C:\\Users\\1\\.gradle\\caches\\modules-2\\files-2.1\\org.junit.jupiter\\junit-jupiter\\5.9.2\\26c586fbe0ebd81b48c9f11f0d998124248697ae\\junit-jupiter-5.9.2.jar;C:\\Users\\1\\.gradle\\caches\\modules-2\\files-2.1\\com.codeborne\\selenide\\6.19.0\\8bf12cbbef1f2b4f6833f0cc2f0b13b72f388c97\\selenide-6.19.0.jar;C:\\Users\\1\\.gradle\\caches\\modules-2\\files-2.1\\org.postgresql\\p
Launcher Type: SUN_STANDARD

[Global flags]
     intx CICompilerCount                          = 3                                         {product} {ergonomic}
     uint ConcGCThreads                            = 1                                         {product} {ergonomic}
     uint G1ConcRefinementThreads                  = 4                                         {product} {ergonomic}
   size_t G1HeapRegionSize                         = 1048576                                   {product} {ergonomic}
    uintx GCDrainStackTargetSize                   = 64                                        {product} {ergonomic}
   size_t InitialHeapSize                          = 44040192                                  {product} {ergonomic}
   size_t MarkStackSize                            = 4194304                                   {product} {ergonomic}
   size_t MaxHeapSize                              = 536870912                                 {product} {command line}
   size_t MaxNewSize                               = 321912832                                 {product} {ergonomic}
   size_t MinHeapDeltaBytes                        = 1048576                                   {product} {ergonomic}
    uintx NonNMethodCodeHeapSize                   = 5830732                                {pd product} {ergonomic}
    uintx NonProfiledCodeHeapSize                  = 122913754                              {pd product} {ergonomic}
    uintx ProfiledCodeHeapSize                     = 122913754                              {pd product} {ergonomic}
    uintx ReservedCodeCacheSize                    = 251658240                              {pd product} {ergonomic}
     bool SegmentedCodeCache                       = true                                      {product} {ergonomic}
     bool UseCompressedClassPointers               = true                                 {lp64_product} {ergonomic}
     bool UseCompressedOops                        = true                                 {lp64_product} {ergonomic}
     bool UseG1GC                                  = true                                      {product} {ergonomic}
     bool UseLargePagesIndividualAllocation        = false                                  {pd product} {ergonomic}

Logging:
Log output configuration:
 #0: stdout all=warning uptime,level,tags
 #1: stderr all=off uptime,level,tags

Environment Variables:
PATH=C:\Program Files\Eclipse Adoptium\jdk-11.0.17.8-hotspot\bin;C:\WINDOWS\system32;C:\WINDOWS;C:\WINDOWS\System32\Wbem;C:\WINDOWS\System32\WindowsPowerShell\v1.0\;C:\WINDOWS\System32\OpenSSH\;C:\Program Files (x86)\Windows Live\Shared;C:\Program Files (x86)\dotnet\;C:\Program Files\WireGuard\;C:\Program Files\Git\cmd;C:\Program Files\Docker\Docker\resources\bin;C:\Users\1\AppData\Local\Microsoft\WindowsApps;C:\Users\1\AppData\Local\Programs\Microsoft VS Code\bin;C:\Program Files\JetBrains\IntelliJ IDEA Community Edition 2022.3.3\bin;;C:Users\1\ChromeDriver;
USERNAME=1
OS=Windows_NT
PROCESSOR_IDENTIFIER=Intel64 Family 6 Model 42 Stepping 7, GenuineIntel
TMP=C:\Users\1\AppData\Local\Temp
TEMP=C:\Users\1\AppData\Local\Temp



---------------  S Y S T E M  ---------------

OS: Windows 10 , 64 bit Build 19041 (10.0.19041.3393)
OS uptime: 1 days 0:09 hours
Hyper-V role detected

CPU:total 4 (initial active 4) (2 cores per cpu, 2 threads per core) family 6 model 42 stepping 7 microcode 0x2f, cmov, cx8, fxsr, mmx, sse, sse2, sse3, ssse3, sse4.1, sse4.2, popcnt, avx, clmul, ht, tsc, tscinvbit

Memory: 4k page, system-wide physical 2600M (108M free)
TotalPageFile size 10536M (AvailPageFile size 0M)
current process WorkingSet (physical memory assigned to process): 131M, peak: 172M
current process commit charge ("private bytes"): 232M, peak: 254M

vm_info: OpenJDK 64-Bit Server VM (11.0.18+10-LTS) for windows-amd64 JRE (11.0.18+10-LTS), built on Jan 10 2023 20:17:52 by "Administrator" with MS VC++ 15.9 (VS2017)

END.
