#
# There is insufficient memory for the Java Runtime Environment to continue.
# Native memory allocation (malloc) failed to allocate 1051856 bytes for Chunk::new
# Possible reasons:
#   The system is out of physical RAM or swap space
#   The process is running with CompressedOops enabled, and the Java Heap may be blocking the growth of the native heap
# Possible solutions:
#   Reduce memory load on the system
#   Increase physical memory or swap space
#   Check if swap backing store is full
#   Decrease Java heap size (-Xmx/-Xms)
#   Decrease number of Java threads
#   Decrease Java thread stack sizes (-Xss)
#   Set larger code cache with -XX:ReservedCodeCacheSize=
#   JVM is running with Unscaled Compressed Oops mode in which the Java heap is
#     placed in the first 4GB address space. The Java Heap base address is the
#     maximum limit for the native heap growth. Please use -XX:HeapBaseMinAddress
#     to set the Java Heap base and to place the Java Heap above 4GB virtual address.
# This output file may be truncated or incomplete.
#
#  Out of Memory Error (./src/hotspot/share/memory/arena.cpp:197), pid=1104, tid=3924
#
# JRE version: OpenJDK Runtime Environment Corretto-11.0.18.10.1 (11.0.18+10) (build 11.0.18+10-LTS)
# Java VM: OpenJDK 64-Bit Server VM Corretto-11.0.18.10.1 (11.0.18+10-LTS, mixed mode, tiered, compressed oops, g1 gc, windows-amd64)
# No core dump will be written. Minidumps are not enabled by default on client versions of Windows
#

---------------  S U M M A R Y ------------

Command Line: -Dallure.results.directory=C:\Users\1\IdeaProjects\QA-diploma\build\allure-results -Ddb.pass=pass -Ddb.url=jdbc:mysql://localhost:3306/app -Ddb.user=app -Djunit.jupiter.extensions.autodetection.enabled=true -Dorg.gradle.internal.worker.tmpdir=C:\Users\1\IdeaProjects\QA-diploma\build\tmp\test\work -Dorg.gradle.native=false -Dselenide.headless -javaagent:C:\Users\1\.gradle\caches\modules-2\files-2.1\org.aspectj\aspectjweaver\1.9.9.1\dcd2703279a94ad909fa3f3d08671cb0f2dabf7\aspectjweaver-1.9.9.1.jar -Xmx512m -Dfile.encoding=windows-1251 -Duser.country=RU -Duser.language=ru -Duser.variant -ea worker.org.gradle.process.internal.worker.GradleWorkerMain 'Gradle Test Executor 2'

Host: Intel(R) Core(TM) i5-2430M CPU @ 2.40GHz, 4 cores, 2G,  Windows 10 , 64 bit Build 19041 (10.0.19041.3393)
Time: Mon Oct  9 20:53:39 2023 RTZ 4 (s 10 , 64 bit Build 19041 (10.0.19041.3393) elapsed time: 53.007237 seconds (0d 0h 0m 53s)

---------------  T H R E A D  ---------------

Current thread (0x000001e679a91800):  JavaThread "C2 CompilerThread0" daemon [_thread_in_native, id=3924, stack(0x0000005e0bf00000,0x0000005e0c000000)]


Current CompileTask:
C2:  53007 3719       4       org.aspectj.apache.bcel.generic.ClassGen::<init> (500 bytes)

Stack: [0x0000005e0bf00000,0x0000005e0c000000]
Native frames: (J=compiled Java code, j=interpreted, Vv=VM code, C=native code)
V  [jvm.dll+0x622d9a]
V  [jvm.dll+0x7b0289]
V  [jvm.dll+0x7b1978]
V  [jvm.dll+0x7b2053]
V  [jvm.dll+0x24fe08]
V  [jvm.dll+0xc264c]
V  [jvm.dll+0xc2c0c]
V  [jvm.dll+0x2c3d84]
V  [jvm.dll+0x53197c]
V  [jvm.dll+0x208b36]
V  [jvm.dll+0x20ac56]
V  [jvm.dll+0x2082fb]
V  [jvm.dll+0x18a3c1]
V  [jvm.dll+0x217ac4]
V  [jvm.dll+0x215d0b]
V  [jvm.dll+0x772d90]
V  [jvm.dll+0x76bcc4]
V  [jvm.dll+0x621c05]
C  [ucrtbase.dll+0x21bb2]
C  [KERNEL32.DLL+0x17344]
C  [ntdll.dll+0x526b1]


---------------  P R O C E S S  ---------------

Threads class SMR info:
_java_thread_list=0x000001e67befad40, length=22, elements={
0x000001e65eb5a000, 0x000001e679a72000, 0x000001e679a7c000, 0x000001e679a8b800,
0x000001e679a8c800, 0x000001e679a8e000, 0x000001e679a91800, 0x000001e679a94000,
0x000001e679aae000, 0x000001e67a571000, 0x000001e67b3de800, 0x000001e67b41d800,
0x000001e67bb8d000, 0x000001e67aceb800, 0x000001e67b957800, 0x000001e67d6c4000,
0x000001e67e757800, 0x000001e67b915800, 0x000001e67b916800, 0x000001e67a660800,
0x000001e67d5d7000, 0x000001e67d5d8000
}

Java Threads: ( => current thread )
  0x000001e65eb5a000 JavaThread "Forwarding newSession on session null to remote" [_thread_in_native, id=10044, stack(0x0000005e0b300000,0x0000005e0b400000)]
  0x000001e679a72000 JavaThread "Reference Handler" daemon [_thread_blocked, id=15204, stack(0x0000005e0ba00000,0x0000005e0bb00000)]
  0x000001e679a7c000 JavaThread "Finalizer" daemon [_thread_blocked, id=9792, stack(0x0000005e0bb00000,0x0000005e0bc00000)]
  0x000001e679a8b800 JavaThread "Signal Dispatcher" daemon [_thread_blocked, id=7748, stack(0x0000005e0bc00000,0x0000005e0bd00000)]
  0x000001e679a8c800 JavaThread "Attach Listener" daemon [_thread_blocked, id=14844, stack(0x0000005e0bd00000,0x0000005e0be00000)]
  0x000001e679a8e000 JavaThread "Service Thread" daemon [_thread_blocked, id=14712, stack(0x0000005e0be00000,0x0000005e0bf00000)]
=>0x000001e679a91800 JavaThread "C2 CompilerThread0" daemon [_thread_in_native, id=3924, stack(0x0000005e0bf00000,0x0000005e0c000000)]
  0x000001e679a94000 JavaThread "C1 CompilerThread0" daemon [_thread_blocked, id=2972, stack(0x0000005e0c000000,0x0000005e0c100000)]
  0x000001e679aae000 JavaThread "Sweeper thread" daemon [_thread_blocked, id=15100, stack(0x0000005e0c100000,0x0000005e0c200000)]
  0x000001e67a571000 JavaThread "Common-Cleaner" daemon [_thread_blocked, id=12664, stack(0x0000005e0c200000,0x0000005e0c300000)]
  0x000001e67b3de800 JavaThread "/127.0.0.1:57449 to /127.0.0.1:57448 workers" [_thread_blocked, id=13776, stack(0x0000005e0c600000,0x0000005e0c700000)]
  0x000001e67b41d800 JavaThread "/127.0.0.1:57449 to /127.0.0.1:57448 workers Thread 2" [_thread_blocked, id=4480, stack(0x0000005e0c700000,0x0000005e0c800000)]
  0x000001e67bb8d000 JavaThread "/127.0.0.1:57449 to /127.0.0.1:57448 workers Thread 3" [_thread_in_native, id=8896, stack(0x0000005e0c800000,0x0000005e0c900000)]
  0x000001e67aceb800 JavaThread "ForkJoinPool.commonPool-worker-3" daemon [_thread_blocked, id=13712, stack(0x0000005e0cd00000,0x0000005e0ce00000)]
  0x000001e67b957800 JavaThread "AsyncHttpClient-1-1" daemon [_thread_blocked, id=5040, stack(0x0000005e0ce00000,0x0000005e0cf00000)]
  0x000001e67d6c4000 JavaThread "Exec Default Executor" daemon [_thread_in_native, id=13512, stack(0x0000005e0cf00000,0x0000005e0d000000)]
  0x000001e67e757800 JavaThread "Exec Stream Pumper" daemon [_thread_in_native, id=8084, stack(0x0000005e0d000000,0x0000005e0d100000)]
  0x000001e67b915800 JavaThread "Exec Stream Pumper" daemon [_thread_in_native, id=1064, stack(0x0000005e0d100000,0x0000005e0d200000)]
  0x000001e67b916800 JavaThread "Driver Service Executor" daemon [_thread_blocked, id=12896, stack(0x0000005e0d200000,0x0000005e0d300000)]
  0x000001e67a660800 JavaThread "Driver Service Executor" daemon [_thread_blocked, id=5712, stack(0x0000005e0d300000,0x0000005e0d400000)]
  0x000001e67d5d7000 JavaThread "UrlChecker-2" daemon [_thread_blocked, id=10872, stack(0x0000005e0d400000,0x0000005e0d500000)]
  0x000001e67d5d8000 JavaThread "AsyncHttpClient-1-2" daemon [_thread_in_native, id=15096, stack(0x0000005e0d600000,0x0000005e0d700000)]

Other Threads:
  0x000001e679a4e800 VMThread "VM Thread" [stack: 0x0000005e0b900000,0x0000005e0ba00000] [id=5324]
  0x000001e67ac30800 WatcherThread [stack: 0x0000005e0c300000,0x0000005e0c400000] [id=14924]
  0x000001e65eb71800 GCTaskThread "GC Thread#0" [stack: 0x0000005e0b400000,0x0000005e0b500000] [id=6536]
  0x000001e67afbe000 GCTaskThread "GC Thread#1" [stack: 0x0000005e0c400000,0x0000005e0c500000] [id=5360]
  0x000001e67aef0800 GCTaskThread "GC Thread#2" [stack: 0x0000005e0c900000,0x0000005e0ca00000] [id=5448]
  0x000001e67aef1800 GCTaskThread "GC Thread#3" [stack: 0x0000005e0ca00000,0x0000005e0cb00000] [id=14284]
  0x000001e65eb81800 ConcurrentGCThread "G1 Main Marker" [stack: 0x0000005e0b500000,0x0000005e0b600000] [id=11452]
  0x000001e65eb83800 ConcurrentGCThread "G1 Conc#0" [stack: 0x0000005e0b600000,0x0000005e0b700000] [id=2416]
  0x000001e6798c0800 ConcurrentGCThread "G1 Refine#0" [stack: 0x0000005e0b700000,0x0000005e0b800000] [id=13596]
  0x000001e6798c1000 ConcurrentGCThread "G1 Young RemSet Sampling" [stack: 0x0000005e0b800000,0x0000005e0b900000] [id=14180]

Threads with active compile tasks:
C2 CompilerThread0    53110 3719       4       org.aspectj.apache.bcel.generic.ClassGen::<init> (500 bytes)

VM state:not at safepoint (normal execution)

VM Mutex/Monitor currently owned by a thread: None

Heap address: 0x00000000e0000000, size: 512 MB, Compressed Oops mode: 32-bit
Narrow klass base: 0x0000000000000000, Narrow klass shift: 3
Compressed class space size: 1073741824 Address: 0x0000000100000000

Heap:
 garbage-first heap   total 95232K, used 72531K [0x00000000e0000000, 0x0000000100000000)
  region size 1024K, 17 young (17408K), 3 survivors (3072K)
 Metaspace       used 40474K, capacity 41721K, committed 41844K, reserved 1085440K
  class space    used 4552K, capacity 5049K, committed 5120K, reserved 1048576K
Heap Regions: E=young(eden), S=young(survivor), O=old, HS=humongous(starts), HC=humongous(continues), CS=collection set, F=free, A=archive, TAMS=top-at-mark-start (previous, next)
|   0|0x00000000e0000000, 0x00000000e0100000, 0x00000000e0100000|100%| O|  |TAMS 0x00000000e0100000, 0x00000000e0000000| Untracked 
|   1|0x00000000e0100000, 0x00000000e0200000, 0x00000000e0200000|100%| O|  |TAMS 0x00000000e0200000, 0x00000000e0100000| Untracked 
|   2|0x00000000e0200000, 0x00000000e0300000, 0x00000000e0300000|100%| O|  |TAMS 0x00000000e0300000, 0x00000000e0200000| Untracked 
|   3|0x00000000e0300000, 0x00000000e0400000, 0x00000000e0400000|100%| O|  |TAMS 0x00000000e0400000, 0x00000000e0300000| Untracked 
|   4|0x00000000e0400000, 0x00000000e0500000, 0x00000000e0500000|100%| O|  |TAMS 0x00000000e0500000, 0x00000000e0400000| Untracked 
|   5|0x00000000e0500000, 0x00000000e0600000, 0x00000000e0600000|100%| O|  |TAMS 0x00000000e0600000, 0x00000000e0500000| Untracked 
|   6|0x00000000e0600000, 0x00000000e0700000, 0x00000000e0700000|100%| O|  |TAMS 0x00000000e0700000, 0x00000000e0600000| Untracked 
|   7|0x00000000e0700000, 0x00000000e0800000, 0x00000000e0800000|100%| O|  |TAMS 0x00000000e0800000, 0x00000000e0700000| Untracked 
|   8|0x00000000e0800000, 0x00000000e0900000, 0x00000000e0900000|100%| O|  |TAMS 0x00000000e0900000, 0x00000000e0800000| Untracked 
|   9|0x00000000e0900000, 0x00000000e0a00000, 0x00000000e0a00000|100%| O|  |TAMS 0x00000000e0a00000, 0x00000000e0900000| Untracked 
|  10|0x00000000e0a00000, 0x00000000e0b00000, 0x00000000e0b00000|100%| O|  |TAMS 0x00000000e0b00000, 0x00000000e0a00000| Untracked 
|  11|0x00000000e0b00000, 0x00000000e0c00000, 0x00000000e0c00000|100%| O|  |TAMS 0x00000000e0c00000, 0x00000000e0b00000| Untracked 
|  12|0x00000000e0c00000, 0x00000000e0d00000, 0x00000000e0d00000|100%| O|  |TAMS 0x00000000e0d00000, 0x00000000e0c00000| Untracked 
|  13|0x00000000e0d00000, 0x00000000e0e00000, 0x00000000e0e00000|100%| O|  |TAMS 0x00000000e0e00000, 0x00000000e0d00000| Untracked 
|  14|0x00000000e0e00000, 0x00000000e0f00000, 0x00000000e0f00000|100%| O|  |TAMS 0x00000000e0f00000, 0x00000000e0e00000| Untracked 
|  15|0x00000000e0f00000, 0x00000000e1000000, 0x00000000e1000000|100%| O|  |TAMS 0x00000000e1000000, 0x00000000e0f00000| Untracked 
|  16|0x00000000e1000000, 0x00000000e1100000, 0x00000000e1100000|100%| O|  |TAMS 0x00000000e1100000, 0x00000000e1000000| Untracked 
|  17|0x00000000e1100000, 0x00000000e1200000, 0x00000000e1200000|100%| O|  |TAMS 0x00000000e1200000, 0x00000000e1100000| Untracked 
|  18|0x00000000e1200000, 0x00000000e1300000, 0x00000000e1300000|100%| O|  |TAMS 0x00000000e1300000, 0x00000000e1200000| Untracked 
|  19|0x00000000e1300000, 0x00000000e1400000, 0x00000000e1400000|100%| O|  |TAMS 0x00000000e1400000, 0x00000000e1300000| Untracked 
|  20|0x00000000e1400000, 0x00000000e1500000, 0x00000000e1500000|100%| O|  |TAMS 0x00000000e1500000, 0x00000000e1400000| Untracked 
|  21|0x00000000e1500000, 0x00000000e1600000, 0x00000000e1600000|100%| O|  |TAMS 0x00000000e1600000, 0x00000000e1500000| Untracked 
|  22|0x00000000e1600000, 0x00000000e1700000, 0x00000000e1700000|100%| O|  |TAMS 0x00000000e1700000, 0x00000000e1600000| Untracked 
|  23|0x00000000e1700000, 0x00000000e1800000, 0x00000000e1800000|100%| O|  |TAMS 0x00000000e1800000, 0x00000000e1700000| Untracked 
|  24|0x00000000e1800000, 0x00000000e1900000, 0x00000000e1900000|100%| O|  |TAMS 0x00000000e1900000, 0x00000000e1800000| Untracked 
|  25|0x00000000e1900000, 0x00000000e1a00000, 0x00000000e1a00000|100%| O|  |TAMS 0x00000000e1a00000, 0x00000000e1900000| Untracked 
|  26|0x00000000e1a00000, 0x00000000e1b00000, 0x00000000e1b00000|100%| O|  |TAMS 0x00000000e1b00000, 0x00000000e1a00000| Untracked 
|  27|0x00000000e1b00000, 0x00000000e1c00000, 0x00000000e1c00000|100%| O|  |TAMS 0x00000000e1c00000, 0x00000000e1b00000| Untracked 
|  28|0x00000000e1c00000, 0x00000000e1d00000, 0x00000000e1d00000|100%| O|  |TAMS 0x00000000e1d00000, 0x00000000e1c00000| Untracked 
|  29|0x00000000e1d00000, 0x00000000e1e00000, 0x00000000e1e00000|100%| O|  |TAMS 0x00000000e1e00000, 0x00000000e1d00000| Untracked 
|  30|0x00000000e1e00000, 0x00000000e1f00000, 0x00000000e1f00000|100%| O|  |TAMS 0x00000000e1f00000, 0x00000000e1e00000| Untracked 
|  31|0x00000000e1f00000, 0x00000000e2000000, 0x00000000e2000000|100%| O|  |TAMS 0x00000000e2000000, 0x00000000e1f00000| Untracked 
|  32|0x00000000e2000000, 0x00000000e2100000, 0x00000000e2100000|100%| O|  |TAMS 0x00000000e2100000, 0x00000000e2000000| Untracked 
|  33|0x00000000e2100000, 0x00000000e2200000, 0x00000000e2200000|100%| O|  |TAMS 0x00000000e2200000, 0x00000000e2100000| Untracked 
|  34|0x00000000e2200000, 0x00000000e2300000, 0x00000000e2300000|100%| O|  |TAMS 0x00000000e2300000, 0x00000000e2200000| Untracked 
|  35|0x00000000e2300000, 0x00000000e2400000, 0x00000000e2400000|100%| O|  |TAMS 0x00000000e2400000, 0x00000000e2300000| Untracked 
|  36|0x00000000e2400000, 0x00000000e2500000, 0x00000000e2500000|100%| O|  |TAMS 0x00000000e2500000, 0x00000000e2400000| Untracked 
|  37|0x00000000e2500000, 0x00000000e2600000, 0x00000000e2600000|100%| O|  |TAMS 0x00000000e2600000, 0x00000000e2500000| Untracked 
|  38|0x00000000e2600000, 0x00000000e2700000, 0x00000000e2700000|100%| O|  |TAMS 0x00000000e2700000, 0x00000000e2600000| Untracked 
|  39|0x00000000e2700000, 0x00000000e2800000, 0x00000000e2800000|100%| O|  |TAMS 0x00000000e2800000, 0x00000000e2700000| Untracked 
|  40|0x00000000e2800000, 0x00000000e2900000, 0x00000000e2900000|100%| O|  |TAMS 0x00000000e2900000, 0x00000000e2800000| Untracked 
|  41|0x00000000e2900000, 0x00000000e2a00000, 0x00000000e2a00000|100%| O|  |TAMS 0x00000000e2a00000, 0x00000000e2900000| Untracked 
|  42|0x00000000e2a00000, 0x00000000e2b00000, 0x00000000e2b00000|100%| O|  |TAMS 0x00000000e2b00000, 0x00000000e2a00000| Untracked 
|  43|0x00000000e2b00000, 0x00000000e2c00000, 0x00000000e2c00000|100%| O|  |TAMS 0x00000000e2c00000, 0x00000000e2b00000| Untracked 
|  44|0x00000000e2c00000, 0x00000000e2d00000, 0x00000000e2d00000|100%| O|  |TAMS 0x00000000e2d00000, 0x00000000e2c00000| Untracked 
|  45|0x00000000e2d00000, 0x00000000e2e00000, 0x00000000e2e00000|100%| O|  |TAMS 0x00000000e2e00000, 0x00000000e2d00000| Untracked 
|  46|0x00000000e2e00000, 0x00000000e2f00000, 0x00000000e2f00000|100%| O|  |TAMS 0x00000000e2f00000, 0x00000000e2e00000| Untracked 
|  47|0x00000000e2f00000, 0x00000000e3000000, 0x00000000e3000000|100%| O|  |TAMS 0x00000000e3000000, 0x00000000e2f00000| Untracked 
|  48|0x00000000e3000000, 0x00000000e3100000, 0x00000000e3100000|100%| O|  |TAMS 0x00000000e30b0600, 0x00000000e3000000| Untracked 
|  49|0x00000000e3100000, 0x00000000e3200000, 0x00000000e3200000|100%| O|  |TAMS 0x00000000e3100000, 0x00000000e3100000| Untracked 
|  50|0x00000000e3200000, 0x00000000e3300000, 0x00000000e3300000|100%|HS|  |TAMS 0x00000000e3200000, 0x00000000e3200000| Complete 
|  51|0x00000000e3300000, 0x00000000e3400000, 0x00000000e3400000|100%|HC|  |TAMS 0x00000000e3300000, 0x00000000e3300000| Complete 
|  52|0x00000000e3400000, 0x00000000e3500000, 0x00000000e3500000|100%|HC|  |TAMS 0x00000000e3400000, 0x00000000e3400000| Complete 
|  53|0x00000000e3500000, 0x00000000e3600000, 0x00000000e3600000|100%|HC|  |TAMS 0x00000000e3500000, 0x00000000e3500000| Complete 
|  54|0x00000000e3600000, 0x00000000e3700000, 0x00000000e3700000|100%|HC|  |TAMS 0x00000000e3600000, 0x00000000e3600000| Complete 
|  55|0x00000000e3700000, 0x00000000e379c800, 0x00000000e3800000| 61%| O|  |TAMS 0x00000000e3700000, 0x00000000e3700000| Untracked 
|  56|0x00000000e3800000, 0x00000000e3800000, 0x00000000e3900000|  0%| F|  |TAMS 0x00000000e3800000, 0x00000000e3800000| Untracked 
|  57|0x00000000e3900000, 0x00000000e3900000, 0x00000000e3a00000|  0%| F|  |TAMS 0x00000000e3900000, 0x00000000e3900000| Untracked 
|  58|0x00000000e3a00000, 0x00000000e3a00000, 0x00000000e3b00000|  0%| F|  |TAMS 0x00000000e3a00000, 0x00000000e3a00000| Untracked 
|  59|0x00000000e3b00000, 0x00000000e3b00000, 0x00000000e3c00000|  0%| F|  |TAMS 0x00000000e3b00000, 0x00000000e3b00000| Untracked 
|  60|0x00000000e3c00000, 0x00000000e3c00000, 0x00000000e3d00000|  0%| F|  |TAMS 0x00000000e3c00000, 0x00000000e3c00000| Untracked 
|  61|0x00000000e3d00000, 0x00000000e3d00000, 0x00000000e3e00000|  0%| F|  |TAMS 0x00000000e3d00000, 0x00000000e3d00000| Untracked 
|  62|0x00000000e3e00000, 0x00000000e3e00000, 0x00000000e3f00000|  0%| F|  |TAMS 0x00000000e3e00000, 0x00000000e3e00000| Untracked 
|  63|0x00000000e3f00000, 0x00000000e3f00000, 0x00000000e4000000|  0%| F|  |TAMS 0x00000000e3f00000, 0x00000000e3f00000| Untracked 
|  64|0x00000000e4000000, 0x00000000e4000000, 0x00000000e4100000|  0%| F|  |TAMS 0x00000000e4000000, 0x00000000e4000000| Untracked 
|  65|0x00000000e4100000, 0x00000000e4100000, 0x00000000e4200000|  0%| F|  |TAMS 0x00000000e4100000, 0x00000000e4100000| Untracked 
|  66|0x00000000e4200000, 0x00000000e4200000, 0x00000000e4300000|  0%| F|  |TAMS 0x00000000e4200000, 0x00000000e4200000| Untracked 
|  67|0x00000000e4300000, 0x00000000e4300000, 0x00000000e4400000|  0%| F|  |TAMS 0x00000000e4300000, 0x00000000e4300000| Untracked 
|  68|0x00000000e4400000, 0x00000000e4400000, 0x00000000e4500000|  0%| F|  |TAMS 0x00000000e4400000, 0x00000000e4400000| Untracked 
|  69|0x00000000e4500000, 0x00000000e4500000, 0x00000000e4600000|  0%| F|  |TAMS 0x00000000e4500000, 0x00000000e4500000| Untracked 
|  70|0x00000000e4600000, 0x00000000e4600000, 0x00000000e4700000|  0%| F|  |TAMS 0x00000000e4600000, 0x00000000e4600000| Untracked 
|  71|0x00000000e4700000, 0x00000000e4700000, 0x00000000e4800000|  0%| F|  |TAMS 0x00000000e4700000, 0x00000000e4700000| Untracked 
|  72|0x00000000e4800000, 0x00000000e4800000, 0x00000000e4900000|  0%| F|  |TAMS 0x00000000e4800000, 0x00000000e4800000| Untracked 
|  73|0x00000000e4900000, 0x00000000e4938490, 0x00000000e4a00000| 21%| S|CS|TAMS 0x00000000e4900000, 0x00000000e4900000| Complete 
|  74|0x00000000e4a00000, 0x00000000e4b00000, 0x00000000e4b00000|100%| S|CS|TAMS 0x00000000e4a00000, 0x00000000e4a00000| Complete 
|  75|0x00000000e4b00000, 0x00000000e4c00000, 0x00000000e4c00000|100%| S|CS|TAMS 0x00000000e4b00000, 0x00000000e4b00000| Complete 
|  76|0x00000000e4c00000, 0x00000000e4c00000, 0x00000000e4d00000|  0%| F|  |TAMS 0x00000000e4c00000, 0x00000000e4c00000| Untracked 
|  77|0x00000000e4d00000, 0x00000000e4d00000, 0x00000000e4e00000|  0%| F|  |TAMS 0x00000000e4d00000, 0x00000000e4d00000| Untracked 
|  78|0x00000000e4e00000, 0x00000000e4e00000, 0x00000000e4f00000|  0%| F|  |TAMS 0x00000000e4e00000, 0x00000000e4e00000| Untracked 
|  79|0x00000000e4f00000, 0x00000000e4f88d90, 0x00000000e5000000| 53%| E|  |TAMS 0x00000000e4f00000, 0x00000000e4f00000| Complete 
|  80|0x00000000e5000000, 0x00000000e5100000, 0x00000000e5100000|100%| E|CS|TAMS 0x00000000e5000000, 0x00000000e5000000| Complete 
|  81|0x00000000e5100000, 0x00000000e5200000, 0x00000000e5200000|100%| E|CS|TAMS 0x00000000e5100000, 0x00000000e5100000| Complete 
|  82|0x00000000e5200000, 0x00000000e5300000, 0x00000000e5300000|100%| E|CS|TAMS 0x00000000e5200000, 0x00000000e5200000| Complete 
|  83|0x00000000e5300000, 0x00000000e5400000, 0x00000000e5400000|100%| E|CS|TAMS 0x00000000e5300000, 0x00000000e5300000| Complete 
|  84|0x00000000e5400000, 0x00000000e5500000, 0x00000000e5500000|100%| E|CS|TAMS 0x00000000e5400000, 0x00000000e5400000| Complete 
|  85|0x00000000e5500000, 0x00000000e5600000, 0x00000000e5600000|100%| E|CS|TAMS 0x00000000e5500000, 0x00000000e5500000| Complete 
|  86|0x00000000e5600000, 0x00000000e5700000, 0x00000000e5700000|100%| E|CS|TAMS 0x00000000e5600000, 0x00000000e5600000| Complete 
|  87|0x00000000e5700000, 0x00000000e5800000, 0x00000000e5800000|100%| E|CS|TAMS 0x00000000e5700000, 0x00000000e5700000| Complete 
|  88|0x00000000e5800000, 0x00000000e5900000, 0x00000000e5900000|100%| E|CS|TAMS 0x00000000e5800000, 0x00000000e5800000| Complete 
|  89|0x00000000e5900000, 0x00000000e5a00000, 0x00000000e5a00000|100%| E|CS|TAMS 0x00000000e5900000, 0x00000000e5900000| Complete 
|  90|0x00000000e5a00000, 0x00000000e5b00000, 0x00000000e5b00000|100%| E|CS|TAMS 0x00000000e5a00000, 0x00000000e5a00000| Complete 
|  91|0x00000000e5b00000, 0x00000000e5c00000, 0x00000000e5c00000|100%| E|CS|TAMS 0x00000000e5b00000, 0x00000000e5b00000| Complete 
|  92|0x00000000e5c00000, 0x00000000e5d00000, 0x00000000e5d00000|100%| E|CS|TAMS 0x00000000e5c00000, 0x00000000e5c00000| Complete 

Card table byte_map: [0x000001e676260000,0x000001e676360000] _byte_map_base: 0x000001e675b60000

Marking Bits (Prev, Next): (CMBitMap*) 0x000001e65eb7e8a0, (CMBitMap*) 0x000001e65eb7e868
 Prev Bits: [0x000001e676c60000, 0x000001e677460000)
 Next Bits: [0x000001e676460000, 0x000001e676c60000)

Polling page: 0x000001e65c9b0000

Metaspace:

Usage:
  Non-class:     35.81 MB capacity,    35.09 MB ( 98%) used,   607.20 KB (  2%) free+waste,   135.56 KB ( <1%) overhead. 
      Class:      4.93 MB capacity,     4.45 MB ( 90%) used,   429.23 KB (  9%) free+waste,    65.88 KB (  1%) overhead. 
       Both:     40.74 MB capacity,    39.53 MB ( 97%) used,     1.01 MB (  2%) free+waste,   201.44 KB ( <1%) overhead. 

Virtual space:
  Non-class space:       36.00 MB reserved,      35.86 MB (>99%) committed 
      Class space:        1.00 GB reserved,       5.00 MB ( <1%) committed 
             Both:        1.04 GB reserved,      40.86 MB (  4%) committed 

Chunk freelists:
   Non-Class:  48.00 KB
       Class:  7.00 KB
        Both:  55.00 KB

MaxMetaspaceSize: 17179869184.00 GB
CompressedClassSpaceSize: 1.00 GB
Initial GC threshold: 20.80 MB
Current GC threshold: 64.57 MB
CDS: off

CodeHeap 'non-profiled nmethods': size=120064Kb used=2934Kb max_used=2934Kb free=117129Kb
 bounds [0x000001e66ed20000, 0x000001e66f000000, 0x000001e676260000]
CodeHeap 'profiled nmethods': size=120000Kb used=8945Kb max_used=8945Kb free=111054Kb
 bounds [0x000001e6677f0000, 0x000001e6680b0000, 0x000001e66ed20000]
CodeHeap 'non-nmethods': size=5696Kb used=1272Kb max_used=1300Kb free=4423Kb
 bounds [0x000001e667260000, 0x000001e6674d0000, 0x000001e6677f0000]
 total_blobs=4231 nmethods=3672 adapters=471
 compilation: enabled
              stopped_count=0, restarted_count=0
 full_count=0

Compilation events (20 events):
Event: 52.778 Thread 0x000001e679a91800 nmethod 3713 0x000001e66effaf10 code [0x000001e66effb0a0, 0x000001e66effb0f8]
Event: 52.778 Thread 0x000001e679a91800 3714       4       org.aspectj.weaver.World$TypeMap::get (95 bytes)
Event: 52.778 Thread 0x000001e679a94000 3715       1       io.netty.channel.DefaultChannelPipeline::channel (5 bytes)
Event: 52.778 Thread 0x000001e679a94000 nmethod 3715 0x000001e66effb210 code [0x000001e66effb3c0, 0x000001e66effb478]
Event: 52.783 Thread 0x000001e679a94000 3716       3       org.aspectj.weaver.bcel.BcelObjectType::getOuterClass (405 bytes)
Event: 52.788 Thread 0x000001e679a94000 nmethod 3716 0x000001e668097490 code [0x000001e668097980, 0x000001e668099e98]
Event: 52.804 Thread 0x000001e679a91800 nmethod 3714 0x000001e66effb510 code [0x000001e66effb700, 0x000001e66effbed8]
Event: 52.804 Thread 0x000001e679a91800 3717       4       org.aspectj.apache.bcel.generic.InstructionList::getInstructionHandles (40 bytes)
Event: 52.810 Thread 0x000001e679a91800 nmethod 3717 0x000001e66effc490 code [0x000001e66effc640, 0x000001e66effc8f8]
Event: 52.810 Thread 0x000001e679a91800 3719       4       org.aspectj.apache.bcel.generic.ClassGen::<init> (500 bytes)
Event: 52.815 Thread 0x000001e679a94000 3720       3       org.aspectj.weaver.AbstractReferenceTypeDelegate::getFormalTypeParametersFromOuterClass (271 bytes)
Event: 52.821 Thread 0x000001e679a94000 nmethod 3720 0x000001e66809ac10 code [0x000001e66809b280, 0x000001e66809e3a8]
Event: 52.866 Thread 0x000001e679a94000 3722   !   3       java.util.Collections$SynchronizedMap::get (25 bytes)
Event: 52.866 Thread 0x000001e679a94000 nmethod 3722 0x000001e66809f310 code [0x000001e66809f4e0, 0x000001e66809f828]
Event: 52.988 Thread 0x000001e679a94000 3729       1       org.aspectj.weaver.ResolvedType$Primitive::isPrimitiveType (2 bytes)
Event: 52.989 Thread 0x000001e679a94000 nmethod 3729 0x000001e66effca10 code [0x000001e66effcbc0, 0x000001e66effcc78]
Event: 52.993 Thread 0x000001e679a94000 3730       3       com.google.common.base.Preconditions::checkNotNull (14 bytes)
Event: 52.993 Thread 0x000001e679a94000 nmethod 3730 0x000001e66809f990 code [0x000001e66809fb60, 0x000001e66809fd28]
Event: 52.994 Thread 0x000001e679a94000 3731       1       com.google.common.collect.ImmutableEntry::getKey (5 bytes)
Event: 52.994 Thread 0x000001e679a94000 nmethod 3731 0x000001e66effcd10 code [0x000001e66effcec0, 0x000001e66effcf78]

GC Heap History (20 events):
Event: 37.771 GC heap before
{Heap before GC invocations=63 (full 0):
 garbage-first heap   total 63488K, used 47458K [0x00000000e0000000, 0x0000000100000000)
  region size 1024K, 7 young (7168K), 1 survivors (1024K)
 Metaspace       used 33723K, capacity 34737K, committed 34992K, reserved 1081344K
  class space    used 3648K, capacity 4060K, committed 4096K, reserved 1048576K
}
Event: 37.775 GC heap after
{Heap after GC invocations=64 (full 0):
 garbage-first heap   total 63488K, used 43327K [0x00000000e0000000, 0x0000000100000000)
  region size 1024K, 1 young (1024K), 1 survivors (1024K)
 Metaspace       used 33723K, capacity 34737K, committed 34992K, reserved 1081344K
  class space    used 3648K, capacity 4060K, committed 4096K, reserved 1048576K
}
Event: 37.908 GC heap before
{Heap before GC invocations=64 (full 0):
 garbage-first heap   total 63488K, used 49471K [0x00000000e0000000, 0x0000000100000000)
  region size 1024K, 7 young (7168K), 1 survivors (1024K)
 Metaspace       used 34395K, capacity 35377K, committed 35632K, reserved 1081344K
  class space    used 3721K, capacity 4124K, committed 4224K, reserved 1048576K
}
Event: 37.913 GC heap after
{Heap after GC invocations=65 (full 0):
 garbage-first heap   total 95232K, used 44134K [0x00000000e0000000, 0x0000000100000000)
  region size 1024K, 1 young (1024K), 1 survivors (1024K)
 Metaspace       used 34395K, capacity 35377K, committed 35632K, reserved 1081344K
  class space    used 3721K, capacity 4124K, committed 4224K, reserved 1048576K
}
Event: 38.198 GC heap before
{Heap before GC invocations=65 (full 0):
 garbage-first heap   total 95232K, used 59494K [0x00000000e0000000, 0x0000000100000000)
  region size 1024K, 16 young (16384K), 1 survivors (1024K)
 Metaspace       used 34906K, capacity 35922K, committed 36144K, reserved 1081344K
  class space    used 3797K, capacity 4220K, committed 4224K, reserved 1048576K
}
Event: 38.203 GC heap after
{Heap after GC invocations=66 (full 0):
 garbage-first heap   total 95232K, used 45642K [0x00000000e0000000, 0x0000000100000000)
  region size 1024K, 2 young (2048K), 2 survivors (2048K)
 Metaspace       used 34906K, capacity 35922K, committed 36144K, reserved 1081344K
  class space    used 3797K, capacity 4220K, committed 4224K, reserved 1048576K
}
Event: 38.397 GC heap before
{Heap before GC invocations=66 (full 0):
 garbage-first heap   total 95232K, used 62026K [0x00000000e0000000, 0x0000000100000000)
  region size 1024K, 18 young (18432K), 2 survivors (2048K)
 Metaspace       used 35767K, capacity 36786K, committed 37040K, reserved 1081344K
  class space    used 3885K, capacity 4316K, committed 4352K, reserved 1048576K
}
Event: 38.410 GC heap after
{Heap after GC invocations=67 (full 0):
 garbage-first heap   total 95232K, used 47266K [0x00000000e0000000, 0x0000000100000000)
  region size 1024K, 3 young (3072K), 3 survivors (3072K)
 Metaspace       used 35767K, capacity 36786K, committed 37040K, reserved 1081344K
  class space    used 3885K, capacity 4316K, committed 4352K, reserved 1048576K
}
Event: 41.138 GC heap before
{Heap before GC invocations=67 (full 0):
 garbage-first heap   total 95232K, used 64674K [0x00000000e0000000, 0x0000000100000000)
  region size 1024K, 20 young (20480K), 3 survivors (3072K)
 Metaspace       used 36822K, capacity 37909K, committed 37936K, reserved 1083392K
  class space    used 4027K, capacity 4477K, committed 4480K, reserved 1048576K
}
Event: 41.151 GC heap after
{Heap after GC invocations=68 (full 0):
 garbage-first heap   total 95232K, used 48642K [0x00000000e0000000, 0x0000000100000000)
  region size 1024K, 3 young (3072K), 3 survivors (3072K)
 Metaspace       used 36822K, capacity 37909K, committed 37936K, reserved 1083392K
  class space    used 4027K, capacity 4477K, committed 4480K, reserved 1048576K
}
Event: 41.485 GC heap before
{Heap before GC invocations=68 (full 0):
 garbage-first heap   total 95232K, used 66050K [0x00000000e0000000, 0x0000000100000000)
  region size 1024K, 20 young (20480K), 3 survivors (3072K)
 Metaspace       used 37573K, capacity 38703K, committed 38832K, reserved 1083392K
  class space    used 4138K, capacity 4598K, committed 4608K, reserved 1048576K
}
Event: 41.497 GC heap after
{Heap after GC invocations=69 (full 0):
 garbage-first heap   total 95232K, used 50122K [0x00000000e0000000, 0x0000000100000000)
  region size 1024K, 3 young (3072K), 3 survivors (3072K)
 Metaspace       used 37573K, capacity 38703K, committed 38832K, reserved 1083392K
  class space    used 4138K, capacity 4598K, committed 4608K, reserved 1048576K
}
Event: 41.725 GC heap before
{Heap before GC invocations=69 (full 0):
 garbage-first heap   total 95232K, used 58314K [0x00000000e0000000, 0x0000000100000000)
  region size 1024K, 12 young (12288K), 3 survivors (3072K)
 Metaspace       used 37959K, capacity 39065K, committed 39216K, reserved 1083392K
  class space    used 4178K, capacity 4633K, committed 4736K, reserved 1048576K
}
Event: 41.738 GC heap after
{Heap after GC invocations=70 (full 0):
 garbage-first heap   total 95232K, used 50810K [0x00000000e0000000, 0x0000000100000000)
  region size 1024K, 1 young (1024K), 1 survivors (1024K)
 Metaspace       used 37959K, capacity 39065K, committed 39216K, reserved 1083392K
  class space    used 4178K, capacity 4633K, committed 4736K, reserved 1048576K
}
Event: 42.914 GC heap before
{Heap before GC invocations=71 (full 0):
 garbage-first heap   total 95232K, used 68218K [0x00000000e0000000, 0x0000000100000000)
  region size 1024K, 18 young (18432K), 1 survivors (1024K)
 Metaspace       used 38514K, capacity 39648K, committed 39924K, reserved 1085440K
  class space    used 4253K, capacity 4699K, committed 4736K, reserved 1048576K
}
Event: 42.918 GC heap after
{Heap after GC invocations=72 (full 0):
 garbage-first heap   total 95232K, used 51851K [0x00000000e0000000, 0x0000000100000000)
  region size 1024K, 2 young (2048K), 2 survivors (2048K)
 Metaspace       used 38514K, capacity 39648K, committed 39924K, reserved 1085440K
  class space    used 4253K, capacity 4699K, committed 4736K, reserved 1048576K
}
Event: 43.282 GC heap before
{Heap before GC invocations=72 (full 0):
 garbage-first heap   total 95232K, used 69259K [0x00000000e0000000, 0x0000000100000000)
  region size 1024K, 20 young (20480K), 2 survivors (2048K)
 Metaspace       used 39248K, capacity 40419K, committed 40564K, reserved 1085440K
  class space    used 4370K, capacity 4828K, committed 4864K, reserved 1048576K
}
Event: 43.288 GC heap after
{Heap after GC invocations=73 (full 0):
 garbage-first heap   total 95232K, used 53043K [0x00000000e0000000, 0x0000000100000000)
  region size 1024K, 3 young (3072K), 3 survivors (3072K)
 Metaspace       used 39248K, capacity 40419K, committed 40564K, reserved 1085440K
  class space    used 4370K, capacity 4828K, committed 4864K, reserved 1048576K
}
Event: 52.848 GC heap before
{Heap before GC invocations=73 (full 0):
 garbage-first heap   total 95232K, used 75571K [0x00000000e0000000, 0x0000000100000000)
  region size 1024K, 20 young (20480K), 3 survivors (3072K)
 Metaspace       used 39951K, capacity 41137K, committed 41204K, reserved 1085440K
  class space    used 4467K, capacity 4961K, committed 4992K, reserved 1048576K
}
Event: 52.861 GC heap after
{Heap after GC invocations=74 (full 0):
 garbage-first heap   total 95232K, used 59219K [0x00000000e0000000, 0x0000000100000000)
  region size 1024K, 3 young (3072K), 3 survivors (3072K)
 Metaspace       used 39951K, capacity 41137K, committed 41204K, reserved 1085440K
  class space    used 4467K, capacity 4961K, committed 4992K, reserved 1048576K
}

Deoptimization events (20 events):
Event: 43.460 Thread 0x000001e67d5d8000 Uncommon trap: trap_request=0xffffffde fr.pc=0x000001e66edf2e8c relative=0x000000000000024c
Event: 43.460 Thread 0x000001e67d5d8000 Uncommon trap: reason=class_check action=maybe_recompile pc=0x000001e66edf2e8c method=java.nio.DirectByteBuffer.<init>(Lsun/nio/ch/DirectBuffer;IIIII)V @ 12 c2
Event: 43.460 Thread 0x000001e67d5d8000 DEOPT PACKING pc=0x000001e66edf2e8c sp=0x0000005e0d6fd7c0
Event: 43.460 Thread 0x000001e67d5d8000 DEOPT UNPACKING pc=0x000001e6672aa1af sp=0x0000005e0d6fd7b8 mode 2
Event: 43.460 Thread 0x000001e67d5d8000 Uncommon trap: trap_request=0xffffffde fr.pc=0x000001e66edf2e8c relative=0x000000000000024c
Event: 43.460 Thread 0x000001e67d5d8000 Uncommon trap: reason=class_check action=maybe_recompile pc=0x000001e66edf2e8c method=java.nio.DirectByteBuffer.<init>(Lsun/nio/ch/DirectBuffer;IIIII)V @ 12 c2
Event: 43.460 Thread 0x000001e67d5d8000 DEOPT PACKING pc=0x000001e66edf2e8c sp=0x0000005e0d6fd7c0
Event: 43.460 Thread 0x000001e67d5d8000 DEOPT UNPACKING pc=0x000001e6672aa1af sp=0x0000005e0d6fd7b8 mode 2
Event: 52.684 Thread 0x000001e67d5d8000 Uncommon trap: trap_request=0xffffffde fr.pc=0x000001e66edf2e8c relative=0x000000000000024c
Event: 52.684 Thread 0x000001e67d5d8000 Uncommon trap: reason=class_check action=maybe_recompile pc=0x000001e66edf2e8c method=java.nio.DirectByteBuffer.<init>(Lsun/nio/ch/DirectBuffer;IIIII)V @ 12 c2
Event: 52.684 Thread 0x000001e67d5d8000 DEOPT PACKING pc=0x000001e66edf2e8c sp=0x0000005e0d6fe9a0
Event: 52.684 Thread 0x000001e67d5d8000 DEOPT UNPACKING pc=0x000001e6672aa1af sp=0x0000005e0d6fe998 mode 2
Event: 52.768 Thread 0x000001e67d5d8000 Uncommon trap: trap_request=0xffffffde fr.pc=0x000001e66efb33d8 relative=0x0000000000000cb8
Event: 52.768 Thread 0x000001e67d5d8000 Uncommon trap: reason=class_check action=maybe_recompile pc=0x000001e66efb33d8 method=java.lang.ThreadLocal.setInitialValue()Ljava/lang/Object; @ 42 c2
Event: 52.768 Thread 0x000001e67d5d8000 DEOPT PACKING pc=0x000001e66efb33d8 sp=0x0000005e0d6fa170
Event: 52.768 Thread 0x000001e67d5d8000 DEOPT UNPACKING pc=0x000001e6672aa1af sp=0x0000005e0d6fa0d0 mode 2
Event: 52.863 Thread 0x000001e65eb5a000 Uncommon trap: trap_request=0xffffff4d fr.pc=0x000001e66ee2b4f8 relative=0x00000000000002f8
Event: 52.863 Thread 0x000001e65eb5a000 Uncommon trap: reason=unstable_if action=reinterpret pc=0x000001e66ee2b4f8 method=java.util.WeakHashMap.eq(Ljava/lang/Object;Ljava/lang/Object;)Z @ 10 c2
Event: 52.863 Thread 0x000001e65eb5a000 DEOPT PACKING pc=0x000001e66ee2b4f8 sp=0x0000005e0b3f3bb0
Event: 52.863 Thread 0x000001e65eb5a000 DEOPT UNPACKING pc=0x000001e6672aa1af sp=0x0000005e0b3f3a68 mode 2

Classes redefined (0 events):
No events

Internal exceptions (20 events):
Event: 34.783 Thread 0x000001e65eb5a000 Exception <a 'java/lang/NoSuchMethodError'{0x00000000e306a070}: 'double java.lang.invoke.DirectMethodHandle$Holder.invokeVirtual(java.lang.Object, java.lang.Object)'> (0x00000000e306a070) thrown at [./src/hotspot/share/interpreter/linkResolver.cpp, line 773]
Event: 34.793 Thread 0x000001e65eb5a000 Exception <a 'java/lang/NoSuchMethodError'{0x00000000e3070628}: 'float java.lang.invoke.DirectMethodHandle$Holder.invokeVirtual(java.lang.Object, java.lang.Object)'> (0x00000000e3070628) thrown at [./src/hotspot/share/interpreter/linkResolver.cpp, line 773]
Event: 34.795 Thread 0x000001e65eb5a000 Exception <a 'java/lang/NoSuchMethodError'{0x00000000e3079318}: 'long java.lang.invoke.DirectMethodHandle$Holder.invokeVirtual(java.lang.Object, java.lang.Object)'> (0x00000000e3079318) thrown at [./src/hotspot/share/interpreter/linkResolver.cpp, line 773]
Event: 35.843 Thread 0x000001e65eb5a000 Exception <a 'java/lang/NoClassDefFoundError'{0x00000000e30f4e38}> (0x00000000e30f4e38) thrown at [./src/hotspot/share/oops/instanceKlass.cpp, line 1029]
Event: 35.850 Thread 0x000001e65eb5a000 Exception <a 'java/lang/NoClassDefFoundError'{0x00000000e2f5bfe0}: org/apache/logging/log4j/spi/ExtendedLoggerWrapper> (0x00000000e2f5bfe0) thrown at [./src/hotspot/share/classfile/systemDictionary.cpp, line 219]
Event: 35.855 Thread 0x000001e65eb5a000 Exception <a 'java/lang/NoClassDefFoundError'{0x00000000e2fa0268}: org/apache/log4j/Priority> (0x00000000e2fa0268) thrown at [./src/hotspot/share/classfile/systemDictionary.cpp, line 219]
Event: 37.078 Thread 0x000001e65eb5a000 Exception <a 'sun/nio/fs/WindowsException'{0x00000000e39ecb58}> (0x00000000e39ecb58) thrown at [./src/hotspot/share/prims/jni.cpp, line 617]
Event: 37.139 Thread 0x000001e65eb5a000 Exception <a 'java/lang/NoSuchMethodError'{0x00000000e38197e8}: 'int java.lang.invoke.DirectMethodHandle$Holder.invokeStaticInit(java.lang.Object, java.lang.Object, java.lang.Object, java.lang.Object)'> (0x00000000e38197e8) thrown at [./src/hotspot/share/interpreter/linkResolver.cpp, line 773]
Event: 37.148 Thread 0x000001e65eb5a000 Exception <a 'java/lang/IncompatibleClassChangeError'{0x00000000e3822ca8}: Found class java.lang.Object, but interface was expected> (0x00000000e3822ca8) thrown at [./src/hotspot/share/interpreter/linkResolver.cpp, line 839]
Event: 38.950 Thread 0x000001e65eb5a000 Exception <a 'java/lang/IncompatibleClassChangeError'{0x00000000e5360fc0}: Found class java.lang.Object, but interface was expected> (0x00000000e5360fc0) thrown at [./src/hotspot/share/interpreter/linkResolver.cpp, line 839]
Event: 40.411 Thread 0x000001e67d5d7000 Exception <a 'java/net/ConnectException'{0x00000000e51d7cb8}: Connection refused: connect> (0x00000000e51d7cb8) thrown at [./src/hotspot/share/prims/jni.cpp, line 638]
Event: 40.435 Thread 0x000001e67d5d7000 Exception <a 'java/net/ConnectException'{0x00000000e51d94d8}: Connection refused: connect> (0x00000000e51d94d8) thrown at [./src/hotspot/share/prims/jni.cpp, line 638]
Event: 40.468 Thread 0x000001e67d5d7000 Exception <a 'java/net/ConnectException'{0x00000000e51da458}: Connection refused: connect> (0x00000000e51da458) thrown at [./src/hotspot/share/prims/jni.cpp, line 638]
Event: 40.541 Thread 0x000001e67d5d7000 Exception <a 'java/net/ConnectException'{0x00000000e51db3d8}: Connection refused: connect> (0x00000000e51db3d8) thrown at [./src/hotspot/share/prims/jni.cpp, line 638]
Event: 40.625 Thread 0x000001e67d5d7000 Exception <a 'java/net/ConnectException'{0x00000000e51dc390}: Connection refused: connect> (0x00000000e51dc390) thrown at [./src/hotspot/share/prims/jni.cpp, line 638]
Event: 41.159 Thread 0x000001e65eb5a000 Exception <a 'java/lang/NoSuchMethodError'{0x00000000e5c35110}: 'java.lang.Object java.lang.invoke.Invokers$Holder.linkToTargetMethod(java.lang.Object, int, int, java.lang.Object)'> (0x00000000e5c35110) thrown at [./src/hotspot/share/interpreter/linkResolver.cpp, line 773]
Event: 41.165 Thread 0x000001e65eb5a000 Exception <a 'java/lang/NoSuchMethodError'{0x00000000e5c41280}: 'void java.lang.invoke.DirectMethodHandle$Holder.invokeStatic(java.lang.Object, java.lang.Object, int)'> (0x00000000e5c41280) thrown at [./src/hotspot/share/interpreter/linkResolver.cpp, line 773]
Event: 41.381 Thread 0x000001e65eb5a000 Exception <a 'java/lang/NoSuchMethodError'{0x00000000e51994b0}: 'int java.lang.invoke.DirectMethodHandle$Holder.invokeSpecialIFC(java.lang.Object, java.lang.Object, java.lang.Object)'> (0x00000000e51994b0) thrown at [./src/hotspot/share/interpreter/linkResolver.cpp, line 773]
Event: 43.290 Thread 0x000001e67d5d8000 Implicit null exception at 0x000001e66ee02f07 to 0x000001e66ee038fe
Event: 52.862 Thread 0x000001e65eb5a000 Implicit null exception at 0x000001e66ee2b3bd to 0x000001e66ee2b4cb

Events (20 events):
Event: 52.975 loading class com/google/common/collect/Multisets$AbstractEntry
Event: 52.975 loading class com/google/common/collect/Multisets$AbstractEntry done
Event: 52.977 loading class com/google/common/collect/RegularImmutableMultiset$NonTerminalEntry
Event: 52.977 loading class com/google/common/collect/RegularImmutableMultiset$NonTerminalEntry done
Event: 52.978 loading class com/google/common/collect/ImmutableMultiset$ElementSet
Event: 52.978 loading class com/google/common/collect/ImmutableMultiset$ElementSet done
Event: 52.981 loading class com/google/common/collect/ImmutableSet$Indexed
Event: 52.981 loading class com/google/common/collect/ImmutableSet$Indexed done
Event: 52.983 loading class com/google/common/collect/AbstractMapBasedMultiset$2
Event: 52.983 loading class com/google/common/collect/AbstractMapBasedMultiset$2 done
Event: 52.985 loading class com/google/common/collect/AbstractMapBasedMultiset$2$1
Event: 52.985 loading class com/google/common/collect/AbstractMapBasedMultiset$2$1 done
Event: 52.986 loading class com/google/common/primitives/Ints
Event: 52.986 loading class com/google/common/primitives/Ints done
Event: 52.989 loading class com/google/common/primitives/IntsMethodsForWeb
Event: 52.989 loading class com/google/common/primitives/IntsMethodsForWeb done
Event: 52.990 loading class com/google/common/primitives/Ints$IntConverter
Event: 52.990 loading class com/google/common/primitives/Ints$IntConverter done
Event: 52.996 loading class com/google/common/base/Joiner
Event: 52.996 loading class com/google/common/base/Joiner done


Dynamic libraries:
0x00007ff663eb0000 - 0x00007ff663ebd000 	C:\Users\1\.jdks\corretto-11.0.18\bin\java.exe
0x00007ffb32c50000 - 0x00007ffb32e48000 	C:\WINDOWS\SYSTEM32\ntdll.dll
0x00007ffb30e60000 - 0x00007ffb30f1d000 	C:\WINDOWS\System32\KERNEL32.DLL
0x00007ffb304f0000 - 0x00007ffb307e6000 	C:\WINDOWS\System32\KERNELBASE.dll
0x00007ffb30b80000 - 0x00007ffb30c80000 	C:\WINDOWS\System32\ucrtbase.dll
0x00007ffb28c30000 - 0x00007ffb28c49000 	C:\Users\1\.jdks\corretto-11.0.18\bin\VCRUNTIME140.dll
0x00007ffb28c50000 - 0x00007ffb28c67000 	C:\Users\1\.jdks\corretto-11.0.18\bin\jli.dll
0x00007ffb31000000 - 0x00007ffb3119e000 	C:\WINDOWS\System32\USER32.dll
0x00007ffb30c80000 - 0x00007ffb30ca2000 	C:\WINDOWS\System32\win32u.dll
0x00007ffb30f20000 - 0x00007ffb30f4c000 	C:\WINDOWS\System32\GDI32.dll
0x00007ffb303d0000 - 0x00007ffb304ea000 	C:\WINDOWS\System32\gdi32full.dll
0x00007ffb30ae0000 - 0x00007ffb30b7d000 	C:\WINDOWS\System32\msvcp_win.dll
0x00007ffb20830000 - 0x00007ffb20aca000 	C:\WINDOWS\WinSxS\amd64_microsoft.windows.common-controls_6595b64144ccf1df_6.0.19041.1110_none_60b5254171f9507e\COMCTL32.dll
0x00007ffb325c0000 - 0x00007ffb3265e000 	C:\WINDOWS\System32\msvcrt.dll
0x00007ffb32aa0000 - 0x00007ffb32ad0000 	C:\WINDOWS\System32\IMM32.DLL
0x00007ffb30130000 - 0x00007ffb30166000 	C:\WINDOWS\system32\DriverStore\FileRepository\nvam.inf_amd64_20c0bba34ffd86ca\nvinitx.dll
0x00007ffb31400000 - 0x00007ffb314ae000 	C:\WINDOWS\System32\ADVAPI32.dll
0x00007ffb31360000 - 0x00007ffb313fc000 	C:\WINDOWS\System32\sechost.dll
0x00007ffb311b0000 - 0x00007ffb312d6000 	C:\WINDOWS\System32\RPCRT4.dll
0x00007ffb30120000 - 0x00007ffb3012a000 	C:\WINDOWS\SYSTEM32\VERSION.dll
0x00007ffb315d0000 - 0x00007ffb31d15000 	C:\WINDOWS\System32\Shell32.dll
0x00007ffb2e330000 - 0x00007ffb2eacb000 	C:\WINDOWS\SYSTEM32\windows.storage.dll
0x00007ffb326c0000 - 0x00007ffb32a14000 	C:\WINDOWS\System32\combase.dll
0x00007ffb2fb70000 - 0x00007ffb2fb9e000 	C:\WINDOWS\SYSTEM32\Wldp.dll
0x00007ffb31d20000 - 0x00007ffb31dcd000 	C:\WINDOWS\System32\SHCORE.dll
0x00007ffb32bb0000 - 0x00007ffb32c05000 	C:\WINDOWS\System32\shlwapi.dll
0x0000000065cd0000 - 0x0000000065cd6000 	C:\Program Files\NVIDIA Corporation\CoProcManager\_etoured.dll
0x00007ffb27220000 - 0x00007ffb27263000 	C:\Program Files\NVIDIA Corporation\CoProcManager\nvd3d9wrapx.dll
0x00007ffb31ec0000 - 0x00007ffb3232e000 	C:\WINDOWS\System32\SETUPAPI.dll
0x00007ffb307f0000 - 0x00007ffb3083e000 	C:\WINDOWS\System32\cfgmgr32.dll
0x00007ffb303a0000 - 0x00007ffb303c7000 	C:\WINDOWS\System32\bcrypt.dll
0x00007ffb26930000 - 0x00007ffb2695d000 	C:\Program Files\NVIDIA Corporation\CoProcManager\nvdxgiwrapx.dll
0x00007ffb12260000 - 0x00007ffb122fb000 	C:\Users\1\.jdks\corretto-11.0.18\bin\msvcp140.dll
0x00007ffadb080000 - 0x00007ffadbc0a000 	C:\Users\1\.jdks\corretto-11.0.18\bin\server\jvm.dll
0x00007ffb32a90000 - 0x00007ffb32a98000 	C:\WINDOWS\System32\PSAPI.DLL
0x00007ffb1bda0000 - 0x00007ffb1bda9000 	C:\WINDOWS\SYSTEM32\WSOCK32.dll
0x00007ffb32a20000 - 0x00007ffb32a8b000 	C:\WINDOWS\System32\WS2_32.dll
0x00007ffb22b20000 - 0x00007ffb22b47000 	C:\WINDOWS\SYSTEM32\WINMM.dll
0x00007ffb2e130000 - 0x00007ffb2e142000 	C:\WINDOWS\SYSTEM32\kernel.appcore.dll
0x00007ffb2c140000 - 0x00007ffb2c150000 	C:\Users\1\.jdks\corretto-11.0.18\bin\verify.dll
0x00007ffb1c470000 - 0x00007ffb1c654000 	C:\WINDOWS\SYSTEM32\DBGHELP.DLL
0x00007ffb1c350000 - 0x00007ffb1c384000 	C:\WINDOWS\SYSTEM32\dbgcore.DLL
0x00007ffb30840000 - 0x00007ffb308c2000 	C:\WINDOWS\System32\bcryptPrimitives.dll
0x00007ffb28aa0000 - 0x00007ffb28ac8000 	C:\Users\1\.jdks\corretto-11.0.18\bin\java.dll
0x00007ffb2c120000 - 0x00007ffb2c12a000 	C:\Users\1\.jdks\corretto-11.0.18\bin\jimage.dll
0x00007ffb28d50000 - 0x00007ffb28d5e000 	C:\Users\1\.jdks\corretto-11.0.18\bin\instrument.dll
0x00007ffb28080000 - 0x00007ffb28098000 	C:\Users\1\.jdks\corretto-11.0.18\bin\zip.dll
0x00007ffb30260000 - 0x00007ffb30285000 	C:\WINDOWS\SYSTEM32\profapi.dll
0x00007ffb260e0000 - 0x00007ffb260f9000 	C:\Users\1\.jdks\corretto-11.0.18\bin\net.dll
0x00007ffb27d70000 - 0x00007ffb27e7a000 	C:\WINDOWS\SYSTEM32\WINHTTP.dll
0x00007ffb2f950000 - 0x00007ffb2f9ba000 	C:\WINDOWS\system32\mswsock.dll
0x00007ffb26030000 - 0x00007ffb26043000 	C:\Users\1\.jdks\corretto-11.0.18\bin\nio.dll
0x00007ffb2feb0000 - 0x00007ffb2fec8000 	C:\WINDOWS\SYSTEM32\CRYPTSP.dll
0x00007ffb2f280000 - 0x00007ffb2f2b4000 	C:\WINDOWS\system32\rsaenh.dll
0x00007ffb30220000 - 0x00007ffb3024e000 	C:\WINDOWS\SYSTEM32\USERENV.dll
0x00007ffb2fae0000 - 0x00007ffb2faec000 	C:\WINDOWS\SYSTEM32\CRYPTBASE.dll
0x00007ffb2f660000 - 0x00007ffb2f69b000 	C:\WINDOWS\SYSTEM32\IPHLPAPI.DLL
0x00007ffb31eb0000 - 0x00007ffb31eb8000 	C:\WINDOWS\System32\NSI.dll
0x00007ffb29480000 - 0x00007ffb29497000 	C:\WINDOWS\SYSTEM32\dhcpcsvc6.DLL
0x00007ffb29550000 - 0x00007ffb2956d000 	C:\WINDOWS\SYSTEM32\dhcpcsvc.DLL
0x00007ffb2f6a0000 - 0x00007ffb2f76a000 	C:\WINDOWS\SYSTEM32\DNSAPI.dll
0x00007ffaf88f0000 - 0x00007ffaf8907000 	C:\WINDOWS\system32\napinsp.dll
0x00007ffaf88d0000 - 0x00007ffaf88eb000 	C:\WINDOWS\system32\pnrpnsp.dll
0x00007ffb2b370000 - 0x00007ffb2b385000 	C:\WINDOWS\system32\wshbth.dll
0x00007ffb2bb30000 - 0x00007ffb2bb4d000 	C:\WINDOWS\system32\NLAapi.dll
0x00007ffaf88b0000 - 0x00007ffaf88c2000 	C:\WINDOWS\System32\winrnr.dll
0x00007ffb233a0000 - 0x00007ffb233aa000 	C:\Windows\System32\rasadhlp.dll
0x00007ffb24510000 - 0x00007ffb24592000 	C:\WINDOWS\System32\fwpuclnt.dll
0x00007ffb2c0c0000 - 0x00007ffb2c0c9000 	C:\Users\1\.jdks\corretto-11.0.18\bin\management.dll
0x00007ffb28bc0000 - 0x00007ffb28bcb000 	C:\Users\1\.jdks\corretto-11.0.18\bin\management_ext.dll
0x00007ffb2da60000 - 0x00007ffb2daf1000 	C:\WINDOWS\system32\apphelp.dll
0x00007ffb28b20000 - 0x00007ffb28b45000 	C:\Users\1\.jdks\corretto-11.0.18\bin\sunec.dll

dbghelp: loaded successfully - version: 4.0.5 - missing functions: none
symbol engine: initialized successfully - sym options: 0x614 - pdb path: .;C:\Users\1\.jdks\corretto-11.0.18\bin;C:\WINDOWS\SYSTEM32;C:\WINDOWS\WinSxS\amd64_microsoft.windows.common-controls_6595b64144ccf1df_6.0.19041.1110_none_60b5254171f9507e;C:\WINDOWS\system32\DriverStore\FileRepository\nvam.inf_amd64_20c0bba34ffd86ca;C:\Program Files\NVIDIA Corporation\CoProcManager;C:\Users\1\.jdks\corretto-11.0.18\bin\server

VM Arguments:
jvm_args: -Dallure.results.directory=C:\Users\1\IdeaProjects\QA-diploma\build\allure-results -Ddb.pass=pass -Ddb.url=jdbc:mysql://localhost:3306/app -Ddb.user=app -Djunit.jupiter.extensions.autodetection.enabled=true -Dorg.gradle.internal.worker.tmpdir=C:\Users\1\IdeaProjects\QA-diploma\build\tmp\test\work -Dorg.gradle.native=false -Dselenide.headless -javaagent:C:\Users\1\.gradle\caches\modules-2\files-2.1\org.aspectj\aspectjweaver\1.9.9.1\dcd2703279a94ad909fa3f3d08671cb0f2dabf7\aspectjweaver-1.9.9.1.jar -Xmx512m -Dfile.encoding=windows-1251 -Duser.country=RU -Duser.language=ru -Duser.variant -ea 
java_command: worker.org.gradle.process.internal.worker.GradleWorkerMain 'Gradle Test Executor 2'
java_class_path (initial): C:\\Users\\1\\.gradle\\caches\\7.5.1\\workerMain\\gradle-worker.jar;C:\\Users\\1\\IdeaProjects\\QA-diploma\\build\\classes\\java\\test;C:\\Users\\1\\IdeaProjects\\QA-diploma\\build\\classes\\java\\main;C:\\Users\\1\\.gradle\\caches\\modules-2\\files-2.1\\org.junit.jupiter\\junit-jupiter-params\\5.9.2\\bc2765afb7b85b583c710dd259a11c6b8c39e912\\junit-jupiter-params-5.9.2.jar;C:\\Users\\1\\.gradle\\caches\\modules-2\\files-2.1\\org.junit.jupiter\\junit-jupiter-engine\\5.9.2\\572f7a553b53f83ee59cc045ce1c3772864ab76c\\junit-jupiter-engine-5.9.2.jar;C:\\Users\\1\\.gradle\\caches\\modules-2\\files-2.1\\io.qameta.allure\\allure-junit5\\2.20.1\\4dd0476b2b3faf26719200407a2ecfd0cd3b4de9\\allure-junit5-2.20.1.jar;C:\\Users\\1\\.gradle\\caches\\modules-2\\files-2.1\\io.qameta.allure\\allure-junit-platform\\2.20.1\\eed7d32afe119e7897123e4183921e311dae509f\\allure-junit-platform-2.20.1.jar;C:\\Users\\1\\.gradle\\caches\\modules-2\\files-2.1\\org.junit.jupiter\\junit-jupiter-api\\5.9.2\\fed843581520eac594bc36bb4b0f55e7b947dda9\\junit-jupiter-api-5.9.2.jar;C:\\Users\\1\\.gradle\\caches\\modules-2\\files-2.1\\org.junit.platform\\junit-platform-launcher\\1.9.2\\38e0bfad8c57d4cd1a8f27926c25ffe9543068d6\\junit-platform-launcher-1.9.2.jar;C:\\Users\\1\\.gradle\\caches\\modules-2\\files-2.1\\org.junit.platform\\junit-platform-engine\\1.9.2\\40aeef2be7b04f96bb91e8b054affc28b7c7c935\\junit-platform-engine-1.9.2.jar;C:\\Users\\1\\.gradle\\caches\\modules-2\\files-2.1\\org.junit.platform\\junit-platform-commons\\1.9.2\\6f9f8621d8230cd38aa42e58ccbc0c00569131ce\\junit-platform-commons-1.9.2.jar;C:\\Users\\1\\.gradle\\caches\\modules-2\\files-2.1\\org.junit.jupiter\\junit-jupiter\\5.9.2\\26c586fbe0ebd81b48c9f11f0d998124248697ae\\junit-jupiter-5.9.2.jar;C:\\Users\\1\\.gradle\\caches\\modules-2\\files-2.1\\com.codeborne\\selenide\\6.19.0\\8bf12cbbef1f2b4f6833f0cc2f0b13b72f388c97\\selenide-6.19.0.jar;C:\\Users\\1\\.gradle\\caches\\modules-2\\files-2.1\\org.postgresql\\p
Launcher Type: SUN_STANDARD

[Global flags]
     intx CICompilerCount                          = 3                                         {product} {ergonomic}
     uint ConcGCThreads                            = 1                                         {product} {ergonomic}
     uint G1ConcRefinementThreads                  = 4                                         {product} {ergonomic}
   size_t G1HeapRegionSize                         = 1048576                                   {product} {ergonomic}
    uintx GCDrainStackTargetSize                   = 64                                        {product} {ergonomic}
   size_t InitialHeapSize                          = 44040192                                  {product} {ergonomic}
   size_t MarkStackSize                            = 4194304                                   {product} {ergonomic}
   size_t MaxHeapSize                              = 536870912                                 {product} {command line}
   size_t MaxNewSize                               = 321912832                                 {product} {ergonomic}
   size_t MinHeapDeltaBytes                        = 1048576                                   {product} {ergonomic}
    uintx NonNMethodCodeHeapSize                   = 5830732                                {pd product} {ergonomic}
    uintx NonProfiledCodeHeapSize                  = 122913754                              {pd product} {ergonomic}
    uintx ProfiledCodeHeapSize                     = 122913754                              {pd product} {ergonomic}
    uintx ReservedCodeCacheSize                    = 251658240                              {pd product} {ergonomic}
     bool SegmentedCodeCache                       = true                                      {product} {ergonomic}
     bool UseCompressedClassPointers               = true                                 {lp64_product} {ergonomic}
     bool UseCompressedOops                        = true                                 {lp64_product} {ergonomic}
     bool UseG1GC                                  = true                                      {product} {ergonomic}
     bool UseLargePagesIndividualAllocation        = false                                  {pd product} {ergonomic}

Logging:
Log output configuration:
 #0: stdout all=warning uptime,level,tags
 #1: stderr all=off uptime,level,tags

Environment Variables:
PATH=C:\Program Files\Eclipse Adoptium\jdk-11.0.17.8-hotspot\bin;C:\WINDOWS\system32;C:\WINDOWS;C:\WINDOWS\System32\Wbem;C:\WINDOWS\System32\WindowsPowerShell\v1.0\;C:\WINDOWS\System32\OpenSSH\;C:\Program Files (x86)\Windows Live\Shared;C:\Program Files (x86)\dotnet\;C:\Program Files\WireGuard\;C:\Program Files\Git\cmd;C:\Program Files\Docker\Docker\resources\bin;C:\Users\1\AppData\Local\Microsoft\WindowsApps;C:\Users\1\AppData\Local\Programs\Microsoft VS Code\bin;C:\Program Files\JetBrains\IntelliJ IDEA Community Edition 2022.3.3\bin;;C:Users\1\ChromeDriver;
USERNAME=1
OS=Windows_NT
PROCESSOR_IDENTIFIER=Intel64 Family 6 Model 42 Stepping 7, GenuineIntel
TMP=C:\Users\1\AppData\Local\Temp
TEMP=C:\Users\1\AppData\Local\Temp



---------------  S Y S T E M  ---------------

OS: Windows 10 , 64 bit Build 19041 (10.0.19041.3393)
OS uptime: 1 days 0:11 hours
Hyper-V role detected

CPU:total 4 (initial active 4) (2 cores per cpu, 2 threads per core) family 6 model 42 stepping 7 microcode 0x2f, cmov, cx8, fxsr, mmx, sse, sse2, sse3, ssse3, sse4.1, sse4.2, popcnt, avx, clmul, ht, tsc, tscinvbit

Memory: 4k page, system-wide physical 2600M (33M free)
TotalPageFile size 10536M (AvailPageFile size 4M)
current process WorkingSet (physical memory assigned to process): 128M, peak: 180M
current process commit charge ("private bytes"): 247M, peak: 253M

vm_info: OpenJDK 64-Bit Server VM (11.0.18+10-LTS) for windows-amd64 JRE (11.0.18+10-LTS), built on Jan 10 2023 20:17:52 by "Administrator" with MS VC++ 15.9 (VS2017)

END.
