#
# There is insufficient memory for the Java Runtime Environment to continue.
# Native memory allocation (malloc) failed to allocate 1537136 bytes for Chunk::new
# Possible reasons:
#   The system is out of physical RAM or swap space
#   The process is running with CompressedOops enabled, and the Java Heap may be blocking the growth of the native heap
# Possible solutions:
#   Reduce memory load on the system
#   Increase physical memory or swap space
#   Check if swap backing store is full
#   Decrease Java heap size (-Xmx/-Xms)
#   Decrease number of Java threads
#   Decrease Java thread stack sizes (-Xss)
#   Set larger code cache with -XX:ReservedCodeCacheSize=
#   JVM is running with Unscaled Compressed Oops mode in which the Java heap is
#     placed in the first 4GB address space. The Java Heap base address is the
#     maximum limit for the native heap growth. Please use -XX:HeapBaseMinAddress
#     to set the Java Heap base and to place the Java Heap above 4GB virtual address.
# This output file may be truncated or incomplete.
#
#  Out of Memory Error (./src/hotspot/share/memory/arena.cpp:197), pid=9576, tid=13284
#
# JRE version: OpenJDK Runtime Environment Temurin-11.0.17+8 (11.0.17+8) (build 11.0.17+8)
# Java VM: OpenJDK 64-Bit Server VM Temurin-11.0.17+8 (11.0.17+8, mixed mode, tiered, compressed oops, g1 gc, windows-amd64)
# No core dump will be written. Minidumps are not enabled by default on client versions of Windows
#

---------------  S U M M A R Y ------------

Command Line: --add-opens=java.base/java.util=ALL-UNNAMED --add-opens=java.base/java.lang=ALL-UNNAMED --add-opens=java.base/java.lang.invoke=ALL-UNNAMED --add-opens=java.base/java.util=ALL-UNNAMED --add-opens=java.prefs/java.util.prefs=ALL-UNNAMED --add-opens=java.prefs/java.util.prefs=ALL-UNNAMED --add-opens=java.base/java.nio.charset=ALL-UNNAMED --add-opens=java.base/java.net=ALL-UNNAMED --add-opens=java.base/java.util.concurrent.atomic=ALL-UNNAMED -XX:MaxMetaspaceSize=256m -XX:+HeapDumpOnOutOfMemoryError -Xms256m -Xmx512m -Dfile.encoding=windows-1251 -Duser.country=RU -Duser.language=ru -Duser.variant org.gradle.launcher.daemon.bootstrap.GradleDaemon 7.5.1

Host: Intel(R) Core(TM) i5-2430M CPU @ 2.40GHz, 4 cores, 2G,  Windows 10 , 64 bit Build 19041 (10.0.19041.3393)
Time: Mon Oct  9 19:01:01 2023 RTZ 4 (s 10 , 64 bit Build 19041 (10.0.19041.3393) elapsed time: 12.645034 seconds (0d 0h 0m 12s)

---------------  T H R E A D  ---------------

Current thread (0x00000156f0382000):  JavaThread "C2 CompilerThread0" daemon [_thread_in_native, id=13284, stack(0x000000431d500000,0x000000431d600000)]


Current CompileTask:
C2:  12645 2926       4       java.util.AbstractCollection::addAll (42 bytes)

Stack: [0x000000431d500000,0x000000431d600000]
Native frames: (J=compiled Java code, j=interpreted, Vv=VM code, C=native code)
V  [jvm.dll+0x61f5ba]
V  [jvm.dll+0x7abf79]
V  [jvm.dll+0x7ad668]
V  [jvm.dll+0x7add43]
V  [jvm.dll+0x24fd88]
V  [jvm.dll+0xc262c]
V  [jvm.dll+0xc2bec]
V  [jvm.dll+0x359f42]
V  [jvm.dll+0x326123]
V  [jvm.dll+0x32545a]
V  [jvm.dll+0x209053]
V  [jvm.dll+0x20815d]
V  [jvm.dll+0x18a3b1]
V  [jvm.dll+0x217a34]
V  [jvm.dll+0x215c7b]
V  [jvm.dll+0x76ea70]
V  [jvm.dll+0x7679a4]
V  [jvm.dll+0x61e425]
C  [ucrtbase.dll+0x21bb2]
C  [KERNEL32.DLL+0x17344]
C  [ntdll.dll+0x526b1]


---------------  P R O C E S S  ---------------

Threads class SMR info:
_java_thread_list=0x00000156f1cfac20, length=31, elements={
0x00000156d4b8b800, 0x00000156f0326000, 0x00000156f032f800, 0x00000156f037d000,
0x00000156f037e000, 0x00000156f037f000, 0x00000156f0382000, 0x00000156f0390000,
0x00000156f039a800, 0x00000156f0500800, 0x00000156f317d800, 0x00000156f13e6800,
0x00000156f1a43800, 0x00000156f2ff7800, 0x00000156f0e1f800, 0x00000156f2e00000,
0x00000156f3172800, 0x00000156f2344800, 0x00000156f2b78000, 0x00000156f1302000,
0x00000156f1307000, 0x00000156f1301800, 0x00000156f1304800, 0x00000156f1305800,
0x00000156f1306000, 0x00000156f1303000, 0x00000156f1308000, 0x00000156f1303800,
0x00000156f23c0000, 0x00000156f23bf000, 0x00000156f23c1000
}

Java Threads: ( => current thread )
  0x00000156d4b8b800 JavaThread "main" [_thread_blocked, id=8336, stack(0x000000431c900000,0x000000431ca00000)]
  0x00000156f0326000 JavaThread "Reference Handler" daemon [_thread_blocked, id=12980, stack(0x000000431d000000,0x000000431d100000)]
  0x00000156f032f800 JavaThread "Finalizer" daemon [_thread_blocked, id=11896, stack(0x000000431d100000,0x000000431d200000)]
  0x00000156f037d000 JavaThread "Signal Dispatcher" daemon [_thread_blocked, id=13200, stack(0x000000431d200000,0x000000431d300000)]
  0x00000156f037e000 JavaThread "Attach Listener" daemon [_thread_blocked, id=2800, stack(0x000000431d300000,0x000000431d400000)]
  0x00000156f037f000 JavaThread "Service Thread" daemon [_thread_blocked, id=4312, stack(0x000000431d400000,0x000000431d500000)]
=>0x00000156f0382000 JavaThread "C2 CompilerThread0" daemon [_thread_in_native, id=13284, stack(0x000000431d500000,0x000000431d600000)]
  0x00000156f0390000 JavaThread "C1 CompilerThread0" daemon [_thread_blocked, id=13484, stack(0x000000431d600000,0x000000431d700000)]
  0x00000156f039a800 JavaThread "Sweeper thread" daemon [_thread_blocked, id=8228, stack(0x000000431d700000,0x000000431d800000)]
  0x00000156f0500800 JavaThread "Common-Cleaner" daemon [_thread_blocked, id=14220, stack(0x000000431d800000,0x000000431d900000)]
  0x00000156f317d800 JavaThread "Daemon health stats" [_thread_blocked, id=12032, stack(0x000000431dd00000,0x000000431de00000)]
  0x00000156f13e6800 JavaThread "Incoming local TCP Connector on port 64023" [_thread_in_native, id=13168, stack(0x000000431de00000,0x000000431df00000)]
  0x00000156f1a43800 JavaThread "Daemon periodic checks" [_thread_blocked, id=11380, stack(0x000000431df00000,0x000000431e000000)]
  0x00000156f2ff7800 JavaThread "Daemon" [_thread_blocked, id=13936, stack(0x000000431e000000,0x000000431e100000)]
  0x00000156f0e1f800 JavaThread "Handler for socket connection from /127.0.0.1:64023 to /127.0.0.1:64024" [_thread_in_native, id=10224, stack(0x000000431e100000,0x000000431e200000)]
  0x00000156f2e00000 JavaThread "Cancel handler" [_thread_blocked, id=14004, stack(0x000000431e200000,0x000000431e300000)]
  0x00000156f3172800 JavaThread "Daemon worker" [_thread_in_vm, id=8292, stack(0x000000431e300000,0x000000431e400000)]
  0x00000156f2344800 JavaThread "Asynchronous log dispatcher for DefaultDaemonConnection: socket connection from /127.0.0.1:64023 to /127.0.0.1:64024" [_thread_blocked, id=2784, stack(0x000000431e400000,0x000000431e500000)]
  0x00000156f2b78000 JavaThread "Stdin handler" [_thread_blocked, id=11720, stack(0x000000431e500000,0x000000431e600000)]
  0x00000156f1302000 JavaThread "Daemon client event forwarder" [_thread_blocked, id=13944, stack(0x000000431e600000,0x000000431e700000)]
  0x00000156f1307000 JavaThread "Cache worker for journal cache (C:\Users\1\.gradle\caches\journal-1)" [_thread_blocked, id=10276, stack(0x000000431e700000,0x000000431e800000)]
  0x00000156f1301800 JavaThread "File lock request listener" [_thread_in_native, id=7932, stack(0x000000431e800000,0x000000431e900000)]
  0x00000156f1304800 JavaThread "Cache worker for file hash cache (C:\Users\1\.gradle\caches\7.5.1\fileHashes)" [_thread_blocked, id=13844, stack(0x000000431e900000,0x000000431ea00000)]
  0x00000156f1305800 JavaThread "File watcher server" daemon [_thread_in_native, id=10072, stack(0x000000431ea00000,0x000000431eb00000)]
  0x00000156f1306000 JavaThread "File watcher consumer" daemon [_thread_blocked, id=13308, stack(0x000000431eb00000,0x000000431ec00000)]
  0x00000156f1303000 JavaThread "Cache worker for checksums cache (C:\Users\1\IdeaProjects\QA-diploma\.gradle\7.5.1\checksums)" [_thread_blocked, id=6220, stack(0x000000431ec00000,0x000000431ed00000)]
  0x00000156f1308000 JavaThread "Cache worker for cache directory md-rule (C:\Users\1\.gradle\caches\7.5.1\md-rule)" [_thread_blocked, id=4792, stack(0x000000431ed00000,0x000000431ee00000)]
  0x00000156f1303800 JavaThread "Cache worker for file content cache (C:\Users\1\.gradle\caches\7.5.1\fileContent)" [_thread_blocked, id=9792, stack(0x000000431ee00000,0x000000431ef00000)]
  0x00000156f23c0000 JavaThread "Cache worker for file hash cache (C:\Users\1\IdeaProjects\QA-diploma\.gradle\7.5.1\fileHashes)" [_thread_blocked, id=9424, stack(0x000000431ef00000,0x000000431f000000)]
  0x00000156f23bf000 JavaThread "Cache worker for cache directory md-supplier (C:\Users\1\.gradle\caches\7.5.1\md-supplier)" [_thread_blocked, id=2440, stack(0x000000431f000000,0x000000431f100000)]
  0x00000156f23c1000 JavaThread "Cache worker for execution history cache (C:\Users\1\.gradle\caches\7.5.1\executionHistory)" [_thread_blocked, id=2460, stack(0x000000431f100000,0x000000431f200000)]

Other Threads:
  0x00000156f02fb000 VMThread "VM Thread" [stack: 0x000000431cf00000,0x000000431d000000] [id=8204]
  0x00000156f0505800 WatcherThread [stack: 0x000000431d900000,0x000000431da00000] [id=13984]
  0x00000156d4ba4000 GCTaskThread "GC Thread#0" [stack: 0x000000431ca00000,0x000000431cb00000] [id=11960]
  0x00000156f0b17800 GCTaskThread "GC Thread#1" [stack: 0x000000431da00000,0x000000431db00000] [id=11520]
  0x00000156f0920000 GCTaskThread "GC Thread#2" [stack: 0x000000431db00000,0x000000431dc00000] [id=14324]
  0x00000156f0862800 GCTaskThread "GC Thread#3" [stack: 0x000000431dc00000,0x000000431dd00000] [id=12532]
  0x00000156d4bb5800 ConcurrentGCThread "G1 Main Marker" [stack: 0x000000431cb00000,0x000000431cc00000] [id=12784]
  0x00000156d4bb8800 ConcurrentGCThread "G1 Conc#0" [stack: 0x000000431cc00000,0x000000431cd00000] [id=7084]
  0x00000156d4bfe000 ConcurrentGCThread "G1 Refine#0" [stack: 0x000000431cd00000,0x000000431ce00000] [id=8544]
  0x00000156ef992800 ConcurrentGCThread "G1 Young RemSet Sampling" [stack: 0x000000431ce00000,0x000000431cf00000] [id=14224]

Threads with active compile tasks:
C2 CompilerThread0    12802 2926       4       java.util.AbstractCollection::addAll (42 bytes)

VM state:not at safepoint (normal execution)

VM Mutex/Monitor currently owned by a thread: None

Heap address: 0x00000000e0000000, size: 512 MB, Compressed Oops mode: 32-bit
Narrow klass base: 0x0000000000000000, Narrow klass shift: 3
Compressed class space size: 260046848 Address: 0x0000000100000000

Heap:
 garbage-first heap   total 262144K, used 27761K [0x00000000e0000000, 0x0000000100000000)
  region size 1024K, 14 young (14336K), 8 survivors (8192K)
 Metaspace       used 35961K, capacity 36779K, committed 37072K, reserved 286720K
  class space    used 4627K, capacity 4984K, committed 4992K, reserved 253952K
Heap Regions: E=young(eden), S=young(survivor), O=old, HS=humongous(starts), HC=humongous(continues), CS=collection set, F=free, A=archive, TAMS=top-at-mark-start (previous, next)
|   0|0x00000000e0000000, 0x00000000e0100000, 0x00000000e0100000|100%|HS|  |TAMS 0x00000000e0100000, 0x00000000e0000000| Complete 
|   1|0x00000000e0100000, 0x00000000e0200000, 0x00000000e0200000|100%|HC|  |TAMS 0x00000000e0200000, 0x00000000e0100000| Complete 
|   2|0x00000000e0200000, 0x00000000e0300000, 0x00000000e0300000|100%|HC|  |TAMS 0x00000000e0300000, 0x00000000e0200000| Complete 
|   3|0x00000000e0300000, 0x00000000e0400000, 0x00000000e0400000|100%| O|  |TAMS 0x00000000e0400000, 0x00000000e0300000| Untracked 
|   4|0x00000000e0400000, 0x00000000e0500000, 0x00000000e0500000|100%| O|  |TAMS 0x00000000e0500000, 0x00000000e0400000| Untracked 
|   5|0x00000000e0500000, 0x00000000e0600000, 0x00000000e0600000|100%| O|  |TAMS 0x00000000e0600000, 0x00000000e0500000| Untracked 
|   6|0x00000000e0600000, 0x00000000e0700000, 0x00000000e0700000|100%| O|  |TAMS 0x00000000e0700000, 0x00000000e0600000| Untracked 
|   7|0x00000000e0700000, 0x00000000e0800000, 0x00000000e0800000|100%| O|  |TAMS 0x00000000e0800000, 0x00000000e0700000| Untracked 
|   8|0x00000000e0800000, 0x00000000e0900000, 0x00000000e0900000|100%| O|  |TAMS 0x00000000e0900000, 0x00000000e0800000| Untracked 
|   9|0x00000000e0900000, 0x00000000e0a00000, 0x00000000e0a00000|100%| O|  |TAMS 0x00000000e0a00000, 0x00000000e0900000| Untracked 
|  10|0x00000000e0a00000, 0x00000000e0b00000, 0x00000000e0b00000|100%| O|  |TAMS 0x00000000e0b00000, 0x00000000e0a00000| Untracked 
|  11|0x00000000e0b00000, 0x00000000e0c00000, 0x00000000e0c00000|100%| O|  |TAMS 0x00000000e0c00000, 0x00000000e0b00000| Untracked 
|  12|0x00000000e0c00000, 0x00000000e0d00000, 0x00000000e0d00000|100%| O|  |TAMS 0x00000000e0d00000, 0x00000000e0c00000| Untracked 
|  13|0x00000000e0d00000, 0x00000000e0e00000, 0x00000000e0e00000|100%| O|  |TAMS 0x00000000e0e00000, 0x00000000e0d00000| Untracked 
|  14|0x00000000e0e00000, 0x00000000e0e37c00, 0x00000000e0f00000| 21%| O|  |TAMS 0x00000000e0e37c00, 0x00000000e0e00000| Untracked 
|  15|0x00000000e0f00000, 0x00000000e0f00000, 0x00000000e1000000|  0%| F|  |TAMS 0x00000000e0f00000, 0x00000000e0f00000| Untracked 
|  16|0x00000000e1000000, 0x00000000e1000000, 0x00000000e1100000|  0%| F|  |TAMS 0x00000000e1000000, 0x00000000e1000000| Untracked 
|  17|0x00000000e1100000, 0x00000000e1100000, 0x00000000e1200000|  0%| F|  |TAMS 0x00000000e1100000, 0x00000000e1100000| Untracked 
|  18|0x00000000e1200000, 0x00000000e1200000, 0x00000000e1300000|  0%| F|  |TAMS 0x00000000e1200000, 0x00000000e1200000| Untracked 
|  19|0x00000000e1300000, 0x00000000e1300000, 0x00000000e1400000|  0%| F|  |TAMS 0x00000000e1300000, 0x00000000e1300000| Untracked 
|  20|0x00000000e1400000, 0x00000000e1400000, 0x00000000e1500000|  0%| F|  |TAMS 0x00000000e1400000, 0x00000000e1400000| Untracked 
|  21|0x00000000e1500000, 0x00000000e1500000, 0x00000000e1600000|  0%| F|  |TAMS 0x00000000e1500000, 0x00000000e1500000| Untracked 
|  22|0x00000000e1600000, 0x00000000e1600000, 0x00000000e1700000|  0%| F|  |TAMS 0x00000000e1600000, 0x00000000e1600000| Untracked 
|  23|0x00000000e1700000, 0x00000000e1700000, 0x00000000e1800000|  0%| F|  |TAMS 0x00000000e1700000, 0x00000000e1700000| Untracked 
|  24|0x00000000e1800000, 0x00000000e1800000, 0x00000000e1900000|  0%| F|  |TAMS 0x00000000e1800000, 0x00000000e1800000| Untracked 
|  25|0x00000000e1900000, 0x00000000e1900000, 0x00000000e1a00000|  0%| F|  |TAMS 0x00000000e1900000, 0x00000000e1900000| Untracked 
|  26|0x00000000e1a00000, 0x00000000e1a00000, 0x00000000e1b00000|  0%| F|  |TAMS 0x00000000e1a00000, 0x00000000e1a00000| Untracked 
|  27|0x00000000e1b00000, 0x00000000e1b00000, 0x00000000e1c00000|  0%| F|  |TAMS 0x00000000e1b00000, 0x00000000e1b00000| Untracked 
|  28|0x00000000e1c00000, 0x00000000e1c00000, 0x00000000e1d00000|  0%| F|  |TAMS 0x00000000e1c00000, 0x00000000e1c00000| Untracked 
|  29|0x00000000e1d00000, 0x00000000e1d00000, 0x00000000e1e00000|  0%| F|  |TAMS 0x00000000e1d00000, 0x00000000e1d00000| Untracked 
|  30|0x00000000e1e00000, 0x00000000e1e00000, 0x00000000e1f00000|  0%| F|  |TAMS 0x00000000e1e00000, 0x00000000e1e00000| Untracked 
|  31|0x00000000e1f00000, 0x00000000e1f00000, 0x00000000e2000000|  0%| F|  |TAMS 0x00000000e1f00000, 0x00000000e1f00000| Untracked 
|  32|0x00000000e2000000, 0x00000000e2000000, 0x00000000e2100000|  0%| F|  |TAMS 0x00000000e2000000, 0x00000000e2000000| Untracked 
|  33|0x00000000e2100000, 0x00000000e2100000, 0x00000000e2200000|  0%| F|  |TAMS 0x00000000e2100000, 0x00000000e2100000| Untracked 
|  34|0x00000000e2200000, 0x00000000e2200000, 0x00000000e2300000|  0%| F|  |TAMS 0x00000000e2200000, 0x00000000e2200000| Untracked 
|  35|0x00000000e2300000, 0x00000000e2300000, 0x00000000e2400000|  0%| F|  |TAMS 0x00000000e2300000, 0x00000000e2300000| Untracked 
|  36|0x00000000e2400000, 0x00000000e2400000, 0x00000000e2500000|  0%| F|  |TAMS 0x00000000e2400000, 0x00000000e2400000| Untracked 
|  37|0x00000000e2500000, 0x00000000e2500000, 0x00000000e2600000|  0%| F|  |TAMS 0x00000000e2500000, 0x00000000e2500000| Untracked 
|  38|0x00000000e2600000, 0x00000000e2600000, 0x00000000e2700000|  0%| F|  |TAMS 0x00000000e2600000, 0x00000000e2600000| Untracked 
|  39|0x00000000e2700000, 0x00000000e2700000, 0x00000000e2800000|  0%| F|  |TAMS 0x00000000e2700000, 0x00000000e2700000| Untracked 
|  40|0x00000000e2800000, 0x00000000e2800000, 0x00000000e2900000|  0%| F|  |TAMS 0x00000000e2800000, 0x00000000e2800000| Untracked 
|  41|0x00000000e2900000, 0x00000000e2900000, 0x00000000e2a00000|  0%| F|  |TAMS 0x00000000e2900000, 0x00000000e2900000| Untracked 
|  42|0x00000000e2a00000, 0x00000000e2a00000, 0x00000000e2b00000|  0%| F|  |TAMS 0x00000000e2a00000, 0x00000000e2a00000| Untracked 
|  43|0x00000000e2b00000, 0x00000000e2b00000, 0x00000000e2c00000|  0%| F|  |TAMS 0x00000000e2b00000, 0x00000000e2b00000| Untracked 
|  44|0x00000000e2c00000, 0x00000000e2c00000, 0x00000000e2d00000|  0%| F|  |TAMS 0x00000000e2c00000, 0x00000000e2c00000| Untracked 
|  45|0x00000000e2d00000, 0x00000000e2d00000, 0x00000000e2e00000|  0%| F|  |TAMS 0x00000000e2d00000, 0x00000000e2d00000| Untracked 
|  46|0x00000000e2e00000, 0x00000000e2e00000, 0x00000000e2f00000|  0%| F|  |TAMS 0x00000000e2e00000, 0x00000000e2e00000| Untracked 
|  47|0x00000000e2f00000, 0x00000000e2f00000, 0x00000000e3000000|  0%| F|  |TAMS 0x00000000e2f00000, 0x00000000e2f00000| Untracked 
|  48|0x00000000e3000000, 0x00000000e3000000, 0x00000000e3100000|  0%| F|  |TAMS 0x00000000e3000000, 0x00000000e3000000| Untracked 
|  49|0x00000000e3100000, 0x00000000e3100000, 0x00000000e3200000|  0%| F|  |TAMS 0x00000000e3100000, 0x00000000e3100000| Untracked 
|  50|0x00000000e3200000, 0x00000000e3200000, 0x00000000e3300000|  0%| F|  |TAMS 0x00000000e3200000, 0x00000000e3200000| Untracked 
|  51|0x00000000e3300000, 0x00000000e3300000, 0x00000000e3400000|  0%| F|  |TAMS 0x00000000e3300000, 0x00000000e3300000| Untracked 
|  52|0x00000000e3400000, 0x00000000e3400000, 0x00000000e3500000|  0%| F|  |TAMS 0x00000000e3400000, 0x00000000e3400000| Untracked 
|  53|0x00000000e3500000, 0x00000000e3500000, 0x00000000e3600000|  0%| F|  |TAMS 0x00000000e3500000, 0x00000000e3500000| Untracked 
|  54|0x00000000e3600000, 0x00000000e3600000, 0x00000000e3700000|  0%| F|  |TAMS 0x00000000e3600000, 0x00000000e3600000| Untracked 
|  55|0x00000000e3700000, 0x00000000e3700000, 0x00000000e3800000|  0%| F|  |TAMS 0x00000000e3700000, 0x00000000e3700000| Untracked 
|  56|0x00000000e3800000, 0x00000000e3800000, 0x00000000e3900000|  0%| F|  |TAMS 0x00000000e3800000, 0x00000000e3800000| Untracked 
|  57|0x00000000e3900000, 0x00000000e3900000, 0x00000000e3a00000|  0%| F|  |TAMS 0x00000000e3900000, 0x00000000e3900000| Untracked 
|  58|0x00000000e3a00000, 0x00000000e3a00000, 0x00000000e3b00000|  0%| F|  |TAMS 0x00000000e3a00000, 0x00000000e3a00000| Untracked 
|  59|0x00000000e3b00000, 0x00000000e3b00000, 0x00000000e3c00000|  0%| F|  |TAMS 0x00000000e3b00000, 0x00000000e3b00000| Untracked 
|  60|0x00000000e3c00000, 0x00000000e3c00000, 0x00000000e3d00000|  0%| F|  |TAMS 0x00000000e3c00000, 0x00000000e3c00000| Untracked 
|  61|0x00000000e3d00000, 0x00000000e3d00000, 0x00000000e3e00000|  0%| F|  |TAMS 0x00000000e3d00000, 0x00000000e3d00000| Untracked 
|  62|0x00000000e3e00000, 0x00000000e3e00000, 0x00000000e3f00000|  0%| F|  |TAMS 0x00000000e3e00000, 0x00000000e3e00000| Untracked 
|  63|0x00000000e3f00000, 0x00000000e3f00000, 0x00000000e4000000|  0%| F|  |TAMS 0x00000000e3f00000, 0x00000000e3f00000| Untracked 
|  64|0x00000000e4000000, 0x00000000e4000000, 0x00000000e4100000|  0%| F|  |TAMS 0x00000000e4000000, 0x00000000e4000000| Untracked 
|  65|0x00000000e4100000, 0x00000000e4100000, 0x00000000e4200000|  0%| F|  |TAMS 0x00000000e4100000, 0x00000000e4100000| Untracked 
|  66|0x00000000e4200000, 0x00000000e4200000, 0x00000000e4300000|  0%| F|  |TAMS 0x00000000e4200000, 0x00000000e4200000| Untracked 
|  67|0x00000000e4300000, 0x00000000e4300000, 0x00000000e4400000|  0%| F|  |TAMS 0x00000000e4300000, 0x00000000e4300000| Untracked 
|  68|0x00000000e4400000, 0x00000000e4400000, 0x00000000e4500000|  0%| F|  |TAMS 0x00000000e4400000, 0x00000000e4400000| Untracked 
|  69|0x00000000e4500000, 0x00000000e4500000, 0x00000000e4600000|  0%| F|  |TAMS 0x00000000e4500000, 0x00000000e4500000| Untracked 
|  70|0x00000000e4600000, 0x00000000e4600000, 0x00000000e4700000|  0%| F|  |TAMS 0x00000000e4600000, 0x00000000e4600000| Untracked 
|  71|0x00000000e4700000, 0x00000000e4700000, 0x00000000e4800000|  0%| F|  |TAMS 0x00000000e4700000, 0x00000000e4700000| Untracked 
|  72|0x00000000e4800000, 0x00000000e4800000, 0x00000000e4900000|  0%| F|  |TAMS 0x00000000e4800000, 0x00000000e4800000| Untracked 
|  73|0x00000000e4900000, 0x00000000e4900000, 0x00000000e4a00000|  0%| F|  |TAMS 0x00000000e4900000, 0x00000000e4900000| Untracked 
|  74|0x00000000e4a00000, 0x00000000e4a00000, 0x00000000e4b00000|  0%| F|  |TAMS 0x00000000e4a00000, 0x00000000e4a00000| Untracked 
|  75|0x00000000e4b00000, 0x00000000e4b00000, 0x00000000e4c00000|  0%| F|  |TAMS 0x00000000e4b00000, 0x00000000e4b00000| Untracked 
|  76|0x00000000e4c00000, 0x00000000e4c00000, 0x00000000e4d00000|  0%| F|  |TAMS 0x00000000e4c00000, 0x00000000e4c00000| Untracked 
|  77|0x00000000e4d00000, 0x00000000e4d00000, 0x00000000e4e00000|  0%| F|  |TAMS 0x00000000e4d00000, 0x00000000e4d00000| Untracked 
|  78|0x00000000e4e00000, 0x00000000e4e00000, 0x00000000e4f00000|  0%| F|  |TAMS 0x00000000e4e00000, 0x00000000e4e00000| Untracked 
|  79|0x00000000e4f00000, 0x00000000e4f00000, 0x00000000e5000000|  0%| F|  |TAMS 0x00000000e4f00000, 0x00000000e4f00000| Untracked 
|  80|0x00000000e5000000, 0x00000000e5000000, 0x00000000e5100000|  0%| F|  |TAMS 0x00000000e5000000, 0x00000000e5000000| Untracked 
|  81|0x00000000e5100000, 0x00000000e5100000, 0x00000000e5200000|  0%| F|  |TAMS 0x00000000e5100000, 0x00000000e5100000| Untracked 
|  82|0x00000000e5200000, 0x00000000e5200000, 0x00000000e5300000|  0%| F|  |TAMS 0x00000000e5200000, 0x00000000e5200000| Untracked 
|  83|0x00000000e5300000, 0x00000000e5300000, 0x00000000e5400000|  0%| F|  |TAMS 0x00000000e5300000, 0x00000000e5300000| Untracked 
|  84|0x00000000e5400000, 0x00000000e5400000, 0x00000000e5500000|  0%| F|  |TAMS 0x00000000e5400000, 0x00000000e5400000| Untracked 
|  85|0x00000000e5500000, 0x00000000e5500000, 0x00000000e5600000|  0%| F|  |TAMS 0x00000000e5500000, 0x00000000e5500000| Untracked 
|  86|0x00000000e5600000, 0x00000000e5600000, 0x00000000e5700000|  0%| F|  |TAMS 0x00000000e5600000, 0x00000000e5600000| Untracked 
|  87|0x00000000e5700000, 0x00000000e5700000, 0x00000000e5800000|  0%| F|  |TAMS 0x00000000e5700000, 0x00000000e5700000| Untracked 
|  88|0x00000000e5800000, 0x00000000e5800000, 0x00000000e5900000|  0%| F|  |TAMS 0x00000000e5800000, 0x00000000e5800000| Untracked 
|  89|0x00000000e5900000, 0x00000000e5900000, 0x00000000e5a00000|  0%| F|  |TAMS 0x00000000e5900000, 0x00000000e5900000| Untracked 
|  90|0x00000000e5a00000, 0x00000000e5a00000, 0x00000000e5b00000|  0%| F|  |TAMS 0x00000000e5a00000, 0x00000000e5a00000| Untracked 
|  91|0x00000000e5b00000, 0x00000000e5b00000, 0x00000000e5c00000|  0%| F|  |TAMS 0x00000000e5b00000, 0x00000000e5b00000| Untracked 
|  92|0x00000000e5c00000, 0x00000000e5c00000, 0x00000000e5d00000|  0%| F|  |TAMS 0x00000000e5c00000, 0x00000000e5c00000| Untracked 
|  93|0x00000000e5d00000, 0x00000000e5d00000, 0x00000000e5e00000|  0%| F|  |TAMS 0x00000000e5d00000, 0x00000000e5d00000| Untracked 
|  94|0x00000000e5e00000, 0x00000000e5e00000, 0x00000000e5f00000|  0%| F|  |TAMS 0x00000000e5e00000, 0x00000000e5e00000| Untracked 
|  95|0x00000000e5f00000, 0x00000000e5f00000, 0x00000000e6000000|  0%| F|  |TAMS 0x00000000e5f00000, 0x00000000e5f00000| Untracked 
|  96|0x00000000e6000000, 0x00000000e6000000, 0x00000000e6100000|  0%| F|  |TAMS 0x00000000e6000000, 0x00000000e6000000| Untracked 
|  97|0x00000000e6100000, 0x00000000e6100000, 0x00000000e6200000|  0%| F|  |TAMS 0x00000000e6100000, 0x00000000e6100000| Untracked 
|  98|0x00000000e6200000, 0x00000000e6200000, 0x00000000e6300000|  0%| F|  |TAMS 0x00000000e6200000, 0x00000000e6200000| Untracked 
|  99|0x00000000e6300000, 0x00000000e6300000, 0x00000000e6400000|  0%| F|  |TAMS 0x00000000e6300000, 0x00000000e6300000| Untracked 
| 100|0x00000000e6400000, 0x00000000e6400000, 0x00000000e6500000|  0%| F|  |TAMS 0x00000000e6400000, 0x00000000e6400000| Untracked 
| 101|0x00000000e6500000, 0x00000000e6500000, 0x00000000e6600000|  0%| F|  |TAMS 0x00000000e6500000, 0x00000000e6500000| Untracked 
| 102|0x00000000e6600000, 0x00000000e6600000, 0x00000000e6700000|  0%| F|  |TAMS 0x00000000e6600000, 0x00000000e6600000| Untracked 
| 103|0x00000000e6700000, 0x00000000e6700000, 0x00000000e6800000|  0%| F|  |TAMS 0x00000000e6700000, 0x00000000e6700000| Untracked 
| 104|0x00000000e6800000, 0x00000000e6800000, 0x00000000e6900000|  0%| F|  |TAMS 0x00000000e6800000, 0x00000000e6800000| Untracked 
| 105|0x00000000e6900000, 0x00000000e6900000, 0x00000000e6a00000|  0%| F|  |TAMS 0x00000000e6900000, 0x00000000e6900000| Untracked 
| 106|0x00000000e6a00000, 0x00000000e6a00000, 0x00000000e6b00000|  0%| F|  |TAMS 0x00000000e6a00000, 0x00000000e6a00000| Untracked 
| 107|0x00000000e6b00000, 0x00000000e6b00000, 0x00000000e6c00000|  0%| F|  |TAMS 0x00000000e6b00000, 0x00000000e6b00000| Untracked 
| 108|0x00000000e6c00000, 0x00000000e6c00000, 0x00000000e6d00000|  0%| F|  |TAMS 0x00000000e6c00000, 0x00000000e6c00000| Untracked 
| 109|0x00000000e6d00000, 0x00000000e6d00000, 0x00000000e6e00000|  0%| F|  |TAMS 0x00000000e6d00000, 0x00000000e6d00000| Untracked 
| 110|0x00000000e6e00000, 0x00000000e6e00000, 0x00000000e6f00000|  0%| F|  |TAMS 0x00000000e6e00000, 0x00000000e6e00000| Untracked 
| 111|0x00000000e6f00000, 0x00000000e6f00000, 0x00000000e7000000|  0%| F|  |TAMS 0x00000000e6f00000, 0x00000000e6f00000| Untracked 
| 112|0x00000000e7000000, 0x00000000e7000000, 0x00000000e7100000|  0%| F|  |TAMS 0x00000000e7000000, 0x00000000e7000000| Untracked 
| 113|0x00000000e7100000, 0x00000000e7100000, 0x00000000e7200000|  0%| F|  |TAMS 0x00000000e7100000, 0x00000000e7100000| Untracked 
| 114|0x00000000e7200000, 0x00000000e7200000, 0x00000000e7300000|  0%| F|  |TAMS 0x00000000e7200000, 0x00000000e7200000| Untracked 
| 115|0x00000000e7300000, 0x00000000e7300000, 0x00000000e7400000|  0%| F|  |TAMS 0x00000000e7300000, 0x00000000e7300000| Untracked 
| 116|0x00000000e7400000, 0x00000000e7400000, 0x00000000e7500000|  0%| F|  |TAMS 0x00000000e7400000, 0x00000000e7400000| Untracked 
| 117|0x00000000e7500000, 0x00000000e7500000, 0x00000000e7600000|  0%| F|  |TAMS 0x00000000e7500000, 0x00000000e7500000| Untracked 
| 118|0x00000000e7600000, 0x00000000e7600000, 0x00000000e7700000|  0%| F|  |TAMS 0x00000000e7600000, 0x00000000e7600000| Untracked 
| 119|0x00000000e7700000, 0x00000000e7700000, 0x00000000e7800000|  0%| F|  |TAMS 0x00000000e7700000, 0x00000000e7700000| Untracked 
| 120|0x00000000e7800000, 0x00000000e7800000, 0x00000000e7900000|  0%| F|  |TAMS 0x00000000e7800000, 0x00000000e7800000| Untracked 
| 121|0x00000000e7900000, 0x00000000e7900000, 0x00000000e7a00000|  0%| F|  |TAMS 0x00000000e7900000, 0x00000000e7900000| Untracked 
| 122|0x00000000e7a00000, 0x00000000e7a00000, 0x00000000e7b00000|  0%| F|  |TAMS 0x00000000e7a00000, 0x00000000e7a00000| Untracked 
| 123|0x00000000e7b00000, 0x00000000e7b00000, 0x00000000e7c00000|  0%| F|  |TAMS 0x00000000e7b00000, 0x00000000e7b00000| Untracked 
| 124|0x00000000e7c00000, 0x00000000e7c00000, 0x00000000e7d00000|  0%| F|  |TAMS 0x00000000e7c00000, 0x00000000e7c00000| Untracked 
| 125|0x00000000e7d00000, 0x00000000e7d00000, 0x00000000e7e00000|  0%| F|  |TAMS 0x00000000e7d00000, 0x00000000e7d00000| Untracked 
| 126|0x00000000e7e00000, 0x00000000e7e00000, 0x00000000e7f00000|  0%| F|  |TAMS 0x00000000e7e00000, 0x00000000e7e00000| Untracked 
| 127|0x00000000e7f00000, 0x00000000e7f00000, 0x00000000e8000000|  0%| F|  |TAMS 0x00000000e7f00000, 0x00000000e7f00000| Untracked 
| 128|0x00000000e8000000, 0x00000000e8000000, 0x00000000e8100000|  0%| F|  |TAMS 0x00000000e8000000, 0x00000000e8000000| Untracked 
| 129|0x00000000e8100000, 0x00000000e8100000, 0x00000000e8200000|  0%| F|  |TAMS 0x00000000e8100000, 0x00000000e8100000| Untracked 
| 130|0x00000000e8200000, 0x00000000e8200000, 0x00000000e8300000|  0%| F|  |TAMS 0x00000000e8200000, 0x00000000e8200000| Untracked 
| 131|0x00000000e8300000, 0x00000000e8300000, 0x00000000e8400000|  0%| F|  |TAMS 0x00000000e8300000, 0x00000000e8300000| Untracked 
| 132|0x00000000e8400000, 0x00000000e8400000, 0x00000000e8500000|  0%| F|  |TAMS 0x00000000e8400000, 0x00000000e8400000| Untracked 
| 133|0x00000000e8500000, 0x00000000e8500000, 0x00000000e8600000|  0%| F|  |TAMS 0x00000000e8500000, 0x00000000e8500000| Untracked 
| 134|0x00000000e8600000, 0x00000000e8600000, 0x00000000e8700000|  0%| F|  |TAMS 0x00000000e8600000, 0x00000000e8600000| Untracked 
| 135|0x00000000e8700000, 0x00000000e8700000, 0x00000000e8800000|  0%| F|  |TAMS 0x00000000e8700000, 0x00000000e8700000| Untracked 
| 136|0x00000000e8800000, 0x00000000e8800000, 0x00000000e8900000|  0%| F|  |TAMS 0x00000000e8800000, 0x00000000e8800000| Untracked 
| 137|0x00000000e8900000, 0x00000000e8900000, 0x00000000e8a00000|  0%| F|  |TAMS 0x00000000e8900000, 0x00000000e8900000| Untracked 
| 138|0x00000000e8a00000, 0x00000000e8a00000, 0x00000000e8b00000|  0%| F|  |TAMS 0x00000000e8a00000, 0x00000000e8a00000| Untracked 
| 139|0x00000000e8b00000, 0x00000000e8b00000, 0x00000000e8c00000|  0%| F|  |TAMS 0x00000000e8b00000, 0x00000000e8b00000| Untracked 
| 140|0x00000000e8c00000, 0x00000000e8c00000, 0x00000000e8d00000|  0%| F|  |TAMS 0x00000000e8c00000, 0x00000000e8c00000| Untracked 
| 141|0x00000000e8d00000, 0x00000000e8d00000, 0x00000000e8e00000|  0%| F|  |TAMS 0x00000000e8d00000, 0x00000000e8d00000| Untracked 
| 142|0x00000000e8e00000, 0x00000000e8e00000, 0x00000000e8f00000|  0%| F|  |TAMS 0x00000000e8e00000, 0x00000000e8e00000| Untracked 
| 143|0x00000000e8f00000, 0x00000000e8f00000, 0x00000000e9000000|  0%| F|  |TAMS 0x00000000e8f00000, 0x00000000e8f00000| Untracked 
| 144|0x00000000e9000000, 0x00000000e9000000, 0x00000000e9100000|  0%| F|  |TAMS 0x00000000e9000000, 0x00000000e9000000| Untracked 
| 145|0x00000000e9100000, 0x00000000e9100000, 0x00000000e9200000|  0%| F|  |TAMS 0x00000000e9100000, 0x00000000e9100000| Untracked 
| 146|0x00000000e9200000, 0x00000000e9200000, 0x00000000e9300000|  0%| F|  |TAMS 0x00000000e9200000, 0x00000000e9200000| Untracked 
| 147|0x00000000e9300000, 0x00000000e9300000, 0x00000000e9400000|  0%| F|  |TAMS 0x00000000e9300000, 0x00000000e9300000| Untracked 
| 148|0x00000000e9400000, 0x00000000e9400000, 0x00000000e9500000|  0%| F|  |TAMS 0x00000000e9400000, 0x00000000e9400000| Untracked 
| 149|0x00000000e9500000, 0x00000000e9500000, 0x00000000e9600000|  0%| F|  |TAMS 0x00000000e9500000, 0x00000000e9500000| Untracked 
| 150|0x00000000e9600000, 0x00000000e9600000, 0x00000000e9700000|  0%| F|  |TAMS 0x00000000e9600000, 0x00000000e9600000| Untracked 
| 151|0x00000000e9700000, 0x00000000e9700000, 0x00000000e9800000|  0%| F|  |TAMS 0x00000000e9700000, 0x00000000e9700000| Untracked 
| 152|0x00000000e9800000, 0x00000000e9800000, 0x00000000e9900000|  0%| F|  |TAMS 0x00000000e9800000, 0x00000000e9800000| Untracked 
| 153|0x00000000e9900000, 0x00000000e9900000, 0x00000000e9a00000|  0%| F|  |TAMS 0x00000000e9900000, 0x00000000e9900000| Untracked 
| 154|0x00000000e9a00000, 0x00000000e9a00000, 0x00000000e9b00000|  0%| F|  |TAMS 0x00000000e9a00000, 0x00000000e9a00000| Untracked 
| 155|0x00000000e9b00000, 0x00000000e9b00000, 0x00000000e9c00000|  0%| F|  |TAMS 0x00000000e9b00000, 0x00000000e9b00000| Untracked 
| 156|0x00000000e9c00000, 0x00000000e9c00000, 0x00000000e9d00000|  0%| F|  |TAMS 0x00000000e9c00000, 0x00000000e9c00000| Untracked 
| 157|0x00000000e9d00000, 0x00000000e9d00000, 0x00000000e9e00000|  0%| F|  |TAMS 0x00000000e9d00000, 0x00000000e9d00000| Untracked 
| 158|0x00000000e9e00000, 0x00000000e9e00000, 0x00000000e9f00000|  0%| F|  |TAMS 0x00000000e9e00000, 0x00000000e9e00000| Untracked 
| 159|0x00000000e9f00000, 0x00000000e9f00000, 0x00000000ea000000|  0%| F|  |TAMS 0x00000000e9f00000, 0x00000000e9f00000| Untracked 
| 160|0x00000000ea000000, 0x00000000ea000000, 0x00000000ea100000|  0%| F|  |TAMS 0x00000000ea000000, 0x00000000ea000000| Untracked 
| 161|0x00000000ea100000, 0x00000000ea100000, 0x00000000ea200000|  0%| F|  |TAMS 0x00000000ea100000, 0x00000000ea100000| Untracked 
| 162|0x00000000ea200000, 0x00000000ea200000, 0x00000000ea300000|  0%| F|  |TAMS 0x00000000ea200000, 0x00000000ea200000| Untracked 
| 163|0x00000000ea300000, 0x00000000ea300000, 0x00000000ea400000|  0%| F|  |TAMS 0x00000000ea300000, 0x00000000ea300000| Untracked 
| 164|0x00000000ea400000, 0x00000000ea400000, 0x00000000ea500000|  0%| F|  |TAMS 0x00000000ea400000, 0x00000000ea400000| Untracked 
| 165|0x00000000ea500000, 0x00000000ea500000, 0x00000000ea600000|  0%| F|  |TAMS 0x00000000ea500000, 0x00000000ea500000| Untracked 
| 166|0x00000000ea600000, 0x00000000ea600000, 0x00000000ea700000|  0%| F|  |TAMS 0x00000000ea600000, 0x00000000ea600000| Untracked 
| 167|0x00000000ea700000, 0x00000000ea700000, 0x00000000ea800000|  0%| F|  |TAMS 0x00000000ea700000, 0x00000000ea700000| Untracked 
| 168|0x00000000ea800000, 0x00000000ea800000, 0x00000000ea900000|  0%| F|  |TAMS 0x00000000ea800000, 0x00000000ea800000| Untracked 
| 169|0x00000000ea900000, 0x00000000ea900000, 0x00000000eaa00000|  0%| F|  |TAMS 0x00000000ea900000, 0x00000000ea900000| Untracked 
| 170|0x00000000eaa00000, 0x00000000eaa00000, 0x00000000eab00000|  0%| F|  |TAMS 0x00000000eaa00000, 0x00000000eaa00000| Untracked 
| 171|0x00000000eab00000, 0x00000000eab00000, 0x00000000eac00000|  0%| F|  |TAMS 0x00000000eab00000, 0x00000000eab00000| Untracked 
| 172|0x00000000eac00000, 0x00000000eac00000, 0x00000000ead00000|  0%| F|  |TAMS 0x00000000eac00000, 0x00000000eac00000| Untracked 
| 173|0x00000000ead00000, 0x00000000ead00000, 0x00000000eae00000|  0%| F|  |TAMS 0x00000000ead00000, 0x00000000ead00000| Untracked 
| 174|0x00000000eae00000, 0x00000000eae00000, 0x00000000eaf00000|  0%| F|  |TAMS 0x00000000eae00000, 0x00000000eae00000| Untracked 
| 175|0x00000000eaf00000, 0x00000000eaf00000, 0x00000000eb000000|  0%| F|  |TAMS 0x00000000eaf00000, 0x00000000eaf00000| Untracked 
| 176|0x00000000eb000000, 0x00000000eb000000, 0x00000000eb100000|  0%| F|  |TAMS 0x00000000eb000000, 0x00000000eb000000| Untracked 
| 177|0x00000000eb100000, 0x00000000eb100000, 0x00000000eb200000|  0%| F|  |TAMS 0x00000000eb100000, 0x00000000eb100000| Untracked 
| 178|0x00000000eb200000, 0x00000000eb200000, 0x00000000eb300000|  0%| F|  |TAMS 0x00000000eb200000, 0x00000000eb200000| Untracked 
| 179|0x00000000eb300000, 0x00000000eb300000, 0x00000000eb400000|  0%| F|  |TAMS 0x00000000eb300000, 0x00000000eb300000| Untracked 
| 180|0x00000000eb400000, 0x00000000eb400000, 0x00000000eb500000|  0%| F|  |TAMS 0x00000000eb400000, 0x00000000eb400000| Untracked 
| 181|0x00000000eb500000, 0x00000000eb500000, 0x00000000eb600000|  0%| F|  |TAMS 0x00000000eb500000, 0x00000000eb500000| Untracked 
| 182|0x00000000eb600000, 0x00000000eb600000, 0x00000000eb700000|  0%| F|  |TAMS 0x00000000eb600000, 0x00000000eb600000| Untracked 
| 183|0x00000000eb700000, 0x00000000eb700000, 0x00000000eb800000|  0%| F|  |TAMS 0x00000000eb700000, 0x00000000eb700000| Untracked 
| 184|0x00000000eb800000, 0x00000000eb800000, 0x00000000eb900000|  0%| F|  |TAMS 0x00000000eb800000, 0x00000000eb800000| Untracked 
| 185|0x00000000eb900000, 0x00000000eb900000, 0x00000000eba00000|  0%| F|  |TAMS 0x00000000eb900000, 0x00000000eb900000| Untracked 
| 186|0x00000000eba00000, 0x00000000eba00000, 0x00000000ebb00000|  0%| F|  |TAMS 0x00000000eba00000, 0x00000000eba00000| Untracked 
| 187|0x00000000ebb00000, 0x00000000ebb00000, 0x00000000ebc00000|  0%| F|  |TAMS 0x00000000ebb00000, 0x00000000ebb00000| Untracked 
| 188|0x00000000ebc00000, 0x00000000ebc00000, 0x00000000ebd00000|  0%| F|  |TAMS 0x00000000ebc00000, 0x00000000ebc00000| Untracked 
| 189|0x00000000ebd00000, 0x00000000ebd00000, 0x00000000ebe00000|  0%| F|  |TAMS 0x00000000ebd00000, 0x00000000ebd00000| Untracked 
| 190|0x00000000ebe00000, 0x00000000ebe00000, 0x00000000ebf00000|  0%| F|  |TAMS 0x00000000ebe00000, 0x00000000ebe00000| Untracked 
| 191|0x00000000ebf00000, 0x00000000ebf00000, 0x00000000ec000000|  0%| F|  |TAMS 0x00000000ebf00000, 0x00000000ebf00000| Untracked 
| 192|0x00000000ec000000, 0x00000000ec0e4870, 0x00000000ec100000| 89%| S|CS|TAMS 0x00000000ec000000, 0x00000000ec000000| Complete 
| 193|0x00000000ec100000, 0x00000000ec200000, 0x00000000ec200000|100%| S|CS|TAMS 0x00000000ec100000, 0x00000000ec100000| Complete 
| 194|0x00000000ec200000, 0x00000000ec300000, 0x00000000ec300000|100%| S|CS|TAMS 0x00000000ec200000, 0x00000000ec200000| Complete 
| 195|0x00000000ec300000, 0x00000000ec400000, 0x00000000ec400000|100%| S|CS|TAMS 0x00000000ec300000, 0x00000000ec300000| Complete 
| 196|0x00000000ec400000, 0x00000000ec500000, 0x00000000ec500000|100%| S|CS|TAMS 0x00000000ec400000, 0x00000000ec400000| Complete 
| 197|0x00000000ec500000, 0x00000000ec600000, 0x00000000ec600000|100%| S|CS|TAMS 0x00000000ec500000, 0x00000000ec500000| Complete 
| 198|0x00000000ec600000, 0x00000000ec700000, 0x00000000ec700000|100%| S|CS|TAMS 0x00000000ec600000, 0x00000000ec600000| Complete 
| 199|0x00000000ec700000, 0x00000000ec800000, 0x00000000ec800000|100%| S|CS|TAMS 0x00000000ec700000, 0x00000000ec700000| Complete 
| 200|0x00000000ec800000, 0x00000000ec800000, 0x00000000ec900000|  0%| F|  |TAMS 0x00000000ec800000, 0x00000000ec800000| Untracked 
| 201|0x00000000ec900000, 0x00000000ec900000, 0x00000000eca00000|  0%| F|  |TAMS 0x00000000ec900000, 0x00000000ec900000| Untracked 
| 202|0x00000000eca00000, 0x00000000eca00000, 0x00000000ecb00000|  0%| F|  |TAMS 0x00000000eca00000, 0x00000000eca00000| Untracked 
| 203|0x00000000ecb00000, 0x00000000ecb00000, 0x00000000ecc00000|  0%| F|  |TAMS 0x00000000ecb00000, 0x00000000ecb00000| Untracked 
| 204|0x00000000ecc00000, 0x00000000ecc00000, 0x00000000ecd00000|  0%| F|  |TAMS 0x00000000ecc00000, 0x00000000ecc00000| Untracked 
| 205|0x00000000ecd00000, 0x00000000ecd00000, 0x00000000ece00000|  0%| F|  |TAMS 0x00000000ecd00000, 0x00000000ecd00000| Untracked 
| 206|0x00000000ece00000, 0x00000000ece00000, 0x00000000ecf00000|  0%| F|  |TAMS 0x00000000ece00000, 0x00000000ece00000| Untracked 
| 207|0x00000000ecf00000, 0x00000000ecf00000, 0x00000000ed000000|  0%| F|  |TAMS 0x00000000ecf00000, 0x00000000ecf00000| Untracked 
| 208|0x00000000ed000000, 0x00000000ed000000, 0x00000000ed100000|  0%| F|  |TAMS 0x00000000ed000000, 0x00000000ed000000| Untracked 
| 209|0x00000000ed100000, 0x00000000ed100000, 0x00000000ed200000|  0%| F|  |TAMS 0x00000000ed100000, 0x00000000ed100000| Untracked 
| 210|0x00000000ed200000, 0x00000000ed200000, 0x00000000ed300000|  0%| F|  |TAMS 0x00000000ed200000, 0x00000000ed200000| Untracked 
| 211|0x00000000ed300000, 0x00000000ed300000, 0x00000000ed400000|  0%| F|  |TAMS 0x00000000ed300000, 0x00000000ed300000| Untracked 
| 212|0x00000000ed400000, 0x00000000ed400000, 0x00000000ed500000|  0%| F|  |TAMS 0x00000000ed400000, 0x00000000ed400000| Untracked 
| 213|0x00000000ed500000, 0x00000000ed500000, 0x00000000ed600000|  0%| F|  |TAMS 0x00000000ed500000, 0x00000000ed500000| Untracked 
| 214|0x00000000ed600000, 0x00000000ed600000, 0x00000000ed700000|  0%| F|  |TAMS 0x00000000ed600000, 0x00000000ed600000| Untracked 
| 215|0x00000000ed700000, 0x00000000ed700000, 0x00000000ed800000|  0%| F|  |TAMS 0x00000000ed700000, 0x00000000ed700000| Untracked 
| 216|0x00000000ed800000, 0x00000000ed800000, 0x00000000ed900000|  0%| F|  |TAMS 0x00000000ed800000, 0x00000000ed800000| Untracked 
| 217|0x00000000ed900000, 0x00000000ed900000, 0x00000000eda00000|  0%| F|  |TAMS 0x00000000ed900000, 0x00000000ed900000| Untracked 
| 218|0x00000000eda00000, 0x00000000eda00000, 0x00000000edb00000|  0%| F|  |TAMS 0x00000000eda00000, 0x00000000eda00000| Untracked 
| 219|0x00000000edb00000, 0x00000000edb00000, 0x00000000edc00000|  0%| F|  |TAMS 0x00000000edb00000, 0x00000000edb00000| Untracked 
| 220|0x00000000edc00000, 0x00000000edc00000, 0x00000000edd00000|  0%| F|  |TAMS 0x00000000edc00000, 0x00000000edc00000| Untracked 
| 221|0x00000000edd00000, 0x00000000edd00000, 0x00000000ede00000|  0%| F|  |TAMS 0x00000000edd00000, 0x00000000edd00000| Untracked 
| 222|0x00000000ede00000, 0x00000000ede00000, 0x00000000edf00000|  0%| F|  |TAMS 0x00000000ede00000, 0x00000000ede00000| Untracked 
| 223|0x00000000edf00000, 0x00000000edf00000, 0x00000000ee000000|  0%| F|  |TAMS 0x00000000edf00000, 0x00000000edf00000| Untracked 
| 224|0x00000000ee000000, 0x00000000ee000000, 0x00000000ee100000|  0%| F|  |TAMS 0x00000000ee000000, 0x00000000ee000000| Untracked 
| 225|0x00000000ee100000, 0x00000000ee100000, 0x00000000ee200000|  0%| F|  |TAMS 0x00000000ee100000, 0x00000000ee100000| Untracked 
| 226|0x00000000ee200000, 0x00000000ee200000, 0x00000000ee300000|  0%| F|  |TAMS 0x00000000ee200000, 0x00000000ee200000| Untracked 
| 227|0x00000000ee300000, 0x00000000ee300000, 0x00000000ee400000|  0%| F|  |TAMS 0x00000000ee300000, 0x00000000ee300000| Untracked 
| 228|0x00000000ee400000, 0x00000000ee400000, 0x00000000ee500000|  0%| F|  |TAMS 0x00000000ee400000, 0x00000000ee400000| Untracked 
| 229|0x00000000ee500000, 0x00000000ee500000, 0x00000000ee600000|  0%| F|  |TAMS 0x00000000ee500000, 0x00000000ee500000| Untracked 
| 230|0x00000000ee600000, 0x00000000ee600000, 0x00000000ee700000|  0%| F|  |TAMS 0x00000000ee600000, 0x00000000ee600000| Untracked 
| 231|0x00000000ee700000, 0x00000000ee700000, 0x00000000ee800000|  0%| F|  |TAMS 0x00000000ee700000, 0x00000000ee700000| Untracked 
| 232|0x00000000ee800000, 0x00000000ee800000, 0x00000000ee900000|  0%| F|  |TAMS 0x00000000ee800000, 0x00000000ee800000| Untracked 
| 233|0x00000000ee900000, 0x00000000ee900000, 0x00000000eea00000|  0%| F|  |TAMS 0x00000000ee900000, 0x00000000ee900000| Untracked 
| 234|0x00000000eea00000, 0x00000000eea00000, 0x00000000eeb00000|  0%| F|  |TAMS 0x00000000eea00000, 0x00000000eea00000| Untracked 
| 235|0x00000000eeb00000, 0x00000000eeb00000, 0x00000000eec00000|  0%| F|  |TAMS 0x00000000eeb00000, 0x00000000eeb00000| Untracked 
| 236|0x00000000eec00000, 0x00000000eec00000, 0x00000000eed00000|  0%| F|  |TAMS 0x00000000eec00000, 0x00000000eec00000| Untracked 
| 237|0x00000000eed00000, 0x00000000eed00000, 0x00000000eee00000|  0%| F|  |TAMS 0x00000000eed00000, 0x00000000eed00000| Untracked 
| 238|0x00000000eee00000, 0x00000000eee00000, 0x00000000eef00000|  0%| F|  |TAMS 0x00000000eee00000, 0x00000000eee00000| Untracked 
| 239|0x00000000eef00000, 0x00000000eef00000, 0x00000000ef000000|  0%| F|  |TAMS 0x00000000eef00000, 0x00000000eef00000| Untracked 
| 240|0x00000000ef000000, 0x00000000ef000000, 0x00000000ef100000|  0%| F|  |TAMS 0x00000000ef000000, 0x00000000ef000000| Untracked 
| 241|0x00000000ef100000, 0x00000000ef100000, 0x00000000ef200000|  0%| F|  |TAMS 0x00000000ef100000, 0x00000000ef100000| Untracked 
| 242|0x00000000ef200000, 0x00000000ef200000, 0x00000000ef300000|  0%| F|  |TAMS 0x00000000ef200000, 0x00000000ef200000| Untracked 
| 243|0x00000000ef300000, 0x00000000ef300000, 0x00000000ef400000|  0%| F|  |TAMS 0x00000000ef300000, 0x00000000ef300000| Untracked 
| 244|0x00000000ef400000, 0x00000000ef400000, 0x00000000ef500000|  0%| F|  |TAMS 0x00000000ef400000, 0x00000000ef400000| Untracked 
| 245|0x00000000ef500000, 0x00000000ef500000, 0x00000000ef600000|  0%| F|  |TAMS 0x00000000ef500000, 0x00000000ef500000| Untracked 
| 246|0x00000000ef600000, 0x00000000ef600000, 0x00000000ef700000|  0%| F|  |TAMS 0x00000000ef600000, 0x00000000ef600000| Untracked 
| 247|0x00000000ef700000, 0x00000000ef700000, 0x00000000ef800000|  0%| F|  |TAMS 0x00000000ef700000, 0x00000000ef700000| Untracked 
| 248|0x00000000ef800000, 0x00000000ef800000, 0x00000000ef900000|  0%| F|  |TAMS 0x00000000ef800000, 0x00000000ef800000| Untracked 
| 249|0x00000000ef900000, 0x00000000ef900000, 0x00000000efa00000|  0%| F|  |TAMS 0x00000000ef900000, 0x00000000ef900000| Untracked 
| 250|0x00000000efa00000, 0x00000000efb00000, 0x00000000efb00000|100%| E|  |TAMS 0x00000000efa00000, 0x00000000efa00000| Complete 
| 251|0x00000000efb00000, 0x00000000efc00000, 0x00000000efc00000|100%| E|CS|TAMS 0x00000000efb00000, 0x00000000efb00000| Complete 
| 252|0x00000000efc00000, 0x00000000efd00000, 0x00000000efd00000|100%| E|CS|TAMS 0x00000000efc00000, 0x00000000efc00000| Complete 
| 253|0x00000000efd00000, 0x00000000efe00000, 0x00000000efe00000|100%| E|CS|TAMS 0x00000000efd00000, 0x00000000efd00000| Complete 
| 254|0x00000000efe00000, 0x00000000eff00000, 0x00000000eff00000|100%| E|CS|TAMS 0x00000000efe00000, 0x00000000efe00000| Complete 
| 255|0x00000000eff00000, 0x00000000f0000000, 0x00000000f0000000|100%| E|CS|TAMS 0x00000000eff00000, 0x00000000eff00000| Complete 

Card table byte_map: [0x00000156ec2a0000,0x00000156ec3a0000] _byte_map_base: 0x00000156ebba0000

Marking Bits (Prev, Next): (CMBitMap*) 0x00000156d4bb2848, (CMBitMap*) 0x00000156d4bb2880
 Prev Bits: [0x00000156ec4a0000, 0x00000156ecca0000)
 Next Bits: [0x00000156ecca0000, 0x00000156ed4a0000)

Polling page: 0x00000156d2890000

Metaspace:

Usage:
  Non-class:     31.17 MB capacity,    30.69 MB ( 98%) used,   417.95 KB (  1%) free+waste,    81.19 KB ( <1%) overhead. 
      Class:      4.87 MB capacity,     4.54 MB ( 93%) used,   295.39 KB (  6%) free+waste,    40.00 KB ( <1%) overhead. 
       Both:     36.04 MB capacity,    35.23 MB ( 98%) used,   713.34 KB (  2%) free+waste,   121.19 KB ( <1%) overhead. 

Virtual space:
  Non-class space:       32.00 MB reserved,      31.33 MB ( 98%) committed 
      Class space:      248.00 MB reserved,       5.00 MB (  2%) committed 
             Both:      280.00 MB reserved,      36.33 MB ( 13%) committed 

Chunk freelists:
   Non-Class:  61.00 KB
       Class:  8.00 KB
        Both:  69.00 KB

MaxMetaspaceSize: 256.00 MB
CompressedClassSpaceSize: 248.00 MB
Initial GC threshold: 20.80 MB
Current GC threshold: 58.88 MB
CDS: off

CodeHeap 'non-profiled nmethods': size=120064Kb used=1429Kb max_used=1429Kb free=118634Kb
 bounds [0x00000156e4d60000, 0x00000156e4fd0000, 0x00000156ec2a0000]
CodeHeap 'profiled nmethods': size=120000Kb used=6244Kb max_used=6244Kb free=113756Kb
 bounds [0x00000156dd830000, 0x00000156dde50000, 0x00000156e4d60000]
CodeHeap 'non-nmethods': size=5696Kb used=1247Kb max_used=1273Kb free=4448Kb
 bounds [0x00000156dd2a0000, 0x00000156dd510000, 0x00000156dd830000]
 total_blobs=3541 nmethods=3013 adapters=440
 compilation: enabled
              stopped_count=0, restarted_count=0
 full_count=0

Compilation events (20 events):
Event: 12.524 Thread 0x00000156f0390000 2932       3       org.codehaus.groovy.reflection.CachedMethod::getParamsCount (6 bytes)
Event: 12.525 Thread 0x00000156f0390000 nmethod 2932 0x00000156dde0e010 code [0x00000156dde0e1e0, 0x00000156dde0e448]
Event: 12.525 Thread 0x00000156f0390000 2933       3       org.codehaus.groovy.runtime.metaclass.NewMetaMethod::getDeclaringClass (7 bytes)
Event: 12.525 Thread 0x00000156f0390000 nmethod 2933 0x00000156dde0e590 code [0x00000156dde0e740, 0x00000156dde0e8f8]
Event: 12.525 Thread 0x00000156f0390000 2934       1       java.net.JarURLConnection::getJarFileURL (5 bytes)
Event: 12.525 Thread 0x00000156f0390000 nmethod 2934 0x00000156e4ec1290 code [0x00000156e4ec1440, 0x00000156e4ec14f8]
Event: 12.561 Thread 0x00000156f0390000 2937       3       jdk.internal.jimage.BasicImageReader::getAttributes (48 bytes)
Event: 12.562 Thread 0x00000156f0390000 nmethod 2937 0x00000156dde0ea10 code [0x00000156dde0ec20, 0x00000156dde0f308]
Event: 12.562 Thread 0x00000156f0390000 2938       3       jdk.internal.jimage.ImageLocation::verify (50 bytes)
Event: 12.564 Thread 0x00000156f0390000 nmethod 2938 0x00000156dde0f510 code [0x00000156dde0f760, 0x00000156dde0fea8]
Event: 12.564 Thread 0x00000156f0390000 2940       3       jdk.internal.loader.BuiltinClassLoader::hasClassPath (13 bytes)
Event: 12.564 Thread 0x00000156f0390000 nmethod 2940 0x00000156dde10210 code [0x00000156dde103c0, 0x00000156dde10518]
Event: 12.564 Thread 0x00000156f0390000 2941       1       org.codehaus.groovy.reflection.ClassInfo::getStrongMetaClass (5 bytes)
Event: 12.564 Thread 0x00000156f0390000 nmethod 2941 0x00000156e4ec1590 code [0x00000156e4ec1740, 0x00000156e4ec17f8]
Event: 12.564 Thread 0x00000156f0390000 2939       3       java.util.Collections$EmptyList::iterator (4 bytes)
Event: 12.564 Thread 0x00000156f0390000 nmethod 2939 0x00000156dde10590 code [0x00000156dde10740, 0x00000156dde10898]
Event: 12.569 Thread 0x00000156f0390000 2942       1       java.lang.invoke.MethodHandle::internalForm (5 bytes)
Event: 12.569 Thread 0x00000156f0390000 nmethod 2942 0x00000156e4ec1890 code [0x00000156e4ec1a40, 0x00000156e4ec1af8]
Event: 12.571 Thread 0x00000156f0390000 2943       3       java.lang.Throwable::<init> (34 bytes)
Event: 12.572 Thread 0x00000156f0390000 nmethod 2943 0x00000156dde10990 code [0x00000156dde10b60, 0x00000156dde10f28]

GC Heap History (12 events):
Event: 0.888 GC heap before
{Heap before GC invocations=0 (full 0):
 garbage-first heap   total 262144K, used 16384K [0x00000000e0000000, 0x0000000100000000)
  region size 1024K, 14 young (14336K), 0 survivors (0K)
 Metaspace       used 6770K, capacity 6993K, committed 7168K, reserved 262144K
  class space    used 573K, capacity 650K, committed 768K, reserved 253952K
}
Event: 0.894 GC heap after
{Heap after GC invocations=1 (full 0):
 garbage-first heap   total 262144K, used 4280K [0x00000000e0000000, 0x0000000100000000)
  region size 1024K, 2 young (2048K), 2 survivors (2048K)
 Metaspace       used 6770K, capacity 6993K, committed 7168K, reserved 262144K
  class space    used 573K, capacity 650K, committed 768K, reserved 253952K
}
Event: 1.666 GC heap before
{Heap before GC invocations=1 (full 0):
 garbage-first heap   total 262144K, used 18616K [0x00000000e0000000, 0x0000000100000000)
  region size 1024K, 14 young (14336K), 2 survivors (2048K)
 Metaspace       used 10283K, capacity 10554K, committed 10624K, reserved 264192K
  class space    used 1045K, capacity 1138K, committed 1152K, reserved 253952K
}
Event: 1.671 GC heap after
{Heap after GC invocations=2 (full 0):
 garbage-first heap   total 262144K, used 9822K [0x00000000e0000000, 0x0000000100000000)
  region size 1024K, 2 young (2048K), 2 survivors (2048K)
 Metaspace       used 10283K, capacity 10554K, committed 10624K, reserved 264192K
  class space    used 1045K, capacity 1138K, committed 1152K, reserved 253952K
}
Event: 2.984 GC heap before
{Heap before GC invocations=2 (full 0):
 garbage-first heap   total 262144K, used 50782K [0x00000000e0000000, 0x0000000100000000)
  region size 1024K, 42 young (43008K), 2 survivors (2048K)
 Metaspace       used 11617K, capacity 11949K, committed 12160K, reserved 266240K
  class space    used 1228K, capacity 1347K, committed 1408K, reserved 253952K
}
Event: 2.993 GC heap after
{Heap after GC invocations=3 (full 0):
 garbage-first heap   total 262144K, used 14709K [0x00000000e0000000, 0x0000000100000000)
  region size 1024K, 6 young (6144K), 6 survivors (6144K)
 Metaspace       used 11617K, capacity 11949K, committed 12160K, reserved 266240K
  class space    used 1228K, capacity 1347K, committed 1408K, reserved 253952K
}
Event: 6.836 GC heap before
{Heap before GC invocations=3 (full 0):
 garbage-first heap   total 262144K, used 63861K [0x00000000e0000000, 0x0000000100000000)
  region size 1024K, 55 young (56320K), 6 survivors (6144K)
 Metaspace       used 20653K, capacity 21163K, committed 21296K, reserved 274432K
  class space    used 2473K, capacity 2660K, committed 2688K, reserved 253952K
}
Event: 6.862 GC heap after
{Heap after GC invocations=4 (full 0):
 garbage-first heap   total 262144K, used 18036K [0x00000000e0000000, 0x0000000100000000)
  region size 1024K, 8 young (8192K), 8 survivors (8192K)
 Metaspace       used 20653K, capacity 21163K, committed 21296K, reserved 274432K
  class space    used 2473K, capacity 2660K, committed 2688K, reserved 253952K
}
Event: 9.825 GC heap before
{Heap before GC invocations=5 (full 0):
 garbage-first heap   total 262144K, used 77428K [0x00000000e0000000, 0x0000000100000000)
  region size 1024K, 66 young (67584K), 8 survivors (8192K)
 Metaspace       used 27092K, capacity 27717K, committed 27952K, reserved 278528K
  class space    used 3489K, capacity 3705K, committed 3712K, reserved 253952K
}
Event: 9.847 GC heap after
{Heap after GC invocations=6 (full 0):
 garbage-first heap   total 262144K, used 19834K [0x00000000e0000000, 0x0000000100000000)
  region size 1024K, 6 young (6144K), 6 survivors (6144K)
 Metaspace       used 27092K, capacity 27717K, committed 27952K, reserved 278528K
  class space    used 3489K, capacity 3705K, committed 3712K, reserved 253952K
}
Event: 12.442 GC heap before
{Heap before GC invocations=6 (full 0):
 garbage-first heap   total 262144K, used 76154K [0x00000000e0000000, 0x0000000100000000)
  region size 1024K, 62 young (63488K), 6 survivors (6144K)
 Metaspace       used 34995K, capacity 35759K, committed 35920K, reserved 286720K
  class space    used 4481K, capacity 4792K, committed 4864K, reserved 253952K
}
Event: 12.476 GC heap after
{Heap after GC invocations=7 (full 0):
 garbage-first heap   total 262144K, used 22641K [0x00000000e0000000, 0x0000000100000000)
  region size 1024K, 8 young (8192K), 8 survivors (8192K)
 Metaspace       used 34995K, capacity 35759K, committed 35920K, reserved 286720K
  class space    used 4481K, capacity 4792K, committed 4864K, reserved 253952K
}

Deoptimization events (20 events):
Event: 10.369 Thread 0x00000156f3172800 DEOPT PACKING pc=0x00000156e4e458cc sp=0x000000431e3f7b10
Event: 10.369 Thread 0x00000156f3172800 DEOPT UNPACKING pc=0x00000156dd2ea1af sp=0x000000431e3f7a48 mode 2
Event: 10.370 Thread 0x00000156f3172800 Uncommon trap: trap_request=0xffffff4d fr.pc=0x00000156e4e200ac relative=0x000000000000008c
Event: 10.370 Thread 0x00000156f3172800 Uncommon trap: reason=unstable_if action=reinterpret pc=0x00000156e4e200ac method=java.util.HashMap.hash(Ljava/lang/Object;)I @ 1 c2
Event: 10.370 Thread 0x00000156f3172800 DEOPT PACKING pc=0x00000156e4e200ac sp=0x000000431e3f7880
Event: 10.370 Thread 0x00000156f3172800 DEOPT UNPACKING pc=0x00000156dd2ea1af sp=0x000000431e3f7818 mode 2
Event: 11.407 Thread 0x00000156f3172800 Uncommon trap: trap_request=0xffffff4d fr.pc=0x00000156e4e2ae78 relative=0x00000000000001f8
Event: 11.407 Thread 0x00000156f3172800 Uncommon trap: reason=unstable_if action=reinterpret pc=0x00000156e4e2ae78 method=java.util.HashMap.putVal(ILjava/lang/Object;Ljava/lang/Object;ZZ)Ljava/lang/Object; @ 162 c2
Event: 11.407 Thread 0x00000156f3172800 DEOPT PACKING pc=0x00000156e4e2ae78 sp=0x000000431e3fa530
Event: 11.407 Thread 0x00000156f3172800 DEOPT UNPACKING pc=0x00000156dd2ea1af sp=0x000000431e3fa440 mode 2
Event: 11.519 Thread 0x00000156f3172800 DEOPT PACKING pc=0x00000156ddb9ba68 sp=0x000000431e3f8ce0
Event: 11.519 Thread 0x00000156f3172800 DEOPT UNPACKING pc=0x00000156dd2ea95e sp=0x000000431e3f81e8 mode 0
Event: 11.616 Thread 0x00000156f3172800 Uncommon trap: trap_request=0xffffff4d fr.pc=0x00000156e4e807bc relative=0x00000000000005dc
Event: 11.616 Thread 0x00000156f3172800 Uncommon trap: reason=unstable_if action=reinterpret pc=0x00000156e4e807bc method=jdk.internal.org.objectweb.asm.Item.isEqualTo(Ljdk/internal/org/objectweb/asm/Item;)Z @ 317 c2
Event: 11.616 Thread 0x00000156f3172800 DEOPT PACKING pc=0x00000156e4e807bc sp=0x000000431e3f4850
Event: 11.616 Thread 0x00000156f3172800 DEOPT UNPACKING pc=0x00000156dd2ea1af sp=0x000000431e3f47f0 mode 2
Event: 12.136 Thread 0x00000156f3172800 Uncommon trap: trap_request=0xffffff4d fr.pc=0x00000156e4e54de4 relative=0x0000000000004da4
Event: 12.136 Thread 0x00000156f3172800 Uncommon trap: reason=unstable_if action=reinterpret pc=0x00000156e4e54de4 method=jdk.internal.loader.BuiltinClassLoader.loadClassOrNull(Ljava/lang/String;Z)Ljava/lang/Class; @ 42 c2
Event: 12.137 Thread 0x00000156f3172800 DEOPT PACKING pc=0x00000156e4e54de4 sp=0x000000431e3f4c10
Event: 12.137 Thread 0x00000156f3172800 DEOPT UNPACKING pc=0x00000156dd2ea1af sp=0x000000431e3f4aa0 mode 2

Classes redefined (0 events):
No events

Internal exceptions (20 events):
Event: 9.491 Thread 0x00000156f3172800 Exception <a 'java/lang/NoSuchMethodError'{0x00000000ecff6398}: 'void java.lang.invoke.DirectMethodHandle$Holder.invokeStatic(java.lang.Object, java.lang.Object, java.lang.Object, java.lang.Object)'> (0x00000000ecff6398) thrown at [./src/hotspot/share/interpreter/linkResolver.cpp, line 773]
Event: 9.497 Thread 0x00000156f3172800 Exception <a 'java/lang/NoSuchMethodError'{0x00000000ece15578}: 'int java.lang.invoke.DirectMethodHandle$Holder.invokeVirtual(java.lang.Object, java.lang.Object)'> (0x00000000ece15578) thrown at [./src/hotspot/share/interpreter/linkResolver.cpp, line 773]
Event: 9.502 Thread 0x00000156f3172800 Exception <a 'java/lang/NoSuchMethodError'{0x00000000ece2dc18}: 'java.lang.Object java.lang.invoke.DirectMethodHandle$Holder.invokeVirtual(java.lang.Object, java.lang.Object, java.lang.Object)'> (0x00000000ece2dc18) thrown at [./src/hotspot/share/interpreter/linkResolver.cpp, line 773]
Event: 9.506 Thread 0x00000156f3172800 Exception <a 'java/lang/NoSuchMethodError'{0x00000000ece482c8}: 'int java.lang.invoke.DirectMethodHandle$Holder.invokeVirtual(java.lang.Object, java.lang.Object, java.lang.Object)'> (0x00000000ece482c8) thrown at [./src/hotspot/share/interpreter/linkResolver.cpp, line 773]
Event: 9.584 Thread 0x00000156f3172800 Exception <a 'java/lang/NoSuchMethodError'{0x00000000ecc036c8}: 'void java.lang.invoke.DirectMethodHandle$Holder.invokeSpecial(java.lang.Object, java.lang.Object)'> (0x00000000ecc036c8) thrown at [./src/hotspot/share/interpreter/linkResolver.cpp, line 773]
Event: 10.028 Thread 0x00000156f3172800 Exception <a 'java/lang/NoSuchMethodError'{0x00000000ef711e68}: 'java.lang.Object java.lang.invoke.DirectMethodHandle$Holder.invokeSpecialIFC(java.lang.Object, java.lang.Object, java.lang.Object, java.lang.Object)'> (0x00000000ef711e68) thrown at [./src/hotspot/share/interpreter/linkResolver.cpp, line 773]
Event: 10.369 Thread 0x00000156f3172800 Implicit null exception at 0x00000156e4e456f5 to 0x00000156e4e458bc
Event: 10.370 Thread 0x00000156f3172800 Implicit null exception at 0x00000156e4e2002f to 0x00000156e4e2009d
Event: 10.564 Thread 0x00000156f3172800 Exception <a 'java/lang/NoSuchMethodError'{0x00000000eebb0b40}: 'java.lang.Object java.lang.invoke.DirectMethodHandle$Holder.invokeSpecial(java.lang.Object, java.lang.Object, java.lang.Object, java.lang.Object, java.lang.Object, java.lang.Object, java.lang.Object, java.lang.Object, java.lang.Object, java.lang.Object, java.lang.Object, java.lang.Object, java.lang.Object)'> (0x00000000eebb0b40) thrown at [./src/hotspot/share/interpreter/linkResolver.cpp, line 773]
Event: 10.565 Thread 0x00000156f3172800 Exception <a 'java/lang/NoSuchMethodError'{0x00000000eebc1c48}: 'java.lang.Object java.lang.invoke.DirectMethodHandle$Holder.invokeSpecial(java.lang.Object, java.lang.Object, java.lang.Object, java.lang.Object, java.lang.Object, java.lang.Object, java.lang.Object, java.lang.Object, java.lang.Object, java.lang.Object, java.lang.Object, java.lang.Object)'> (0x00000000eebc1c48) thrown at [./src/hotspot/share/interpreter/linkResolver.cpp, line 773]
Event: 10.568 Thread 0x00000156f3172800 Exception <a 'java/lang/NoSuchMethodError'{0x00000000eebc7018}: 'java.lang.Object java.lang.invoke.Invokers$Holder.linkToTargetMethod(java.lang.Object, java.lang.Object, java.lang.Object, java.lang.Object, java.lang.Object, java.lang.Object, java.lang.Object, java.lang.Object, java.lang.Object, java.lang.Object, java.lang.Object)'> (0x00000000eebc7018) thrown at [./src/hotspot/share/interpreter/linkResolver.cpp, line 773]
Event: 10.581 Thread 0x00000156f3172800 Exception <a 'java/lang/NoSuchMethodError'{0x00000000eea637d0}: 'java.lang.Object java.lang.invoke.DirectMethodHandle$Holder.invokeSpecial(java.lang.Object, java.lang.Object, java.lang.Object, java.lang.Object, java.lang.Object, java.lang.Object, java.lang.Object, java.lang.Object, java.lang.Object, java.lang.Object, java.lang.Object, java.lang.Object, java.lang.Object, java.lang.Object)'> (0x00000000eea637d0) thrown at [./src/hotspot/share/interpreter/linkResolver.cpp, line 773]
Event: 10.583 Thread 0x00000156f3172800 Exception <a 'java/lang/NoSuchMethodError'{0x00000000eea750f0}: 'java.lang.Object java.lang.invoke.Invokers$Holder.linkToTargetMethod(java.lang.Object, java.lang.Object, java.lang.Object, java.lang.Object, java.lang.Object, java.lang.Object, java.lang.Object, java.lang.Object, java.lang.Object, java.lang.Object, java.lang.Object, java.lang.Object)'> (0x00000000eea750f0) thrown at [./src/hotspot/share/interpreter/linkResolver.cpp, line 773]
Event: 10.617 Thread 0x00000156f3172800 Exception <a 'java/lang/NoSuchMethodError'{0x00000000ee95a540}: 'java.lang.Object java.lang.invoke.DirectMethodHandle$Holder.invokeStaticInit(java.lang.Object, java.lang.Object, java.lang.Object, java.lang.Object)'> (0x00000000ee95a540) thrown at [./src/hotspot/share/interpreter/linkResolver.cpp, line 773]
Event: 11.044 Thread 0x00000156f3172800 Exception <a 'java/lang/NoSuchMethodError'{0x00000000ee064470}: 'java.lang.Object java.lang.invoke.Invokers$Holder.linkToTargetMethod(java.lang.Object, java.lang.Object, java.lang.Object, java.lang.Object, java.lang.Object, java.lang.Object, java.lang.Object, java.lang.Object)'> (0x00000000ee064470) thrown at [./src/hotspot/share/interpreter/linkResolver.cpp, line 773]
Event: 11.067 Thread 0x00000156f3172800 Exception <a 'java/lang/IncompatibleClassChangeError'{0x00000000ee0f4670}: Found class java.lang.Object, but interface was expected> (0x00000000ee0f4670) thrown at [./src/hotspot/share/interpreter/linkResolver.cpp, line 839]
Event: 11.661 Thread 0x00000156f3172800 Exception <a 'java/lang/NoSuchMethodError'{0x00000000eceb4b70}: 'void java.lang.invoke.DirectMethodHandle$Holder.invokeStaticInit(java.lang.Object, java.lang.Object, java.lang.Object)'> (0x00000000eceb4b70) thrown at [./src/hotspot/share/interpreter/linkResolver.cpp, line 773]
Event: 11.662 Thread 0x00000156f3172800 Exception <a 'java/lang/NoSuchMethodError'{0x00000000ecebbdc8}: 'void java.lang.invoke.DirectMethodHandle$Holder.invokeStaticInit(java.lang.Object, java.lang.Object, java.lang.Object, java.lang.Object)'> (0x00000000ecebbdc8) thrown at [./src/hotspot/share/interpreter/linkResolver.cpp, line 773]
Event: 11.669 Thread 0x00000156f3172800 Exception <a 'java/lang/NoSuchMethodError'{0x00000000ecede670}: 'void java.lang.invoke.DirectMethodHandle$Holder.invokeStaticInit(java.lang.Object, java.lang.Object, java.lang.Object, java.lang.Object, java.lang.Object)'> (0x00000000ecede670) thrown at [./src/hotspot/share/interpreter/linkResolver.cpp, line 773]
Event: 11.815 Thread 0x00000156f3172800 Exception <a 'java/lang/NoSuchMethodError'{0x00000000ecd3f8c0}: 'int java.lang.invoke.DirectMethodHandle$Holder.invokeStaticInit(java.lang.Object, java.lang.Object, java.lang.Object, java.lang.Object)'> (0x00000000ecd3f8c0) thrown at [./src/hotspot/share/interpreter/linkResolver.cpp, line 773]

Events (20 events):
Event: 12.579 loading class org/codehaus/groovy/runtime/metaclass/ClosureStaticMetaMethod
Event: 12.579 loading class org/codehaus/groovy/runtime/metaclass/ClosureStaticMetaMethod done
Event: 12.579 loading class groovy/lang/ClosureInvokingMethod
Event: 12.579 loading class groovy/lang/ClosureInvokingMethod done
Event: 12.580 loading class org/codehaus/groovy/runtime/MethodKey
Event: 12.580 loading class org/codehaus/groovy/runtime/MethodKey done
Event: 12.581 loading class org/codehaus/groovy/runtime/DefaultCachedMethodKey
Event: 12.581 loading class org/codehaus/groovy/runtime/DefaultCachedMethodKey done
Event: 12.582 loading class groovy/lang/ExpandoMetaClass$Callable
Event: 12.582 loading class groovy/lang/ExpandoMetaClass$Callable done
Event: 12.584 loading class org/codehaus/groovy/reflection/CachedClass$2
Event: 12.584 loading class org/codehaus/groovy/reflection/CachedClass$2 done
Event: 12.584 loading class org/codehaus/groovy/reflection/CachedConstructor
Event: 12.584 loading class org/codehaus/groovy/reflection/CachedConstructor done
Event: 12.584 loading class org/codehaus/groovy/reflection/CachedConstructor
Event: 12.584 loading class org/codehaus/groovy/reflection/CachedConstructor done
Event: 12.585 loading class org/codehaus/groovy/runtime/metaclass/ClosureMetaMethod
Event: 12.585 loading class org/codehaus/groovy/runtime/metaclass/ClosureMetaMethod done
Event: 12.586 loading class org/codehaus/groovy/runtime/MetaClassHelper
Event: 12.586 loading class org/codehaus/groovy/runtime/MetaClassHelper done


Dynamic libraries:
0x00007ff7d1280000 - 0x00007ff7d128d000 	C:\Program Files\Eclipse Adoptium\jdk-11.0.17.8-hotspot\bin\java.exe
0x00007ffb32c50000 - 0x00007ffb32e48000 	C:\WINDOWS\SYSTEM32\ntdll.dll
0x00007ffb30e60000 - 0x00007ffb30f1d000 	C:\WINDOWS\System32\KERNEL32.DLL
0x00007ffb304f0000 - 0x00007ffb307e6000 	C:\WINDOWS\System32\KERNELBASE.dll
0x00007ffb30b80000 - 0x00007ffb30c80000 	C:\WINDOWS\System32\ucrtbase.dll
0x00007ffb197f0000 - 0x00007ffb19805000 	C:\Program Files\Eclipse Adoptium\jdk-11.0.17.8-hotspot\bin\VCRUNTIME140.dll
0x00007ffb198a0000 - 0x00007ffb198b7000 	C:\Program Files\Eclipse Adoptium\jdk-11.0.17.8-hotspot\bin\jli.dll
0x00007ffb31000000 - 0x00007ffb3119e000 	C:\WINDOWS\System32\USER32.dll
0x00007ffb30c80000 - 0x00007ffb30ca2000 	C:\WINDOWS\System32\win32u.dll
0x00007ffb30f20000 - 0x00007ffb30f4c000 	C:\WINDOWS\System32\GDI32.dll
0x00007ffb20830000 - 0x00007ffb20aca000 	C:\WINDOWS\WinSxS\amd64_microsoft.windows.common-controls_6595b64144ccf1df_6.0.19041.1110_none_60b5254171f9507e\COMCTL32.dll
0x00007ffb303d0000 - 0x00007ffb304ea000 	C:\WINDOWS\System32\gdi32full.dll
0x00007ffb325c0000 - 0x00007ffb3265e000 	C:\WINDOWS\System32\msvcrt.dll
0x00007ffb30ae0000 - 0x00007ffb30b7d000 	C:\WINDOWS\System32\msvcp_win.dll
0x00007ffb32aa0000 - 0x00007ffb32ad0000 	C:\WINDOWS\System32\IMM32.DLL
0x00007ffb30130000 - 0x00007ffb30166000 	C:\WINDOWS\system32\DriverStore\FileRepository\nvam.inf_amd64_20c0bba34ffd86ca\nvinitx.dll
0x00007ffb31400000 - 0x00007ffb314ae000 	C:\WINDOWS\System32\ADVAPI32.dll
0x00007ffb31360000 - 0x00007ffb313fc000 	C:\WINDOWS\System32\sechost.dll
0x00007ffb311b0000 - 0x00007ffb312d6000 	C:\WINDOWS\System32\RPCRT4.dll
0x00007ffb30120000 - 0x00007ffb3012a000 	C:\WINDOWS\SYSTEM32\VERSION.dll
0x00007ffb315d0000 - 0x00007ffb31d15000 	C:\WINDOWS\System32\Shell32.dll
0x00007ffb2e330000 - 0x00007ffb2eacb000 	C:\WINDOWS\SYSTEM32\windows.storage.dll
0x00007ffb326c0000 - 0x00007ffb32a14000 	C:\WINDOWS\System32\combase.dll
0x00007ffb2fb70000 - 0x00007ffb2fb9e000 	C:\WINDOWS\SYSTEM32\Wldp.dll
0x00007ffb31d20000 - 0x00007ffb31dcd000 	C:\WINDOWS\System32\SHCORE.dll
0x00007ffb32bb0000 - 0x00007ffb32c05000 	C:\WINDOWS\System32\shlwapi.dll
0x0000000065cd0000 - 0x0000000065cd6000 	C:\Program Files\NVIDIA Corporation\CoProcManager\_etoured.dll
0x00007ffb27220000 - 0x00007ffb27263000 	C:\Program Files\NVIDIA Corporation\CoProcManager\nvd3d9wrapx.dll
0x00007ffb31ec0000 - 0x00007ffb3232e000 	C:\WINDOWS\System32\SETUPAPI.dll
0x00007ffb307f0000 - 0x00007ffb3083e000 	C:\WINDOWS\System32\cfgmgr32.dll
0x00007ffb303a0000 - 0x00007ffb303c7000 	C:\WINDOWS\System32\bcrypt.dll
0x00007ffb26930000 - 0x00007ffb2695d000 	C:\Program Files\NVIDIA Corporation\CoProcManager\nvdxgiwrapx.dll
0x00007ffb08470000 - 0x00007ffb0850b000 	C:\Program Files\Eclipse Adoptium\jdk-11.0.17.8-hotspot\bin\msvcp140.dll
0x00007ffaed2d0000 - 0x00007ffaede52000 	C:\Program Files\Eclipse Adoptium\jdk-11.0.17.8-hotspot\bin\server\jvm.dll
0x00007ffb32a90000 - 0x00007ffb32a98000 	C:\WINDOWS\System32\PSAPI.DLL
0x00007ffb1bda0000 - 0x00007ffb1bda9000 	C:\WINDOWS\SYSTEM32\WSOCK32.dll
0x00007ffb32a20000 - 0x00007ffb32a8b000 	C:\WINDOWS\System32\WS2_32.dll
0x00007ffb22b20000 - 0x00007ffb22b47000 	C:\WINDOWS\SYSTEM32\WINMM.dll
0x00007ffb2e130000 - 0x00007ffb2e142000 	C:\WINDOWS\SYSTEM32\kernel.appcore.dll
0x00007ffb1c280000 - 0x00007ffb1c290000 	C:\Program Files\Eclipse Adoptium\jdk-11.0.17.8-hotspot\bin\verify.dll
0x00007ffb1c470000 - 0x00007ffb1c654000 	C:\WINDOWS\SYSTEM32\DBGHELP.DLL
0x00007ffb1c350000 - 0x00007ffb1c384000 	C:\WINDOWS\SYSTEM32\dbgcore.DLL
0x00007ffb30840000 - 0x00007ffb308c2000 	C:\WINDOWS\System32\bcryptPrimitives.dll
0x00007ffb12e20000 - 0x00007ffb12e48000 	C:\Program Files\Eclipse Adoptium\jdk-11.0.17.8-hotspot\bin\java.dll
0x00007ffb19e70000 - 0x00007ffb19e7a000 	C:\Program Files\Eclipse Adoptium\jdk-11.0.17.8-hotspot\bin\jimage.dll
0x00007ffb17200000 - 0x00007ffb17218000 	C:\Program Files\Eclipse Adoptium\jdk-11.0.17.8-hotspot\bin\zip.dll
0x00007ffb30260000 - 0x00007ffb30285000 	C:\WINDOWS\SYSTEM32\profapi.dll
0x00007ffb12240000 - 0x00007ffb12259000 	C:\Program Files\Eclipse Adoptium\jdk-11.0.17.8-hotspot\bin\net.dll
0x00007ffb27d70000 - 0x00007ffb27e7a000 	C:\WINDOWS\SYSTEM32\WINHTTP.dll
0x00007ffb2f950000 - 0x00007ffb2f9ba000 	C:\WINDOWS\system32\mswsock.dll
0x00007ffb12220000 - 0x00007ffb12233000 	C:\Program Files\Eclipse Adoptium\jdk-11.0.17.8-hotspot\bin\nio.dll
0x00007ffb26000000 - 0x00007ffb26027000 	C:\Users\1\.gradle\native\e1d6ef7f7dcc3fd88c89a11ec53ec762bb8ba0a96d01ffa2cd45eb1d1d8dd5c5\windows-amd64\native-platform.dll
0x00007ffb0c5d0000 - 0x00007ffb0c714000 	C:\Users\1\.gradle\native\0d407fdbe67a94daf76414ababcb853783967236a71b16ec16e742cd7a986fd3\windows-amd64\native-platform-file-events.dll
0x00007ffb19d50000 - 0x00007ffb19d59000 	C:\Program Files\Eclipse Adoptium\jdk-11.0.17.8-hotspot\bin\management.dll
0x00007ffb19900000 - 0x00007ffb1990b000 	C:\Program Files\Eclipse Adoptium\jdk-11.0.17.8-hotspot\bin\management_ext.dll
0x00007ffb2feb0000 - 0x00007ffb2fec8000 	C:\WINDOWS\SYSTEM32\CRYPTSP.dll
0x00007ffb2f280000 - 0x00007ffb2f2b4000 	C:\WINDOWS\system32\rsaenh.dll
0x00007ffb30220000 - 0x00007ffb3024e000 	C:\WINDOWS\SYSTEM32\USERENV.dll
0x00007ffb2fae0000 - 0x00007ffb2faec000 	C:\WINDOWS\SYSTEM32\CRYPTBASE.dll
0x00007ffb2f660000 - 0x00007ffb2f69b000 	C:\WINDOWS\SYSTEM32\IPHLPAPI.DLL
0x00007ffb31eb0000 - 0x00007ffb31eb8000 	C:\WINDOWS\System32\NSI.dll
0x00007ffb29480000 - 0x00007ffb29497000 	C:\WINDOWS\SYSTEM32\dhcpcsvc6.DLL
0x00007ffb29550000 - 0x00007ffb2956d000 	C:\WINDOWS\SYSTEM32\dhcpcsvc.DLL
0x00007ffb2f6a0000 - 0x00007ffb2f76a000 	C:\WINDOWS\SYSTEM32\DNSAPI.dll

dbghelp: loaded successfully - version: 4.0.5 - missing functions: none
symbol engine: initialized successfully - sym options: 0x614 - pdb path: .;C:\Program Files\Eclipse Adoptium\jdk-11.0.17.8-hotspot\bin;C:\WINDOWS\SYSTEM32;C:\WINDOWS\WinSxS\amd64_microsoft.windows.common-controls_6595b64144ccf1df_6.0.19041.1110_none_60b5254171f9507e;C:\WINDOWS\system32\DriverStore\FileRepository\nvam.inf_amd64_20c0bba34ffd86ca;C:\Program Files\NVIDIA Corporation\CoProcManager;C:\Program Files\Eclipse Adoptium\jdk-11.0.17.8-hotspot\bin\server;C:\Users\1\.gradle\native\e1d6ef7f7dcc3fd88c89a11ec53ec762bb8ba0a96d01ffa2cd45eb1d1d8dd5c5\windows-amd64;C:\Users\1\.gradle\native\0d407fdbe67a94daf76414ababcb853783967236a71b16ec16e742cd7a986fd3\windows-amd64

VM Arguments:
jvm_args: --add-opens=java.base/java.util=ALL-UNNAMED --add-opens=java.base/java.lang=ALL-UNNAMED --add-opens=java.base/java.lang.invoke=ALL-UNNAMED --add-opens=java.base/java.util=ALL-UNNAMED --add-opens=java.prefs/java.util.prefs=ALL-UNNAMED --add-opens=java.prefs/java.util.prefs=ALL-UNNAMED --add-opens=java.base/java.nio.charset=ALL-UNNAMED --add-opens=java.base/java.net=ALL-UNNAMED --add-opens=java.base/java.util.concurrent.atomic=ALL-UNNAMED -XX:MaxMetaspaceSize=256m -XX:+HeapDumpOnOutOfMemoryError -Xms256m -Xmx512m -Dfile.encoding=windows-1251 -Duser.country=RU -Duser.language=ru -Duser.variant 
java_command: org.gradle.launcher.daemon.bootstrap.GradleDaemon 7.5.1
java_class_path (initial): C:\Users\1\.gradle\wrapper\dists\gradle-7.5.1-bin\7jzzequgds1hbszbhq3npc5ng\gradle-7.5.1\lib\gradle-launcher-7.5.1.jar
Launcher Type: SUN_STANDARD

[Global flags]
     intx CICompilerCount                          = 3                                         {product} {ergonomic}
   size_t CompressedClassSpaceSize                 = 260046848                                 {product} {ergonomic}
     uint ConcGCThreads                            = 1                                         {product} {ergonomic}
     uint G1ConcRefinementThreads                  = 4                                         {product} {ergonomic}
   size_t G1HeapRegionSize                         = 1048576                                   {product} {ergonomic}
    uintx GCDrainStackTargetSize                   = 64                                        {product} {ergonomic}
     bool HeapDumpOnOutOfMemoryError               = true                                   {manageable} {command line}
   size_t InitialHeapSize                          = 268435456                                 {product} {command line}
   size_t MarkStackSize                            = 4194304                                   {product} {ergonomic}
   size_t MaxHeapSize                              = 536870912                                 {product} {command line}
   size_t MaxMetaspaceSize                         = 268435456                                 {product} {command line}
   size_t MaxNewSize                               = 321912832                                 {product} {ergonomic}
   size_t MinHeapDeltaBytes                        = 1048576                                   {product} {ergonomic}
    uintx NonNMethodCodeHeapSize                   = 5830732                                {pd product} {ergonomic}
    uintx NonProfiledCodeHeapSize                  = 122913754                              {pd product} {ergonomic}
    uintx ProfiledCodeHeapSize                     = 122913754                              {pd product} {ergonomic}
    uintx ReservedCodeCacheSize                    = 251658240                              {pd product} {ergonomic}
     bool SegmentedCodeCache                       = true                                      {product} {ergonomic}
     bool UseCompressedClassPointers               = true                                 {lp64_product} {ergonomic}
     bool UseCompressedOops                        = true                                 {lp64_product} {ergonomic}
     bool UseG1GC                                  = true                                      {product} {ergonomic}
     bool UseLargePagesIndividualAllocation        = false                                  {pd product} {ergonomic}

Logging:
Log output configuration:
 #0: stdout all=warning uptime,level,tags
 #1: stderr all=off uptime,level,tags

Environment Variables:
CLASSPATH=C:\Users\1\IdeaProjects\QA-diploma\\gradle\wrapper\gradle-wrapper.jar
PATH=C:\Program Files\Eclipse Adoptium\jdk-11.0.17.8-hotspot\bin;C:\WINDOWS\system32;C:\WINDOWS;C:\WINDOWS\System32\Wbem;C:\WINDOWS\System32\WindowsPowerShell\v1.0\;C:\WINDOWS\System32\OpenSSH\;C:\Program Files (x86)\Windows Live\Shared;C:\Program Files (x86)\dotnet\;C:\Program Files\WireGuard\;C:\Program Files\Git\cmd;C:\Program Files\Docker\Docker\resources\bin;C:\Users\1\AppData\Local\Microsoft\WindowsApps;C:\Users\1\AppData\Local\Programs\Microsoft VS Code\bin;C:\Program Files\JetBrains\IntelliJ IDEA Community Edition 2022.3.3\bin;;C:Users\1\ChromeDriver;
USERNAME=1
OS=Windows_NT
PROCESSOR_IDENTIFIER=Intel64 Family 6 Model 42 Stepping 7, GenuineIntel
TMP=C:\Users\1\AppData\Local\Temp
TEMP=C:\Users\1\AppData\Local\Temp



---------------  S Y S T E M  ---------------

OS: Windows 10 , 64 bit Build 19041 (10.0.19041.3393)
OS uptime: 0 days 22:18 hours
Hyper-V role detected

CPU:total 4 (initial active 4) (2 cores per cpu, 2 threads per core) family 6 model 42 stepping 7 microcode 0x2f, cmov, cx8, fxsr, mmx, sse, sse2, sse3, ssse3, sse4.1, sse4.2, popcnt, avx, clmul, ht, tsc, tscinvbit

Memory: 4k page, system-wide physical 2600M (192M free)
TotalPageFile size 10536M (AvailPageFile size 3M)
current process WorkingSet (physical memory assigned to process): 152M, peak: 152M
current process commit charge ("private bytes"): 413M, peak: 413M

vm_info: OpenJDK 64-Bit Server VM (11.0.17+8) for windows-amd64 JRE (11.0.17+8), built on Oct 19 2022 00:04:05 by "" with MS VC++ 15.9 (VS2017)

END.
